[11/Mar/2024:13:20:55 +0530] GET /sys_perf_check/2024-03-11_07-50-52-START/0/ HTTP/1.0***0.014***
[11/Mar/2024:13:20:55 +0530] GET /sys_perf_check/2024-03-11_07-50-52-start/100/ HTTP/1.0***0.016***
[11/Mar/2024:13:20:57 +0530] POST /quiz/19278/status/ HTTP/1.0***0.244***
[11/Mar/2024:13:20:57 +0530] POST /quiz/19278/status/ HTTP/1.0***0.249***
[11/Mar/2024:13:20:57 +0530] POST /quiz/19278/status/ HTTP/1.0***0.249***
[11/Mar/2024:13:20:57 +0530] POST /api/account/login/ HTTP/1.0***0.420***
[11/Mar/2024:13:20:57 +0530] POST /api/account/login/ HTTP/1.0***0.429***
[11/Mar/2024:13:20:58 +0530] POST /api/account/login/ HTTP/1.0***0.395***
[11/Mar/2024:13:20:58 +0530] GET /api/course/ HTTP/1.0***0.037***
[11/Mar/2024:13:20:58 +0530] POST /api/account/login/ HTTP/1.0***0.552***
[11/Mar/2024:13:20:58 +0530] GET /api/course/ HTTP/1.0***0.166***
[11/Mar/2024:13:20:59 +0530] POST /quiz/19278/status/ HTTP/1.0***0.246***
[11/Mar/2024:13:20:59 +0530] POST /quiz/19278/status/ HTTP/1.0***0.286***
[11/Mar/2024:13:20:59 +0530] POST /quiz/19278/status/ HTTP/1.0***0.287***
[11/Mar/2024:13:20:59 +0530] POST /api/account/login/ HTTP/1.0***0.410***
[11/Mar/2024:13:20:59 +0530] POST /api/account/login/ HTTP/1.0***0.424***
[11/Mar/2024:13:20:59 +0530] GET /api/course/ HTTP/1.0***0.029***
[11/Mar/2024:13:20:59 +0530] GET /api/course/ HTTP/1.0***0.033***
[11/Mar/2024:13:20:59 +0530] GET /api/quiz/CS007/downloadable-quizzes/ HTTP/1.0***0.085***
[11/Mar/2024:13:20:59 +0530] GET /api/quiz/CS007/downloadable-quizzes/ HTTP/1.0***0.251***
[11/Mar/2024:13:21:00 +0530] POST /api/account/login/ HTTP/1.0***0.416***
[11/Mar/2024:13:21:00 +0530] POST /api/account/login/ HTTP/1.0***0.423***
[11/Mar/2024:13:21:00 +0530] GET /api/course/ HTTP/1.0***0.031***
[11/Mar/2024:13:21:00 +0530] GET /api/course/ HTTP/1.0***0.039***
[11/Mar/2024:13:21:00 +0530] GET /api/quiz/CS007/downloadable-quizzes/ HTTP/1.0***0.081***
[11/Mar/2024:13:21:00 +0530] GET /api/quiz/CS007/downloadable-quizzes/ HTTP/1.0***0.085***
[11/Mar/2024:13:21:01 +0530] POST /quiz/19278/status/ HTTP/1.0***0.244***
[11/Mar/2024:13:21:01 +0530] POST /api/account/login/ HTTP/1.0***0.431***
[11/Mar/2024:13:21:01 +0530] POST /api/account/login/ HTTP/1.0***0.437***
[11/Mar/2024:13:21:01 +0530] GET /api/course/ HTTP/1.0***0.032***
[11/Mar/2024:13:21:01 +0530] GET /api/course/ HTTP/1.0***0.048***
[11/Mar/2024:13:21:01 +0530] GET /api/quiz/CS007/downloadable-quizzes/ HTTP/1.0***0.147***
[11/Mar/2024:13:21:01 +0530] POST /quiz/19278/status/ HTTP/1.0***0.492***
[11/Mar/2024:13:21:01 +0530] GET /api/quiz/CS007/downloadable-quizzes/ HTTP/1.0***0.236***
[11/Mar/2024:13:21:01 +0530] POST /quiz/19278/status/ HTTP/1.0***0.587***
[11/Mar/2024:13:21:02 +0530] POST /api/account/login/ HTTP/1.0***0.379***
[11/Mar/2024:13:21:03 +0530] POST /api/account/login/ HTTP/1.0***0.751***
[11/Mar/2024:13:21:03 +0530] GET /api/course/ HTTP/1.0***0.359***
[11/Mar/2024:13:21:03 +0530] GET /api/course/ HTTP/1.0***0.377***
[11/Mar/2024:13:21:03 +0530] GET /api/quiz/CS007/downloadable-quizzes/ HTTP/1.0***0.453***
[11/Mar/2024:13:21:03 +0530] GET /api/quiz/CS007/downloadable-quizzes/ HTTP/1.0***0.536***
[11/Mar/2024:13:21:03 +0530] GET /api/quiz/CS007.TX/info/ HTTP/1.0***2.765***
[11/Mar/2024:13:21:03 +0530] GET /api/quiz/CS007.TX/info/ HTTP/1.0***2.746***
[11/Mar/2024:13:21:04 +0530] POST /api/account/login/ HTTP/1.0***0.878***
[11/Mar/2024:13:21:04 +0530] POST /api/account/login/ HTTP/1.0***1.271***
[11/Mar/2024:13:21:04 +0530] POST /quiz/19278/status/ HTTP/1.0***1.104***
[11/Mar/2024:13:21:04 +0530] GET /api/quiz/CS007.TX/info/ HTTP/1.0***2.808***
[11/Mar/2024:13:21:04 +0530] GET /api/course/ HTTP/1.0***1.119***
[11/Mar/2024:13:21:04 +0530] GET /api/quiz/CS007.TX/info/ HTTP/1.0***3.100***
[11/Mar/2024:13:21:04 +0530] GET /api/course/ HTTP/1.0***0.908***
[11/Mar/2024:13:21:05 +0530] POST /quiz/19278/status/ HTTP/1.0***1.106***
[11/Mar/2024:13:21:05 +0530] GET /api/quiz/CS007/downloadable-quizzes/ HTTP/1.0***0.976***
[11/Mar/2024:13:21:05 +0530] POST /quiz/19278/status/ HTTP/1.0***1.106***
[11/Mar/2024:13:21:05 +0530] GET /api/quiz/CS007/downloadable-quizzes/ HTTP/1.0***1.052***
[11/Mar/2024:13:21:05 +0530] POST /api/account/login/ HTTP/1.0***1.230***
[11/Mar/2024:13:21:05 +0530] POST /api/account/login/ HTTP/1.0***1.277***
[11/Mar/2024:13:21:05 +0530] GET /api/quiz/CS007.TX/download/ HTTP/1.0***0.838***
[11/Mar/2024:13:21:05 +0530] GET /api/quiz/CS007.TX/download/ HTTP/1.0***0.849***
[11/Mar/2024:13:21:05 +0530] GET /api/course/ HTTP/1.0***0.473***
[11/Mar/2024:13:21:06 +0530] POST /api/account/login/ HTTP/1.0***0.757***
[11/Mar/2024:13:21:06 +0530] GET /api/quiz/CS007.TX/info/ HTTP/1.0***3.423***
[11/Mar/2024:13:21:06 +0530] GET /api/course/ HTTP/1.0***0.773***
[11/Mar/2024:13:21:06 +0530] GET /api/quiz/CS007.TX/download/ HTTP/1.0***0.567***
[11/Mar/2024:13:21:06 +0530] POST /api/account/login/ HTTP/1.0***1.161***
[11/Mar/2024:13:21:06 +0530] GET /api/quiz/CS007/downloadable-quizzes/ HTTP/1.0***0.670***
[11/Mar/2024:13:21:06 +0530] GET /api/quiz/CS007.TX/download/ HTTP/1.0***0.552***
[11/Mar/2024:13:21:06 +0530] GET /api/quiz/CS007/downloadable-quizzes/ HTTP/1.0***0.609***
[11/Mar/2024:13:21:06 +0530] GET /api/quiz/CS007.TX/info/ HTTP/1.0***3.699***
[11/Mar/2024:13:21:07 +0530] POST /api/account/login/ HTTP/1.0***0.809***
[11/Mar/2024:13:21:07 +0530] POST /api/account/login/ HTTP/1.0***1.207***
[11/Mar/2024:13:21:07 +0530] GET /api/course/ HTTP/1.0***1.002***
[11/Mar/2024:13:21:07 +0530] GET /api/course/ HTTP/1.0***0.978***
[11/Mar/2024:13:21:07 +0530] GET /api/quiz/CS007.TX/authenticate/ HTTP/1.0***1.041***
[11/Mar/2024:13:21:07 +0530] GET /api/quiz/CS007.TX/authenticate/ HTTP/1.0***1.107***
[11/Mar/2024:13:21:07 +0530] GET /api/quiz/CS007/downloadable-quizzes/ HTTP/1.0***1.182***
[11/Mar/2024:13:21:07 +0530] GET /api/quiz/CS007.TX/info/ HTTP/1.0***3.699***
[11/Mar/2024:13:21:07 +0530] GET /api/course/ HTTP/1.0***0.890***
[11/Mar/2024:13:21:08 +0530] POST /quiz/19278/status/ HTTP/1.0***1.294***
[11/Mar/2024:13:21:08 +0530] POST /quiz/19278/status/ HTTP/1.0***1.114***
[11/Mar/2024:13:21:08 +0530] GET /api/quiz/CS007.TX/info/ HTTP/1.0***4.021***
[11/Mar/2024:13:21:08 +0530] POST /quiz/19278/status/ HTTP/1.0***1.277***
[11/Mar/2024:13:21:08 +0530] GET /api/quiz/CS007.TX/download/ HTTP/1.0***1.138***
[11/Mar/2024:13:21:08 +0530] GET /api/quiz/CS007/downloadable-quizzes/ HTTP/1.0***1.217***
[11/Mar/2024:13:21:08 +0530] POST /api/account/login/ HTTP/1.0***1.289***
[11/Mar/2024:13:21:08 +0530] GET /api/course/ HTTP/1.0***1.151***
[11/Mar/2024:13:21:08 +0530] GET /api/quiz/CS007.TX/authenticate/ HTTP/1.0***1.258***
[11/Mar/2024:13:21:08 +0530] GET /api/quiz/CS007.TX/authenticate/ HTTP/1.0***1.217***
[11/Mar/2024:13:21:08 +0530] POST /api/account/login/ HTTP/1.0***1.477***
[11/Mar/2024:13:21:08 +0530] GET /api/quiz/CS007.TX/download/ HTTP/1.0***1.098***
[11/Mar/2024:13:21:08 +0530] GET /api/course/ HTTP/1.0***0.718***
[11/Mar/2024:13:21:09 +0530] POST /api/account/login/ HTTP/1.0***0.938***
[11/Mar/2024:13:21:09 +0530] GET /api/quiz/CS007.TX/info/ HTTP/1.0***3.283***
[11/Mar/2024:13:21:09 +0530] GET /api/course/ HTTP/1.0***0.871***
[11/Mar/2024:13:21:09 +0530] GET /api/quiz/CS007.TX/info/ HTTP/1.0***3.287***
[11/Mar/2024:13:21:09 +0530] GET /api/quiz/CS007/downloadable-quizzes/ HTTP/1.0***0.871***
[11/Mar/2024:13:21:09 +0530] GET /api/quiz/CS007/downloadable-quizzes/ HTTP/1.0***0.934***
[11/Mar/2024:13:21:09 +0530] POST /api/account/login/ HTTP/1.0***1.386***
[11/Mar/2024:13:21:10 +0530] POST /api/quiz/3d390ec7f2934f67809b27050cd68707/submit/ HTTP/1.0***1.741***
[11/Mar/2024:13:21:10 +0530] GET /api/quiz/CS007.TX/download/ HTTP/1.0***1.572***
[11/Mar/2024:13:21:10 +0530] POST /api/quiz/7aa3b244e1384afeb3284ff1eec24b86/submit/ HTTP/1.0***1.929***
[11/Mar/2024:13:21:10 +0530] GET /api/quiz/CS007/downloadable-quizzes/ HTTP/1.0***1.645***
[11/Mar/2024:13:21:11 +0530] POST /api/account/login/ HTTP/1.0***2.119***
[11/Mar/2024:13:21:11 +0530] GET /api/quiz/CS007.TX/download/ HTTP/1.0***2.088***
[11/Mar/2024:13:21:11 +0530] POST /api/account/login/ HTTP/1.0***2.153***
[11/Mar/2024:13:21:11 +0530] GET /api/quiz/CS007.TX/authenticate/ HTTP/1.0***2.080***
[11/Mar/2024:13:21:11 +0530] GET /api/course/ HTTP/1.0***1.980***
[11/Mar/2024:13:21:11 +0530] GET /api/quiz/CS007/downloadable-quizzes/ HTTP/1.0***2.054***
[11/Mar/2024:13:21:11 +0530] GET /api/quiz/CS007.TX/info/ HTTP/1.0***4.465***
[11/Mar/2024:13:21:11 +0530] GET /api/quiz/CS007.TX/info/ HTTP/1.0***4.396***
[11/Mar/2024:13:21:11 +0530] GET /api/course/ HTTP/1.0***2.218***
[11/Mar/2024:13:21:12 +0530] GET /api/quiz/CS007.TX/authenticate/ HTTP/1.0***2.278***
[11/Mar/2024:13:21:12 +0530] GET /api/quiz/CS007/downloadable-quizzes/ HTTP/1.0***2.359***
[11/Mar/2024:13:21:12 +0530] POST /quiz/19278/status/ HTTP/1.0***2.350***
[11/Mar/2024:13:21:12 +0530] POST /api/quiz/ce1cfafd40a5424a9ff52369120d6a76/submit/ HTTP/1.0***2.972***
[11/Mar/2024:13:21:12 +0530] GET /api/course/ HTTP/1.0***2.384***
[11/Mar/2024:13:21:12 +0530] POST /quiz/19278/status/ HTTP/1.0***2.476***
[11/Mar/2024:13:21:12 +0530] POST /api/quiz/f5f27cc4621e496d9150c0815cbec1d6/submit/ HTTP/1.0***3.181***
[11/Mar/2024:13:21:12 +0530] GET /api/quiz/CS007.TX/download/ HTTP/1.0***2.550***
[11/Mar/2024:13:21:12 +0530] GET /api/quiz/CS007.TX/info/ HTTP/1.0***4.130***
[11/Mar/2024:13:21:12 +0530] GET /api/quiz/CS007/downloadable-quizzes/ HTTP/1.0***2.620***
[11/Mar/2024:13:21:13 +0530] GET /api/quiz/CS007.TX/download/ HTTP/1.0***2.571***
[11/Mar/2024:13:21:13 +0530] POST /api/account/login/ HTTP/1.0***2.735***
[11/Mar/2024:13:21:13 +0530] POST /api/account/login/ HTTP/1.0***2.764***
[11/Mar/2024:13:21:13 +0530] GET /api/course/ HTTP/1.0***2.403***
[11/Mar/2024:13:21:13 +0530] POST /quiz/19278/status/ HTTP/1.0***2.750***
[11/Mar/2024:13:21:13 +0530] POST /api/account/login/ HTTP/1.0***2.167***
[11/Mar/2024:13:21:13 +0530] GET /api/quiz/CS007.TX/authenticate/ HTTP/1.0***2.052***
[11/Mar/2024:13:21:13 +0530] POST /api/account/login/ HTTP/1.0***2.299***
[11/Mar/2024:13:21:13 +0530] POST /api/account/login/ HTTP/1.0***1.638***
[11/Mar/2024:13:21:14 +0530] POST /api/account/login/ HTTP/1.0***2.089***
[11/Mar/2024:13:21:14 +0530] POST /api/account/login/ HTTP/1.0***2.548***
[11/Mar/2024:13:21:14 +0530] GET /api/quiz/CS007.TX/info/ HTTP/1.0***5.451***
[11/Mar/2024:13:21:15 +0530] GET /api/course/ HTTP/1.0***2.625***
[11/Mar/2024:13:21:15 +0530] GET /api/quiz/CS007.TX/authenticate/ HTTP/1.0***2.665***
[11/Mar/2024:13:21:15 +0530] GET /api/course/ HTTP/1.0***2.675***
[11/Mar/2024:13:21:15 +0530] POST /api/account/login/ HTTP/1.0***2.963***
[11/Mar/2024:13:21:15 +0530] GET /api/quiz/CS007/downloadable-quizzes/ HTTP/1.0***2.852***
[11/Mar/2024:13:21:15 +0530] POST /api/quiz/4a55406442bf44cfa3b9e5fd2cb95c95/submit/ HTTP/1.0***3.483***
[11/Mar/2024:13:21:16 +0530] GET /api/quiz/CS007.TX/download/ HTTP/1.0***3.104***
[11/Mar/2024:13:21:16 +0530] GET /api/quiz/CS007.TX/download/ HTTP/1.0***3.091***
[11/Mar/2024:13:21:16 +0530] GET /api/quiz/CS007/downloadable-quizzes/ HTTP/1.0***3.247***
[11/Mar/2024:13:21:17 +0530] GET /api/quiz/CS007.TX/info/ HTTP/1.0***6.589***
[11/Mar/2024:13:21:17 +0530] GET /api/quiz/CS007.TX/info/ HTTP/1.0***6.535***
[11/Mar/2024:13:21:17 +0530] POST /api/quiz/1ef9c0918a664e4f85b8e8063997351c/submit/ HTTP/1.0***4.232***
[11/Mar/2024:13:21:17 +0530] POST /api/account/login/ HTTP/1.0***4.265***
[11/Mar/2024:13:21:17 +0530] GET /api/quiz/CS007/downloadable-quizzes/ HTTP/1.0***4.158***
[11/Mar/2024:13:21:17 +0530] POST /api/account/login/ HTTP/1.0***4.481***
[11/Mar/2024:13:21:17 +0530] GET /api/quiz/CS007.TX/download/ HTTP/1.0***3.851***
[11/Mar/2024:13:21:17 +0530] GET /api/quiz/CS007.TX/authenticate/ HTTP/1.0***3.985***
[11/Mar/2024:13:21:18 +0530] GET /api/quiz/CS007.TX/authenticate/ HTTP/1.0***4.492***
[11/Mar/2024:13:21:18 +0530] GET /api/course/ HTTP/1.0***4.520***
[11/Mar/2024:13:21:18 +0530] GET /api/course/ HTTP/1.0***4.518***
[11/Mar/2024:13:21:19 +0530] GET /api/quiz/CS007/downloadable-quizzes/ HTTP/1.0***5.533***
[11/Mar/2024:13:21:19 +0530] GET /api/quiz/CS007.TX/info/ HTTP/1.0***8.145***
[11/Mar/2024:13:21:20 +0530] POST /api/account/login/ HTTP/1.0***5.686***
[11/Mar/2024:13:21:20 +0530] POST /api/account/login/ HTTP/1.0***5.789***
[11/Mar/2024:13:21:20 +0530] POST /api/account/login/ HTTP/1.0***6.087***
[11/Mar/2024:13:21:20 +0530] POST /api/account/login/ HTTP/1.0***6.196***
[11/Mar/2024:13:21:20 +0530] GET /api/course/ HTTP/1.0***6.100***
[11/Mar/2024:13:21:20 +0530] POST /quiz/19278/status/ HTTP/1.0***6.230***
[11/Mar/2024:13:21:20 +0530] GET /api/course/ HTTP/1.0***6.073***
[11/Mar/2024:13:21:20 +0530] POST /quiz/19278/status/ HTTP/1.0***6.234***
[11/Mar/2024:13:21:20 +0530] GET /api/course/ HTTP/1.0***5.951***
[11/Mar/2024:13:21:20 +0530] GET /api/quiz/CS007.TX/info/ HTTP/1.0***8.287***
[11/Mar/2024:13:21:21 +0530] POST /quiz/19278/status/ HTTP/1.0***5.955***
[11/Mar/2024:13:21:21 +0530] POST /api/account/login/ HTTP/1.0***6.023***
[11/Mar/2024:13:21:21 +0530] GET /api/course/ HTTP/1.0***5.921***
[11/Mar/2024:13:21:21 +0530] GET /api/course/ HTTP/1.0***5.487***
[11/Mar/2024:13:21:21 +0530] GET /api/quiz/CS007.TX/download/ HTTP/1.0***5.389***
[11/Mar/2024:13:21:21 +0530] GET /api/quiz/CS007/downloadable-quizzes/ HTTP/1.0***5.464***
[11/Mar/2024:13:21:21 +0530] POST /api/account/login/ HTTP/1.0***6.212***
[11/Mar/2024:13:21:21 +0530] POST /api/quiz/ec4ac3166c5347afb60655b96469956c/submit/ HTTP/1.0***7.052***
[11/Mar/2024:13:21:21 +0530] GET /api/course/ HTTP/1.0***5.316***
[11/Mar/2024:13:21:21 +0530] GET /api/quiz/CS007/downloadable-quizzes/ HTTP/1.0***5.503***
[11/Mar/2024:13:21:21 +0530] GET /api/quiz/CS007.TX/info/ HTTP/1.0***8.829***
[11/Mar/2024:13:21:22 +0530] POST /api/account/login/ HTTP/1.0***5.717***
[11/Mar/2024:13:21:22 +0530] POST /api/account/login/ HTTP/1.0***5.722***
[11/Mar/2024:13:21:22 +0530] GET /api/quiz/CS007.TX/authenticate/ HTTP/1.0***5.092***
[11/Mar/2024:13:21:22 +0530] GET /api/quiz/CS007.TX/authenticate/ HTTP/1.0***5.077***
[11/Mar/2024:13:21:22 +0530] GET /api/quiz/CS007.TX/info/ HTTP/1.0***8.310***
[11/Mar/2024:13:21:22 +0530] POST /api/account/login/ HTTP/1.0***5.202***
[11/Mar/2024:13:21:22 +0530] POST /api/quiz/ccc28714fca642968e7a8e76e4c1b392/submit/ HTTP/1.0***6.450***
[11/Mar/2024:13:21:22 +0530] GET /api/quiz/CS007.TX/download/ HTTP/1.0***4.501***
[11/Mar/2024:13:21:22 +0530] GET /api/quiz/CS007.TX/download/ HTTP/1.0***4.510***
[11/Mar/2024:13:21:22 +0530] POST /api/account/login/ HTTP/1.0***5.400***
[11/Mar/2024:13:21:22 +0530] POST /api/account/login/ HTTP/1.0***5.583***
[11/Mar/2024:13:21:22 +0530] GET /api/course/ HTTP/1.0***4.378***
[11/Mar/2024:13:21:22 +0530] POST /api/account/login/ HTTP/1.0***4.697***
[11/Mar/2024:13:21:23 +0530] GET /api/course/ HTTP/1.0***4.248***
[11/Mar/2024:13:21:23 +0530] GET /api/quiz/CS007.TX/authenticate/ HTTP/1.0***4.316***
[11/Mar/2024:13:21:23 +0530] POST /api/account/login/ HTTP/1.0***4.845***
[11/Mar/2024:13:21:23 +0530] POST /api/account/login/ HTTP/1.0***4.237***
[11/Mar/2024:13:21:23 +0530] POST /api/account/login/ HTTP/1.0***4.612***
[11/Mar/2024:13:21:24 +0530] POST /api/quiz/7af5da289372419c8ff6a63f980425c9/submit/ HTTP/1.0***5.301***
[11/Mar/2024:13:21:24 +0530] POST /api/account/login/ HTTP/1.0***5.002***
[11/Mar/2024:13:21:24 +0530] GET /api/quiz/CS007/downloadable-quizzes/ HTTP/1.0***4.891***
[11/Mar/2024:13:21:24 +0530] GET /api/quiz/CS007/downloadable-quizzes/ HTTP/1.0***4.968***
[11/Mar/2024:13:21:24 +0530] POST /api/account/login/ HTTP/1.0***4.622***
[11/Mar/2024:13:21:24 +0530] GET /api/quiz/CS007.TX/info/ HTTP/1.0***8.567***
[11/Mar/2024:13:21:25 +0530] GET /api/quiz/CS007.TX/info/ HTTP/1.0***7.837***
[11/Mar/2024:13:21:25 +0530] GET /api/quiz/CS007.TX/download/ HTTP/1.0***4.367***
[11/Mar/2024:13:21:25 +0530] GET /api/course/ HTTP/1.0***4.089***
[11/Mar/2024:13:21:25 +0530] POST /api/quiz/f4ab17f43ddc4f81bc1f534f4d440a4c/submit/ HTTP/1.0***5.612***
[11/Mar/2024:13:21:25 +0530] GET /api/course/ HTTP/1.0***4.016***
[11/Mar/2024:13:21:25 +0530] POST /api/account/login/ HTTP/1.0***5.038***
[11/Mar/2024:13:21:25 +0530] GET /api/course/ HTTP/1.0***3.949***
[11/Mar/2024:13:21:25 +0530] GET /api/course/ HTTP/1.0***3.866***
[11/Mar/2024:13:21:25 +0530] GET /api/quiz/CS007/downloadable-quizzes/ HTTP/1.0***3.944***
[11/Mar/2024:13:21:25 +0530] POST /api/account/login/ HTTP/1.0***4.223***
[11/Mar/2024:13:21:25 +0530] POST /api/account/login/ HTTP/1.0***4.230***
[11/Mar/2024:13:21:25 +0530] GET /api/quiz/CS007.TX/download/ HTTP/1.0***3.635***
[11/Mar/2024:13:21:25 +0530] GET /api/quiz/CS007/downloadable-quizzes/ HTTP/1.0***3.945***
[11/Mar/2024:13:21:25 +0530] GET /api/quiz/CS007/downloadable-quizzes/ HTTP/1.0***3.724***
[11/Mar/2024:13:21:25 +0530] GET /api/course/ HTTP/1.0***3.352***
[11/Mar/2024:13:21:25 +0530] GET /api/quiz/CS007/downloadable-quizzes/ HTTP/1.0***3.437***
[11/Mar/2024:13:21:25 +0530] GET /api/quiz/CS007.TX/info/ HTTP/1.0***7.029***
[11/Mar/2024:13:21:25 +0530] GET /api/quiz/CS007.TX/authenticate/ HTTP/1.0***3.481***
[11/Mar/2024:13:21:25 +0530] GET /api/quiz/CS007/downloadable-quizzes/ HTTP/1.0***3.526***
[11/Mar/2024:13:21:25 +0530] GET /api/course/ HTTP/1.0***3.416***
[11/Mar/2024:13:21:25 +0530] POST /api/account/login/ HTTP/1.0***3.672***
[11/Mar/2024:13:21:25 +0530] POST /api/account/login/ HTTP/1.0***3.688***
[11/Mar/2024:13:21:26 +0530] GET /api/quiz/CS007/downloadable-quizzes/ HTTP/1.0***3.418***
[11/Mar/2024:13:21:26 +0530] POST /quiz/19278/status/ HTTP/1.0***3.567***
[11/Mar/2024:13:21:26 +0530] GET /api/quiz/CS007.TX/download/ HTTP/1.0***3.235***
[11/Mar/2024:13:21:26 +0530] GET /api/course/ HTTP/1.0***3.242***
[11/Mar/2024:13:21:26 +0530] POST /quiz/19278/status/ HTTP/1.0***3.371***
[11/Mar/2024:13:21:26 +0530] GET /api/course/ HTTP/1.0***3.267***
[11/Mar/2024:13:21:27 +0530] POST /api/quiz/145cf44ea9014782b5a5b39cb8841624/submit/ HTTP/1.0***4.061***
[11/Mar/2024:13:21:27 +0530] POST /api/quiz/c83a7aaabe1545e8a2f7b85827f8e39f/submit/ HTTP/1.0***4.209***
[11/Mar/2024:13:21:27 +0530] GET /api/quiz/CS007.TX/download/ HTTP/1.0***4.024***
[11/Mar/2024:13:21:27 +0530] POST /quiz/19278/status/ HTTP/1.0***4.284***
[11/Mar/2024:13:21:27 +0530] POST /api/account/login/ HTTP/1.0***4.456***
[11/Mar/2024:13:21:27 +0530] POST /api/account/login/ HTTP/1.0***4.506***
[11/Mar/2024:13:21:27 +0530] GET /api/course/ HTTP/1.0***4.346***
[11/Mar/2024:13:21:28 +0530] GET /api/quiz/CS007.TX/authenticate/ HTTP/1.0***4.465***
[11/Mar/2024:13:21:28 +0530] GET /api/quiz/CS007.TX/info/ HTTP/1.0***7.432***
[11/Mar/2024:13:21:28 +0530] GET /api/course/ HTTP/1.0***4.350***
[11/Mar/2024:13:21:28 +0530] GET /api/quiz/CS007.TX/authenticate/ HTTP/1.0***4.510***
[11/Mar/2024:13:21:28 +0530] GET /api/course/ HTTP/1.0***4.196***
[11/Mar/2024:13:21:28 +0530] GET /api/course/ HTTP/1.0***4.132***
[11/Mar/2024:13:21:28 +0530] POST /api/account/login/ HTTP/1.0***4.871***
[11/Mar/2024:13:21:28 +0530] GET /api/quiz/CS007/downloadable-quizzes/ HTTP/1.0***4.282***
[11/Mar/2024:13:21:28 +0530] GET /api/quiz/CS007/downloadable-quizzes/ HTTP/1.0***4.211***
[11/Mar/2024:13:21:28 +0530] GET /api/course/ HTTP/1.0***4.106***
[11/Mar/2024:13:21:28 +0530] POST /api/account/login/ HTTP/1.0***4.311***
[11/Mar/2024:13:21:28 +0530] POST /api/account/login/ HTTP/1.0***4.325***
[11/Mar/2024:13:21:28 +0530] GET /api/course/ HTTP/1.0***4.130***
[11/Mar/2024:13:21:28 +0530] GET /api/course/ HTTP/1.0***3.787***
[11/Mar/2024:13:21:28 +0530] GET /api/course/ HTTP/1.0***3.418***
[11/Mar/2024:13:21:28 +0530] GET /api/quiz/CS007.TX/info/ HTTP/1.0***6.304***
[11/Mar/2024:13:21:28 +0530] GET /api/quiz/CS007.TX/info/ HTTP/1.0***6.302***
[11/Mar/2024:13:21:29 +0530] POST /api/account/login/ HTTP/1.0***4.733***
[11/Mar/2024:13:21:29 +0530] POST /api/quiz/1596e0c56d094640be2a1ef327c7d461/submit/ HTTP/1.0***5.025***
[11/Mar/2024:13:21:29 +0530] POST /api/account/login/ HTTP/1.0***3.826***
[11/Mar/2024:13:21:29 +0530] POST /api/account/login/ HTTP/1.0***3.840***
[11/Mar/2024:13:21:29 +0530] GET /api/course/ HTTP/1.0***3.256***
[11/Mar/2024:13:21:29 +0530] GET /api/quiz/CS007.TX/download/ HTTP/1.0***3.227***
[11/Mar/2024:13:21:29 +0530] GET /api/quiz/CS007.TX/download/ HTTP/1.0***3.134***
[11/Mar/2024:13:21:29 +0530] GET /api/quiz/CS007.TX/authenticate/ HTTP/1.0***3.191***
[11/Mar/2024:13:21:29 +0530] POST /api/account/login/ HTTP/1.0***3.991***
[11/Mar/2024:13:21:29 +0530] GET /api/quiz/CS007/downloadable-quizzes/ HTTP/1.0***3.216***
[11/Mar/2024:13:21:29 +0530] GET /api/quiz/CS007/downloadable-quizzes/ HTTP/1.0***3.244***
[11/Mar/2024:13:21:29 +0530] POST /api/account/login/ HTTP/1.0***3.378***
[11/Mar/2024:13:21:29 +0530] POST /api/account/login/ HTTP/1.0***3.398***
[11/Mar/2024:13:21:29 +0530] GET /api/course/ HTTP/1.0***3.401***
[11/Mar/2024:13:21:29 +0530] POST /api/account/login/ HTTP/1.0***3.497***
[11/Mar/2024:13:21:29 +0530] GET /api/quiz/CS007/downloadable-quizzes/ HTTP/1.0***3.522***
[11/Mar/2024:13:21:29 +0530] GET /api/quiz/CS007/downloadable-quizzes/ HTTP/1.0***3.494***
[11/Mar/2024:13:21:29 +0530] GET /api/course/ HTTP/1.0***3.369***
[11/Mar/2024:13:21:29 +0530] GET /api/course/ HTTP/1.0***3.382***
[11/Mar/2024:13:21:29 +0530] GET /api/quiz/CS007.TX/authenticate/ HTTP/1.0***3.423***
[11/Mar/2024:13:21:32 +0530] GET /api/quiz/CS007.TX/info/ HTTP/1.0***6.571***
[11/Mar/2024:13:21:32 +0530] GET /api/quiz/CS007.TX/info/ HTTP/1.0***6.546***
[11/Mar/2024:13:21:32 +0530] GET /api/quiz/CS007/downloadable-quizzes/ HTTP/1.0***5.436***
[11/Mar/2024:13:21:32 +0530] GET /api/quiz/CS007.TX/download/ HTTP/1.0***5.342***
[11/Mar/2024:13:21:32 +0530] GET /api/quiz/CS007.TX/info/ HTTP/1.0***6.181***
[11/Mar/2024:13:21:32 +0530] GET /api/quiz/CS007.TX/info/ HTTP/1.0***6.158***
[11/Mar/2024:13:21:32 +0530] GET /api/quiz/CS007.TX/info/ HTTP/1.0***6.160***
[11/Mar/2024:13:21:32 +0530] GET /api/course/ HTTP/1.0***5.838***
[11/Mar/2024:13:21:32 +0530] GET /api/course/ HTTP/1.0***5.862***
[11/Mar/2024:13:21:32 +0530] GET /api/quiz/CS007/downloadable-quizzes/ HTTP/1.0***5.953***
[11/Mar/2024:13:21:32 +0530] GET /api/quiz/CS007.TX/authenticate/ HTTP/1.0***5.723***
[11/Mar/2024:13:21:33 +0530] GET /api/quiz/CS007/downloadable-quizzes/ HTTP/1.0***5.799***
[11/Mar/2024:13:21:33 +0530] POST /api/quiz/a1b81fa5f5fd49c7bca7321499a9a5e6/submit/ HTTP/1.0***6.215***
[11/Mar/2024:13:21:33 +0530] POST /api/account/login/ HTTP/1.0***6.157***
[11/Mar/2024:13:21:33 +0530] POST /api/account/login/ HTTP/1.0***6.211***
[11/Mar/2024:13:21:33 +0530] GET /api/quiz/CS007/downloadable-quizzes/ HTTP/1.0***6.244***
[11/Mar/2024:13:21:33 +0530] POST /quiz/19278/status/ HTTP/1.0***5.557***
[11/Mar/2024:13:21:33 +0530] POST /quiz/19278/status/ HTTP/1.0***5.540***
[11/Mar/2024:13:21:34 +0530] POST /api/account/login/ HTTP/1.0***5.832***
[11/Mar/2024:13:21:34 +0530] POST /api/account/login/ HTTP/1.0***5.982***
[11/Mar/2024:13:21:34 +0530] GET /api/quiz/CS007.TX/authenticate/ HTTP/1.0***6.054***
[11/Mar/2024:13:21:34 +0530] GET /api/course/ HTTP/1.0***5.649***
[11/Mar/2024:13:21:34 +0530] GET /api/course/ HTTP/1.0***5.625***
[11/Mar/2024:13:21:34 +0530] POST /api/account/login/ HTTP/1.0***6.198***
[11/Mar/2024:13:21:34 +0530] GET /api/quiz/CS007/downloadable-quizzes/ HTTP/1.0***5.697***
[11/Mar/2024:13:21:34 +0530] GET /api/quiz/CS007.TX/download/ HTTP/1.0***5.548***
[11/Mar/2024:13:21:34 +0530] GET /api/quiz/CS007/downloadable-quizzes/ HTTP/1.0***5.618***
[11/Mar/2024:13:21:35 +0530] GET /api/quiz/CS007.TX/info/ HTTP/1.0***8.403***
[11/Mar/2024:13:21:35 +0530] GET /api/quiz/CS007/downloadable-quizzes/ HTTP/1.0***6.189***
[11/Mar/2024:13:21:35 +0530] POST /api/quiz/a4b82b7eb6c34f51964a316bc3c2343e/submit/ HTTP/1.0***6.347***
[11/Mar/2024:13:21:35 +0530] GET /api/quiz/CS007/downloadable-quizzes/ HTTP/1.0***6.271***
[11/Mar/2024:13:21:35 +0530] GET /api/course/ HTTP/1.0***6.202***
[11/Mar/2024:13:21:35 +0530] POST /api/quiz/ae33470779c34870b37ae41df256fc5c/submit/ HTTP/1.0***6.519***
[11/Mar/2024:13:21:35 +0530] GET /api/quiz/CS007/downloadable-quizzes/ HTTP/1.0***6.466***
[11/Mar/2024:13:21:35 +0530] GET /api/quiz/CS007.TX/info/ HTTP/1.0***8.895***
[11/Mar/2024:13:21:35 +0530] GET /api/quiz/CS007.TX/info/ HTTP/1.0***8.942***
[11/Mar/2024:13:21:36 +0530] POST /api/account/login/ HTTP/1.0***6.779***
[11/Mar/2024:13:21:36 +0530] GET /api/quiz/CS007.TX/info/ HTTP/1.0***0.465***
[11/Mar/2024:13:21:36 +0530] POST /api/account/login/ HTTP/1.0***4.850***
[11/Mar/2024:13:21:36 +0530] GET /api/quiz/CS007.TX/info/ HTTP/1.0***1.598***
[11/Mar/2024:13:21:36 +0530] POST /api/account/login/ HTTP/1.0***5.823***
[11/Mar/2024:13:21:36 +0530] POST /api/account/login/ HTTP/1.0***5.821***
[11/Mar/2024:13:21:36 +0530] GET /api/quiz/CS007.TX/info/ HTTP/1.0***2.116***
[11/Mar/2024:13:21:36 +0530] GET /api/quiz/CS007.TX/info/ HTTP/1.0***2.303***
[11/Mar/2024:13:21:36 +0530] GET /api/quiz/CS007.TX/download/ HTTP/1.0***2.375***
[11/Mar/2024:13:21:36 +0530] GET /api/quiz/CS007.TX/download/ HTTP/1.0***2.410***
[11/Mar/2024:13:21:36 +0530] POST /api/account/login/ HTTP/1.0***5.826***
[11/Mar/2024:13:21:36 +0530] GET /api/quiz/CS007.TX/info/ HTTP/1.0***3.071***
[11/Mar/2024:13:21:36 +0530] GET /api/quiz/CS007.TX/info/ HTTP/1.0***5.285***
[11/Mar/2024:13:21:36 +0530] POST /api/account/login/ HTTP/1.0***6.837***
[11/Mar/2024:13:21:36 +0530] GET /api/quiz/CS007.TX/download/ HTTP/1.0***2.494***
[11/Mar/2024:13:21:36 +0530] GET /api/quiz/CS007.TX/download/ HTTP/1.0***3.182***
[11/Mar/2024:13:21:36 +0530] GET /api/quiz/CS007.TX/info/ HTTP/1.0***5.827***
[11/Mar/2024:13:21:36 +0530] GET /api/quiz/CS007.TX/download/ HTTP/1.0***3.099***
[11/Mar/2024:13:21:36 +0530] GET /api/quiz/CS007.TX/info/ HTTP/1.0***5.796***
[11/Mar/2024:13:21:36 +0530] POST /api/account/login/ HTTP/1.0***6.835***
[11/Mar/2024:13:21:36 +0530] GET /api/course/ HTTP/1.0***0.817***
[11/Mar/2024:13:21:36 +0530] GET /api/quiz/CS007.TX/download/ HTTP/1.0***6.262***
[11/Mar/2024:13:21:36 +0530] GET /api/quiz/CS007.TX/info/ HTTP/1.0***5.286***
[11/Mar/2024:13:21:36 +0530] GET /api/course/ HTTP/1.0***0.643***
[11/Mar/2024:13:21:36 +0530] GET /api/course/ HTTP/1.0***1.002***
[11/Mar/2024:13:21:36 +0530] GET /api/quiz/CS007/downloadable-quizzes/ HTTP/1.0***6.465***
[11/Mar/2024:13:21:36 +0530] GET /api/quiz/CS007.TX/download/ HTTP/1.0***6.389***
[11/Mar/2024:13:21:36 +0530] GET /api/quiz/CS007.TX/info/ HTTP/1.0***6.968***
[11/Mar/2024:13:21:36 +0530] GET /api/quiz/CS007.TX/authenticate/ HTTP/1.0***0.595***
[11/Mar/2024:13:21:36 +0530] GET /api/course/ HTTP/1.0***1.651***
[11/Mar/2024:13:21:36 +0530] GET /api/quiz/CS007.TX/info/ HTTP/1.0***6.952***
[11/Mar/2024:13:21:36 +0530] GET /api/quiz/CS007.TX/authenticate/ HTTP/1.0***3.049***
[11/Mar/2024:13:21:36 +0530] GET /api/quiz/CS007.TX/authenticate/ HTTP/1.0***5.983***
[11/Mar/2024:13:21:36 +0530] GET /api/course/ HTTP/1.0***1.712***
[11/Mar/2024:13:21:36 +0530] GET /api/course/ HTTP/1.0***5.345***
[11/Mar/2024:13:21:36 +0530] GET /api/quiz/CS007/downloadable-quizzes/ HTTP/1.0***2.327***
[11/Mar/2024:13:21:36 +0530] GET /api/quiz/CS007/downloadable-quizzes/ HTTP/1.0***5.262***
[11/Mar/2024:13:21:36 +0530] GET /api/quiz/CS007.TX/authenticate/ HTTP/1.0***5.986***
[11/Mar/2024:13:21:36 +0530] GET /api/course/ HTTP/1.0***5.448***
[11/Mar/2024:13:21:36 +0530] GET /api/quiz/CS007/downloadable-quizzes/ HTTP/1.0***2.354***
[11/Mar/2024:13:21:36 +0530] GET /api/course/ HTTP/1.0***5.467***
[11/Mar/2024:13:21:36 +0530] POST /api/quiz/b112cea1cd424137ab394a6c61e3fa09/submit/ HTTP/1.0***2.222***
[11/Mar/2024:13:21:36 +0530] POST /api/account/login/ HTTP/1.0***0.836***
[11/Mar/2024:13:21:36 +0530] POST /api/quiz/7b8e2025527c46018a15340ef421d17b/submit/ HTTP/1.0***0.777***
[11/Mar/2024:13:21:36 +0530] GET /api/course/ HTTP/1.0***5.834***
[11/Mar/2024:13:21:36 +0530] GET /api/quiz/CS007/downloadable-quizzes/ HTTP/1.0***5.260***
[11/Mar/2024:13:21:36 +0530] POST /api/account/login/ HTTP/1.0***0.839***
[11/Mar/2024:13:21:36 +0530] GET /api/course/ HTTP/1.0***6.029***
[11/Mar/2024:13:21:36 +0530] GET /api/quiz/CS007/downloadable-quizzes/ HTTP/1.0***5.441***
[11/Mar/2024:13:21:36 +0530] POST /api/quiz/970dc4ddf7cb451989b963d024327de2/submit/ HTTP/1.0***5.189***
[11/Mar/2024:13:21:36 +0530] POST /api/account/login/ HTTP/1.0***1.825***
[11/Mar/2024:13:21:36 +0530] GET /api/quiz/CS007/downloadable-quizzes/ HTTP/1.0***6.504***
[11/Mar/2024:13:21:36 +0530] GET /api/quiz/CS007/downloadable-quizzes/ HTTP/1.0***6.002***
[11/Mar/2024:13:21:36 +0530] GET /api/course/ HTTP/1.0***6.120***
[11/Mar/2024:13:21:36 +0530] GET /api/course/ HTTP/1.0***6.013***
[11/Mar/2024:13:21:36 +0530] GET /api/course/ HTTP/1.0***6.546***
[11/Mar/2024:13:21:36 +0530] POST /api/account/login/ HTTP/1.0***1.821***
[11/Mar/2024:13:21:36 +0530] POST /api/quiz/69ba591eebc343bd8233b3f09906f9a7/submit/ HTTP/1.0***5.903***
[11/Mar/2024:13:21:36 +0530] POST /api/account/login/ HTTP/1.0***1.822***
[11/Mar/2024:13:21:36 +0530] POST /api/account/login/ HTTP/1.0***2.853***
[11/Mar/2024:13:21:36 +0530] GET /api/course/ HTTP/1.0***6.533***
[11/Mar/2024:13:21:36 +0530] GET /api/quiz/CS007/downloadable-quizzes/ HTTP/1.0***6.440***
[11/Mar/2024:13:21:36 +0530] POST /api/account/login/ HTTP/1.0***2.850***
[11/Mar/2024:13:21:36 +0530] POST /api/account/login/ HTTP/1.0***3.849***
[11/Mar/2024:13:21:36 +0530] GET /api/quiz/CS007/downloadable-quizzes/ HTTP/1.0***0.727***
[11/Mar/2024:13:21:36 +0530] POST /api/account/login/ HTTP/1.0***3.850***
[11/Mar/2024:13:21:36 +0530] GET /api/quiz/CS007/downloadable-quizzes/ HTTP/1.0***0.755***
[11/Mar/2024:13:21:36 +0530] GET /api/quiz/CS007.TX/info/ HTTP/1.0***0.627***
[11/Mar/2024:13:21:36 +0530] POST /api/account/login/ HTTP/1.0***4.862***
[11/Mar/2024:13:21:36 +0530] POST /quiz/19278/status/ HTTP/1.0***6.910***
[11/Mar/2024:13:21:44 +0530] POST /quiz/19278/status/ HTTP/1.0***8.613***
[11/Mar/2024:13:21:44 +0530] GET /sys_perf_check/2024-03-11_07-50-52-end/100/ HTTP/1.0***7.896***
[11/Mar/2024:13:21:44 +0530] POST /quiz/19278/status/ HTTP/1.0***8.703***
[11/Mar/2024:13:21:44 +0530] GET /sys_perf_check/2024-03-11_07-50-52-END/0/ HTTP/1.0***0.104***
