[11/Mar/2024:14:59:48 +0530] GET /sys_perf_check/2024-03-11_09-29-44-START/0/ HTTP/1.0***0.013***
[11/Mar/2024:14:59:49 +0530] GET /sys_perf_check/2024-03-11_09-29-44-start/100/ HTTP/1.0***0.013***
[11/Mar/2024:14:59:50 +0530] POST /api/account/login/ HTTP/1.0***0.425***
[11/Mar/2024:14:59:50 +0530] POST /api/account/login/ HTTP/1.0***0.437***
[11/Mar/2024:14:59:51 +0530] POST /api/account/login/ HTTP/1.0***0.391***
[11/Mar/2024:14:59:51 +0530] POST /api/account/login/ HTTP/1.0***0.403***
[11/Mar/2024:14:59:51 +0530] GET /api/course/ HTTP/1.0***0.030***
[11/Mar/2024:14:59:51 +0530] GET /api/course/ HTTP/1.0***0.030***
[11/Mar/2024:14:59:52 +0530] POST /api/account/login/ HTTP/1.0***0.419***
[11/Mar/2024:14:59:52 +0530] POST /api/account/login/ HTTP/1.0***0.424***
[11/Mar/2024:14:59:52 +0530] GET /api/course/ HTTP/1.0***0.033***
[11/Mar/2024:14:59:52 +0530] GET /api/course/ HTTP/1.0***0.030***
[11/Mar/2024:14:59:52 +0530] GET /api/quiz/CS007/downloadable-quizzes/ HTTP/1.0***0.058***
[11/Mar/2024:14:59:52 +0530] GET /api/quiz/CS007/downloadable-quizzes/ HTTP/1.0***0.066***
[11/Mar/2024:14:59:53 +0530] POST /api/account/login/ HTTP/1.0***0.396***
[11/Mar/2024:14:59:53 +0530] POST /api/account/login/ HTTP/1.0***0.402***
[11/Mar/2024:14:59:53 +0530] GET /api/course/ HTTP/1.0***0.032***
[11/Mar/2024:14:59:53 +0530] GET /api/course/ HTTP/1.0***0.033***
[11/Mar/2024:14:59:53 +0530] GET /api/quiz/CS007/downloadable-quizzes/ HTTP/1.0***0.056***
[11/Mar/2024:14:59:53 +0530] GET /api/quiz/CS007/downloadable-quizzes/ HTTP/1.0***0.067***
[11/Mar/2024:14:59:54 +0530] POST /api/account/login/ HTTP/1.0***0.391***
[11/Mar/2024:14:59:54 +0530] POST /api/account/login/ HTTP/1.0***0.419***
[11/Mar/2024:14:59:54 +0530] GET /api/course/ HTTP/1.0***0.028***
[11/Mar/2024:14:59:54 +0530] GET /api/course/ HTTP/1.0***0.029***
[11/Mar/2024:14:59:54 +0530] GET /api/quiz/CS007/downloadable-quizzes/ HTTP/1.0***0.078***
[11/Mar/2024:14:59:54 +0530] GET /api/quiz/CS007/downloadable-quizzes/ HTTP/1.0***0.104***
[11/Mar/2024:14:59:55 +0530] POST /api/account/login/ HTTP/1.0***0.423***
[11/Mar/2024:14:59:55 +0530] POST /api/account/login/ HTTP/1.0***0.420***
[11/Mar/2024:14:59:55 +0530] GET /api/course/ HTTP/1.0***0.031***
[11/Mar/2024:14:59:55 +0530] GET /api/course/ HTTP/1.0***0.028***
[11/Mar/2024:14:59:55 +0530] GET /api/quiz/CS007/downloadable-quizzes/ HTTP/1.0***0.075***
[11/Mar/2024:14:59:55 +0530] GET /api/quiz/CS007/downloadable-quizzes/ HTTP/1.0***0.077***
[11/Mar/2024:14:59:56 +0530] GET /api/quiz/CS007.AG/info/ HTTP/1.0***2.809***
[11/Mar/2024:14:59:56 +0530] GET /api/quiz/CS007.AG/info/ HTTP/1.0***2.832***
[11/Mar/2024:14:59:56 +0530] POST /api/account/login/ HTTP/1.0***0.405***
[11/Mar/2024:14:59:56 +0530] POST /api/account/login/ HTTP/1.0***0.413***
[11/Mar/2024:14:59:56 +0530] GET /api/course/ HTTP/1.0***0.032***
[11/Mar/2024:14:59:56 +0530] GET /api/course/ HTTP/1.0***0.033***
[11/Mar/2024:14:59:56 +0530] GET /api/quiz/CS007/downloadable-quizzes/ HTTP/1.0***0.063***
[11/Mar/2024:14:59:56 +0530] GET /api/quiz/CS007/downloadable-quizzes/ HTTP/1.0***0.112***
[11/Mar/2024:14:59:57 +0530] GET /api/quiz/CS007.AG/download/ HTTP/1.0***0.023***
[11/Mar/2024:14:59:57 +0530] GET /api/quiz/CS007.AG/download/ HTTP/1.0***0.023***
[11/Mar/2024:14:59:57 +0530] GET /api/course/ HTTP/1.0***0.028***
[11/Mar/2024:14:59:57 +0530] GET /api/course/ HTTP/1.0***0.028***
[11/Mar/2024:14:59:57 +0530] POST /api/account/login/ HTTP/1.0***0.492***
[11/Mar/2024:14:59:57 +0530] POST /api/account/login/ HTTP/1.0***0.488***
[11/Mar/2024:14:59:57 +0530] GET /api/quiz/CS007.AG/info/ HTTP/1.0***3.018***
[11/Mar/2024:14:59:57 +0530] GET /api/quiz/CS007.AG/info/ HTTP/1.0***3.010***
[11/Mar/2024:14:59:57 +0530] GET /api/quiz/CS007/downloadable-quizzes/ HTTP/1.0***0.077***
[11/Mar/2024:14:59:57 +0530] GET /api/quiz/CS007/downloadable-quizzes/ HTTP/1.0***0.077***
[11/Mar/2024:14:59:58 +0530] POST /api/account/login/ HTTP/1.0***0.408***
[11/Mar/2024:14:59:58 +0530] POST /api/account/login/ HTTP/1.0***0.404***
[11/Mar/2024:14:59:58 +0530] GET /api/quiz/CS007.AG/authenticate/ HTTP/1.0***0.090***
[11/Mar/2024:14:59:58 +0530] GET /api/quiz/CS007.AG/authenticate/ HTTP/1.0***0.093***
[11/Mar/2024:14:59:58 +0530] GET /api/quiz/CS007/downloadable-quizzes/ HTTP/1.0***0.076***
[11/Mar/2024:14:59:58 +0530] GET /api/quiz/CS007.AG/info/ HTTP/1.0***2.957***
[11/Mar/2024:14:59:58 +0530] GET /api/quiz/CS007/downloadable-quizzes/ HTTP/1.0***0.080***
[11/Mar/2024:14:59:58 +0530] GET /api/course/ HTTP/1.0***0.034***
[11/Mar/2024:14:59:58 +0530] GET /api/course/ HTTP/1.0***0.035***
[11/Mar/2024:14:59:58 +0530] GET /api/quiz/CS007.AG/download/ HTTP/1.0***0.028***
[11/Mar/2024:14:59:58 +0530] GET /api/quiz/CS007.AG/download/ HTTP/1.0***0.022***
[11/Mar/2024:14:59:58 +0530] GET /api/quiz/CS007.AG/info/ HTTP/1.0***3.143***
[11/Mar/2024:14:59:59 +0530] POST /api/account/login/ HTTP/1.0***0.386***
[11/Mar/2024:14:59:59 +0530] POST /api/account/login/ HTTP/1.0***0.413***
[11/Mar/2024:14:59:59 +0530] GET /api/course/ HTTP/1.0***0.026***
[11/Mar/2024:14:59:59 +0530] GET /api/course/ HTTP/1.0***0.030***
[11/Mar/2024:14:59:59 +0530] GET /api/quiz/CS007.AG/download/ HTTP/1.0***0.023***
[11/Mar/2024:14:59:59 +0530] GET /api/quiz/CS007.AG/info/ HTTP/1.0***3.123***
[11/Mar/2024:14:59:59 +0530] GET /api/quiz/CS007.AG/authenticate/ HTTP/1.0***0.089***
[11/Mar/2024:14:59:59 +0530] GET /api/quiz/CS007/downloadable-quizzes/ HTTP/1.0***0.104***
[11/Mar/2024:14:59:59 +0530] GET /api/quiz/CS007/downloadable-quizzes/ HTTP/1.0***0.104***
[11/Mar/2024:14:59:59 +0530] GET /api/quiz/CS007.AG/info/ HTTP/1.0***3.143***
[11/Mar/2024:14:59:59 +0530] GET /api/quiz/CS007.AG/authenticate/ HTTP/1.0***0.096***
[11/Mar/2024:14:59:59 +0530] GET /api/quiz/CS007.AG/download/ HTTP/1.0***0.019***
[11/Mar/2024:15:00:00 +0530] GET /api/quiz/CS007.AG/info/ HTTP/1.0***2.857***
[11/Mar/2024:15:00:00 +0530] POST /api/account/login/ HTTP/1.0***0.390***
[11/Mar/2024:15:00:00 +0530] POST /api/quiz/ce17bc4d737d46e9834b12be6b7f98cd/submit/ HTTP/1.0***0.944***
[11/Mar/2024:15:00:00 +0530] GET /api/course/ HTTP/1.0***0.024***
[11/Mar/2024:15:00:00 +0530] POST /api/account/login/ HTTP/1.0***0.414***
[11/Mar/2024:15:00:00 +0530] GET /api/quiz/CS007.AG/info/ HTTP/1.0***2.854***
[11/Mar/2024:15:00:00 +0530] GET /api/course/ HTTP/1.0***0.030***
[11/Mar/2024:15:00:00 +0530] POST /api/quiz/7fbb75dc95d1463dbf1a47abdda15e0f/submit/ HTTP/1.0***0.959***
[11/Mar/2024:15:00:00 +0530] GET /api/quiz/CS007/downloadable-quizzes/ HTTP/1.0***0.069***
[11/Mar/2024:15:00:00 +0530] GET /api/quiz/CS007/downloadable-quizzes/ HTTP/1.0***0.071***
[11/Mar/2024:15:00:00 +0530] GET /api/quiz/CS007.AG/authenticate/ HTTP/1.0***0.080***
[11/Mar/2024:15:00:00 +0530] GET /api/quiz/CS007.AG/download/ HTTP/1.0***0.021***
[11/Mar/2024:15:00:00 +0530] GET /api/quiz/CS007.AG/download/ HTTP/1.0***0.021***
[11/Mar/2024:15:00:01 +0530] GET /api/quiz/CS007.AG/authenticate/ HTTP/1.0***0.131***
[11/Mar/2024:15:00:01 +0530] GET /api/quiz/CS007.AG/download/ HTTP/1.0***0.025***
[11/Mar/2024:15:00:01 +0530] POST /api/account/login/ HTTP/1.0***0.394***
[11/Mar/2024:15:00:01 +0530] GET /api/course/ HTTP/1.0***0.031***
[11/Mar/2024:15:00:01 +0530] POST /api/account/login/ HTTP/1.0***0.421***
[11/Mar/2024:15:00:01 +0530] GET /api/quiz/CS007.AG/download/ HTTP/1.0***0.019***
[11/Mar/2024:15:00:01 +0530] GET /api/course/ HTTP/1.0***0.031***
[11/Mar/2024:15:00:01 +0530] GET /api/quiz/CS007.AG/info/ HTTP/1.0***2.989***
[11/Mar/2024:15:00:01 +0530] GET /api/quiz/CS007/downloadable-quizzes/ HTTP/1.0***0.112***
[11/Mar/2024:15:00:01 +0530] GET /api/quiz/CS007.AG/info/ HTTP/1.0***3.002***
[11/Mar/2024:15:00:01 +0530] GET /api/quiz/CS007/downloadable-quizzes/ HTTP/1.0***0.096***
[11/Mar/2024:15:00:01 +0530] POST /api/quiz/e1ac0d7cdaf44ac59ead6f8aae4ffe27/submit/ HTTP/1.0***0.968***
[11/Mar/2024:15:00:01 +0530] POST /api/quiz/7095b741d9244db9a1ab6b05deecd093/submit/ HTTP/1.0***0.979***
[11/Mar/2024:15:00:01 +0530] GET /api/quiz/CS007.AG/authenticate/ HTTP/1.0***0.127***
[11/Mar/2024:15:00:01 +0530] GET /api/quiz/CS007.AG/authenticate/ HTTP/1.0***0.146***
[11/Mar/2024:15:00:02 +0530] GET /api/course/ HTTP/1.0***0.032***
[11/Mar/2024:15:00:02 +0530] POST /api/account/login/ HTTP/1.0***0.409***
[11/Mar/2024:15:00:02 +0530] POST /api/account/login/ HTTP/1.0***0.411***
[11/Mar/2024:15:00:02 +0530] GET /api/course/ HTTP/1.0***0.028***
[11/Mar/2024:15:00:02 +0530] GET /api/quiz/CS007.AG/authenticate/ HTTP/1.0***0.111***
[11/Mar/2024:15:00:02 +0530] POST /api/account/login/ HTTP/1.0***0.465***
[11/Mar/2024:15:00:02 +0530] GET /api/quiz/CS007.AG/authenticate/ HTTP/1.0***0.073***
[11/Mar/2024:15:00:02 +0530] GET /api/quiz/CS007/downloadable-quizzes/ HTTP/1.0***0.104***
[11/Mar/2024:15:00:02 +0530] POST /api/account/login/ HTTP/1.0***0.500***
[11/Mar/2024:15:00:02 +0530] GET /api/quiz/CS007/downloadable-quizzes/ HTTP/1.0***0.081***
[11/Mar/2024:15:00:02 +0530] GET /api/quiz/CS007.AG/download/ HTTP/1.0***0.018***
[11/Mar/2024:15:00:02 +0530] GET /api/quiz/CS007.AG/download/ HTTP/1.0***0.022***
[11/Mar/2024:15:00:02 +0530] POST /api/quiz/5a04067cd4aa40f3a102920b43bbe608/submit/ HTTP/1.0***0.948***
[11/Mar/2024:15:00:02 +0530] GET /api/quiz/CS007.AG/info/ HTTP/1.0***3.150***
[11/Mar/2024:15:00:02 +0530] GET /api/quiz/CS007.AG/info/ HTTP/1.0***3.155***
[11/Mar/2024:15:00:02 +0530] POST /api/quiz/6de0c6d392d94860b0df703b9b187462/submit/ HTTP/1.0***0.967***
[11/Mar/2024:15:00:03 +0530] POST /api/account/login/ HTTP/1.0***0.418***
[11/Mar/2024:15:00:03 +0530] POST /api/account/login/ HTTP/1.0***0.425***
[11/Mar/2024:15:00:03 +0530] POST /api/account/login/ HTTP/1.0***0.425***
[11/Mar/2024:15:00:03 +0530] GET /api/course/ HTTP/1.0***0.029***
[11/Mar/2024:15:00:03 +0530] GET /api/course/ HTTP/1.0***0.034***
[11/Mar/2024:15:00:03 +0530] POST /api/account/login/ HTTP/1.0***0.451***
[11/Mar/2024:15:00:03 +0530] GET /api/quiz/CS007/downloadable-quizzes/ HTTP/1.0***0.078***
[11/Mar/2024:15:00:03 +0530] GET /api/quiz/CS007/downloadable-quizzes/ HTTP/1.0***0.071***
[11/Mar/2024:15:00:03 +0530] GET /api/course/ HTTP/1.0***0.034***
[11/Mar/2024:15:00:03 +0530] GET /api/course/ HTTP/1.0***0.026***
[11/Mar/2024:15:00:03 +0530] GET /api/quiz/CS007.AG/authenticate/ HTTP/1.0***0.091***
[11/Mar/2024:15:00:03 +0530] GET /api/quiz/CS007.AG/authenticate/ HTTP/1.0***0.106***
[11/Mar/2024:15:00:03 +0530] GET /api/quiz/CS007.AG/download/ HTTP/1.0***0.023***
[11/Mar/2024:15:00:03 +0530] GET /api/quiz/CS007.AG/download/ HTTP/1.0***0.022***
[11/Mar/2024:15:00:03 +0530] POST /api/quiz/33a68c6b8b164c78b30d57727493068c/submit/ HTTP/1.0***0.948***
[11/Mar/2024:15:00:03 +0530] POST /api/quiz/3d4849323ef14b14b04d8f11158bb705/submit/ HTTP/1.0***0.954***
[11/Mar/2024:15:00:03 +0530] GET /api/quiz/CS007.AG/info/ HTTP/1.0***3.146***
[11/Mar/2024:15:00:04 +0530] GET /api/quiz/CS007.AG/info/ HTTP/1.0***3.175***
[11/Mar/2024:15:00:04 +0530] POST /api/account/login/ HTTP/1.0***0.389***
[11/Mar/2024:15:00:04 +0530] POST /api/quiz/78fe925240494b22b110a95f9f7d5934/submit/ HTTP/1.0***0.956***
[11/Mar/2024:15:00:04 +0530] POST /api/account/login/ HTTP/1.0***0.421***
[11/Mar/2024:15:00:04 +0530] POST /api/account/login/ HTTP/1.0***0.422***
[11/Mar/2024:15:00:04 +0530] POST /api/account/login/ HTTP/1.0***0.429***
[11/Mar/2024:15:00:04 +0530] POST /api/quiz/287152c199f6476baabe5b0eeb40d757/submit/ HTTP/1.0***0.952***
[11/Mar/2024:15:00:04 +0530] GET /api/quiz/CS007.AG/info/ HTTP/1.0***2.972***
[11/Mar/2024:15:00:04 +0530] GET /api/quiz/CS007.AG/info/ HTTP/1.0***2.990***
[11/Mar/2024:15:00:04 +0530] GET /api/course/ HTTP/1.0***0.031***
[11/Mar/2024:15:00:04 +0530] GET /api/course/ HTTP/1.0***0.029***
[11/Mar/2024:15:00:04 +0530] GET /api/course/ HTTP/1.0***0.031***
[11/Mar/2024:15:00:04 +0530] GET /api/course/ HTTP/1.0***0.027***
[11/Mar/2024:15:00:04 +0530] GET /api/quiz/CS007/downloadable-quizzes/ HTTP/1.0***0.068***
[11/Mar/2024:15:00:04 +0530] GET /api/quiz/CS007/downloadable-quizzes/ HTTP/1.0***0.070***
[11/Mar/2024:15:00:04 +0530] GET /api/quiz/CS007/downloadable-quizzes/ HTTP/1.0***0.075***
[11/Mar/2024:15:00:04 +0530] GET /api/quiz/CS007/downloadable-quizzes/ HTTP/1.0***0.072***
[11/Mar/2024:15:00:04 +0530] GET /api/quiz/CS007.AG/authenticate/ HTTP/1.0***0.082***
[11/Mar/2024:15:00:04 +0530] GET /api/quiz/CS007.AG/authenticate/ HTTP/1.0***0.087***
[11/Mar/2024:15:00:05 +0530] GET /api/quiz/CS007.AG/download/ HTTP/1.0***0.022***
[11/Mar/2024:15:00:05 +0530] GET /api/quiz/CS007.AG/download/ HTTP/1.0***0.020***
[11/Mar/2024:15:00:05 +0530] GET /api/quiz/CS007.AG/info/ HTTP/1.0***2.896***
[11/Mar/2024:15:00:05 +0530] GET /api/quiz/CS007.AG/info/ HTTP/1.0***2.897***
[11/Mar/2024:15:00:05 +0530] POST /api/account/login/ HTTP/1.0***0.407***
[11/Mar/2024:15:00:05 +0530] GET /api/course/ HTTP/1.0***0.027***
[11/Mar/2024:15:00:05 +0530] POST /api/account/login/ HTTP/1.0***0.419***
[11/Mar/2024:15:00:05 +0530] POST /api/account/login/ HTTP/1.0***0.420***
[11/Mar/2024:15:00:05 +0530] POST /api/account/login/ HTTP/1.0***0.444***
[11/Mar/2024:15:00:05 +0530] GET /api/course/ HTTP/1.0***0.027***
[11/Mar/2024:15:00:05 +0530] GET /api/course/ HTTP/1.0***0.031***
[11/Mar/2024:15:00:05 +0530] GET /api/course/ HTTP/1.0***0.031***
[11/Mar/2024:15:00:05 +0530] GET /api/quiz/CS007.AG/download/ HTTP/1.0***0.024***
[11/Mar/2024:15:00:05 +0530] GET /api/quiz/CS007.AG/download/ HTTP/1.0***0.022***
[11/Mar/2024:15:00:05 +0530] GET /api/quiz/CS007/downloadable-quizzes/ HTTP/1.0***0.071***
[11/Mar/2024:15:00:05 +0530] GET /api/quiz/CS007/downloadable-quizzes/ HTTP/1.0***0.073***
[11/Mar/2024:15:00:05 +0530] GET /api/quiz/CS007/downloadable-quizzes/ HTTP/1.0***0.080***
[11/Mar/2024:15:00:05 +0530] POST /api/quiz/baf0cf3fc48f497c8d3f3b10bd4f0cc0/submit/ HTTP/1.0***0.927***
[11/Mar/2024:15:00:05 +0530] GET /api/quiz/CS007/downloadable-quizzes/ HTTP/1.0***0.099***
[11/Mar/2024:15:00:05 +0530] POST /api/quiz/b0b536aff4484fe092074521f9710cd2/submit/ HTTP/1.0***1.123***
[11/Mar/2024:15:00:06 +0530] GET /api/quiz/CS007.AG/authenticate/ HTTP/1.0***0.060***
[11/Mar/2024:15:00:06 +0530] GET /api/quiz/CS007.AG/authenticate/ HTTP/1.0***0.068***
[11/Mar/2024:15:00:06 +0530] GET /api/quiz/CS007.AG/download/ HTTP/1.0***0.022***
[11/Mar/2024:15:00:06 +0530] POST /api/account/login/ HTTP/1.0***0.393***
[11/Mar/2024:15:00:06 +0530] GET /api/quiz/CS007.AG/download/ HTTP/1.0***0.024***
[11/Mar/2024:15:00:06 +0530] GET /api/course/ HTTP/1.0***0.029***
[11/Mar/2024:15:00:06 +0530] GET /api/course/ HTTP/1.0***0.025***
[11/Mar/2024:15:00:06 +0530] GET /api/course/ HTTP/1.0***0.030***
[11/Mar/2024:15:00:06 +0530] POST /api/account/login/ HTTP/1.0***0.454***
[11/Mar/2024:15:00:06 +0530] POST /api/account/login/ HTTP/1.0***0.457***
[11/Mar/2024:15:00:06 +0530] GET /api/course/ HTTP/1.0***0.036***
[11/Mar/2024:15:00:06 +0530] POST /api/account/login/ HTTP/1.0***0.478***
[11/Mar/2024:15:00:06 +0530] GET /api/quiz/CS007.AG/info/ HTTP/1.0***3.022***
[11/Mar/2024:15:00:06 +0530] GET /api/quiz/CS007/downloadable-quizzes/ HTTP/1.0***0.086***
[11/Mar/2024:15:00:06 +0530] GET /api/quiz/CS007.AG/info/ HTTP/1.0***3.026***
[11/Mar/2024:15:00:06 +0530] GET /api/quiz/CS007/downloadable-quizzes/ HTTP/1.0***0.069***
[11/Mar/2024:15:00:06 +0530] GET /api/quiz/CS007/downloadable-quizzes/ HTTP/1.0***0.071***
[11/Mar/2024:15:00:06 +0530] GET /api/quiz/CS007.AG/authenticate/ HTTP/1.0***0.070***
[11/Mar/2024:15:00:06 +0530] GET /api/quiz/CS007/downloadable-quizzes/ HTTP/1.0***0.078***
[11/Mar/2024:15:00:06 +0530] GET /api/quiz/CS007.AG/authenticate/ HTTP/1.0***0.067***
[11/Mar/2024:15:00:06 +0530] POST /api/quiz/eae6e5a11cfe4f68b5ada5d0666b7ad8/submit/ HTTP/1.0***0.967***
[11/Mar/2024:15:00:07 +0530] POST /api/quiz/3e2c67bf236048f1a26c47f1ea03677f/submit/ HTTP/1.0***1.097***
[11/Mar/2024:15:00:07 +0530] GET /api/quiz/CS007.AG/info/ HTTP/1.0***2.907***
[11/Mar/2024:15:00:07 +0530] POST /api/account/login/ HTTP/1.0***0.377***
[11/Mar/2024:15:00:07 +0530] GET /api/quiz/CS007.AG/info/ HTTP/1.0***2.917***
[11/Mar/2024:15:00:07 +0530] POST /api/account/login/ HTTP/1.0***0.413***
[11/Mar/2024:15:00:07 +0530] POST /api/account/login/ HTTP/1.0***0.428***
[11/Mar/2024:15:00:07 +0530] POST /api/account/login/ HTTP/1.0***0.428***
[11/Mar/2024:15:00:07 +0530] GET /api/course/ HTTP/1.0***0.032***
[11/Mar/2024:15:00:07 +0530] GET /api/quiz/CS007.AG/authenticate/ HTTP/1.0***0.070***
[11/Mar/2024:15:00:07 +0530] GET /api/quiz/CS007.AG/authenticate/ HTTP/1.0***0.069***
[11/Mar/2024:15:00:07 +0530] GET /api/course/ HTTP/1.0***0.027***
[11/Mar/2024:15:00:07 +0530] GET /api/course/ HTTP/1.0***0.032***
[11/Mar/2024:15:00:07 +0530] GET /api/quiz/CS007/downloadable-quizzes/ HTTP/1.0***0.069***
[11/Mar/2024:15:00:07 +0530] GET /api/quiz/CS007/downloadable-quizzes/ HTTP/1.0***0.067***
[11/Mar/2024:15:00:07 +0530] GET /api/course/ HTTP/1.0***0.025***
[11/Mar/2024:15:00:07 +0530] GET /api/quiz/CS007.AG/download/ HTTP/1.0***0.020***
[11/Mar/2024:15:00:07 +0530] GET /api/quiz/CS007/downloadable-quizzes/ HTTP/1.0***0.077***
[11/Mar/2024:15:00:07 +0530] GET /api/quiz/CS007.AG/download/ HTTP/1.0***0.023***
[11/Mar/2024:15:00:07 +0530] GET /api/quiz/CS007/downloadable-quizzes/ HTTP/1.0***0.066***
[11/Mar/2024:15:00:08 +0530] POST /api/quiz/7dd49a9a4290495cafe9c96d4da15190/submit/ HTTP/1.0***0.987***
[11/Mar/2024:15:00:08 +0530] POST /api/quiz/ec6a0240f0d0447da184d6af68497a14/submit/ HTTP/1.0***0.953***
[11/Mar/2024:15:00:08 +0530] POST /api/account/login/ HTTP/1.0***0.395***
[11/Mar/2024:15:00:08 +0530] GET /api/quiz/CS007.AG/download/ HTTP/1.0***0.026***
[11/Mar/2024:15:00:08 +0530] POST /api/account/login/ HTTP/1.0***0.402***
[11/Mar/2024:15:00:08 +0530] GET /api/course/ HTTP/1.0***0.028***
[11/Mar/2024:15:00:08 +0530] GET /api/quiz/CS007.AG/download/ HTTP/1.0***0.022***
[11/Mar/2024:15:00:08 +0530] POST /api/account/login/ HTTP/1.0***0.435***
[11/Mar/2024:15:00:08 +0530] POST /api/account/login/ HTTP/1.0***0.435***
[11/Mar/2024:15:00:08 +0530] GET /api/course/ HTTP/1.0***0.031***
[11/Mar/2024:15:00:08 +0530] GET /api/course/ HTTP/1.0***0.027***
[11/Mar/2024:15:00:08 +0530] GET /api/course/ HTTP/1.0***0.028***
[11/Mar/2024:15:00:08 +0530] POST /api/quiz/94067703cde24f6aa438ae93c45db9b1/submit/ HTTP/1.0***0.938***
[11/Mar/2024:15:00:08 +0530] GET /api/quiz/CS007.AG/info/ HTTP/1.0***2.982***
[11/Mar/2024:15:00:08 +0530] GET /api/quiz/CS007/downloadable-quizzes/ HTTP/1.0***0.076***
[11/Mar/2024:15:00:08 +0530] GET /api/quiz/CS007.AG/info/ HTTP/1.0***2.975***
[11/Mar/2024:15:00:08 +0530] POST /api/quiz/0313a213dce04d0d96e1cefad71da80f/submit/ HTTP/1.0***1.017***
[11/Mar/2024:15:00:08 +0530] GET /api/quiz/CS007.AG/info/ HTTP/1.0***3.011***
[11/Mar/2024:15:00:08 +0530] GET /api/quiz/CS007/downloadable-quizzes/ HTTP/1.0***0.095***
[11/Mar/2024:15:00:08 +0530] GET /api/quiz/CS007/downloadable-quizzes/ HTTP/1.0***0.098***
[11/Mar/2024:15:00:08 +0530] GET /api/quiz/CS007.AG/authenticate/ HTTP/1.0***0.084***
[11/Mar/2024:15:00:08 +0530] GET /api/quiz/CS007.AG/authenticate/ HTTP/1.0***0.070***
[11/Mar/2024:15:00:08 +0530] GET /api/quiz/CS007/downloadable-quizzes/ HTTP/1.0***0.089***
[11/Mar/2024:15:00:08 +0530] GET /api/quiz/CS007.AG/info/ HTTP/1.0***3.159***
[11/Mar/2024:15:00:09 +0530] GET /api/course/ HTTP/1.0***0.027***
[11/Mar/2024:15:00:09 +0530] GET /api/course/ HTTP/1.0***0.035***
[11/Mar/2024:15:00:09 +0530] POST /api/quiz/67f1e615e41346718ace6cc7ec746ba3/submit/ HTTP/1.0***0.960***
[11/Mar/2024:15:00:09 +0530] POST /api/account/login/ HTTP/1.0***0.423***
[11/Mar/2024:15:00:09 +0530] POST /api/account/login/ HTTP/1.0***0.427***
[11/Mar/2024:15:00:09 +0530] POST /api/account/login/ HTTP/1.0***0.442***
[11/Mar/2024:15:00:09 +0530] GET /api/course/ HTTP/1.0***0.026***
[11/Mar/2024:15:00:09 +0530] GET /api/course/ HTTP/1.0***0.027***
[11/Mar/2024:15:00:09 +0530] GET /api/quiz/CS007.AG/authenticate/ HTTP/1.0***0.075***
[11/Mar/2024:15:00:09 +0530] POST /api/account/login/ HTTP/1.0***0.464***
[11/Mar/2024:15:00:09 +0530] GET /api/quiz/CS007.AG/authenticate/ HTTP/1.0***0.068***
[11/Mar/2024:15:00:09 +0530] GET /api/quiz/CS007/downloadable-quizzes/ HTTP/1.0***0.081***
[11/Mar/2024:15:00:09 +0530] POST /api/quiz/e1c973f2e5664f73965630846d912b12/submit/ HTTP/1.0***0.999***
[11/Mar/2024:15:00:09 +0530] GET /api/quiz/CS007.AG/download/ HTTP/1.0***0.018***
[11/Mar/2024:15:00:09 +0530] GET /api/quiz/CS007.AG/info/ HTTP/1.0***2.985***
[11/Mar/2024:15:00:09 +0530] GET /api/quiz/CS007/downloadable-quizzes/ HTTP/1.0***0.073***
[11/Mar/2024:15:00:09 +0530] GET /api/quiz/CS007/downloadable-quizzes/ HTTP/1.0***0.071***
[11/Mar/2024:15:00:09 +0530] GET /api/quiz/CS007/downloadable-quizzes/ HTTP/1.0***0.072***
[11/Mar/2024:15:00:09 +0530] GET /api/quiz/CS007.AG/download/ HTTP/1.0***0.019***
[11/Mar/2024:15:00:09 +0530] GET /api/quiz/CS007.AG/download/ HTTP/1.0***0.025***
[11/Mar/2024:15:00:09 +0530] GET /api/quiz/CS007.AG/info/ HTTP/1.0***3.137***
[11/Mar/2024:15:00:09 +0530] GET /api/quiz/CS007.AG/info/ HTTP/1.0***3.139***
[11/Mar/2024:15:00:09 +0530] GET /api/quiz/CS007.AG/download/ HTTP/1.0***0.026***
[11/Mar/2024:15:00:09 +0530] GET /api/quiz/CS007.AG/info/ HTTP/1.0***3.145***
[11/Mar/2024:15:00:10 +0530] GET /api/course/ HTTP/1.0***0.030***
[11/Mar/2024:15:00:10 +0530] GET /api/course/ HTTP/1.0***0.029***
[11/Mar/2024:15:00:10 +0530] POST /api/account/login/ HTTP/1.0***0.451***
[11/Mar/2024:15:00:10 +0530] POST /api/account/login/ HTTP/1.0***0.454***
[11/Mar/2024:15:00:10 +0530] POST /api/account/login/ HTTP/1.0***0.456***
[11/Mar/2024:15:00:10 +0530] POST /api/account/login/ HTTP/1.0***0.466***
[11/Mar/2024:15:00:10 +0530] GET /api/course/ HTTP/1.0***0.031***
[11/Mar/2024:15:00:10 +0530] GET /api/quiz/CS007/downloadable-quizzes/ HTTP/1.0***0.073***
[11/Mar/2024:15:00:10 +0530] GET /api/quiz/CS007/downloadable-quizzes/ HTTP/1.0***0.074***
[11/Mar/2024:15:00:10 +0530] GET /api/course/ HTTP/1.0***0.029***
[11/Mar/2024:15:00:10 +0530] GET /api/quiz/CS007/downloadable-quizzes/ HTTP/1.0***0.070***
[11/Mar/2024:15:00:10 +0530] GET /api/quiz/CS007.AG/download/ HTTP/1.0***0.025***
[11/Mar/2024:15:00:10 +0530] GET /api/quiz/CS007/downloadable-quizzes/ HTTP/1.0***0.079***
[11/Mar/2024:15:00:10 +0530] GET /api/quiz/CS007.AG/info/ HTTP/1.0***3.059***
[11/Mar/2024:15:00:10 +0530] POST /api/quiz/372b551ea69048e6923ab629615b90ff/submit/ HTTP/1.0***0.949***
[11/Mar/2024:15:00:10 +0530] GET /api/quiz/CS007.AG/info/ HTTP/1.0***3.037***
[11/Mar/2024:15:00:10 +0530] GET /api/quiz/CS007.AG/info/ HTTP/1.0***3.053***
[11/Mar/2024:15:00:10 +0530] GET /api/quiz/CS007.AG/authenticate/ HTTP/1.0***0.063***
[11/Mar/2024:15:00:10 +0530] POST /api/quiz/30a528f5e3b64a6e9c340c2b7dd6817b/submit/ HTTP/1.0***0.999***
[11/Mar/2024:15:00:10 +0530] GET /api/quiz/CS007.AG/info/ HTTP/1.0***3.099***
[11/Mar/2024:15:00:10 +0530] GET /api/quiz/CS007.AG/authenticate/ HTTP/1.0***0.068***
[11/Mar/2024:15:00:11 +0530] GET /api/quiz/CS007.AG/download/ HTTP/1.0***0.022***
[11/Mar/2024:15:00:11 +0530] GET /api/quiz/CS007.AG/download/ HTTP/1.0***0.022***
[11/Mar/2024:15:00:11 +0530] GET /api/quiz/CS007.AG/download/ HTTP/1.0***0.018***
[11/Mar/2024:15:00:11 +0530] GET /api/quiz/CS007.AG/authenticate/ HTTP/1.0***0.064***
[11/Mar/2024:15:00:11 +0530] GET /api/quiz/CS007.AG/authenticate/ HTTP/1.0***0.065***
[11/Mar/2024:15:00:11 +0530] POST /api/account/login/ HTTP/1.0***0.401***
[11/Mar/2024:15:00:11 +0530] POST /api/quiz/51d30900e43847949eaed7f86f9fd933/submit/ HTTP/1.0***0.969***
[11/Mar/2024:15:00:11 +0530] POST /api/account/login/ HTTP/1.0***0.457***
[11/Mar/2024:15:00:11 +0530] POST /api/account/login/ HTTP/1.0***0.457***
[11/Mar/2024:15:00:11 +0530] POST /api/account/login/ HTTP/1.0***0.464***
[11/Mar/2024:15:00:11 +0530] POST /api/quiz/d5d2f4bca6d24580bd5bcc98a88aca9c/submit/ HTTP/1.0***1.027***
[11/Mar/2024:15:00:11 +0530] GET /api/quiz/CS007.AG/info/ HTTP/1.0***2.988***
[11/Mar/2024:15:00:11 +0530] GET /api/course/ HTTP/1.0***0.030***
[11/Mar/2024:15:00:11 +0530] GET /api/course/ HTTP/1.0***0.034***
[11/Mar/2024:15:00:11 +0530] GET /api/course/ HTTP/1.0***0.033***
[11/Mar/2024:15:00:11 +0530] GET /api/course/ HTTP/1.0***0.028***
[11/Mar/2024:15:00:11 +0530] GET /api/quiz/CS007.AG/info/ HTTP/1.0***2.999***
[11/Mar/2024:15:00:11 +0530] GET /api/quiz/CS007.AG/info/ HTTP/1.0***3.041***
[11/Mar/2024:15:00:11 +0530] GET /api/quiz/CS007/downloadable-quizzes/ HTTP/1.0***0.071***
[11/Mar/2024:15:00:11 +0530] GET /api/quiz/CS007/downloadable-quizzes/ HTTP/1.0***0.073***
[11/Mar/2024:15:00:11 +0530] GET /api/quiz/CS007/downloadable-quizzes/ HTTP/1.0***0.066***
[11/Mar/2024:15:00:11 +0530] GET /api/quiz/CS007.AG/download/ HTTP/1.0***0.019***
[11/Mar/2024:15:00:11 +0530] GET /api/quiz/CS007/downloadable-quizzes/ HTTP/1.0***0.061***
[11/Mar/2024:15:00:11 +0530] GET /api/quiz/CS007.AG/download/ HTTP/1.0***0.020***
[11/Mar/2024:15:00:11 +0530] GET /api/quiz/CS007.AG/download/ HTTP/1.0***0.022***
[11/Mar/2024:15:00:11 +0530] GET /api/quiz/CS007.AG/authenticate/ HTTP/1.0***0.087***
[11/Mar/2024:15:00:11 +0530] GET /api/quiz/CS007.AG/info/ HTTP/1.0***3.193***
[11/Mar/2024:15:00:12 +0530] GET /api/quiz/CS007.AG/download/ HTTP/1.0***0.021***
[11/Mar/2024:15:00:12 +0530] GET /api/quiz/CS007.AG/authenticate/ HTTP/1.0***0.066***
[11/Mar/2024:15:00:12 +0530] GET /api/quiz/CS007.AG/authenticate/ HTTP/1.0***0.066***
[11/Mar/2024:15:00:12 +0530] GET /api/quiz/CS007.AG/authenticate/ HTTP/1.0***0.067***
[11/Mar/2024:15:00:12 +0530] POST /api/account/login/ HTTP/1.0***0.429***
[11/Mar/2024:15:00:12 +0530] POST /api/account/login/ HTTP/1.0***0.430***
[11/Mar/2024:15:00:12 +0530] GET /api/course/ HTTP/1.0***0.033***
[11/Mar/2024:15:00:12 +0530] POST /api/account/login/ HTTP/1.0***0.451***
[11/Mar/2024:15:00:12 +0530] POST /api/account/login/ HTTP/1.0***0.470***
[11/Mar/2024:15:00:12 +0530] GET /api/course/ HTTP/1.0***0.028***
[11/Mar/2024:15:00:12 +0530] GET /api/course/ HTTP/1.0***0.029***
[11/Mar/2024:15:00:12 +0530] GET /api/course/ HTTP/1.0***0.026***
[11/Mar/2024:15:00:12 +0530] GET /api/quiz/CS007.AG/info/ HTTP/1.0***3.015***
[11/Mar/2024:15:00:12 +0530] POST /api/quiz/4b9554fd020e4f128b54a67ace109449/submit/ HTTP/1.0***0.964***
[11/Mar/2024:15:00:12 +0530] GET /api/quiz/CS007.AG/download/ HTTP/1.0***0.020***
[11/Mar/2024:15:00:12 +0530] GET /api/quiz/CS007.AG/download/ HTTP/1.0***0.020***
[11/Mar/2024:15:00:12 +0530] GET /api/quiz/CS007.AG/download/ HTTP/1.0***0.024***
[11/Mar/2024:15:00:12 +0530] GET /api/quiz/CS007.AG/info/ HTTP/1.0***3.006***
[11/Mar/2024:15:00:12 +0530] GET /api/quiz/CS007/downloadable-quizzes/ HTTP/1.0***0.067***
[11/Mar/2024:15:00:12 +0530] GET /api/quiz/CS007/downloadable-quizzes/ HTTP/1.0***0.068***
[11/Mar/2024:15:00:12 +0530] GET /api/quiz/CS007.AG/info/ HTTP/1.0***3.049***
[11/Mar/2024:15:00:12 +0530] GET /api/quiz/CS007/downloadable-quizzes/ HTTP/1.0***0.118***
[11/Mar/2024:15:00:12 +0530] GET /api/quiz/CS007/downloadable-quizzes/ HTTP/1.0***0.120***
[11/Mar/2024:15:00:12 +0530] GET /api/quiz/CS007.AG/info/ HTTP/1.0***3.045***
[11/Mar/2024:15:00:12 +0530] GET /api/quiz/CS007.AG/authenticate/ HTTP/1.0***0.069***
[11/Mar/2024:15:00:12 +0530] GET /api/quiz/CS007.AG/authenticate/ HTTP/1.0***0.067***
[11/Mar/2024:15:00:12 +0530] GET /api/quiz/CS007.AG/authenticate/ HTTP/1.0***0.094***
[11/Mar/2024:15:00:13 +0530] GET /api/quiz/CS007.AG/download/ HTTP/1.0***0.019***
[11/Mar/2024:15:00:13 +0530] POST /api/quiz/4bd5baed041145d19e9c43b0533cbd45/submit/ HTTP/1.0***1.022***
[11/Mar/2024:15:00:13 +0530] POST /api/quiz/61cbbd3da67c43dfb0534c8c668e3db8/submit/ HTTP/1.0***0.958***
[11/Mar/2024:15:00:13 +0530] POST /api/quiz/7cd4529423bf4da087bbaa2ea63cf175/submit/ HTTP/1.0***1.000***
[11/Mar/2024:15:00:13 +0530] GET /api/quiz/CS007.AG/authenticate/ HTTP/1.0***0.067***
[11/Mar/2024:15:00:13 +0530] GET /api/quiz/CS007.AG/info/ HTTP/1.0***2.922***
[11/Mar/2024:15:00:13 +0530] POST /api/account/login/ HTTP/1.0***0.427***
[11/Mar/2024:15:00:13 +0530] POST /api/account/login/ HTTP/1.0***0.425***
[11/Mar/2024:15:00:13 +0530] POST /api/account/login/ HTTP/1.0***0.436***
[11/Mar/2024:15:00:13 +0530] GET /api/quiz/CS007.AG/info/ HTTP/1.0***2.940***
[11/Mar/2024:15:00:13 +0530] POST /api/account/login/ HTTP/1.0***0.450***
[11/Mar/2024:15:00:13 +0530] GET /api/quiz/CS007.AG/info/ HTTP/1.0***2.936***
[11/Mar/2024:15:00:13 +0530] GET /api/course/ HTTP/1.0***0.030***
[11/Mar/2024:15:00:13 +0530] GET /api/course/ HTTP/1.0***0.029***
[11/Mar/2024:15:00:13 +0530] GET /api/quiz/CS007.AG/info/ HTTP/1.0***2.962***
[11/Mar/2024:15:00:13 +0530] GET /api/course/ HTTP/1.0***0.026***
[11/Mar/2024:15:00:13 +0530] GET /api/course/ HTTP/1.0***0.027***
[11/Mar/2024:15:00:13 +0530] GET /api/quiz/CS007/downloadable-quizzes/ HTTP/1.0***0.064***
[11/Mar/2024:15:00:13 +0530] GET /api/quiz/CS007.AG/download/ HTTP/1.0***0.019***
[11/Mar/2024:15:00:13 +0530] GET /api/quiz/CS007/downloadable-quizzes/ HTTP/1.0***0.067***
[11/Mar/2024:15:00:13 +0530] GET /api/quiz/CS007/downloadable-quizzes/ HTTP/1.0***0.072***
[11/Mar/2024:15:00:13 +0530] GET /api/quiz/CS007/downloadable-quizzes/ HTTP/1.0***0.075***
[11/Mar/2024:15:00:13 +0530] GET /api/quiz/CS007.AG/authenticate/ HTTP/1.0***0.073***
[11/Mar/2024:15:00:13 +0530] GET /api/quiz/CS007.AG/download/ HTTP/1.0***0.024***
[11/Mar/2024:15:00:13 +0530] GET /api/quiz/CS007.AG/authenticate/ HTTP/1.0***0.061***
[11/Mar/2024:15:00:13 +0530] POST /api/quiz/0375ceb86c964f4e8df6fcef66a7b83b/submit/ HTTP/1.0***1.003***
[11/Mar/2024:15:00:13 +0530] GET /api/quiz/CS007.AG/authenticate/ HTTP/1.0***0.098***
[11/Mar/2024:15:00:13 +0530] GET /api/quiz/CS007.AG/download/ HTTP/1.0***0.025***
[11/Mar/2024:15:00:13 +0530] GET /api/quiz/CS007.AG/download/ HTTP/1.0***0.025***
[11/Mar/2024:15:00:14 +0530] GET /api/quiz/CS007.AG/authenticate/ HTTP/1.0***0.082***
[11/Mar/2024:15:00:14 +0530] POST /api/quiz/ad1bac8e818a4cf1abce8c67be270375/submit/ HTTP/1.0***1.011***
[11/Mar/2024:15:00:14 +0530] POST /api/quiz/cfae8e4e8dbc48328da22de771e43683/submit/ HTTP/1.0***1.015***
[11/Mar/2024:15:00:14 +0530] POST /api/quiz/cafc1d28f5794b9684441675e11d6ad8/submit/ HTTP/1.0***1.019***
[11/Mar/2024:15:00:14 +0530] GET /api/quiz/CS007.AG/download/ HTTP/1.0***0.027***
[11/Mar/2024:15:00:14 +0530] GET /api/course/ HTTP/1.0***0.027***
[11/Mar/2024:15:00:14 +0530] GET /api/course/ HTTP/1.0***0.029***
[11/Mar/2024:15:00:14 +0530] GET /api/course/ HTTP/1.0***0.046***
[11/Mar/2024:15:00:14 +0530] GET /api/course/ HTTP/1.0***0.031***
[11/Mar/2024:15:00:14 +0530] GET /api/quiz/CS007.AG/download/ HTTP/1.0***0.047***
[11/Mar/2024:15:00:14 +0530] GET /api/quiz/CS007.AG/download/ HTTP/1.0***0.031***
[11/Mar/2024:15:00:14 +0530] POST /api/account/login/ HTTP/1.0***0.559***
[11/Mar/2024:15:00:14 +0530] POST /api/account/login/ HTTP/1.0***0.558***
[11/Mar/2024:15:00:14 +0530] POST /api/account/login/ HTTP/1.0***0.559***
[11/Mar/2024:15:00:14 +0530] POST /api/account/login/ HTTP/1.0***0.559***
[11/Mar/2024:15:00:14 +0530] POST /api/account/login/ HTTP/1.0***0.562***
[11/Mar/2024:15:00:14 +0530] GET /api/quiz/CS007.AG/download/ HTTP/1.0***0.113***
[11/Mar/2024:15:00:14 +0530] POST /api/account/login/ HTTP/1.0***0.589***
[11/Mar/2024:15:00:14 +0530] GET /api/quiz/CS007/downloadable-quizzes/ HTTP/1.0***0.155***
[11/Mar/2024:15:00:14 +0530] GET /api/quiz/CS007/downloadable-quizzes/ HTTP/1.0***0.158***
[11/Mar/2024:15:00:14 +0530] GET /api/quiz/CS007.AG/authenticate/ HTTP/1.0***0.149***
[11/Mar/2024:15:00:14 +0530] GET /api/quiz/CS007/downloadable-quizzes/ HTTP/1.0***0.201***
[11/Mar/2024:15:00:14 +0530] GET /api/quiz/CS007/downloadable-quizzes/ HTTP/1.0***0.201***
[11/Mar/2024:15:00:15 +0530] POST /api/quiz/6a35e2a2ddce41f59b05efe2e7578914/submit/ HTTP/1.0***1.066***
[11/Mar/2024:15:00:15 +0530] POST /api/quiz/ef03ca4a01bb4d6193f5f7d19d1a2c75/submit/ HTTP/1.0***1.071***
[11/Mar/2024:15:00:15 +0530] POST /api/quiz/0f13369063bf4808b15a5b62aac59373/submit/ HTTP/1.0***1.068***
[11/Mar/2024:15:00:15 +0530] GET /api/quiz/CS007.AG/authenticate/ HTTP/1.0***0.204***
[11/Mar/2024:15:00:15 +0530] GET /api/quiz/CS007.AG/authenticate/ HTTP/1.0***0.206***
[11/Mar/2024:15:00:15 +0530] GET /api/quiz/CS007.AG/authenticate/ HTTP/1.0***0.261***
[11/Mar/2024:15:00:15 +0530] POST /api/quiz/03bbe672241a4169a5a344ef2e53c52e/submit/ HTTP/1.0***1.199***
[11/Mar/2024:15:00:15 +0530] GET /api/quiz/CS007.AG/info/ HTTP/1.0***3.651***
[11/Mar/2024:15:00:15 +0530] GET /api/quiz/CS007.AG/info/ HTTP/1.0***3.657***
[11/Mar/2024:15:00:15 +0530] GET /api/quiz/CS007.AG/info/ HTTP/1.0***3.635***
[11/Mar/2024:15:00:15 +0530] GET /api/quiz/CS007.AG/info/ HTTP/1.0***3.671***
[11/Mar/2024:15:00:15 +0530] POST /api/account/login/ HTTP/1.0***0.464***
[11/Mar/2024:15:00:15 +0530] POST /api/account/login/ HTTP/1.0***0.472***
[11/Mar/2024:15:00:15 +0530] GET /api/quiz/CS007.AG/authenticate/ HTTP/1.0***0.089***
[11/Mar/2024:15:00:15 +0530] POST /api/account/login/ HTTP/1.0***0.488***
[11/Mar/2024:15:00:15 +0530] GET /api/quiz/CS007/downloadable-quizzes/ HTTP/1.0***0.068***
[11/Mar/2024:15:00:15 +0530] POST /api/account/login/ HTTP/1.0***0.530***
[11/Mar/2024:15:00:15 +0530] GET /api/quiz/CS007/downloadable-quizzes/ HTTP/1.0***0.115***
[11/Mar/2024:15:00:15 +0530] GET /api/quiz/CS007/downloadable-quizzes/ HTTP/1.0***0.091***
[11/Mar/2024:15:00:15 +0530] GET /api/quiz/CS007.AG/authenticate/ HTTP/1.0***0.080***
[11/Mar/2024:15:00:15 +0530] GET /api/quiz/CS007.AG/authenticate/ HTTP/1.0***0.083***
[11/Mar/2024:15:00:15 +0530] GET /api/quiz/CS007/downloadable-quizzes/ HTTP/1.0***0.108***
[11/Mar/2024:15:00:15 +0530] POST /api/quiz/c916ed7ff5634354a7a5c458238b1765/submit/ HTTP/1.0***1.003***
[11/Mar/2024:15:00:15 +0530] GET /api/course/ HTTP/1.0***0.031***
[11/Mar/2024:15:00:15 +0530] GET /api/course/ HTTP/1.0***0.029***
[11/Mar/2024:15:00:15 +0530] GET /api/course/ HTTP/1.0***0.030***
[11/Mar/2024:15:00:15 +0530] POST /api/account/login/ HTTP/1.0***0.582***
[11/Mar/2024:15:00:15 +0530] GET /api/course/ HTTP/1.0***0.026***
[11/Mar/2024:15:00:15 +0530] GET /api/course/ HTTP/1.0***0.027***
[11/Mar/2024:15:00:15 +0530] GET /api/course/ HTTP/1.0***0.026***
[11/Mar/2024:15:00:15 +0530] POST /api/account/login/ HTTP/1.0***0.611***
[11/Mar/2024:15:00:15 +0530] POST /api/quiz/8f387b20cdd746249de30d152b107d06/submit/ HTTP/1.0***0.994***
[11/Mar/2024:15:00:15 +0530] POST /api/quiz/af6e7254f06848a1af0f46ccdc68e343/submit/ HTTP/1.0***1.040***
[11/Mar/2024:15:00:15 +0530] GET /api/quiz/CS007.AG/authenticate/ HTTP/1.0***0.067***
[11/Mar/2024:15:00:16 +0530] POST /api/quiz/90a7a41787a94544af7b7c3f40ee59c4/submit/ HTTP/1.0***1.012***
[11/Mar/2024:15:00:16 +0530] GET /api/quiz/CS007.AG/info/ HTTP/1.0***3.702***
[11/Mar/2024:15:00:16 +0530] GET /api/quiz/CS007.AG/info/ HTTP/1.0***3.710***
[11/Mar/2024:15:00:16 +0530] GET /api/quiz/CS007.AG/download/ HTTP/1.0***0.112***
[11/Mar/2024:15:00:16 +0530] GET /api/quiz/CS007.AG/download/ HTTP/1.0***0.129***
[11/Mar/2024:15:00:16 +0530] GET /api/quiz/CS007.AG/download/ HTTP/1.0***0.146***
[11/Mar/2024:15:00:16 +0530] GET /api/quiz/CS007.AG/download/ HTTP/1.0***0.121***
[11/Mar/2024:15:00:16 +0530] GET /api/quiz/CS007.AG/info/ HTTP/1.0***3.848***
[11/Mar/2024:15:00:16 +0530] GET /api/quiz/CS007.AG/info/ HTTP/1.0***3.886***
[11/Mar/2024:15:00:16 +0530] POST /api/account/login/ HTTP/1.0***0.482***
[11/Mar/2024:15:00:16 +0530] POST /api/account/login/ HTTP/1.0***0.485***
[11/Mar/2024:15:00:16 +0530] POST /api/account/login/ HTTP/1.0***0.485***
[11/Mar/2024:15:00:16 +0530] POST /api/account/login/ HTTP/1.0***0.507***
[11/Mar/2024:15:00:16 +0530] GET /api/course/ HTTP/1.0***0.029***
[11/Mar/2024:15:00:16 +0530] GET /api/course/ HTTP/1.0***0.033***
[11/Mar/2024:15:00:16 +0530] GET /api/course/ HTTP/1.0***0.029***
[11/Mar/2024:15:00:16 +0530] GET /api/course/ HTTP/1.0***0.032***
[11/Mar/2024:15:00:16 +0530] POST /api/quiz/8d5faac831534e40992a1239c4477cc1/submit/ HTTP/1.0***0.960***
[11/Mar/2024:15:00:16 +0530] POST /api/account/login/ HTTP/1.0***0.655***
[11/Mar/2024:15:00:17 +0530] GET /api/quiz/CS007/downloadable-quizzes/ HTTP/1.0***0.230***
[11/Mar/2024:15:00:17 +0530] GET /api/quiz/CS007/downloadable-quizzes/ HTTP/1.0***0.232***
[11/Mar/2024:15:00:17 +0530] GET /api/course/ HTTP/1.0***0.249***
[11/Mar/2024:15:00:17 +0530] POST /api/quiz/ac1df78619d14447b05d9b72270dcee3/submit/ HTTP/1.0***1.034***
[11/Mar/2024:15:00:17 +0530] POST /api/quiz/b45c2d9675f54b7ea18ec46adf13043f/submit/ HTTP/1.0***1.081***
[11/Mar/2024:15:00:17 +0530] POST /api/quiz/ee881696a7cc4ad2b6044005b2845930/submit/ HTTP/1.0***1.081***
[11/Mar/2024:15:00:17 +0530] GET /api/quiz/CS007/downloadable-quizzes/ HTTP/1.0***0.363***
[11/Mar/2024:15:00:17 +0530] GET /api/course/ HTTP/1.0***0.350***
[11/Mar/2024:15:00:17 +0530] GET /api/quiz/CS007/downloadable-quizzes/ HTTP/1.0***0.385***
[11/Mar/2024:15:00:17 +0530] GET /api/quiz/CS007/downloadable-quizzes/ HTTP/1.0***0.422***
[11/Mar/2024:15:00:17 +0530] GET /api/quiz/CS007/downloadable-quizzes/ HTTP/1.0***0.469***
[11/Mar/2024:15:00:17 +0530] POST /api/account/login/ HTTP/1.0***0.440***
[11/Mar/2024:15:00:17 +0530] POST /api/account/login/ HTTP/1.0***0.439***
[11/Mar/2024:15:00:17 +0530] POST /api/account/login/ HTTP/1.0***0.456***
[11/Mar/2024:15:00:17 +0530] POST /api/quiz/d95e50476e494011888167d33ff2d377/submit/ HTTP/1.0***1.015***
[11/Mar/2024:15:00:17 +0530] POST /api/quiz/cfc31d0684e64e1fa0c7cbcb50bb767c/submit/ HTTP/1.0***1.017***
[11/Mar/2024:15:00:17 +0530] POST /api/quiz/82aaf25fe5d34b858eaee61ea2bf69f4/submit/ HTTP/1.0***1.089***
[11/Mar/2024:15:00:17 +0530] POST /api/account/login/ HTTP/1.0***0.557***
[11/Mar/2024:15:00:17 +0530] GET /api/quiz/CS007.AG/download/ HTTP/1.0***0.383***
[11/Mar/2024:15:00:17 +0530] GET /api/quiz/CS007.AG/download/ HTTP/1.0***0.392***
[11/Mar/2024:15:00:17 +0530] GET /api/quiz/CS007.AG/authenticate/ HTTP/1.0***0.409***
[11/Mar/2024:15:00:17 +0530] GET /api/quiz/CS007.AG/authenticate/ HTTP/1.0***0.391***
[11/Mar/2024:15:00:17 +0530] GET /api/quiz/CS007.AG/download/ HTTP/1.0***0.295***
[11/Mar/2024:15:00:18 +0530] GET /api/quiz/CS007.AG/download/ HTTP/1.0***0.243***
[11/Mar/2024:15:00:18 +0530] GET /api/course/ HTTP/1.0***0.211***
[11/Mar/2024:15:00:18 +0530] GET /api/course/ HTTP/1.0***0.215***
[11/Mar/2024:15:00:18 +0530] GET /api/course/ HTTP/1.0***0.234***
[11/Mar/2024:15:00:18 +0530] GET /api/course/ HTTP/1.0***0.224***
[11/Mar/2024:15:00:18 +0530] GET /api/quiz/CS007.AG/authenticate/ HTTP/1.0***0.451***
[11/Mar/2024:15:00:18 +0530] GET /api/quiz/CS007.AG/authenticate/ HTTP/1.0***0.437***
[11/Mar/2024:15:00:18 +0530] GET /api/quiz/CS007/downloadable-quizzes/ HTTP/1.0***0.329***
[11/Mar/2024:15:00:18 +0530] GET /api/quiz/CS007/downloadable-quizzes/ HTTP/1.0***0.279***
[11/Mar/2024:15:00:18 +0530] GET /api/quiz/CS007/downloadable-quizzes/ HTTP/1.0***0.323***
[11/Mar/2024:15:00:18 +0530] GET /api/quiz/CS007/downloadable-quizzes/ HTTP/1.0***0.330***
[11/Mar/2024:15:00:18 +0530] POST /api/account/login/ HTTP/1.0***0.846***
[11/Mar/2024:15:00:18 +0530] GET /api/course/ HTTP/1.0***0.236***
[11/Mar/2024:15:00:18 +0530] POST /api/account/login/ HTTP/1.0***0.935***
[11/Mar/2024:15:00:18 +0530] POST /api/account/login/ HTTP/1.0***0.935***
[11/Mar/2024:15:00:18 +0530] GET /api/quiz/CS007/downloadable-quizzes/ HTTP/1.0***0.194***
[11/Mar/2024:15:00:18 +0530] POST /api/quiz/cc5e09ffe99147b791bef1c61f4bbdce/submit/ HTTP/1.0***1.539***
[11/Mar/2024:15:00:18 +0530] GET /api/quiz/CS007.AG/info/ HTTP/1.0***4.649***
[11/Mar/2024:15:00:18 +0530] GET /api/quiz/CS007.AG/info/ HTTP/1.0***4.665***
[11/Mar/2024:15:00:18 +0530] GET /api/quiz/CS007.AG/info/ HTTP/1.0***4.818***
[11/Mar/2024:15:00:18 +0530] GET /api/quiz/CS007.AG/info/ HTTP/1.0***4.822***
[11/Mar/2024:15:00:18 +0530] GET /api/quiz/CS007/downloadable-quizzes/ HTTP/1.0***0.394***
[11/Mar/2024:15:00:18 +0530] GET /api/course/ HTTP/1.0***0.036***
[11/Mar/2024:15:00:18 +0530] GET /api/course/ HTTP/1.0***0.034***
[11/Mar/2024:15:00:18 +0530] GET /api/course/ HTTP/1.0***0.031***
[11/Mar/2024:15:00:18 +0530] GET /api/course/ HTTP/1.0***0.034***
[11/Mar/2024:15:00:19 +0530] POST /api/account/login/ HTTP/1.0***1.055***
[11/Mar/2024:15:00:19 +0530] POST /api/account/login/ HTTP/1.0***1.056***
[11/Mar/2024:15:00:19 +0530] POST /api/account/login/ HTTP/1.0***1.186***
[11/Mar/2024:15:00:19 +0530] GET /api/quiz/CS007.AG/authenticate/ HTTP/1.0***0.586***
[11/Mar/2024:15:00:19 +0530] GET /api/quiz/CS007.AG/authenticate/ HTTP/1.0***0.595***
[11/Mar/2024:15:00:19 +0530] GET /api/quiz/CS007.AG/authenticate/ HTTP/1.0***0.608***
[11/Mar/2024:15:00:19 +0530] GET /api/quiz/CS007.AG/authenticate/ HTTP/1.0***0.734***
[11/Mar/2024:15:00:19 +0530] GET /api/quiz/CS007/downloadable-quizzes/ HTTP/1.0***0.717***
[11/Mar/2024:15:00:19 +0530] GET /api/quiz/CS007/downloadable-quizzes/ HTTP/1.0***0.721***
[11/Mar/2024:15:00:20 +0530] GET /api/quiz/CS007/downloadable-quizzes/ HTTP/1.0***1.032***
[11/Mar/2024:15:00:20 +0530] GET /api/quiz/CS007/downloadable-quizzes/ HTTP/1.0***1.025***
[11/Mar/2024:15:00:20 +0530] GET /api/course/ HTTP/1.0***0.905***
[11/Mar/2024:15:00:20 +0530] GET /api/quiz/CS007/downloadable-quizzes/ HTTP/1.0***1.477***
[11/Mar/2024:15:00:20 +0530] POST /api/account/login/ HTTP/1.0***1.315***
[11/Mar/2024:15:00:21 +0530] GET /api/quiz/CS007.AG/info/ HTTP/1.0***6.317***
[11/Mar/2024:15:00:21 +0530] POST /api/account/login/ HTTP/1.0***1.716***
[11/Mar/2024:15:00:21 +0530] GET /api/quiz/CS007.AG/info/ HTTP/1.0***6.297***
[11/Mar/2024:15:00:21 +0530] POST /api/account/login/ HTTP/1.0***1.755***
[11/Mar/2024:15:00:21 +0530] GET /api/quiz/CS007.AG/info/ HTTP/1.0***6.294***
[11/Mar/2024:15:00:21 +0530] GET /api/quiz/CS007.AG/info/ HTTP/1.0***6.295***
[11/Mar/2024:15:00:21 +0530] GET /api/course/ HTTP/1.0***1.781***
[11/Mar/2024:15:00:21 +0530] GET /api/course/ HTTP/1.0***1.787***
[11/Mar/2024:15:00:21 +0530] POST /api/account/login/ HTTP/1.0***2.148***
[11/Mar/2024:15:00:21 +0530] POST /api/account/login/ HTTP/1.0***2.151***
[11/Mar/2024:15:00:21 +0530] POST /api/account/login/ HTTP/1.0***2.205***
[11/Mar/2024:15:00:21 +0530] POST /api/account/login/ HTTP/1.0***2.212***
[11/Mar/2024:15:00:21 +0530] POST /api/account/login/ HTTP/1.0***2.257***
[11/Mar/2024:15:00:21 +0530] GET /api/quiz/CS007.AG/download/ HTTP/1.0***2.139***
[11/Mar/2024:15:00:21 +0530] GET /api/quiz/CS007.AG/download/ HTTP/1.0***2.163***
[11/Mar/2024:15:00:21 +0530] GET /api/quiz/CS007.AG/download/ HTTP/1.0***1.981***
[11/Mar/2024:15:00:21 +0530] GET /api/quiz/CS007.AG/download/ HTTP/1.0***1.998***
[11/Mar/2024:15:00:21 +0530] GET /api/quiz/CS007.AG/info/ HTTP/1.0***6.041***
[11/Mar/2024:15:00:21 +0530] GET /api/quiz/CS007.AG/info/ HTTP/1.0***6.057***
[11/Mar/2024:15:00:22 +0530] GET /api/quiz/CS007/downloadable-quizzes/ HTTP/1.0***2.193***
[11/Mar/2024:15:00:22 +0530] GET /api/quiz/CS007/downloadable-quizzes/ HTTP/1.0***2.202***
[11/Mar/2024:15:00:22 +0530] GET /api/quiz/CS007.AG/info/ HTTP/1.0***6.074***
[11/Mar/2024:15:00:22 +0530] GET /api/quiz/CS007.AG/info/ HTTP/1.0***6.082***
[11/Mar/2024:15:00:22 +0530] GET /api/quiz/CS007/downloadable-quizzes/ HTTP/1.0***2.257***
[11/Mar/2024:15:00:22 +0530] GET /api/quiz/CS007/downloadable-quizzes/ HTTP/1.0***2.161***
[11/Mar/2024:15:00:22 +0530] GET /api/course/ HTTP/1.0***1.754***
[11/Mar/2024:15:00:22 +0530] GET /api/course/ HTTP/1.0***1.784***
[11/Mar/2024:15:00:22 +0530] GET /api/course/ HTTP/1.0***1.742***
[11/Mar/2024:15:00:22 +0530] POST /api/account/login/ HTTP/1.0***2.230***
[11/Mar/2024:15:00:22 +0530] POST /api/account/login/ HTTP/1.0***2.235***
[11/Mar/2024:15:00:22 +0530] POST /api/quiz/837ffbe707f04aa4bfe67304b4b00189/submit/ HTTP/1.0***3.555***
[11/Mar/2024:15:00:22 +0530] POST /api/quiz/736966831356486b8681da6c140c3514/submit/ HTTP/1.0***3.563***
[11/Mar/2024:15:00:22 +0530] POST /api/quiz/9f943f19156e4afaae127e43c4be0821/submit/ HTTP/1.0***3.504***
[11/Mar/2024:15:00:22 +0530] POST /api/quiz/e972a3cbaece4c449abe733e6bfea050/submit/ HTTP/1.0***3.534***
[11/Mar/2024:15:00:22 +0530] POST /api/account/login/ HTTP/1.0***2.379***
[11/Mar/2024:15:00:22 +0530] GET /api/quiz/CS007.AG/info/ HTTP/1.0***5.918***
[11/Mar/2024:15:00:22 +0530] GET /api/quiz/CS007.AG/info/ HTTP/1.0***5.888***
[11/Mar/2024:15:00:22 +0530] GET /api/quiz/CS007.AG/info/ HTTP/1.0***5.890***
[11/Mar/2024:15:00:22 +0530] GET /api/quiz/CS007.AG/info/ HTTP/1.0***5.891***
[11/Mar/2024:15:00:22 +0530] GET /api/quiz/CS007/downloadable-quizzes/ HTTP/1.0***1.693***
[11/Mar/2024:15:00:22 +0530] GET /api/course/ HTTP/1.0***1.128***
[11/Mar/2024:15:00:22 +0530] GET /api/quiz/CS007.AG/download/ HTTP/1.0***0.746***
[11/Mar/2024:15:00:22 +0530] GET /api/course/ HTTP/1.0***0.771***
[11/Mar/2024:15:00:22 +0530] GET /api/quiz/CS007.AG/download/ HTTP/1.0***0.748***
[11/Mar/2024:15:00:22 +0530] GET /api/course/ HTTP/1.0***0.772***
[11/Mar/2024:15:00:22 +0530] GET /api/quiz/CS007.AG/download/ HTTP/1.0***0.792***
[11/Mar/2024:15:00:22 +0530] GET /api/quiz/CS007.AG/download/ HTTP/1.0***0.811***
[11/Mar/2024:15:00:23 +0530] GET /api/quiz/CS007/downloadable-quizzes/ HTTP/1.0***0.857***
[11/Mar/2024:15:00:23 +0530] GET /api/quiz/CS007/downloadable-quizzes/ HTTP/1.0***0.919***
[11/Mar/2024:15:00:23 +0530] POST /api/quiz/42e7c1691bc244f09a85351a14aea488/submit/ HTTP/1.0***2.659***
[11/Mar/2024:15:00:23 +0530] POST /api/account/login/ HTTP/1.0***1.922***
[11/Mar/2024:15:00:23 +0530] GET /api/course/ HTTP/1.0***0.680***
[11/Mar/2024:15:00:23 +0530] POST /api/account/login/ HTTP/1.0***1.957***
[11/Mar/2024:15:00:23 +0530] GET /api/course/ HTTP/1.0***0.708***
[11/Mar/2024:15:00:23 +0530] GET /api/course/ HTTP/1.0***0.661***
[11/Mar/2024:15:00:23 +0530] GET /api/course/ HTTP/1.0***0.676***
[11/Mar/2024:15:00:23 +0530] GET /api/course/ HTTP/1.0***0.642***
[11/Mar/2024:15:00:23 +0530] GET /api/quiz/CS007.AG/info/ HTTP/1.0***5.193***
[11/Mar/2024:15:00:23 +0530] GET /api/quiz/CS007.AG/authenticate/ HTTP/1.0***0.671***
[11/Mar/2024:15:00:23 +0530] GET /api/quiz/CS007.AG/info/ HTTP/1.0***5.006***
[11/Mar/2024:15:00:23 +0530] GET /api/quiz/CS007.AG/info/ HTTP/1.0***5.219***
[11/Mar/2024:15:00:23 +0530] GET /api/quiz/CS007.AG/info/ HTTP/1.0***5.010***
[11/Mar/2024:15:00:23 +0530] GET /api/quiz/CS007.AG/authenticate/ HTTP/1.0***0.651***
[11/Mar/2024:15:00:23 +0530] GET /api/quiz/CS007.AG/download/ HTTP/1.0***0.399***
[11/Mar/2024:15:00:23 +0530] GET /api/quiz/CS007.AG/download/ HTTP/1.0***0.415***
[11/Mar/2024:15:00:23 +0530] GET /api/quiz/CS007.AG/download/ HTTP/1.0***0.326***
[11/Mar/2024:15:00:23 +0530] GET /api/quiz/CS007.AG/authenticate/ HTTP/1.0***0.666***
[11/Mar/2024:15:00:23 +0530] GET /api/quiz/CS007.AG/download/ HTTP/1.0***0.324***
[11/Mar/2024:15:00:23 +0530] GET /api/quiz/CS007.AG/info/ HTTP/1.0***5.051***
[11/Mar/2024:15:00:23 +0530] GET /api/quiz/CS007.AG/authenticate/ HTTP/1.0***0.654***
[11/Mar/2024:15:00:23 +0530] GET /api/quiz/CS007.AG/info/ HTTP/1.0***5.013***
[11/Mar/2024:15:00:23 +0530] GET /api/quiz/CS007/downloadable-quizzes/ HTTP/1.0***0.324***
[11/Mar/2024:15:00:23 +0530] GET /api/quiz/CS007/downloadable-quizzes/ HTTP/1.0***0.274***
[11/Mar/2024:15:00:23 +0530] GET /api/quiz/CS007/downloadable-quizzes/ HTTP/1.0***0.304***
[11/Mar/2024:15:00:23 +0530] POST /api/quiz/1b242fa362cf417bba4127b84fe36f86/submit/ HTTP/1.0***2.961***
[11/Mar/2024:15:00:23 +0530] GET /api/quiz/CS007.AG/info/ HTTP/1.0***4.324***
[11/Mar/2024:15:00:23 +0530] POST /api/quiz/0461a918383446ba9d11654499bf94d9/submit/ HTTP/1.0***2.766***
[11/Mar/2024:15:00:23 +0530] POST /api/quiz/c101755a2afa40259a5a1b6f4f1d2790/submit/ HTTP/1.0***2.910***
[11/Mar/2024:15:00:23 +0530] GET /api/quiz/CS007.AG/info/ HTTP/1.0***4.346***
[11/Mar/2024:15:00:23 +0530] GET /api/quiz/CS007.AG/info/ HTTP/1.0***4.353***
[11/Mar/2024:15:00:23 +0530] GET /api/course/ HTTP/1.0***0.025***
[11/Mar/2024:15:00:23 +0530] GET /api/course/ HTTP/1.0***0.029***
[11/Mar/2024:15:00:23 +0530] POST /api/account/login/ HTTP/1.0***1.306***
[11/Mar/2024:15:00:23 +0530] POST /api/account/login/ HTTP/1.0***1.350***
[11/Mar/2024:15:00:23 +0530] GET /api/quiz/CS007.AG/info/ HTTP/1.0***4.479***
[11/Mar/2024:15:00:23 +0530] GET /api/course/ HTTP/1.0***0.031***
[11/Mar/2024:15:00:23 +0530] GET /api/quiz/CS007.AG/download/ HTTP/1.0***0.023***
[11/Mar/2024:15:00:23 +0530] GET /api/quiz/CS007.AG/download/ HTTP/1.0***0.022***
[11/Mar/2024:15:00:23 +0530] GET /api/quiz/CS007.AG/download/ HTTP/1.0***0.023***
[11/Mar/2024:15:00:23 +0530] GET /api/quiz/CS007.AG/download/ HTTP/1.0***0.022***
[11/Mar/2024:15:00:23 +0530] POST /api/account/login/ HTTP/1.0***0.566***
[11/Mar/2024:15:00:23 +0530] GET /api/quiz/CS007/downloadable-quizzes/ HTTP/1.0***0.072***
[11/Mar/2024:15:00:23 +0530] POST /api/account/login/ HTTP/1.0***0.629***
[11/Mar/2024:15:00:23 +0530] GET /api/quiz/CS007.AG/authenticate/ HTTP/1.0***0.073***
[11/Mar/2024:15:00:23 +0530] GET /api/quiz/CS007.AG/authenticate/ HTTP/1.0***0.057***
[11/Mar/2024:15:00:23 +0530] GET /api/quiz/CS007/downloadable-quizzes/ HTTP/1.0***0.075***
[11/Mar/2024:15:00:24 +0530] GET /api/quiz/CS007/downloadable-quizzes/ HTTP/1.0***0.069***
[11/Mar/2024:15:00:24 +0530] GET /api/quiz/CS007.AG/authenticate/ HTTP/1.0***0.067***
[11/Mar/2024:15:00:24 +0530] GET /api/quiz/CS007.AG/authenticate/ HTTP/1.0***0.065***
[11/Mar/2024:15:00:24 +0530] GET /api/quiz/CS007.AG/info/ HTTP/1.0***4.685***
[11/Mar/2024:15:00:24 +0530] GET /api/course/ HTTP/1.0***0.033***
[11/Mar/2024:15:00:24 +0530] GET /api/course/ HTTP/1.0***0.030***
[11/Mar/2024:15:00:24 +0530] GET /api/quiz/CS007/downloadable-quizzes/ HTTP/1.0***0.075***
[11/Mar/2024:15:00:24 +0530] GET /api/quiz/CS007/downloadable-quizzes/ HTTP/1.0***0.069***
[11/Mar/2024:15:00:24 +0530] GET /api/quiz/CS007/downloadable-quizzes/ HTTP/1.0***0.070***
[11/Mar/2024:15:00:24 +0530] GET /api/quiz/CS007/downloadable-quizzes/ HTTP/1.0***0.074***
[11/Mar/2024:15:00:24 +0530] GET /api/quiz/CS007/downloadable-quizzes/ HTTP/1.0***0.078***
[11/Mar/2024:15:00:24 +0530] GET /api/quiz/CS007.AG/download/ HTTP/1.0***0.028***
[11/Mar/2024:15:00:24 +0530] GET /api/quiz/CS007.AG/download/ HTTP/1.0***0.022***
[11/Mar/2024:15:00:24 +0530] GET /api/quiz/CS007.AG/download/ HTTP/1.0***0.024***
[11/Mar/2024:15:00:24 +0530] GET /api/quiz/CS007.AG/download/ HTTP/1.0***0.027***
[11/Mar/2024:15:00:24 +0530] GET /api/quiz/CS007.AG/download/ HTTP/1.0***0.045***
[11/Mar/2024:15:00:24 +0530] GET /api/quiz/CS007.AG/authenticate/ HTTP/1.0***0.068***
[11/Mar/2024:15:00:24 +0530] GET /api/quiz/CS007.AG/authenticate/ HTTP/1.0***0.068***
[11/Mar/2024:15:00:24 +0530] GET /api/quiz/CS007.AG/authenticate/ HTTP/1.0***0.081***
[11/Mar/2024:15:00:24 +0530] GET /api/quiz/CS007.AG/authenticate/ HTTP/1.0***0.084***
[11/Mar/2024:15:00:24 +0530] GET /api/quiz/CS007.AG/download/ HTTP/1.0***0.090***
[11/Mar/2024:15:00:24 +0530] GET /api/quiz/CS007.AG/info/ HTTP/1.0***4.910***
[11/Mar/2024:15:00:24 +0530] POST /api/account/login/ HTTP/1.0***0.469***
[11/Mar/2024:15:00:24 +0530] POST /api/account/login/ HTTP/1.0***0.474***
[11/Mar/2024:15:00:24 +0530] POST /api/account/login/ HTTP/1.0***0.510***
[11/Mar/2024:15:00:24 +0530] GET /api/quiz/CS007.AG/download/ HTTP/1.0***0.445***
[11/Mar/2024:15:00:24 +0530] GET /api/quiz/CS007.AG/download/ HTTP/1.0***0.440***
[11/Mar/2024:15:00:25 +0530] GET /api/quiz/CS007.AG/download/ HTTP/1.0***0.450***
[11/Mar/2024:15:00:25 +0530] POST /api/account/login/ HTTP/1.0***0.572***
[11/Mar/2024:15:00:25 +0530] POST /api/account/login/ HTTP/1.0***0.611***
[11/Mar/2024:15:00:25 +0530] GET /api/quiz/CS007/downloadable-quizzes/ HTTP/1.0***0.506***
[11/Mar/2024:15:00:25 +0530] GET /api/quiz/CS007/downloadable-quizzes/ HTTP/1.0***0.519***
[11/Mar/2024:15:00:25 +0530] GET /api/course/ HTTP/1.0***0.406***
[11/Mar/2024:15:00:25 +0530] GET /api/course/ HTTP/1.0***0.413***
[11/Mar/2024:15:00:25 +0530] GET /api/quiz/CS007.AG/download/ HTTP/1.0***0.416***
[11/Mar/2024:15:00:25 +0530] POST /api/account/login/ HTTP/1.0***0.666***
[11/Mar/2024:15:00:25 +0530] GET /api/quiz/CS007/downloadable-quizzes/ HTTP/1.0***0.441***
[11/Mar/2024:15:00:25 +0530] POST /api/account/login/ HTTP/1.0***0.717***
[11/Mar/2024:15:00:25 +0530] GET /api/quiz/CS007.AG/authenticate/ HTTP/1.0***0.364***
[11/Mar/2024:15:00:25 +0530] GET /api/quiz/CS007.AG/authenticate/ HTTP/1.0***0.365***
[11/Mar/2024:15:00:25 +0530] GET /api/quiz/CS007.AG/authenticate/ HTTP/1.0***0.389***
[11/Mar/2024:15:00:25 +0530] GET /api/course/ HTTP/1.0***0.330***
[11/Mar/2024:15:00:25 +0530] GET /api/course/ HTTP/1.0***0.262***
[11/Mar/2024:15:00:25 +0530] GET /api/quiz/CS007.AG/authenticate/ HTTP/1.0***0.432***
[11/Mar/2024:15:00:25 +0530] POST /api/quiz/7824cbd403b94877ab65149dbfa3d2cf/submit/ HTTP/1.0***1.027***
[11/Mar/2024:15:00:25 +0530] POST /api/quiz/fa5f1482690e400ea623937ae5a8d5d7/submit/ HTTP/1.0***1.031***
[11/Mar/2024:15:00:25 +0530] POST /api/quiz/8fb358909e204b8082b4278aa7bb27b4/submit/ HTTP/1.0***1.044***
[11/Mar/2024:15:00:25 +0530] GET /api/quiz/CS007.AG/download/ HTTP/1.0***0.428***
[11/Mar/2024:15:00:25 +0530] GET /api/quiz/CS007.AG/info/ HTTP/1.0***4.787***
[11/Mar/2024:15:00:25 +0530] POST /api/quiz/62975f6ba8544db0a64102326dc70b00/submit/ HTTP/1.0***1.105***
[11/Mar/2024:15:00:25 +0530] GET /api/quiz/CS007.AG/info/ HTTP/1.0***4.820***
[11/Mar/2024:15:00:25 +0530] GET /api/quiz/CS007.AG/info/ HTTP/1.0***4.496***
[11/Mar/2024:15:00:25 +0530] GET /api/quiz/CS007/downloadable-quizzes/ HTTP/1.0***0.321***
[11/Mar/2024:15:00:25 +0530] GET /api/quiz/CS007/downloadable-quizzes/ HTTP/1.0***0.253***
[11/Mar/2024:15:00:25 +0530] GET /api/quiz/CS007.AG/info/ HTTP/1.0***4.540***
[11/Mar/2024:15:00:25 +0530] GET /api/quiz/CS007.AG/info/ HTTP/1.0***4.002***
[11/Mar/2024:15:00:26 +0530] POST /api/account/login/ HTTP/1.0***0.640***
[11/Mar/2024:15:00:26 +0530] POST /api/account/login/ HTTP/1.0***0.674***
[11/Mar/2024:15:00:26 +0530] POST /api/account/login/ HTTP/1.0***0.740***
[11/Mar/2024:15:00:26 +0530] POST /api/quiz/9c55840fa1344a6fa2058348a5e0f376/submit/ HTTP/1.0***1.166***
[11/Mar/2024:15:00:26 +0530] POST /api/account/login/ HTTP/1.0***0.796***
[11/Mar/2024:15:00:26 +0530] POST /api/quiz/f75c637ac3e84c7bace3e476284fd8f7/submit/ HTTP/1.0***1.196***
[11/Mar/2024:15:00:26 +0530] POST /api/account/login/ HTTP/1.0***0.808***
[11/Mar/2024:15:00:26 +0530] GET /api/quiz/CS007.AG/authenticate/ HTTP/1.0***0.714***
[11/Mar/2024:15:00:26 +0530] GET /api/quiz/CS007.AG/authenticate/ HTTP/1.0***0.756***
[11/Mar/2024:15:00:26 +0530] GET /api/quiz/CS007.AG/authenticate/ HTTP/1.0***0.762***
[11/Mar/2024:15:00:26 +0530] GET /api/quiz/CS007.AG/authenticate/ HTTP/1.0***0.762***
[11/Mar/2024:15:00:26 +0530] GET /api/quiz/CS007.AG/authenticate/ HTTP/1.0***0.749***
[11/Mar/2024:15:00:26 +0530] GET /api/quiz/CS007.AG/authenticate/ HTTP/1.0***0.746***
[11/Mar/2024:15:00:26 +0530] GET /api/quiz/CS007.AG/info/ HTTP/1.0***3.278***
[11/Mar/2024:15:00:26 +0530] GET /api/quiz/CS007.AG/info/ HTTP/1.0***3.300***
[11/Mar/2024:15:00:26 +0530] GET /api/quiz/CS007.AG/download/ HTTP/1.0***0.662***
[11/Mar/2024:15:00:26 +0530] GET /api/course/ HTTP/1.0***0.456***
[11/Mar/2024:15:00:26 +0530] GET /api/course/ HTTP/1.0***0.460***
[11/Mar/2024:15:00:26 +0530] GET /api/quiz/CS007.AG/info/ HTTP/1.0***3.264***
[11/Mar/2024:15:00:26 +0530] GET /api/quiz/CS007.AG/info/ HTTP/1.0***3.262***
[11/Mar/2024:15:00:26 +0530] GET /api/course/ HTTP/1.0***0.457***
[11/Mar/2024:15:00:26 +0530] POST /api/quiz/97b44f589eff4cbdb872795b7bf71162/submit/ HTTP/1.0***1.357***
[11/Mar/2024:15:00:26 +0530] GET /api/course/ HTTP/1.0***0.408***
[11/Mar/2024:15:00:26 +0530] GET /api/course/ HTTP/1.0***0.368***
[11/Mar/2024:15:00:26 +0530] GET /api/quiz/CS007.AG/authenticate/ HTTP/1.0***0.476***
[11/Mar/2024:15:00:26 +0530] GET /api/quiz/CS007.AG/authenticate/ HTTP/1.0***0.458***
[11/Mar/2024:15:00:26 +0530] GET /api/quiz/CS007.AG/authenticate/ HTTP/1.0***0.497***
[11/Mar/2024:15:00:26 +0530] POST /api/quiz/cc1a214aba7349e0a988bc21dde961eb/submit/ HTTP/1.0***1.435***
[11/Mar/2024:15:00:26 +0530] GET /api/course/ HTTP/1.0***0.381***
[11/Mar/2024:15:00:26 +0530] GET /api/quiz/CS007/downloadable-quizzes/ HTTP/1.0***0.423***
[11/Mar/2024:15:00:26 +0530] GET /api/quiz/CS007/downloadable-quizzes/ HTTP/1.0***0.429***
[11/Mar/2024:15:00:26 +0530] GET /api/quiz/CS007.AG/authenticate/ HTTP/1.0***0.418***
[11/Mar/2024:15:00:26 +0530] GET /api/course/ HTTP/1.0***0.384***
[11/Mar/2024:15:00:26 +0530] GET /api/quiz/CS007.AG/info/ HTTP/1.0***3.047***
[11/Mar/2024:15:00:26 +0530] GET /api/quiz/CS007/downloadable-quizzes/ HTTP/1.0***0.731***
[11/Mar/2024:15:00:27 +0530] GET /api/quiz/CS007/downloadable-quizzes/ HTTP/1.0***0.826***
[11/Mar/2024:15:00:27 +0530] GET /api/quiz/CS007.AG/info/ HTTP/1.0***3.127***
[11/Mar/2024:15:00:27 +0530] POST /api/quiz/f36a7f70fda04f14bdcdf2d1acf79bd9/submit/ HTTP/1.0***1.706***
[11/Mar/2024:15:00:27 +0530] GET /api/quiz/CS007.AG/info/ HTTP/1.0***3.126***
[11/Mar/2024:15:00:27 +0530] POST /api/quiz/fdb7e41036134abd883cdb88dc8704e7/submit/ HTTP/1.0***1.724***
[11/Mar/2024:15:00:27 +0530] GET /api/quiz/CS007.AG/download/ HTTP/1.0***0.734***
[11/Mar/2024:15:00:27 +0530] GET /api/quiz/CS007.AG/authenticate/ HTTP/1.0***0.781***
[11/Mar/2024:15:00:27 +0530] GET /api/quiz/CS007.AG/download/ HTTP/1.0***0.741***
[11/Mar/2024:15:00:27 +0530] GET /api/quiz/CS007.AG/download/ HTTP/1.0***0.735***
[11/Mar/2024:15:00:27 +0530] POST /api/quiz/7e68f285b8c74352a7864f6d9543377d/submit/ HTTP/1.0***1.882***
[11/Mar/2024:15:00:27 +0530] POST /api/quiz/56260ca926c941e891f2104147d14fad/submit/ HTTP/1.0***1.861***
[11/Mar/2024:15:00:27 +0530] GET /api/quiz/CS007.AG/download/ HTTP/1.0***0.781***
[11/Mar/2024:15:00:27 +0530] GET /api/quiz/CS007.AG/download/ HTTP/1.0***0.718***
[11/Mar/2024:15:00:27 +0530] GET /api/course/ HTTP/1.0***0.440***
[11/Mar/2024:15:00:27 +0530] GET /api/course/ HTTP/1.0***0.414***
[11/Mar/2024:15:00:27 +0530] GET /api/course/ HTTP/1.0***0.364***
[11/Mar/2024:15:00:27 +0530] GET /api/course/ HTTP/1.0***0.317***
[11/Mar/2024:15:00:27 +0530] POST /api/quiz/48bded63b3194419b4dd96e4a83a7194/submit/ HTTP/1.0***1.329***
[11/Mar/2024:15:00:27 +0530] GET /api/course/ HTTP/1.0***0.323***
[11/Mar/2024:15:00:27 +0530] POST /api/quiz/ed2a743dfffe4f559ec6d6882610face/submit/ HTTP/1.0***1.354***
[11/Mar/2024:15:00:27 +0530] POST /api/quiz/2f8be9445ef94646904379fddab9031b/submit/ HTTP/1.0***1.366***
[11/Mar/2024:15:00:27 +0530] POST /api/account/login/ HTTP/1.0***1.343***
[11/Mar/2024:15:00:27 +0530] POST /api/account/login/ HTTP/1.0***1.343***
[11/Mar/2024:15:00:27 +0530] GET /api/quiz/CS007.AG/info/ HTTP/1.0***3.314***
[11/Mar/2024:15:00:28 +0530] POST /api/quiz/c9d91cb1967747d2af283e92721160c2/submit/ HTTP/1.0***1.748***
[11/Mar/2024:15:00:28 +0530] GET /api/quiz/CS007.AG/info/ HTTP/1.0***3.530***
[11/Mar/2024:15:00:28 +0530] GET /api/quiz/CS007.AG/info/ HTTP/1.0***3.564***
[11/Mar/2024:15:00:28 +0530] GET /api/quiz/CS007.AG/download/ HTTP/1.0***0.632***
[11/Mar/2024:15:00:28 +0530] POST /api/account/login/ HTTP/1.0***0.677***
[11/Mar/2024:15:00:28 +0530] POST /api/account/login/ HTTP/1.0***0.679***
[11/Mar/2024:15:00:28 +0530] GET /api/quiz/CS007.AG/download/ HTTP/1.0***0.696***
[11/Mar/2024:15:00:28 +0530] GET /api/quiz/CS007/downloadable-quizzes/ HTTP/1.0***0.701***
[11/Mar/2024:15:00:28 +0530] GET /api/quiz/CS007.AG/download/ HTTP/1.0***0.721***
[11/Mar/2024:15:00:28 +0530] GET /api/quiz/CS007/downloadable-quizzes/ HTTP/1.0***0.750***
[11/Mar/2024:15:00:28 +0530] GET /api/quiz/CS007.AG/authenticate/ HTTP/1.0***0.760***
[11/Mar/2024:15:00:28 +0530] GET /api/quiz/CS007.AG/download/ HTTP/1.0***0.778***
[11/Mar/2024:15:00:28 +0530] GET /api/quiz/CS007.AG/info/ HTTP/1.0***3.263***
[11/Mar/2024:15:00:28 +0530] GET /api/quiz/CS007.AG/info/ HTTP/1.0***3.314***
[11/Mar/2024:15:00:28 +0530] GET /api/quiz/CS007/downloadable-quizzes/ HTTP/1.0***0.825***
[11/Mar/2024:15:00:28 +0530] POST /api/account/login/ HTTP/1.0***0.854***
[11/Mar/2024:15:00:28 +0530] GET /api/quiz/CS007.AG/info/ HTTP/1.0***3.287***
[11/Mar/2024:15:00:28 +0530] GET /api/quiz/CS007/downloadable-quizzes/ HTTP/1.0***0.865***
[11/Mar/2024:15:00:28 +0530] GET /api/quiz/CS007/downloadable-quizzes/ HTTP/1.0***0.867***
[11/Mar/2024:15:00:28 +0530] POST /api/quiz/ad606657a3284d659d15859748c96af2/submit/ HTTP/1.0***1.261***
[11/Mar/2024:15:00:28 +0530] POST /api/quiz/9ee8312aed064ca492b9542a5d85398c/submit/ HTTP/1.0***1.270***
[11/Mar/2024:15:00:28 +0530] POST /api/quiz/b08c6d755b21478b890846d7259c8994/submit/ HTTP/1.0***1.329***
[11/Mar/2024:15:00:28 +0530] POST /api/quiz/65265182e670499aaeba0e0a921c6fbd/submit/ HTTP/1.0***1.274***
[11/Mar/2024:15:00:28 +0530] POST /api/account/login/ HTTP/1.0***1.090***
[11/Mar/2024:15:00:28 +0530] POST /api/account/login/ HTTP/1.0***1.099***
[11/Mar/2024:15:00:28 +0530] GET /api/quiz/CS007.AG/info/ HTTP/1.0***3.180***
[11/Mar/2024:15:00:28 +0530] POST /api/quiz/90fb7f1a9f2a43b488dfe5356718f957/submit/ HTTP/1.0***1.304***
[11/Mar/2024:15:00:28 +0530] GET /api/quiz/CS007.AG/download/ HTTP/1.0***0.694***
[11/Mar/2024:15:00:28 +0530] GET /api/quiz/CS007/downloadable-quizzes/ HTTP/1.0***1.065***
[11/Mar/2024:15:00:28 +0530] GET /api/quiz/CS007.AG/download/ HTTP/1.0***0.403***
[11/Mar/2024:15:00:28 +0530] GET /api/quiz/CS007.AG/download/ HTTP/1.0***0.342***
[11/Mar/2024:15:00:28 +0530] GET /api/quiz/CS007/downloadable-quizzes/ HTTP/1.0***1.068***
[11/Mar/2024:15:00:28 +0530] POST /api/account/login/ HTTP/1.0***1.247***
[11/Mar/2024:15:00:28 +0530] POST /api/account/login/ HTTP/1.0***1.319***
[11/Mar/2024:15:00:28 +0530] GET /api/quiz/CS007.AG/info/ HTTP/1.0***3.340***
[11/Mar/2024:15:00:28 +0530] POST /api/account/login/ HTTP/1.0***1.378***
[11/Mar/2024:15:00:28 +0530] GET /api/quiz/CS007.AG/authenticate/ HTTP/1.0***0.409***
[11/Mar/2024:15:00:28 +0530] GET /api/quiz/CS007.AG/authenticate/ HTTP/1.0***0.456***
[11/Mar/2024:15:00:28 +0530] GET /api/quiz/CS007.AG/authenticate/ HTTP/1.0***0.514***
[11/Mar/2024:15:00:29 +0530] GET /api/quiz/CS007.AG/authenticate/ HTTP/1.0***0.575***
[11/Mar/2024:15:00:29 +0530] GET /api/quiz/CS007.AG/info/ HTTP/1.0***3.582***
[11/Mar/2024:15:00:29 +0530] GET /api/quiz/CS007.AG/info/ HTTP/1.0***3.593***
[11/Mar/2024:15:00:29 +0530] POST /api/account/login/ HTTP/1.0***0.671***
[11/Mar/2024:15:00:29 +0530] POST /api/account/login/ HTTP/1.0***0.687***
[11/Mar/2024:15:00:29 +0530] GET /api/quiz/CS007.AG/authenticate/ HTTP/1.0***0.639***
[11/Mar/2024:15:00:29 +0530] GET /api/quiz/CS007/downloadable-quizzes/ HTTP/1.0***0.635***
[11/Mar/2024:15:00:29 +0530] POST /api/account/login/ HTTP/1.0***0.716***
[11/Mar/2024:15:00:29 +0530] GET /api/quiz/CS007.AG/info/ HTTP/1.0***3.659***
[11/Mar/2024:15:00:29 +0530] GET /api/quiz/CS007/downloadable-quizzes/ HTTP/1.0***0.646***
[11/Mar/2024:15:00:29 +0530] GET /api/course/ HTTP/1.0***0.456***
[11/Mar/2024:15:00:29 +0530] GET /api/quiz/CS007.AG/download/ HTTP/1.0***0.313***
[11/Mar/2024:15:00:29 +0530] GET /api/course/ HTTP/1.0***0.459***
[11/Mar/2024:15:00:29 +0530] GET /api/quiz/CS007/downloadable-quizzes/ HTTP/1.0***0.641***
[11/Mar/2024:15:00:29 +0530] GET /api/quiz/CS007.AG/download/ HTTP/1.0***0.101***
[11/Mar/2024:15:00:29 +0530] GET /api/quiz/CS007/downloadable-quizzes/ HTTP/1.0***0.645***
[11/Mar/2024:15:00:29 +0530] GET /api/quiz/CS007.AG/download/ HTTP/1.0***0.079***
[11/Mar/2024:15:00:29 +0530] GET /api/course/ HTTP/1.0***0.026***
[11/Mar/2024:15:00:29 +0530] GET /api/quiz/CS007/downloadable-quizzes/ HTTP/1.0***0.647***
[11/Mar/2024:15:00:29 +0530] GET /api/course/ HTTP/1.0***0.029***
[11/Mar/2024:15:00:29 +0530] POST /api/account/login/ HTTP/1.0***0.780***
[11/Mar/2024:15:00:29 +0530] GET /api/quiz/CS007.AG/authenticate/ HTTP/1.0***0.138***
[11/Mar/2024:15:00:29 +0530] GET /api/quiz/CS007.AG/download/ HTTP/1.0***0.014***
[11/Mar/2024:15:00:29 +0530] POST /api/quiz/6445b04298494911b597e00f50465242/submit/ HTTP/1.0***1.784***
[11/Mar/2024:15:00:29 +0530] GET /api/quiz/CS007.AG/info/ HTTP/1.0***1.324***
[11/Mar/2024:15:00:29 +0530] POST /api/account/login/ HTTP/1.0***0.871***
[11/Mar/2024:15:00:29 +0530] GET /api/quiz/CS007.AG/authenticate/ HTTP/1.0***0.030***
[11/Mar/2024:15:00:29 +0530] POST /api/quiz/59ab9eb91e2848ddbeccff9ae7ee5134/submit/ HTTP/1.0***1.785***
[11/Mar/2024:15:00:29 +0530] GET /api/quiz/CS007.AG/info/ HTTP/1.0***1.230***
[11/Mar/2024:15:00:29 +0530] GET /api/quiz/CS007.AG/download/ HTTP/1.0***0.013***
[11/Mar/2024:15:00:29 +0530] POST /api/quiz/10776dbc7b9f4baab385adf0df6bb5c6/submit/ HTTP/1.0***0.825***
[11/Mar/2024:15:00:29 +0530] GET /api/quiz/CS007.AG/info/ HTTP/1.0***1.723***
[11/Mar/2024:15:00:29 +0530] GET /api/quiz/CS007.AG/authenticate/ HTTP/1.0***0.089***
[11/Mar/2024:15:00:29 +0530] GET /api/quiz/CS007.AG/info/ HTTP/1.0***1.723***
[11/Mar/2024:15:00:29 +0530] GET /api/quiz/CS007.AG/info/ HTTP/1.0***0.112***
[11/Mar/2024:15:00:29 +0530] GET /api/quiz/CS007.AG/info/ HTTP/1.0***2.673***
[11/Mar/2024:15:00:29 +0530] POST /api/quiz/9fd84d41419046ebb5530a7f748d49f1/submit/ HTTP/1.0***1.819***
[11/Mar/2024:15:00:29 +0530] GET /api/quiz/CS007.AG/info/ HTTP/1.0***2.622***
[11/Mar/2024:15:00:29 +0530] GET /api/quiz/CS007.AG/info/ HTTP/1.0***3.187***
[11/Mar/2024:15:00:29 +0530] GET /api/quiz/CS007.AG/info/ HTTP/1.0***3.174***
[11/Mar/2024:15:00:29 +0530] GET /api/quiz/CS007.AG/info/ HTTP/1.0***3.097***
[11/Mar/2024:15:00:29 +0530] GET /api/quiz/CS007.AG/info/ HTTP/1.0***0.062***
[11/Mar/2024:15:00:29 +0530] POST /api/quiz/808050495ce2494e849773ab7b048ea2/submit/ HTTP/1.0***1.791***
[11/Mar/2024:15:00:29 +0530] POST /api/quiz/57c8cb8452fd482b8391629040527c59/submit/ HTTP/1.0***0.052***
[11/Mar/2024:15:00:29 +0530] POST /api/quiz/ca59da1c09134e58b9dc161c8e53c82d/submit/ HTTP/1.0***1.725***
[11/Mar/2024:15:00:29 +0530] GET /api/quiz/CS007.AG/authenticate/ HTTP/1.0***0.117***
[11/Mar/2024:15:00:29 +0530] GET /sys_perf_check/2024-03-11_09-29-44-end/100/ HTTP/1.0***0.015***
[11/Mar/2024:15:00:29 +0530] GET /sys_perf_check/2024-03-11_09-29-44-END/0/ HTTP/1.0***0.072***
