[29/May/2024:23:27:21 +0530] GET /sys_perf_check/2024-05-29_17-57-20-START/0/ HTTP/1.0***0.013***
[29/May/2024:23:27:21 +0530] GET /sys_perf_check/2024-05-29_17-57-20-start/100/ HTTP/1.0***0.013***
[29/May/2024:23:27:22 +0530] POST /api/account/login/ HTTP/1.0***0.427***
[29/May/2024:23:27:22 +0530] POST /api/account/login/ HTTP/1.0***0.424***
[29/May/2024:23:27:23 +0530] POST /api/account/login/ HTTP/1.0***0.380***
[29/May/2024:23:27:23 +0530] POST /api/account/login/ HTTP/1.0***0.389***
[29/May/2024:23:27:24 +0530] GET /api/course/ HTTP/1.0***0.031***
[29/May/2024:23:27:24 +0530] GET /api/course/ HTTP/1.0***0.037***
[29/May/2024:23:27:24 +0530] POST /api/account/login/ HTTP/1.0***0.410***
[29/May/2024:23:27:24 +0530] POST /api/account/login/ HTTP/1.0***0.420***
[29/May/2024:23:27:25 +0530] GET /api/course/ HTTP/1.0***0.032***
[29/May/2024:23:27:25 +0530] GET /api/course/ HTTP/1.0***0.035***
[29/May/2024:23:27:25 +0530] GET /api/quiz/CS007/downloadable-quizzes/ HTTP/1.0***0.036***
[29/May/2024:23:27:25 +0530] GET /api/quiz/CS007/downloadable-quizzes/ HTTP/1.0***0.038***
[29/May/2024:23:27:25 +0530] POST /api/account/login/ HTTP/1.0***0.394***
[29/May/2024:23:27:25 +0530] POST /api/account/login/ HTTP/1.0***0.405***
[29/May/2024:23:27:26 +0530] GET /api/course/ HTTP/1.0***0.034***
[29/May/2024:23:27:26 +0530] GET /api/course/ HTTP/1.0***0.036***
[29/May/2024:23:27:26 +0530] GET /api/quiz/CS007/downloadable-quizzes/ HTTP/1.0***0.033***
[29/May/2024:23:27:26 +0530] GET /api/quiz/CS007/downloadable-quizzes/ HTTP/1.0***0.034***
[29/May/2024:23:27:26 +0530] GET /api/quiz/CS007.AG/info/ HTTP/1.0***0.103***
[29/May/2024:23:27:26 +0530] GET /api/quiz/CS007.AG/info/ HTTP/1.0***0.106***
[29/May/2024:23:27:26 +0530] POST /api/account/login/ HTTP/1.0***0.375***
[29/May/2024:23:27:26 +0530] POST /api/account/login/ HTTP/1.0***0.399***
[29/May/2024:23:27:26 +0530] GET /api/course/ HTTP/1.0***0.029***
[29/May/2024:23:27:27 +0530] GET /api/course/ HTTP/1.0***0.030***
[29/May/2024:23:27:27 +0530] GET /api/quiz/CS007/downloadable-quizzes/ HTTP/1.0***0.034***
[29/May/2024:23:27:27 +0530] GET /api/quiz/CS007/downloadable-quizzes/ HTTP/1.0***0.039***
[29/May/2024:23:27:27 +0530] GET /api/quiz/CS007.AG/info/ HTTP/1.0***0.098***
[29/May/2024:23:27:27 +0530] GET /api/quiz/CS007.AG/info/ HTTP/1.0***0.104***
[29/May/2024:23:27:27 +0530] GET /api/quiz/CS007.AG/download/ HTTP/1.0***0.024***
[29/May/2024:23:27:27 +0530] GET /api/quiz/CS007.AG/download/ HTTP/1.0***0.024***
[29/May/2024:23:27:27 +0530] GET /api/course/ HTTP/1.0***0.028***
[29/May/2024:23:27:27 +0530] GET /api/course/ HTTP/1.0***0.032***
[29/May/2024:23:27:27 +0530] POST /api/account/login/ HTTP/1.0***0.456***
[29/May/2024:23:27:27 +0530] POST /api/account/login/ HTTP/1.0***0.462***
[29/May/2024:23:27:28 +0530] GET /api/quiz/CS007/downloadable-quizzes/ HTTP/1.0***0.038***
[29/May/2024:23:27:28 +0530] GET /api/quiz/CS007/downloadable-quizzes/ HTTP/1.0***0.038***
[29/May/2024:23:27:28 +0530] GET /api/quiz/CS007.AG/download/ HTTP/1.0***0.025***
[29/May/2024:23:27:28 +0530] GET /api/quiz/CS007.AG/info/ HTTP/1.0***0.101***
[29/May/2024:23:27:28 +0530] GET /api/quiz/CS007.AG/download/ HTTP/1.0***0.025***
[29/May/2024:23:27:28 +0530] GET /api/quiz/CS007.AG/info/ HTTP/1.0***0.090***
[29/May/2024:23:27:28 +0530] GET /api/quiz/CS007.AG/authenticate/ HTTP/1.0***0.029***
[29/May/2024:23:27:28 +0530] GET /api/quiz/CS007.AG/authenticate/ HTTP/1.0***0.032***
[29/May/2024:23:27:28 +0530] GET /api/quiz/CS007/downloadable-quizzes/ HTTP/1.0***0.034***
[29/May/2024:23:27:28 +0530] POST /api/account/login/ HTTP/1.0***0.443***
[29/May/2024:23:27:28 +0530] POST /api/account/login/ HTTP/1.0***0.456***
[29/May/2024:23:27:28 +0530] GET /api/quiz/CS007/downloadable-quizzes/ HTTP/1.0***0.034***
[29/May/2024:23:27:28 +0530] GET /api/course/ HTTP/1.0***0.028***
[29/May/2024:23:27:28 +0530] GET /api/course/ HTTP/1.0***0.029***
[29/May/2024:23:27:29 +0530] GET /api/quiz/CS007.AG/info/ HTTP/1.0***0.094***
[29/May/2024:23:27:29 +0530] GET /api/quiz/CS007.AG/info/ HTTP/1.0***0.104***
[29/May/2024:23:27:29 +0530] GET /api/quiz/CS007.AG/download/ HTTP/1.0***0.024***
[29/May/2024:23:27:29 +0530] GET /api/quiz/CS007.AG/download/ HTTP/1.0***0.021***
[29/May/2024:23:27:29 +0530] GET /api/quiz/CS007.AG/authenticate/ HTTP/1.0***0.028***
[29/May/2024:23:27:29 +0530] GET /api/quiz/CS007.AG/authenticate/ HTTP/1.0***0.035***
[29/May/2024:23:27:29 +0530] GET /api/course/ HTTP/1.0***0.032***
[29/May/2024:23:27:29 +0530] GET /api/course/ HTTP/1.0***0.030***
[29/May/2024:23:27:29 +0530] POST /api/quiz/ce17bc4d737d46e9834b12be6b7f98cd/submit/ HTTP/1.0***0.455***
[29/May/2024:23:27:29 +0530] POST /api/account/login/ HTTP/1.0***0.454***
[29/May/2024:23:27:29 +0530] POST /api/account/login/ HTTP/1.0***0.459***
[29/May/2024:23:27:29 +0530] GET /api/quiz/CS007/downloadable-quizzes/ HTTP/1.0***0.037***
[29/May/2024:23:27:29 +0530] GET /api/quiz/CS007/downloadable-quizzes/ HTTP/1.0***0.036***
[29/May/2024:23:27:29 +0530] POST /api/quiz/7fbb75dc95d1463dbf1a47abdda15e0f/submit/ HTTP/1.0***0.480***
[29/May/2024:23:27:29 +0530] GET /api/quiz/CS007.AG/info/ HTTP/1.0***0.097***
[29/May/2024:23:27:30 +0530] GET /api/quiz/CS007.AG/info/ HTTP/1.0***0.086***
[29/May/2024:23:27:30 +0530] GET /api/quiz/CS007.AG/download/ HTTP/1.0***0.026***
[29/May/2024:23:27:30 +0530] GET /api/quiz/CS007.AG/download/ HTTP/1.0***0.027***
[29/May/2024:23:27:30 +0530] GET /api/quiz/CS007.AG/authenticate/ HTTP/1.0***0.031***
[29/May/2024:23:27:30 +0530] GET /api/quiz/CS007.AG/authenticate/ HTTP/1.0***0.028***
[29/May/2024:23:27:30 +0530] POST /api/quiz/7095b741d9244db9a1ab6b05deecd093/submit/ HTTP/1.0***0.239***
[29/May/2024:23:27:30 +0530] POST /api/quiz/e1ac0d7cdaf44ac59ead6f8aae4ffe27/submit/ HTTP/1.0***0.256***
[29/May/2024:23:27:30 +0530] POST /api/account/login/ HTTP/1.0***0.407***
[29/May/2024:23:27:30 +0530] GET /api/quiz/CS007/downloadable-quizzes/ HTTP/1.0***0.034***
[29/May/2024:23:27:30 +0530] POST /api/account/login/ HTTP/1.0***0.420***
[29/May/2024:23:27:30 +0530] GET /api/quiz/CS007/downloadable-quizzes/ HTTP/1.0***0.036***
[29/May/2024:23:27:31 +0530] GET /api/course/ HTTP/1.0***0.030***
[29/May/2024:23:27:31 +0530] GET /api/course/ HTTP/1.0***0.029***
[29/May/2024:23:27:31 +0530] GET /api/quiz/CS007.AG/download/ HTTP/1.0***0.022***
[29/May/2024:23:27:31 +0530] GET /api/quiz/CS007.AG/info/ HTTP/1.0***0.091***
[29/May/2024:23:27:31 +0530] GET /api/quiz/CS007.AG/info/ HTTP/1.0***0.098***
[29/May/2024:23:27:31 +0530] GET /api/quiz/CS007.AG/download/ HTTP/1.0***0.020***
[29/May/2024:23:27:31 +0530] GET /api/quiz/CS007.AG/authenticate/ HTTP/1.0***0.024***
[29/May/2024:23:27:31 +0530] GET /api/quiz/CS007.AG/authenticate/ HTTP/1.0***0.031***
[29/May/2024:23:27:31 +0530] POST /api/quiz/6de0c6d392d94860b0df703b9b187462/submit/ HTTP/1.0***0.230***
[29/May/2024:23:27:31 +0530] POST /api/quiz/5a04067cd4aa40f3a102920b43bbe608/submit/ HTTP/1.0***0.238***
[29/May/2024:23:27:31 +0530] GET /sys_perf_check/2024-05-29_17-57-20-end/100/ HTTP/1.0***0.015***
[29/May/2024:23:27:31 +0530] GET /sys_perf_check/2024-05-29_17-57-20-END/0/ HTTP/1.0***0.014***
