[07/Mar/2024:17:59:44 +0530] GET /sys_perf_check/2024-03-07_12-29-39-START/0/ HTTP/1.0***0.014***
[07/Mar/2024:17:59:44 +0530] GET /sys_perf_check/2024-03-07_12-29-39-start/100/ HTTP/1.0***0.014***
[07/Mar/2024:17:59:46 +0530] POST /api/account/login/ HTTP/1.0***0.405***
[07/Mar/2024:17:59:46 +0530] POST /api/account/login/ HTTP/1.0***0.413***
[07/Mar/2024:17:59:47 +0530] POST /api/account/login/ HTTP/1.0***0.402***
[07/Mar/2024:17:59:47 +0530] POST /api/account/login/ HTTP/1.0***0.410***
[07/Mar/2024:17:59:47 +0530] GET /api/course/ HTTP/1.0***0.029***
[07/Mar/2024:17:59:47 +0530] GET /api/course/ HTTP/1.0***0.026***
[07/Mar/2024:17:59:48 +0530] POST /api/account/login/ HTTP/1.0***0.412***
[07/Mar/2024:17:59:48 +0530] POST /api/account/login/ HTTP/1.0***0.421***
[07/Mar/2024:17:59:48 +0530] GET /api/course/ HTTP/1.0***0.033***
[07/Mar/2024:17:59:48 +0530] GET /api/course/ HTTP/1.0***0.030***
[07/Mar/2024:17:59:48 +0530] GET /api/quiz/CS007/downloadable-quizzes/ HTTP/1.0***0.088***
[07/Mar/2024:17:59:48 +0530] GET /api/quiz/CS007/downloadable-quizzes/ HTTP/1.0***0.090***
[07/Mar/2024:17:59:49 +0530] POST /api/account/login/ HTTP/1.0***0.412***
[07/Mar/2024:17:59:49 +0530] POST /api/account/login/ HTTP/1.0***0.419***
[07/Mar/2024:17:59:49 +0530] GET /api/course/ HTTP/1.0***0.031***
[07/Mar/2024:17:59:49 +0530] GET /api/course/ HTTP/1.0***0.034***
[07/Mar/2024:17:59:49 +0530] GET /api/quiz/CS007/downloadable-quizzes/ HTTP/1.0***0.094***
[07/Mar/2024:17:59:49 +0530] GET /api/quiz/CS007/downloadable-quizzes/ HTTP/1.0***0.099***
[07/Mar/2024:17:59:50 +0530] GET /api/course/ HTTP/1.0***0.030***
[07/Mar/2024:17:59:50 +0530] GET /api/course/ HTTP/1.0***0.030***
[07/Mar/2024:17:59:50 +0530] POST /api/account/login/ HTTP/1.0***0.434***
[07/Mar/2024:17:59:50 +0530] POST /api/account/login/ HTTP/1.0***0.443***
[07/Mar/2024:17:59:50 +0530] GET /api/quiz/CS007.FX/info/ HTTP/1.0***0.945***
[07/Mar/2024:17:59:50 +0530] GET /api/quiz/CS007.FX/info/ HTTP/1.0***0.953***
[07/Mar/2024:17:59:50 +0530] GET /api/quiz/CS007/downloadable-quizzes/ HTTP/1.0***0.130***
[07/Mar/2024:17:59:50 +0530] GET /api/quiz/CS007/downloadable-quizzes/ HTTP/1.0***0.147***
[07/Mar/2024:17:59:51 +0530] POST /api/account/login/ HTTP/1.0***0.389***
[07/Mar/2024:17:59:51 +0530] POST /api/account/login/ HTTP/1.0***0.394***
[07/Mar/2024:17:59:51 +0530] GET /api/quiz/CS007/downloadable-quizzes/ HTTP/1.0***0.099***
[07/Mar/2024:17:59:51 +0530] GET /api/course/ HTTP/1.0***0.028***
[07/Mar/2024:17:59:51 +0530] GET /api/course/ HTTP/1.0***0.030***
[07/Mar/2024:17:59:51 +0530] GET /api/quiz/CS007.FX/info/ HTTP/1.0***0.984***
[07/Mar/2024:17:59:51 +0530] GET /api/quiz/CS007.FX/info/ HTTP/1.0***1.023***
[07/Mar/2024:17:59:51 +0530] GET /api/quiz/CS007.FX/download/ HTTP/1.0***0.023***
[07/Mar/2024:17:59:51 +0530] GET /api/quiz/CS007.FX/download/ HTTP/1.0***0.023***
[07/Mar/2024:17:59:51 +0530] GET /api/quiz/CS007/downloadable-quizzes/ HTTP/1.0***0.074***
[07/Mar/2024:17:59:52 +0530] POST /api/account/login/ HTTP/1.0***0.400***
[07/Mar/2024:17:59:52 +0530] POST /api/account/login/ HTTP/1.0***0.407***
[07/Mar/2024:17:59:52 +0530] GET /api/course/ HTTP/1.0***0.031***
[07/Mar/2024:17:59:52 +0530] GET /api/course/ HTTP/1.0***0.031***
[07/Mar/2024:17:59:52 +0530] GET /api/quiz/CS007/downloadable-quizzes/ HTTP/1.0***0.083***
[07/Mar/2024:17:59:52 +0530] GET /api/quiz/CS007/downloadable-quizzes/ HTTP/1.0***0.093***
[07/Mar/2024:17:59:52 +0530] GET /api/quiz/CS007.FX/download/ HTTP/1.0***0.020***
[07/Mar/2024:17:59:52 +0530] GET /api/quiz/CS007.FX/download/ HTTP/1.0***0.022***
[07/Mar/2024:17:59:52 +0530] GET /api/quiz/CS007.FX/info/ HTTP/1.0***0.981***
[07/Mar/2024:17:59:52 +0530] GET /api/quiz/CS007.FX/authenticate/ HTTP/1.0***0.132***
[07/Mar/2024:17:59:52 +0530] GET /api/quiz/CS007.FX/authenticate/ HTTP/1.0***0.139***
[07/Mar/2024:17:59:52 +0530] GET /api/quiz/CS007.FX/info/ HTTP/1.0***1.091***
[07/Mar/2024:17:59:53 +0530] POST /api/account/login/ HTTP/1.0***0.402***
[07/Mar/2024:17:59:53 +0530] POST /api/account/login/ HTTP/1.0***0.442***
[07/Mar/2024:17:59:53 +0530] GET /api/quiz/CS007.FX/info/ HTTP/1.0***0.971***
[07/Mar/2024:17:59:53 +0530] GET /api/course/ HTTP/1.0***0.027***
[07/Mar/2024:17:59:53 +0530] GET /api/course/ HTTP/1.0***0.028***
[07/Mar/2024:17:59:53 +0530] GET /api/quiz/CS007/downloadable-quizzes/ HTTP/1.0***0.094***
[07/Mar/2024:17:59:53 +0530] GET /api/quiz/CS007/downloadable-quizzes/ HTTP/1.0***0.095***
[07/Mar/2024:17:59:53 +0530] GET /api/quiz/CS007.FX/info/ HTTP/1.0***1.020***
[07/Mar/2024:17:59:53 +0530] GET /api/quiz/CS007.FX/download/ HTTP/1.0***0.021***
[07/Mar/2024:17:59:53 +0530] GET /api/quiz/CS007.FX/authenticate/ HTTP/1.0***0.107***
[07/Mar/2024:17:59:53 +0530] GET /api/quiz/CS007.FX/authenticate/ HTTP/1.0***0.109***
[07/Mar/2024:17:59:53 +0530] GET /api/quiz/CS007.FX/download/ HTTP/1.0***0.023***
[07/Mar/2024:17:59:54 +0530] GET /api/course/ HTTP/1.0***0.031***
[07/Mar/2024:17:59:54 +0530] GET /api/course/ HTTP/1.0***0.030***
[07/Mar/2024:17:59:54 +0530] GET /api/quiz/CS007.FX/download/ HTTP/1.0***0.023***
[07/Mar/2024:17:59:54 +0530] POST /api/account/login/ HTTP/1.0***0.412***
[07/Mar/2024:17:59:54 +0530] POST /api/account/login/ HTTP/1.0***0.431***
[07/Mar/2024:17:59:54 +0530] GET /api/quiz/CS007/downloadable-quizzes/ HTTP/1.0***0.084***
[07/Mar/2024:17:59:54 +0530] GET /api/quiz/CS007/downloadable-quizzes/ HTTP/1.0***0.081***
[07/Mar/2024:17:59:54 +0530] GET /api/quiz/CS007.FX/info/ HTTP/1.0***1.021***
[07/Mar/2024:17:59:54 +0530] POST /api/quiz/1327124dc2d742dbb2e46d02560bbc48/submit/ HTTP/1.0***0.878***
[07/Mar/2024:17:59:54 +0530] POST /api/quiz/8a863433cb914e4e8695923481810223/submit/ HTTP/1.0***0.773***
[07/Mar/2024:17:59:54 +0530] GET /api/quiz/CS007.FX/download/ HTTP/1.0***0.020***
[07/Mar/2024:17:59:54 +0530] GET /api/quiz/CS007.FX/authenticate/ HTTP/1.0***0.058***
[07/Mar/2024:17:59:54 +0530] GET /api/quiz/CS007.FX/info/ HTTP/1.0***1.240***
[07/Mar/2024:17:59:54 +0530] GET /api/quiz/CS007.FX/authenticate/ HTTP/1.0***0.105***
[07/Mar/2024:17:59:55 +0530] POST /api/account/login/ HTTP/1.0***0.397***
[07/Mar/2024:17:59:55 +0530] POST /api/account/login/ HTTP/1.0***0.449***
[07/Mar/2024:17:59:55 +0530] GET /api/quiz/CS007/downloadable-quizzes/ HTTP/1.0***0.089***
[07/Mar/2024:17:59:55 +0530] GET /api/course/ HTTP/1.0***0.033***
[07/Mar/2024:17:59:55 +0530] GET /api/course/ HTTP/1.0***0.029***
[07/Mar/2024:17:59:55 +0530] GET /api/quiz/CS007.FX/authenticate/ HTTP/1.0***0.100***
[07/Mar/2024:17:59:55 +0530] GET /api/quiz/CS007/downloadable-quizzes/ HTTP/1.0***0.124***
[07/Mar/2024:17:59:55 +0530] POST /api/quiz/6776bd360cd64a06a0a674190254b251/submit/ HTTP/1.0***0.859***
[07/Mar/2024:17:59:55 +0530] GET /api/quiz/CS007.FX/download/ HTTP/1.0***0.022***
[07/Mar/2024:17:59:55 +0530] POST /api/quiz/e4d58ca255aa41d8afacf65abd0b9921/submit/ HTTP/1.0***0.940***
[07/Mar/2024:17:59:55 +0530] GET /api/quiz/CS007.FX/info/ HTTP/1.0***1.134***
[07/Mar/2024:17:59:55 +0530] GET /api/quiz/CS007.FX/info/ HTTP/1.0***1.150***
[07/Mar/2024:17:59:55 +0530] GET /api/quiz/CS007.FX/authenticate/ HTTP/1.0***0.097***
[07/Mar/2024:17:59:55 +0530] GET /api/quiz/CS007.FX/download/ HTTP/1.0***0.023***
[07/Mar/2024:17:59:56 +0530] POST /api/account/login/ HTTP/1.0***0.357***
[07/Mar/2024:17:59:56 +0530] GET /api/course/ HTTP/1.0***0.025***
[07/Mar/2024:17:59:56 +0530] POST /api/account/login/ HTTP/1.0***0.396***
[07/Mar/2024:17:59:56 +0530] POST /api/account/login/ HTTP/1.0***0.396***
[07/Mar/2024:17:59:56 +0530] POST /api/account/login/ HTTP/1.0***0.403***
[07/Mar/2024:17:59:56 +0530] GET /api/course/ HTTP/1.0***0.031***
[07/Mar/2024:17:59:56 +0530] GET /api/quiz/CS007/downloadable-quizzes/ HTTP/1.0***0.086***
[07/Mar/2024:17:59:56 +0530] GET /api/quiz/CS007/downloadable-quizzes/ HTTP/1.0***0.093***
[07/Mar/2024:17:59:56 +0530] GET /api/quiz/CS007.FX/info/ HTTP/1.0***1.000***
[07/Mar/2024:17:59:56 +0530] POST /api/quiz/d49cf09d8bf24df9bbda1486b6e693dc/submit/ HTTP/1.0***0.938***
[07/Mar/2024:17:59:56 +0530] GET /api/quiz/CS007.FX/download/ HTTP/1.0***0.022***
[07/Mar/2024:17:59:56 +0530] GET /api/quiz/CS007.FX/download/ HTTP/1.0***0.021***
[07/Mar/2024:17:59:56 +0530] GET /api/quiz/CS007.FX/authenticate/ HTTP/1.0***0.094***
[07/Mar/2024:17:59:56 +0530] GET /api/quiz/CS007.FX/info/ HTTP/1.0***1.192***
[07/Mar/2024:17:59:56 +0530] POST /api/quiz/33e3f48e64694c688ebd51b25fcb34eb/submit/ HTTP/1.0***0.929***
[07/Mar/2024:17:59:56 +0530] GET /api/quiz/CS007.FX/authenticate/ HTTP/1.0***0.084***
[07/Mar/2024:17:59:57 +0530] GET /api/course/ HTTP/1.0***0.031***
[07/Mar/2024:17:59:57 +0530] GET /api/course/ HTTP/1.0***0.065***
[07/Mar/2024:17:59:57 +0530] GET /api/course/ HTTP/1.0***0.064***
[07/Mar/2024:17:59:57 +0530] GET /api/course/ HTTP/1.0***0.059***
[07/Mar/2024:17:59:57 +0530] GET /api/quiz/CS007.FX/info/ HTTP/1.0***1.142***
[07/Mar/2024:17:59:57 +0530] GET /api/quiz/CS007.FX/info/ HTTP/1.0***1.072***
[07/Mar/2024:17:59:57 +0530] POST /api/account/login/ HTTP/1.0***0.489***
[07/Mar/2024:17:59:57 +0530] POST /api/account/login/ HTTP/1.0***0.492***
[07/Mar/2024:17:59:57 +0530] POST /api/account/login/ HTTP/1.0***0.490***
[07/Mar/2024:17:59:57 +0530] POST /api/account/login/ HTTP/1.0***0.501***
[07/Mar/2024:17:59:57 +0530] GET /api/quiz/CS007/downloadable-quizzes/ HTTP/1.0***0.172***
[07/Mar/2024:17:59:57 +0530] GET /api/quiz/CS007/downloadable-quizzes/ HTTP/1.0***0.140***
[07/Mar/2024:17:59:57 +0530] POST /api/quiz/61ef85a8686543b38e5f2c2a00005072/submit/ HTTP/1.0***1.145***
[07/Mar/2024:17:59:57 +0530] POST /api/quiz/f2d93e3895c4442bbe16728b12d38c8a/submit/ HTTP/1.0***0.933***
[07/Mar/2024:17:59:58 +0530] GET /api/quiz/CS007.FX/info/ HTTP/1.0***0.937***
[07/Mar/2024:17:59:58 +0530] GET /api/quiz/CS007.FX/info/ HTTP/1.0***0.978***
[07/Mar/2024:17:59:58 +0530] GET /api/quiz/CS007.FX/download/ HTTP/1.0***0.025***
[07/Mar/2024:17:59:58 +0530] GET /api/quiz/CS007.FX/download/ HTTP/1.0***0.027***
[07/Mar/2024:17:59:58 +0530] GET /api/course/ HTTP/1.0***0.031***
[07/Mar/2024:17:59:58 +0530] GET /api/quiz/CS007.FX/download/ HTTP/1.0***0.024***
[07/Mar/2024:17:59:58 +0530] GET /api/course/ HTTP/1.0***0.033***
[07/Mar/2024:17:59:58 +0530] GET /api/course/ HTTP/1.0***0.033***
[07/Mar/2024:17:59:58 +0530] GET /api/quiz/CS007.FX/download/ HTTP/1.0***0.026***
[07/Mar/2024:17:59:58 +0530] GET /api/course/ HTTP/1.0***0.034***
[07/Mar/2024:17:59:58 +0530] GET /api/quiz/CS007.FX/authenticate/ HTTP/1.0***0.161***
[07/Mar/2024:17:59:58 +0530] GET /api/quiz/CS007.FX/authenticate/ HTTP/1.0***0.169***
[07/Mar/2024:17:59:58 +0530] GET /api/quiz/CS007/downloadable-quizzes/ HTTP/1.0***0.178***
[07/Mar/2024:17:59:58 +0530] GET /api/quiz/CS007/downloadable-quizzes/ HTTP/1.0***0.181***
[07/Mar/2024:17:59:58 +0530] GET /api/quiz/CS007/downloadable-quizzes/ HTTP/1.0***0.182***
[07/Mar/2024:17:59:58 +0530] GET /api/quiz/CS007/downloadable-quizzes/ HTTP/1.0***0.184***
[07/Mar/2024:17:59:59 +0530] POST /api/account/login/ HTTP/1.0***0.387***
[07/Mar/2024:17:59:59 +0530] POST /api/account/login/ HTTP/1.0***0.483***
[07/Mar/2024:17:59:59 +0530] POST /api/account/login/ HTTP/1.0***0.468***
[07/Mar/2024:17:59:59 +0530] POST /api/account/login/ HTTP/1.0***0.444***
[07/Mar/2024:17:59:59 +0530] POST /api/account/login/ HTTP/1.0***0.445***
[07/Mar/2024:17:59:59 +0530] POST /api/account/login/ HTTP/1.0***0.445***
[07/Mar/2024:17:59:59 +0530] POST /api/account/login/ HTTP/1.0***0.444***
[07/Mar/2024:17:59:59 +0530] GET /api/quiz/CS007.FX/download/ HTTP/1.0***0.021***
[07/Mar/2024:17:59:59 +0530] GET /api/quiz/CS007.FX/download/ HTTP/1.0***0.021***
[07/Mar/2024:17:59:59 +0530] POST /api/quiz/ecbde3c8576641daa4c821af4f39b0c3/submit/ HTTP/1.0***0.970***
[07/Mar/2024:17:59:59 +0530] GET /api/quiz/CS007.FX/info/ HTTP/1.0***1.064***
[07/Mar/2024:17:59:59 +0530] GET /api/quiz/CS007.FX/info/ HTTP/1.0***1.238***
[07/Mar/2024:17:59:59 +0530] GET /api/quiz/CS007/downloadable-quizzes/ HTTP/1.0***0.087***
[07/Mar/2024:17:59:59 +0530] GET /api/quiz/CS007.FX/authenticate/ HTTP/1.0***0.125***
[07/Mar/2024:17:59:59 +0530] GET /api/quiz/CS007.FX/authenticate/ HTTP/1.0***0.121***
[07/Mar/2024:17:59:59 +0530] GET /api/quiz/CS007.FX/authenticate/ HTTP/1.0***0.128***
[07/Mar/2024:17:59:59 +0530] GET /api/quiz/CS007/downloadable-quizzes/ HTTP/1.0***0.149***
[07/Mar/2024:17:59:59 +0530] GET /api/quiz/CS007/downloadable-quizzes/ HTTP/1.0***0.139***
[07/Mar/2024:17:59:59 +0530] GET /api/quiz/CS007.FX/authenticate/ HTTP/1.0***0.224***
[07/Mar/2024:18:00:00 +0530] POST /api/account/login/ HTTP/1.0***0.417***
[07/Mar/2024:18:00:00 +0530] POST /api/account/login/ HTTP/1.0***0.446***
[07/Mar/2024:18:00:00 +0530] POST /api/account/login/ HTTP/1.0***0.518***
[07/Mar/2024:18:00:00 +0530] GET /api/course/ HTTP/1.0***0.027***
[07/Mar/2024:18:00:00 +0530] GET /api/course/ HTTP/1.0***0.029***
[07/Mar/2024:18:00:00 +0530] GET /api/course/ HTTP/1.0***0.028***
[07/Mar/2024:18:00:00 +0530] GET /api/course/ HTTP/1.0***0.029***
[07/Mar/2024:18:00:00 +0530] GET /api/course/ HTTP/1.0***0.031***
[07/Mar/2024:18:00:00 +0530] GET /api/course/ HTTP/1.0***0.031***
[07/Mar/2024:18:00:00 +0530] GET /api/course/ HTTP/1.0***0.032***
[07/Mar/2024:18:00:00 +0530] GET /api/quiz/CS007/downloadable-quizzes/ HTTP/1.0***0.089***
[07/Mar/2024:18:00:00 +0530] GET /api/quiz/CS007.FX/authenticate/ HTTP/1.0***0.071***
[07/Mar/2024:18:00:00 +0530] GET /api/quiz/CS007.FX/authenticate/ HTTP/1.0***0.098***
[07/Mar/2024:18:00:00 +0530] POST /api/quiz/7e31edf14c124784890827b819701577/submit/ HTTP/1.0***0.987***
[07/Mar/2024:18:00:00 +0530] GET /api/quiz/CS007.FX/download/ HTTP/1.0***0.021***
[07/Mar/2024:18:00:00 +0530] POST /api/quiz/0452ddb295b04d8f8b5338676dd34d87/submit/ HTTP/1.0***0.956***
[07/Mar/2024:18:00:00 +0530] POST /api/quiz/cb07c9dc38ca43f2a38312f4a046aaa8/submit/ HTTP/1.0***1.029***
[07/Mar/2024:18:00:00 +0530] GET /api/quiz/CS007.FX/info/ HTTP/1.0***1.109***
[07/Mar/2024:18:00:00 +0530] GET /api/quiz/CS007.FX/info/ HTTP/1.0***1.117***
[07/Mar/2024:18:00:00 +0530] GET /api/quiz/CS007.FX/download/ HTTP/1.0***0.023***
[07/Mar/2024:18:00:00 +0530] GET /api/quiz/CS007.FX/info/ HTTP/1.0***1.250***
[07/Mar/2024:18:00:00 +0530] GET /api/quiz/CS007.FX/info/ HTTP/1.0***1.285***
[07/Mar/2024:18:00:01 +0530] POST /api/account/login/ HTTP/1.0***0.411***
[07/Mar/2024:18:00:01 +0530] POST /api/account/login/ HTTP/1.0***0.412***
[07/Mar/2024:18:00:01 +0530] GET /api/course/ HTTP/1.0***0.027***
[07/Mar/2024:18:00:01 +0530] GET /api/course/ HTTP/1.0***0.027***
[07/Mar/2024:18:00:01 +0530] GET /api/course/ HTTP/1.0***0.028***
[07/Mar/2024:18:00:01 +0530] GET /api/quiz/CS007/downloadable-quizzes/ HTTP/1.0***0.146***
[07/Mar/2024:18:00:01 +0530] GET /api/quiz/CS007/downloadable-quizzes/ HTTP/1.0***0.147***
[07/Mar/2024:18:00:01 +0530] GET /api/quiz/CS007/downloadable-quizzes/ HTTP/1.0***0.148***
[07/Mar/2024:18:00:01 +0530] GET /api/quiz/CS007/downloadable-quizzes/ HTTP/1.0***0.149***
[07/Mar/2024:18:00:01 +0530] GET /api/quiz/CS007/downloadable-quizzes/ HTTP/1.0***0.152***
[07/Mar/2024:18:00:01 +0530] GET /api/quiz/CS007/downloadable-quizzes/ HTTP/1.0***0.153***
[07/Mar/2024:18:00:01 +0530] GET /api/quiz/CS007/downloadable-quizzes/ HTTP/1.0***0.154***
[07/Mar/2024:18:00:01 +0530] GET /api/quiz/CS007.FX/authenticate/ HTTP/1.0***0.065***
[07/Mar/2024:18:00:01 +0530] GET /api/quiz/CS007.FX/info/ HTTP/1.0***0.991***
[07/Mar/2024:18:00:01 +0530] POST /api/quiz/2997a52f667d41f19e833224c9df4ec3/submit/ HTTP/1.0***0.971***
[07/Mar/2024:18:00:01 +0530] POST /api/quiz/dcdea6e9c938482693cd9736b404a855/submit/ HTTP/1.0***0.989***
[07/Mar/2024:18:00:01 +0530] POST /api/quiz/6c76f1795d7048cbbb7ca87a5f8b1c9c/submit/ HTTP/1.0***1.002***
[07/Mar/2024:18:00:01 +0530] POST /api/quiz/7b1507650d634e32803472836a23c85b/submit/ HTTP/1.0***0.995***
[07/Mar/2024:18:00:01 +0530] GET /api/quiz/CS007.FX/download/ HTTP/1.0***0.022***
[07/Mar/2024:18:00:01 +0530] GET /api/quiz/CS007.FX/download/ HTTP/1.0***0.020***
[07/Mar/2024:18:00:01 +0530] GET /api/quiz/CS007.FX/download/ HTTP/1.0***0.021***
[07/Mar/2024:18:00:01 +0530] GET /api/quiz/CS007.FX/info/ HTTP/1.0***1.014***
[07/Mar/2024:18:00:02 +0530] GET /api/quiz/CS007.FX/download/ HTTP/1.0***0.019***
[07/Mar/2024:18:00:02 +0530] GET /api/quiz/CS007.FX/authenticate/ HTTP/1.0***0.059***
[07/Mar/2024:18:00:02 +0530] POST /api/account/login/ HTTP/1.0***0.435***
[07/Mar/2024:18:00:02 +0530] GET /api/quiz/CS007.FX/info/ HTTP/1.0***1.191***
[07/Mar/2024:18:00:02 +0530] POST /api/account/login/ HTTP/1.0***0.512***
[07/Mar/2024:18:00:02 +0530] POST /api/account/login/ HTTP/1.0***0.548***
[07/Mar/2024:18:00:02 +0530] GET /api/course/ HTTP/1.0***0.026***
[07/Mar/2024:18:00:02 +0530] GET /api/course/ HTTP/1.0***0.028***
[07/Mar/2024:18:00:02 +0530] GET /api/quiz/CS007.FX/info/ HTTP/1.0***1.127***
[07/Mar/2024:18:00:02 +0530] GET /api/quiz/CS007/downloadable-quizzes/ HTTP/1.0***0.191***
[07/Mar/2024:18:00:02 +0530] GET /api/quiz/CS007/downloadable-quizzes/ HTTP/1.0***0.192***
[07/Mar/2024:18:00:02 +0530] GET /api/quiz/CS007/downloadable-quizzes/ HTTP/1.0***0.203***
[07/Mar/2024:18:00:02 +0530] POST /api/quiz/76afae9ef39d460094347fec997a0707/submit/ HTTP/1.0***0.990***
[07/Mar/2024:18:00:02 +0530] POST /api/quiz/81a3612f3808460db177d98fc35ba6e7/submit/ HTTP/1.0***0.999***
[07/Mar/2024:18:00:03 +0530] GET /api/quiz/CS007.FX/download/ HTTP/1.0***0.020***
[07/Mar/2024:18:00:03 +0530] GET /api/quiz/CS007.FX/download/ HTTP/1.0***0.022***
[07/Mar/2024:18:00:03 +0530] GET /api/quiz/CS007.FX/authenticate/ HTTP/1.0***0.066***
[07/Mar/2024:18:00:03 +0530] GET /api/quiz/CS007.FX/authenticate/ HTTP/1.0***0.066***
[07/Mar/2024:18:00:03 +0530] GET /api/quiz/CS007.FX/authenticate/ HTTP/1.0***0.071***
[07/Mar/2024:18:00:03 +0530] GET /api/quiz/CS007.FX/authenticate/ HTTP/1.0***0.068***
[07/Mar/2024:18:00:03 +0530] GET /api/course/ HTTP/1.0***0.027***
[07/Mar/2024:18:00:03 +0530] POST /api/account/login/ HTTP/1.0***0.502***
[07/Mar/2024:18:00:03 +0530] POST /api/account/login/ HTTP/1.0***0.537***
[07/Mar/2024:18:00:03 +0530] POST /api/account/login/ HTTP/1.0***0.580***
[07/Mar/2024:18:00:03 +0530] GET /api/quiz/CS007.FX/download/ HTTP/1.0***0.023***
[07/Mar/2024:18:00:03 +0530] GET /api/course/ HTTP/1.0***0.027***
[07/Mar/2024:18:00:03 +0530] GET /api/course/ HTTP/1.0***0.028***
[07/Mar/2024:18:00:03 +0530] POST /api/account/login/ HTTP/1.0***0.677***
[07/Mar/2024:18:00:03 +0530] POST /api/account/login/ HTTP/1.0***0.699***
[07/Mar/2024:18:00:03 +0530] GET /api/quiz/CS007.FX/download/ HTTP/1.0***0.021***
[07/Mar/2024:18:00:03 +0530] GET /api/quiz/CS007/downloadable-quizzes/ HTTP/1.0***0.245***
[07/Mar/2024:18:00:03 +0530] GET /api/quiz/CS007/downloadable-quizzes/ HTTP/1.0***0.254***
[07/Mar/2024:18:00:03 +0530] POST /api/quiz/1e34eb90ed224585863fe8e9cc5fb811/submit/ HTTP/1.0***0.995***
[07/Mar/2024:18:00:03 +0530] GET /api/quiz/CS007.FX/info/ HTTP/1.0***1.122***
[07/Mar/2024:18:00:03 +0530] GET /api/quiz/CS007.FX/info/ HTTP/1.0***1.124***
[07/Mar/2024:18:00:03 +0530] GET /api/quiz/CS007.FX/info/ HTTP/1.0***1.123***
[07/Mar/2024:18:00:03 +0530] GET /api/quiz/CS007.FX/info/ HTTP/1.0***1.131***
[07/Mar/2024:18:00:03 +0530] GET /api/quiz/CS007.FX/info/ HTTP/1.0***1.131***
[07/Mar/2024:18:00:03 +0530] GET /api/quiz/CS007.FX/info/ HTTP/1.0***1.143***
[07/Mar/2024:18:00:03 +0530] GET /api/quiz/CS007.FX/info/ HTTP/1.0***1.306***
[07/Mar/2024:18:00:04 +0530] POST /api/quiz/df36695f90f045f19cc4e6ed652c049b/submit/ HTTP/1.0***1.004***
[07/Mar/2024:18:00:04 +0530] GET /api/quiz/CS007.FX/authenticate/ HTTP/1.0***0.086***
[07/Mar/2024:18:00:04 +0530] GET /api/quiz/CS007.FX/authenticate/ HTTP/1.0***0.095***
[07/Mar/2024:18:00:04 +0530] POST /api/account/login/ HTTP/1.0***0.412***
[07/Mar/2024:18:00:04 +0530] POST /api/account/login/ HTTP/1.0***0.421***
[07/Mar/2024:18:00:04 +0530] POST /api/account/login/ HTTP/1.0***0.431***
[07/Mar/2024:18:00:04 +0530] POST /api/account/login/ HTTP/1.0***0.448***
[07/Mar/2024:18:00:04 +0530] GET /api/quiz/CS007/downloadable-quizzes/ HTTP/1.0***0.150***
[07/Mar/2024:18:00:04 +0530] POST /api/account/login/ HTTP/1.0***0.472***
[07/Mar/2024:18:00:04 +0530] POST /api/account/login/ HTTP/1.0***0.505***
[07/Mar/2024:18:00:04 +0530] GET /api/course/ HTTP/1.0***0.025***
[07/Mar/2024:18:00:04 +0530] GET /api/course/ HTTP/1.0***0.031***
[07/Mar/2024:18:00:04 +0530] GET /api/course/ HTTP/1.0***0.030***
[07/Mar/2024:18:00:04 +0530] GET /api/quiz/CS007.FX/authenticate/ HTTP/1.0***0.065***
[07/Mar/2024:18:00:04 +0530] GET /api/course/ HTTP/1.0***0.031***
[07/Mar/2024:18:00:04 +0530] GET /api/course/ HTTP/1.0***0.030***
[07/Mar/2024:18:00:04 +0530] GET /api/quiz/CS007/downloadable-quizzes/ HTTP/1.0***0.154***
[07/Mar/2024:18:00:04 +0530] GET /api/quiz/CS007/downloadable-quizzes/ HTTP/1.0***0.154***
[07/Mar/2024:18:00:04 +0530] GET /api/quiz/CS007.FX/authenticate/ HTTP/1.0***0.094***
[07/Mar/2024:18:00:04 +0530] GET /api/quiz/CS007.FX/info/ HTTP/1.0***1.106***
[07/Mar/2024:18:00:04 +0530] GET /api/quiz/CS007.FX/info/ HTTP/1.0***1.105***
[07/Mar/2024:18:00:04 +0530] GET /api/quiz/CS007.FX/info/ HTTP/1.0***0.985***
[07/Mar/2024:18:00:05 +0530] GET /api/quiz/CS007.FX/download/ HTTP/1.0***0.021***
[07/Mar/2024:18:00:05 +0530] GET /api/quiz/CS007.FX/download/ HTTP/1.0***0.022***
[07/Mar/2024:18:00:05 +0530] GET /api/quiz/CS007.FX/download/ HTTP/1.0***0.022***
[07/Mar/2024:18:00:05 +0530] GET /api/quiz/CS007.FX/download/ HTTP/1.0***0.022***
[07/Mar/2024:18:00:05 +0530] GET /api/quiz/CS007.FX/download/ HTTP/1.0***0.022***
[07/Mar/2024:18:00:05 +0530] GET /api/quiz/CS007.FX/download/ HTTP/1.0***0.023***
[07/Mar/2024:18:00:05 +0530] GET /api/quiz/CS007.FX/download/ HTTP/1.0***0.021***
[07/Mar/2024:18:00:05 +0530] POST /api/quiz/2f4b76b6ee6d4934bd365ff7009eab37/submit/ HTTP/1.0***0.953***
[07/Mar/2024:18:00:05 +0530] POST /api/quiz/120556f1b4b84371a25d9bf336402efc/submit/ HTTP/1.0***0.974***
[07/Mar/2024:18:00:05 +0530] POST /api/quiz/dc9fa86b58e14c34a75667eadb487ed7/submit/ HTTP/1.0***0.985***
[07/Mar/2024:18:00:05 +0530] POST /api/quiz/0b22dd0f92864fedbeee8dbbb65abf9a/submit/ HTTP/1.0***1.011***
[07/Mar/2024:18:00:05 +0530] POST /api/account/login/ HTTP/1.0***0.424***
[07/Mar/2024:18:00:05 +0530] POST /api/account/login/ HTTP/1.0***0.431***
[07/Mar/2024:18:00:05 +0530] POST /api/account/login/ HTTP/1.0***0.439***
[07/Mar/2024:18:00:05 +0530] POST /api/account/login/ HTTP/1.0***0.448***
[07/Mar/2024:18:00:05 +0530] GET /api/course/ HTTP/1.0***0.031***
[07/Mar/2024:18:00:05 +0530] GET /api/course/ HTTP/1.0***0.028***
[07/Mar/2024:18:00:05 +0530] GET /api/course/ HTTP/1.0***0.026***
[07/Mar/2024:18:00:05 +0530] GET /api/course/ HTTP/1.0***0.027***
[07/Mar/2024:18:00:05 +0530] GET /api/course/ HTTP/1.0***0.030***
[07/Mar/2024:18:00:05 +0530] GET /api/course/ HTTP/1.0***0.033***
[07/Mar/2024:18:00:05 +0530] GET /api/quiz/CS007/downloadable-quizzes/ HTTP/1.0***0.155***
[07/Mar/2024:18:00:05 +0530] GET /api/quiz/CS007/downloadable-quizzes/ HTTP/1.0***0.156***
[07/Mar/2024:18:00:05 +0530] GET /api/quiz/CS007/downloadable-quizzes/ HTTP/1.0***0.152***
[07/Mar/2024:18:00:05 +0530] GET /api/quiz/CS007/downloadable-quizzes/ HTTP/1.0***0.160***
[07/Mar/2024:18:00:05 +0530] GET /api/quiz/CS007.FX/download/ HTTP/1.0***0.018***
[07/Mar/2024:18:00:05 +0530] GET /api/quiz/CS007.FX/download/ HTTP/1.0***0.023***
[07/Mar/2024:18:00:05 +0530] GET /api/quiz/CS007.FX/info/ HTTP/1.0***1.039***
[07/Mar/2024:18:00:05 +0530] GET /api/quiz/CS007.FX/download/ HTTP/1.0***0.018***
[07/Mar/2024:18:00:05 +0530] GET /api/quiz/CS007/downloadable-quizzes/ HTTP/1.0***0.153***
[07/Mar/2024:18:00:06 +0530] GET /api/quiz/CS007.FX/info/ HTTP/1.0***1.271***
[07/Mar/2024:18:00:06 +0530] GET /api/quiz/CS007.FX/authenticate/ HTTP/1.0***0.066***
[07/Mar/2024:18:00:06 +0530] GET /api/quiz/CS007.FX/authenticate/ HTTP/1.0***0.066***
[07/Mar/2024:18:00:06 +0530] GET /api/quiz/CS007.FX/authenticate/ HTTP/1.0***0.065***
[07/Mar/2024:18:00:06 +0530] GET /api/quiz/CS007.FX/authenticate/ HTTP/1.0***0.069***
[07/Mar/2024:18:00:06 +0530] GET /api/quiz/CS007.FX/authenticate/ HTTP/1.0***0.066***
[07/Mar/2024:18:00:06 +0530] GET /api/quiz/CS007.FX/authenticate/ HTTP/1.0***0.071***
[07/Mar/2024:18:00:06 +0530] POST /api/quiz/cb9e82a0db3d420a989088dbd23f7f5e/submit/ HTTP/1.0***0.975***
[07/Mar/2024:18:00:06 +0530] GET /api/quiz/CS007.FX/authenticate/ HTTP/1.0***0.061***
[07/Mar/2024:18:00:06 +0530] POST /api/quiz/a508b71edfcd4406970c73d0ba9bdfab/submit/ HTTP/1.0***0.986***
[07/Mar/2024:18:00:06 +0530] GET /api/course/ HTTP/1.0***0.031***
[07/Mar/2024:18:00:06 +0530] GET /api/course/ HTTP/1.0***0.031***
[07/Mar/2024:18:00:06 +0530] GET /api/course/ HTTP/1.0***0.026***
[07/Mar/2024:18:00:06 +0530] POST /api/account/login/ HTTP/1.0***0.455***
[07/Mar/2024:18:00:06 +0530] POST /api/account/login/ HTTP/1.0***0.478***
[07/Mar/2024:18:00:06 +0530] POST /api/account/login/ HTTP/1.0***0.563***
[07/Mar/2024:18:00:06 +0530] POST /api/account/login/ HTTP/1.0***0.589***
[07/Mar/2024:18:00:06 +0530] GET /api/quiz/CS007.FX/info/ HTTP/1.0***1.032***
[07/Mar/2024:18:00:06 +0530] GET /api/course/ HTTP/1.0***0.029***
[07/Mar/2024:18:00:06 +0530] POST /api/quiz/3dbc40dfc7da403297ba273637b76f91/submit/ HTTP/1.0***0.985***
[07/Mar/2024:18:00:06 +0530] GET /api/quiz/CS007/downloadable-quizzes/ HTTP/1.0***0.155***
[07/Mar/2024:18:00:06 +0530] GET /api/quiz/CS007/downloadable-quizzes/ HTTP/1.0***0.147***
[07/Mar/2024:18:00:06 +0530] GET /api/quiz/CS007/downloadable-quizzes/ HTTP/1.0***0.148***
[07/Mar/2024:18:00:06 +0530] GET /api/quiz/CS007/downloadable-quizzes/ HTTP/1.0***0.157***
[07/Mar/2024:18:00:06 +0530] GET /api/quiz/CS007/downloadable-quizzes/ HTTP/1.0***0.154***
[07/Mar/2024:18:00:06 +0530] GET /api/quiz/CS007/downloadable-quizzes/ HTTP/1.0***0.156***
[07/Mar/2024:18:00:06 +0530] POST /api/quiz/2c5205f8db144a0698fff52dc37f7307/submit/ HTTP/1.0***0.961***
[07/Mar/2024:18:00:06 +0530] GET /api/quiz/CS007.FX/info/ HTTP/1.0***1.025***
[07/Mar/2024:18:00:06 +0530] GET /api/quiz/CS007.FX/info/ HTTP/1.0***1.042***
[07/Mar/2024:18:00:06 +0530] GET /api/quiz/CS007.FX/download/ HTTP/1.0***0.028***
[07/Mar/2024:18:00:06 +0530] GET /api/quiz/CS007.FX/authenticate/ HTTP/1.0***0.095***
[07/Mar/2024:18:00:06 +0530] GET /api/quiz/CS007.FX/authenticate/ HTTP/1.0***0.094***
[07/Mar/2024:18:00:06 +0530] GET /api/quiz/CS007.FX/authenticate/ HTTP/1.0***0.095***
[07/Mar/2024:18:00:07 +0530] GET /api/quiz/CS007.FX/download/ HTTP/1.0***0.017***
[07/Mar/2024:18:00:07 +0530] GET /api/quiz/CS007/downloadable-quizzes/ HTTP/1.0***0.089***
[07/Mar/2024:18:00:07 +0530] GET /api/quiz/CS007/downloadable-quizzes/ HTTP/1.0***0.095***
[07/Mar/2024:18:00:07 +0530] POST /api/account/login/ HTTP/1.0***0.464***
[07/Mar/2024:18:00:07 +0530] POST /api/account/login/ HTTP/1.0***0.464***
[07/Mar/2024:18:00:07 +0530] POST /api/account/login/ HTTP/1.0***0.471***
[07/Mar/2024:18:00:07 +0530] POST /api/account/login/ HTTP/1.0***0.476***
[07/Mar/2024:18:00:07 +0530] GET /api/quiz/CS007/downloadable-quizzes/ HTTP/1.0***0.155***
[07/Mar/2024:18:00:07 +0530] GET /api/quiz/CS007.FX/download/ HTTP/1.0***0.021***
[07/Mar/2024:18:00:07 +0530] GET /api/course/ HTTP/1.0***0.029***
[07/Mar/2024:18:00:07 +0530] GET /api/course/ HTTP/1.0***0.029***
[07/Mar/2024:18:00:07 +0530] GET /api/course/ HTTP/1.0***0.033***
[07/Mar/2024:18:00:07 +0530] POST /api/account/login/ HTTP/1.0***0.581***
[07/Mar/2024:18:00:07 +0530] GET /api/course/ HTTP/1.0***0.033***
[07/Mar/2024:18:00:07 +0530] POST /api/account/login/ HTTP/1.0***0.632***
[07/Mar/2024:18:00:07 +0530] GET /api/quiz/CS007/downloadable-quizzes/ HTTP/1.0***0.302***
[07/Mar/2024:18:00:07 +0530] GET /api/quiz/CS007.FX/download/ HTTP/1.0***0.022***
[07/Mar/2024:18:00:07 +0530] GET /api/quiz/CS007.FX/download/ HTTP/1.0***0.022***
[07/Mar/2024:18:00:07 +0530] GET /api/quiz/CS007.FX/info/ HTTP/1.0***1.144***
[07/Mar/2024:18:00:07 +0530] GET /api/quiz/CS007.FX/info/ HTTP/1.0***1.168***
[07/Mar/2024:18:00:07 +0530] GET /api/quiz/CS007.FX/authenticate/ HTTP/1.0***0.073***
[07/Mar/2024:18:00:08 +0530] GET /api/quiz/CS007.FX/info/ HTTP/1.0***1.403***
[07/Mar/2024:18:00:08 +0530] POST /api/quiz/63d61cf3e08549cbab359a594d20e7d6/submit/ HTTP/1.0***1.058***
[07/Mar/2024:18:00:08 +0530] GET /api/quiz/CS007.FX/info/ HTTP/1.0***1.456***
[07/Mar/2024:18:00:08 +0530] POST /api/quiz/4831149a6ec84989b7e102fcc27e4ef1/submit/ HTTP/1.0***1.061***
[07/Mar/2024:18:00:08 +0530] POST /api/quiz/b0eff85b52264ffb822e670338de0b46/submit/ HTTP/1.0***1.065***
[07/Mar/2024:18:00:08 +0530] POST /api/quiz/428771cec5cc4dc1b7debba9488e7efc/submit/ HTTP/1.0***1.085***
[07/Mar/2024:18:00:08 +0530] GET /api/quiz/CS007.FX/info/ HTTP/1.0***1.342***
[07/Mar/2024:18:00:08 +0530] GET /api/quiz/CS007.FX/authenticate/ HTTP/1.0***0.074***
[07/Mar/2024:18:00:08 +0530] POST /api/quiz/e835af91b74e4538b0789bcf2a9ce1a9/submit/ HTTP/1.0***1.088***
[07/Mar/2024:18:00:08 +0530] POST /api/quiz/c29c6816bc3148d5950c45ed52a6c8b6/submit/ HTTP/1.0***1.091***
[07/Mar/2024:18:00:08 +0530] POST /api/quiz/3a6f77de73644ccbb70d85520fbe851b/submit/ HTTP/1.0***1.094***
[07/Mar/2024:18:00:08 +0530] POST /api/account/login/ HTTP/1.0***0.511***
[07/Mar/2024:18:00:08 +0530] POST /api/account/login/ HTTP/1.0***0.528***
[07/Mar/2024:18:00:08 +0530] POST /api/account/login/ HTTP/1.0***0.545***
[07/Mar/2024:18:00:08 +0530] GET /api/course/ HTTP/1.0***0.033***
[07/Mar/2024:18:00:08 +0530] GET /api/course/ HTTP/1.0***0.037***
[07/Mar/2024:18:00:08 +0530] GET /api/course/ HTTP/1.0***0.035***
[07/Mar/2024:18:00:08 +0530] GET /api/course/ HTTP/1.0***0.035***
[07/Mar/2024:18:00:08 +0530] GET /api/course/ HTTP/1.0***0.033***
[07/Mar/2024:18:00:08 +0530] GET /api/course/ HTTP/1.0***0.037***
[07/Mar/2024:18:00:08 +0530] POST /api/account/login/ HTTP/1.0***0.645***
[07/Mar/2024:18:00:08 +0530] GET /api/quiz/CS007.FX/authenticate/ HTTP/1.0***0.089***
[07/Mar/2024:18:00:08 +0530] POST /api/account/login/ HTTP/1.0***0.668***
[07/Mar/2024:18:00:08 +0530] GET /api/quiz/CS007/downloadable-quizzes/ HTTP/1.0***0.106***
[07/Mar/2024:18:00:08 +0530] GET /api/quiz/CS007/downloadable-quizzes/ HTTP/1.0***0.106***
[07/Mar/2024:18:00:08 +0530] GET /api/quiz/CS007/downloadable-quizzes/ HTTP/1.0***0.105***
[07/Mar/2024:18:00:08 +0530] GET /api/quiz/CS007/downloadable-quizzes/ HTTP/1.0***0.109***
[07/Mar/2024:18:00:08 +0530] GET /api/quiz/CS007.FX/info/ HTTP/1.0***1.227***
[07/Mar/2024:18:00:08 +0530] GET /api/quiz/CS007.FX/info/ HTTP/1.0***1.226***
[07/Mar/2024:18:00:08 +0530] GET /api/quiz/CS007.FX/info/ HTTP/1.0***1.309***
[07/Mar/2024:18:00:08 +0530] GET /api/quiz/CS007.FX/info/ HTTP/1.0***1.293***
[07/Mar/2024:18:00:08 +0530] GET /api/quiz/CS007.FX/info/ HTTP/1.0***1.358***
[07/Mar/2024:18:00:08 +0530] GET /api/quiz/CS007.FX/download/ HTTP/1.0***0.019***
[07/Mar/2024:18:00:08 +0530] GET /api/quiz/CS007.FX/download/ HTTP/1.0***0.020***
[07/Mar/2024:18:00:08 +0530] GET /api/quiz/CS007.FX/info/ HTTP/1.0***1.360***
[07/Mar/2024:18:00:08 +0530] GET /api/quiz/CS007.FX/authenticate/ HTTP/1.0***0.062***
[07/Mar/2024:18:00:08 +0530] GET /api/quiz/CS007.FX/authenticate/ HTTP/1.0***0.069***
[07/Mar/2024:18:00:09 +0530] POST /api/quiz/d1a429993c1b4676acd73b70d6c7da4c/submit/ HTTP/1.0***0.971***
[07/Mar/2024:18:00:09 +0530] POST /api/quiz/050d19f229af4a55aee6e6aae4a54c31/submit/ HTTP/1.0***0.983***
[07/Mar/2024:18:00:09 +0530] POST /api/quiz/5e43a00800de4bd0a5a1270ce4f31834/submit/ HTTP/1.0***0.997***
[07/Mar/2024:18:00:09 +0530] GET /api/quiz/CS007.FX/download/ HTTP/1.0***0.020***
[07/Mar/2024:18:00:09 +0530] GET /api/quiz/CS007.FX/download/ HTTP/1.0***0.020***
[07/Mar/2024:18:00:09 +0530] POST /api/account/login/ HTTP/1.0***0.412***
[07/Mar/2024:18:00:09 +0530] POST /api/account/login/ HTTP/1.0***0.427***
[07/Mar/2024:18:00:09 +0530] GET /api/quiz/CS007.FX/download/ HTTP/1.0***0.023***
[07/Mar/2024:18:00:09 +0530] POST /api/account/login/ HTTP/1.0***0.429***
[07/Mar/2024:18:00:09 +0530] GET /api/quiz/CS007.FX/info/ HTTP/1.0***1.037***
[07/Mar/2024:18:00:09 +0530] GET /api/course/ HTTP/1.0***0.030***
[07/Mar/2024:18:00:09 +0530] GET /api/course/ HTTP/1.0***0.033***
[07/Mar/2024:18:00:09 +0530] GET /api/course/ HTTP/1.0***0.034***
[07/Mar/2024:18:00:09 +0530] GET /api/quiz/CS007.FX/info/ HTTP/1.0***1.077***
[07/Mar/2024:18:00:09 +0530] GET /api/course/ HTTP/1.0***0.027***
[07/Mar/2024:18:00:09 +0530] GET /api/quiz/CS007/downloadable-quizzes/ HTTP/1.0***0.092***
[07/Mar/2024:18:00:09 +0530] GET /api/quiz/CS007/downloadable-quizzes/ HTTP/1.0***0.085***
[07/Mar/2024:18:00:09 +0530] GET /api/quiz/CS007/downloadable-quizzes/ HTTP/1.0***0.087***
[07/Mar/2024:18:00:09 +0530] GET /api/course/ HTTP/1.0***0.031***
[07/Mar/2024:18:00:09 +0530] GET /api/quiz/CS007/downloadable-quizzes/ HTTP/1.0***0.088***
[07/Mar/2024:18:00:09 +0530] GET /api/quiz/CS007/downloadable-quizzes/ HTTP/1.0***0.094***
[07/Mar/2024:18:00:09 +0530] GET /api/quiz/CS007/downloadable-quizzes/ HTTP/1.0***0.081***
[07/Mar/2024:18:00:09 +0530] GET /api/quiz/CS007.FX/info/ HTTP/1.0***1.222***
[07/Mar/2024:18:00:09 +0530] GET /api/quiz/CS007.FX/info/ HTTP/1.0***0.990***
[07/Mar/2024:18:00:09 +0530] GET /api/quiz/CS007.FX/download/ HTTP/1.0***0.022***
[07/Mar/2024:18:00:09 +0530] GET /api/quiz/CS007.FX/download/ HTTP/1.0***0.023***
[07/Mar/2024:18:00:09 +0530] GET /api/quiz/CS007.FX/download/ HTTP/1.0***0.024***
[07/Mar/2024:18:00:09 +0530] GET /api/quiz/CS007.FX/download/ HTTP/1.0***0.029***
[07/Mar/2024:18:00:09 +0530] GET /api/quiz/CS007.FX/download/ HTTP/1.0***0.020***
[07/Mar/2024:18:00:09 +0530] GET /api/quiz/CS007.FX/download/ HTTP/1.0***0.021***
[07/Mar/2024:18:00:09 +0530] POST /api/quiz/47d2d17d6a664f30b92b2e03eb20d0c1/submit/ HTTP/1.0***1.001***
[07/Mar/2024:18:00:10 +0530] GET /api/quiz/CS007.FX/authenticate/ HTTP/1.0***0.069***
[07/Mar/2024:18:00:10 +0530] GET /api/quiz/CS007.FX/authenticate/ HTTP/1.0***0.068***
[07/Mar/2024:18:00:10 +0530] POST /api/quiz/3b060393069c41a185d186c02b3daacc/submit/ HTTP/1.0***0.969***
[07/Mar/2024:18:00:10 +0530] GET /api/quiz/CS007.FX/authenticate/ HTTP/1.0***0.060***
[07/Mar/2024:18:00:10 +0530] GET /api/quiz/CS007.FX/authenticate/ HTTP/1.0***0.063***
[07/Mar/2024:18:00:10 +0530] GET /api/course/ HTTP/1.0***0.028***
[07/Mar/2024:18:00:10 +0530] GET /api/course/ HTTP/1.0***0.029***
[07/Mar/2024:18:00:10 +0530] GET /api/course/ HTTP/1.0***0.029***
[07/Mar/2024:18:00:10 +0530] GET /api/quiz/CS007.FX/authenticate/ HTTP/1.0***0.069***
[07/Mar/2024:18:00:10 +0530] POST /api/account/login/ HTTP/1.0***0.517***
[07/Mar/2024:18:00:10 +0530] POST /api/account/login/ HTTP/1.0***0.516***
[07/Mar/2024:18:00:10 +0530] POST /api/account/login/ HTTP/1.0***0.524***
[07/Mar/2024:18:00:10 +0530] POST /api/account/login/ HTTP/1.0***0.529***
[07/Mar/2024:18:00:10 +0530] POST /api/account/login/ HTTP/1.0***0.527***
[07/Mar/2024:18:00:10 +0530] POST /api/account/login/ HTTP/1.0***0.580***
[07/Mar/2024:18:00:10 +0530] POST /api/account/login/ HTTP/1.0***0.618***
[07/Mar/2024:18:00:10 +0530] POST /api/account/login/ HTTP/1.0***0.665***
[07/Mar/2024:18:00:10 +0530] POST /api/account/login/ HTTP/1.0***0.672***
[07/Mar/2024:18:00:10 +0530] POST /api/quiz/f3f45ca870774618be473c3b43363a36/submit/ HTTP/1.0***0.991***
[07/Mar/2024:18:00:10 +0530] GET /api/quiz/CS007.FX/download/ HTTP/1.0***0.022***
[07/Mar/2024:18:00:10 +0530] GET /api/quiz/CS007.FX/download/ HTTP/1.0***0.018***
[07/Mar/2024:18:00:10 +0530] GET /api/quiz/CS007/downloadable-quizzes/ HTTP/1.0***0.085***
[07/Mar/2024:18:00:10 +0530] GET /api/quiz/CS007/downloadable-quizzes/ HTTP/1.0***0.087***
[07/Mar/2024:18:00:10 +0530] GET /api/quiz/CS007/downloadable-quizzes/ HTTP/1.0***0.238***
[07/Mar/2024:18:00:10 +0530] GET /api/quiz/CS007/downloadable-quizzes/ HTTP/1.0***0.234***
[07/Mar/2024:18:00:10 +0530] GET /api/quiz/CS007.FX/info/ HTTP/1.0***1.234***
[07/Mar/2024:18:00:10 +0530] GET /api/quiz/CS007.FX/info/ HTTP/1.0***1.233***
[07/Mar/2024:18:00:10 +0530] GET /api/quiz/CS007.FX/info/ HTTP/1.0***1.235***
[07/Mar/2024:18:00:10 +0530] GET /api/quiz/CS007/downloadable-quizzes/ HTTP/1.0***0.219***
[07/Mar/2024:18:00:10 +0530] GET /api/quiz/CS007.FX/info/ HTTP/1.0***1.258***
[07/Mar/2024:18:00:10 +0530] POST /api/quiz/b0e4ff5f4775465383259ae1e980ddf8/submit/ HTTP/1.0***0.979***
[07/Mar/2024:18:00:10 +0530] GET /api/quiz/CS007.FX/download/ HTTP/1.0***0.021***
[07/Mar/2024:18:00:10 +0530] GET /api/quiz/CS007.FX/download/ HTTP/1.0***0.023***
[07/Mar/2024:18:00:10 +0530] POST /api/quiz/9f4e58bac22241de9771b539e1a76446/submit/ HTTP/1.0***1.003***
[07/Mar/2024:18:00:11 +0530] GET /api/quiz/CS007.FX/authenticate/ HTTP/1.0***0.071***
[07/Mar/2024:18:00:11 +0530] GET /api/quiz/CS007.FX/authenticate/ HTTP/1.0***0.072***
[07/Mar/2024:18:00:11 +0530] GET /api/quiz/CS007.FX/authenticate/ HTTP/1.0***0.071***
[07/Mar/2024:18:00:11 +0530] GET /api/quiz/CS007.FX/authenticate/ HTTP/1.0***0.072***
[07/Mar/2024:18:00:11 +0530] GET /api/quiz/CS007.FX/authenticate/ HTTP/1.0***0.065***
[07/Mar/2024:18:00:11 +0530] GET /api/quiz/CS007.FX/authenticate/ HTTP/1.0***0.064***
[07/Mar/2024:18:00:11 +0530] POST /api/account/login/ HTTP/1.0***0.437***
[07/Mar/2024:18:00:11 +0530] GET /api/quiz/CS007/downloadable-quizzes/ HTTP/1.0***0.098***
[07/Mar/2024:18:00:11 +0530] POST /api/account/login/ HTTP/1.0***0.456***
[07/Mar/2024:18:00:11 +0530] GET /api/course/ HTTP/1.0***0.026***
[07/Mar/2024:18:00:11 +0530] GET /api/course/ HTTP/1.0***0.029***
[07/Mar/2024:18:00:11 +0530] GET /api/course/ HTTP/1.0***0.032***
[07/Mar/2024:18:00:11 +0530] GET /api/course/ HTTP/1.0***0.030***
[07/Mar/2024:18:00:11 +0530] GET /api/course/ HTTP/1.0***0.028***
[07/Mar/2024:18:00:11 +0530] POST /api/account/login/ HTTP/1.0***0.501***
[07/Mar/2024:18:00:11 +0530] GET /api/quiz/CS007/downloadable-quizzes/ HTTP/1.0***0.158***
[07/Mar/2024:18:00:11 +0530] GET /api/quiz/CS007/downloadable-quizzes/ HTTP/1.0***0.168***
[07/Mar/2024:18:00:11 +0530] POST /api/account/login/ HTTP/1.0***0.528***
[07/Mar/2024:18:00:11 +0530] POST /api/account/login/ HTTP/1.0***0.533***
[07/Mar/2024:18:00:11 +0530] GET /api/course/ HTTP/1.0***0.026***
[07/Mar/2024:18:00:11 +0530] GET /api/course/ HTTP/1.0***0.025***
[07/Mar/2024:18:00:11 +0530] GET /api/course/ HTTP/1.0***0.027***
[07/Mar/2024:18:00:11 +0530] GET /api/course/ HTTP/1.0***0.029***
[07/Mar/2024:18:00:11 +0530] GET /api/quiz/CS007.FX/authenticate/ HTTP/1.0***0.095***
[07/Mar/2024:18:00:11 +0530] GET /api/quiz/CS007.FX/authenticate/ HTTP/1.0***0.095***
[07/Mar/2024:18:00:11 +0530] GET /api/quiz/CS007.FX/info/ HTTP/1.0***1.183***
[07/Mar/2024:18:00:11 +0530] GET /api/quiz/CS007.FX/info/ HTTP/1.0***1.197***
[07/Mar/2024:18:00:11 +0530] GET /api/quiz/CS007.FX/info/ HTTP/1.0***1.201***
[07/Mar/2024:18:00:11 +0530] GET /api/quiz/CS007.FX/info/ HTTP/1.0***1.208***
[07/Mar/2024:18:00:11 +0530] GET /api/quiz/CS007.FX/info/ HTTP/1.0***1.216***
[07/Mar/2024:18:00:11 +0530] GET /api/quiz/CS007.FX/info/ HTTP/1.0***1.225***
[07/Mar/2024:18:00:11 +0530] GET /api/quiz/CS007.FX/download/ HTTP/1.0***0.020***
[07/Mar/2024:18:00:11 +0530] GET /api/quiz/CS007.FX/download/ HTTP/1.0***0.021***
[07/Mar/2024:18:00:11 +0530] GET /api/quiz/CS007.FX/download/ HTTP/1.0***0.023***
[07/Mar/2024:18:00:11 +0530] GET /api/quiz/CS007.FX/download/ HTTP/1.0***0.020***
[07/Mar/2024:18:00:12 +0530] POST /api/quiz/32fee172f718491abca428eb3a79158d/submit/ HTTP/1.0***0.984***
[07/Mar/2024:18:00:12 +0530] POST /api/quiz/13304d3c03514bc3b669d1d0e23b64fd/submit/ HTTP/1.0***0.990***
[07/Mar/2024:18:00:12 +0530] GET /api/quiz/CS007.FX/authenticate/ HTTP/1.0***0.089***
[07/Mar/2024:18:00:12 +0530] GET /api/quiz/CS007.FX/authenticate/ HTTP/1.0***0.089***
[07/Mar/2024:18:00:12 +0530] POST /api/account/login/ HTTP/1.0***0.497***
[07/Mar/2024:18:00:12 +0530] POST /api/account/login/ HTTP/1.0***0.513***
[07/Mar/2024:18:00:12 +0530] POST /api/account/login/ HTTP/1.0***0.514***
[07/Mar/2024:18:00:12 +0530] POST /api/account/login/ HTTP/1.0***0.515***
[07/Mar/2024:18:00:12 +0530] POST /api/quiz/fa71d3f947184390b84123c2c86ef882/submit/ HTTP/1.0***0.994***
[07/Mar/2024:18:00:12 +0530] POST /api/quiz/77d8cd08006d48af85d50a6a3a0c5c21/submit/ HTTP/1.0***1.003***
[07/Mar/2024:18:00:12 +0530] POST /api/quiz/ae6338e9699d491fbc12bb293393481f/submit/ HTTP/1.0***1.011***
[07/Mar/2024:18:00:12 +0530] POST /api/account/login/ HTTP/1.0***0.588***
[07/Mar/2024:18:00:12 +0530] GET /api/course/ HTTP/1.0***0.031***
[07/Mar/2024:18:00:12 +0530] GET /api/course/ HTTP/1.0***0.027***
[07/Mar/2024:18:00:12 +0530] GET /api/course/ HTTP/1.0***0.036***
[07/Mar/2024:18:00:12 +0530] GET /api/course/ HTTP/1.0***0.035***
[07/Mar/2024:18:00:12 +0530] GET /api/course/ HTTP/1.0***0.038***
[07/Mar/2024:18:00:12 +0530] GET /api/quiz/CS007/downloadable-quizzes/ HTTP/1.0***0.208***
[07/Mar/2024:18:00:12 +0530] GET /api/quiz/CS007/downloadable-quizzes/ HTTP/1.0***0.203***
[07/Mar/2024:18:00:12 +0530] GET /api/quiz/CS007/downloadable-quizzes/ HTTP/1.0***0.190***
[07/Mar/2024:18:00:12 +0530] GET /api/quiz/CS007/downloadable-quizzes/ HTTP/1.0***0.203***
[07/Mar/2024:18:00:12 +0530] GET /api/quiz/CS007/downloadable-quizzes/ HTTP/1.0***0.190***
[07/Mar/2024:18:00:12 +0530] GET /api/quiz/CS007/downloadable-quizzes/ HTTP/1.0***0.203***
[07/Mar/2024:18:00:12 +0530] GET /api/quiz/CS007/downloadable-quizzes/ HTTP/1.0***0.194***
[07/Mar/2024:18:00:12 +0530] GET /api/quiz/CS007.FX/info/ HTTP/1.0***1.040***
[07/Mar/2024:18:00:12 +0530] GET /api/quiz/CS007/downloadable-quizzes/ HTTP/1.0***0.193***
[07/Mar/2024:18:00:12 +0530] GET /api/quiz/CS007/downloadable-quizzes/ HTTP/1.0***0.208***
[07/Mar/2024:18:00:12 +0530] GET /api/quiz/CS007.FX/info/ HTTP/1.0***1.050***
[07/Mar/2024:18:00:13 +0530] GET /api/quiz/CS007.FX/download/ HTTP/1.0***0.023***
[07/Mar/2024:18:00:13 +0530] GET /api/quiz/CS007.FX/download/ HTTP/1.0***0.024***
[07/Mar/2024:18:00:13 +0530] GET /api/quiz/CS007.FX/download/ HTTP/1.0***0.026***
[07/Mar/2024:18:00:13 +0530] GET /api/quiz/CS007.FX/download/ HTTP/1.0***0.024***
[07/Mar/2024:18:00:13 +0530] GET /api/quiz/CS007.FX/download/ HTTP/1.0***0.028***
[07/Mar/2024:18:00:13 +0530] GET /api/quiz/CS007.FX/download/ HTTP/1.0***0.024***
[07/Mar/2024:18:00:13 +0530] POST /api/quiz/69cc04788c644431baaac51f6c3f586b/submit/ HTTP/1.0***1.030***
[07/Mar/2024:18:00:13 +0530] POST /api/quiz/2dfe9ee900e148d381b4e209bc6de177/submit/ HTTP/1.0***1.026***
[07/Mar/2024:18:00:13 +0530] POST /api/quiz/927413348bf746d4a06e51fa0aee79c9/submit/ HTTP/1.0***1.030***
[07/Mar/2024:18:00:13 +0530] POST /api/quiz/37e3d4aeae81435abc6e3f48eb038744/submit/ HTTP/1.0***1.018***
[07/Mar/2024:18:00:13 +0530] POST /api/quiz/701f87296bd44cf18e71bcb6c14ba473/submit/ HTTP/1.0***1.035***
[07/Mar/2024:18:00:13 +0530] GET /api/quiz/CS007.FX/authenticate/ HTTP/1.0***0.092***
[07/Mar/2024:18:00:13 +0530] GET /api/quiz/CS007.FX/authenticate/ HTTP/1.0***0.092***
[07/Mar/2024:18:00:13 +0530] GET /api/quiz/CS007.FX/authenticate/ HTTP/1.0***0.098***
[07/Mar/2024:18:00:13 +0530] GET /api/quiz/CS007.FX/info/ HTTP/1.0***1.128***
[07/Mar/2024:18:00:13 +0530] GET /api/quiz/CS007.FX/authenticate/ HTTP/1.0***0.101***
[07/Mar/2024:18:00:13 +0530] GET /api/quiz/CS007.FX/info/ HTTP/1.0***1.127***
[07/Mar/2024:18:00:13 +0530] POST /api/quiz/fa6b73aed7e44a42aa01633e4a0ceac8/submit/ HTTP/1.0***1.206***
[07/Mar/2024:18:00:13 +0530] POST /api/account/login/ HTTP/1.0***0.509***
[07/Mar/2024:18:00:13 +0530] GET /api/quiz/CS007.FX/info/ HTTP/1.0***1.308***
[07/Mar/2024:18:00:13 +0530] POST /api/account/login/ HTTP/1.0***0.514***
[07/Mar/2024:18:00:13 +0530] GET /api/course/ HTTP/1.0***0.028***
[07/Mar/2024:18:00:13 +0530] POST /api/account/login/ HTTP/1.0***0.565***
[07/Mar/2024:18:00:13 +0530] GET /api/course/ HTTP/1.0***0.026***
[07/Mar/2024:18:00:13 +0530] GET /api/course/ HTTP/1.0***0.026***
[07/Mar/2024:18:00:13 +0530] GET /api/course/ HTTP/1.0***0.026***
[07/Mar/2024:18:00:13 +0530] POST /api/account/login/ HTTP/1.0***0.589***
[07/Mar/2024:18:00:13 +0530] GET /api/course/ HTTP/1.0***0.029***
[07/Mar/2024:18:00:13 +0530] GET /api/quiz/CS007.FX/info/ HTTP/1.0***1.195***
[07/Mar/2024:18:00:13 +0530] GET /api/quiz/CS007.FX/info/ HTTP/1.0***1.052***
[07/Mar/2024:18:00:13 +0530] GET /api/quiz/CS007/downloadable-quizzes/ HTTP/1.0***0.228***
[07/Mar/2024:18:00:13 +0530] GET /api/quiz/CS007/downloadable-quizzes/ HTTP/1.0***0.256***
[07/Mar/2024:18:00:13 +0530] POST /api/quiz/fb8b1bc588ff49eb887bbbc8cd3d3da8/submit/ HTTP/1.0***0.938***
[07/Mar/2024:18:00:13 +0530] GET /api/quiz/CS007.FX/info/ HTTP/1.0***1.120***
[07/Mar/2024:18:00:13 +0530] GET /api/quiz/CS007/downloadable-quizzes/ HTTP/1.0***0.162***
[07/Mar/2024:18:00:13 +0530] POST /api/quiz/4283d696f9dd4ebfbf9715ca48569743/submit/ HTTP/1.0***1.038***
[07/Mar/2024:18:00:13 +0530] GET /api/quiz/CS007/downloadable-quizzes/ HTTP/1.0***0.163***
[07/Mar/2024:18:00:13 +0530] GET /api/quiz/CS007/downloadable-quizzes/ HTTP/1.0***0.164***
[07/Mar/2024:18:00:13 +0530] GET /api/quiz/CS007.FX/download/ HTTP/1.0***0.020***
[07/Mar/2024:18:00:13 +0530] GET /api/quiz/CS007.FX/download/ HTTP/1.0***0.020***
[07/Mar/2024:18:00:14 +0530] POST /api/quiz/71f3d5435d0f4cbb92bf40fa410c3fb9/submit/ HTTP/1.0***0.978***
[07/Mar/2024:18:00:14 +0530] GET /api/quiz/CS007.FX/authenticate/ HTTP/1.0***0.069***
[07/Mar/2024:18:00:14 +0530] GET /api/quiz/CS007.FX/authenticate/ HTTP/1.0***0.069***
[07/Mar/2024:18:00:14 +0530] GET /api/quiz/CS007.FX/authenticate/ HTTP/1.0***0.074***
[07/Mar/2024:18:00:14 +0530] GET /api/quiz/CS007.FX/authenticate/ HTTP/1.0***0.073***
[07/Mar/2024:18:00:14 +0530] GET /api/quiz/CS007.FX/authenticate/ HTTP/1.0***0.073***
[07/Mar/2024:18:00:14 +0530] GET /api/quiz/CS007.FX/authenticate/ HTTP/1.0***0.074***
[07/Mar/2024:18:00:14 +0530] GET /api/quiz/CS007.FX/download/ HTTP/1.0***0.022***
[07/Mar/2024:18:00:14 +0530] GET /api/quiz/CS007.FX/download/ HTTP/1.0***0.025***
[07/Mar/2024:18:00:14 +0530] POST /api/quiz/d2d0e7cf03894844a5eee84c14cb766d/submit/ HTTP/1.0***1.171***
[07/Mar/2024:18:00:14 +0530] GET /api/quiz/CS007.FX/download/ HTTP/1.0***0.022***
[07/Mar/2024:18:00:14 +0530] GET /api/course/ HTTP/1.0***0.032***
[07/Mar/2024:18:00:14 +0530] GET /api/course/ HTTP/1.0***0.031***
[07/Mar/2024:18:00:14 +0530] POST /api/account/login/ HTTP/1.0***0.477***
[07/Mar/2024:18:00:14 +0530] POST /api/account/login/ HTTP/1.0***0.484***
[07/Mar/2024:18:00:14 +0530] POST /api/account/login/ HTTP/1.0***0.492***
[07/Mar/2024:18:00:14 +0530] POST /api/account/login/ HTTP/1.0***0.510***
[07/Mar/2024:18:00:14 +0530] POST /api/account/login/ HTTP/1.0***0.520***
[07/Mar/2024:18:00:14 +0530] GET /api/course/ HTTP/1.0***0.031***
[07/Mar/2024:18:00:14 +0530] GET /api/course/ HTTP/1.0***0.034***
[07/Mar/2024:18:00:14 +0530] POST /api/account/login/ HTTP/1.0***0.582***
[07/Mar/2024:18:00:14 +0530] POST /api/account/login/ HTTP/1.0***0.590***
[07/Mar/2024:18:00:14 +0530] GET /api/quiz/CS007/downloadable-quizzes/ HTTP/1.0***0.152***
[07/Mar/2024:18:00:14 +0530] GET /api/quiz/CS007/downloadable-quizzes/ HTTP/1.0***0.147***
[07/Mar/2024:18:00:14 +0530] GET /api/quiz/CS007/downloadable-quizzes/ HTTP/1.0***0.148***
[07/Mar/2024:18:00:14 +0530] GET /api/quiz/CS007/downloadable-quizzes/ HTTP/1.0***0.154***
[07/Mar/2024:18:00:14 +0530] GET /api/quiz/CS007/downloadable-quizzes/ HTTP/1.0***0.143***
[07/Mar/2024:18:00:14 +0530] GET /api/quiz/CS007.FX/download/ HTTP/1.0***0.021***
[07/Mar/2024:18:00:14 +0530] GET /api/quiz/CS007.FX/download/ HTTP/1.0***0.018***
[07/Mar/2024:18:00:14 +0530] GET /api/quiz/CS007.FX/download/ HTTP/1.0***0.025***
[07/Mar/2024:18:00:15 +0530] GET /api/quiz/CS007.FX/info/ HTTP/1.0***1.129***
[07/Mar/2024:18:00:15 +0530] GET /api/quiz/CS007.FX/info/ HTTP/1.0***1.155***
[07/Mar/2024:18:00:15 +0530] GET /api/quiz/CS007.FX/info/ HTTP/1.0***1.166***
[07/Mar/2024:18:00:15 +0530] GET /api/quiz/CS007.FX/info/ HTTP/1.0***1.180***
[07/Mar/2024:18:00:15 +0530] GET /api/quiz/CS007.FX/info/ HTTP/1.0***1.183***
[07/Mar/2024:18:00:15 +0530] GET /api/quiz/CS007.FX/info/ HTTP/1.0***1.190***
[07/Mar/2024:18:00:15 +0530] POST /api/quiz/d50ecad6276841f8a8217826df331343/submit/ HTTP/1.0***1.045***
[07/Mar/2024:18:00:15 +0530] POST /api/quiz/b434c1a1ade14ea891f1ef925d09f669/submit/ HTTP/1.0***1.049***
[07/Mar/2024:18:00:15 +0530] POST /api/quiz/e183f7cf28154ac5b129cf2dc4363ebc/submit/ HTTP/1.0***1.052***
[07/Mar/2024:18:00:15 +0530] POST /api/quiz/17998d7baf29454eb7799642ad60d25f/submit/ HTTP/1.0***1.064***
[07/Mar/2024:18:00:15 +0530] GET /api/quiz/CS007.FX/authenticate/ HTTP/1.0***0.207***
[07/Mar/2024:18:00:15 +0530] GET /api/quiz/CS007.FX/authenticate/ HTTP/1.0***0.214***
[07/Mar/2024:18:00:15 +0530] GET /api/quiz/CS007.FX/authenticate/ HTTP/1.0***0.111***
[07/Mar/2024:18:00:15 +0530] GET /api/quiz/CS007.FX/authenticate/ HTTP/1.0***0.121***
[07/Mar/2024:18:00:15 +0530] GET /api/quiz/CS007.FX/info/ HTTP/1.0***1.349***
[07/Mar/2024:18:00:15 +0530] GET /api/quiz/CS007.FX/info/ HTTP/1.0***1.383***
[07/Mar/2024:18:00:15 +0530] GET /api/quiz/CS007.FX/info/ HTTP/1.0***1.388***
[07/Mar/2024:18:00:15 +0530] GET /api/course/ HTTP/1.0***0.032***
[07/Mar/2024:18:00:15 +0530] GET /api/course/ HTTP/1.0***0.041***
[07/Mar/2024:18:00:15 +0530] GET /api/quiz/CS007.FX/authenticate/ HTTP/1.0***0.069***
[07/Mar/2024:18:00:15 +0530] GET /api/course/ HTTP/1.0***0.054***
[07/Mar/2024:18:00:15 +0530] GET /api/course/ HTTP/1.0***0.047***
[07/Mar/2024:18:00:15 +0530] GET /api/course/ HTTP/1.0***0.045***
[07/Mar/2024:18:00:15 +0530] GET /api/course/ HTTP/1.0***0.029***
[07/Mar/2024:18:00:15 +0530] POST /api/account/login/ HTTP/1.0***0.592***
[07/Mar/2024:18:00:15 +0530] POST /api/account/login/ HTTP/1.0***0.595***
[07/Mar/2024:18:00:15 +0530] GET /api/quiz/CS007/downloadable-quizzes/ HTTP/1.0***0.158***
[07/Mar/2024:18:00:15 +0530] POST /api/account/login/ HTTP/1.0***0.609***
[07/Mar/2024:18:00:15 +0530] GET /api/course/ HTTP/1.0***0.045***
[07/Mar/2024:18:00:15 +0530] POST /api/account/login/ HTTP/1.0***0.628***
[07/Mar/2024:18:00:15 +0530] GET /api/quiz/CS007/downloadable-quizzes/ HTTP/1.0***0.169***
[07/Mar/2024:18:00:15 +0530] POST /api/account/login/ HTTP/1.0***0.646***
[07/Mar/2024:18:00:15 +0530] POST /api/account/login/ HTTP/1.0***0.645***
[07/Mar/2024:18:00:15 +0530] GET /api/quiz/CS007/downloadable-quizzes/ HTTP/1.0***0.177***
[07/Mar/2024:18:00:15 +0530] GET /api/quiz/CS007/downloadable-quizzes/ HTTP/1.0***0.199***
[07/Mar/2024:18:00:15 +0530] POST /api/account/login/ HTTP/1.0***0.758***
[07/Mar/2024:18:00:15 +0530] POST /api/account/login/ HTTP/1.0***0.762***
[07/Mar/2024:18:00:15 +0530] GET /api/quiz/CS007.FX/authenticate/ HTTP/1.0***0.081***
[07/Mar/2024:18:00:15 +0530] GET /api/quiz/CS007.FX/authenticate/ HTTP/1.0***0.070***
[07/Mar/2024:18:00:15 +0530] GET /api/quiz/CS007.FX/authenticate/ HTTP/1.0***0.077***
[07/Mar/2024:18:00:16 +0530] GET /api/quiz/CS007.FX/info/ HTTP/1.0***1.177***
[07/Mar/2024:18:00:16 +0530] GET /api/quiz/CS007.FX/info/ HTTP/1.0***1.183***
[07/Mar/2024:18:00:16 +0530] GET /api/quiz/CS007.FX/info/ HTTP/1.0***1.195***
[07/Mar/2024:18:00:16 +0530] GET /api/quiz/CS007.FX/download/ HTTP/1.0***0.019***
[07/Mar/2024:18:00:16 +0530] GET /api/quiz/CS007.FX/download/ HTTP/1.0***0.025***
[07/Mar/2024:18:00:16 +0530] GET /api/quiz/CS007.FX/download/ HTTP/1.0***0.019***
[07/Mar/2024:18:00:16 +0530] GET /api/quiz/CS007.FX/download/ HTTP/1.0***0.019***
[07/Mar/2024:18:00:16 +0530] GET /api/quiz/CS007.FX/download/ HTTP/1.0***0.022***
[07/Mar/2024:18:00:16 +0530] GET /api/quiz/CS007.FX/download/ HTTP/1.0***0.024***
[07/Mar/2024:18:00:16 +0530] POST /api/quiz/b7c816af624442f793f0d2a7e37e46db/submit/ HTTP/1.0***1.040***
[07/Mar/2024:18:00:16 +0530] POST /api/quiz/4e63d754d62341af81b1a47b41caecbd/submit/ HTTP/1.0***1.051***
[07/Mar/2024:18:00:16 +0530] POST /api/quiz/531bd004cf4848aa85d9ce7006ff1bab/submit/ HTTP/1.0***1.064***
[07/Mar/2024:18:00:16 +0530] POST /api/quiz/6fd61301ab174671b1efc972e082b59e/submit/ HTTP/1.0***1.071***
[07/Mar/2024:18:00:16 +0530] POST /api/quiz/ef25854280ea4c99bf7c67bc1b5d187a/submit/ HTTP/1.0***1.079***
[07/Mar/2024:18:00:16 +0530] GET /api/quiz/CS007.FX/info/ HTTP/1.0***1.361***
[07/Mar/2024:18:00:16 +0530] GET /api/quiz/CS007.FX/info/ HTTP/1.0***1.406***
[07/Mar/2024:18:00:16 +0530] GET /api/quiz/CS007.FX/download/ HTTP/1.0***0.020***
[07/Mar/2024:18:00:16 +0530] POST /api/quiz/d92b6fd012e440cb958726b279ce736a/submit/ HTTP/1.0***1.203***
[07/Mar/2024:18:00:16 +0530] GET /api/quiz/CS007.FX/download/ HTTP/1.0***0.018***
[07/Mar/2024:18:00:16 +0530] GET /api/quiz/CS007.FX/download/ HTTP/1.0***0.018***
[07/Mar/2024:18:00:16 +0530] POST /api/account/login/ HTTP/1.0***0.490***
[07/Mar/2024:18:00:16 +0530] POST /api/account/login/ HTTP/1.0***0.498***
[07/Mar/2024:18:00:16 +0530] POST /api/account/login/ HTTP/1.0***0.514***
[07/Mar/2024:18:00:16 +0530] POST /api/account/login/ HTTP/1.0***0.509***
[07/Mar/2024:18:00:16 +0530] POST /api/account/login/ HTTP/1.0***0.516***
[07/Mar/2024:18:00:16 +0530] POST /api/account/login/ HTTP/1.0***0.517***
[07/Mar/2024:18:00:16 +0530] GET /api/course/ HTTP/1.0***0.028***
[07/Mar/2024:18:00:16 +0530] GET /api/course/ HTTP/1.0***0.030***
[07/Mar/2024:18:00:16 +0530] GET /api/quiz/CS007/downloadable-quizzes/ HTTP/1.0***0.135***
[07/Mar/2024:18:00:16 +0530] GET /api/course/ HTTP/1.0***0.027***
[07/Mar/2024:18:00:16 +0530] GET /api/quiz/CS007/downloadable-quizzes/ HTTP/1.0***0.148***
[07/Mar/2024:18:00:16 +0530] GET /api/course/ HTTP/1.0***0.026***
[07/Mar/2024:18:00:16 +0530] GET /api/quiz/CS007/downloadable-quizzes/ HTTP/1.0***0.145***
[07/Mar/2024:18:00:16 +0530] GET /api/course/ HTTP/1.0***0.026***
[07/Mar/2024:18:00:16 +0530] GET /api/course/ HTTP/1.0***0.026***
[07/Mar/2024:18:00:16 +0530] GET /api/quiz/CS007/downloadable-quizzes/ HTTP/1.0***0.142***
[07/Mar/2024:18:00:16 +0530] GET /api/quiz/CS007/downloadable-quizzes/ HTTP/1.0***0.141***
[07/Mar/2024:18:00:16 +0530] GET /api/quiz/CS007.FX/info/ HTTP/1.0***1.093***
[07/Mar/2024:18:00:16 +0530] GET /api/quiz/CS007.FX/info/ HTTP/1.0***1.118***
[07/Mar/2024:18:00:16 +0530] GET /api/quiz/CS007.FX/info/ HTTP/1.0***1.118***
[07/Mar/2024:18:00:16 +0530] GET /api/quiz/CS007/downloadable-quizzes/ HTTP/1.0***0.179***
[07/Mar/2024:18:00:16 +0530] GET /api/quiz/CS007.FX/info/ HTTP/1.0***1.080***
[07/Mar/2024:18:00:16 +0530] GET /api/quiz/CS007.FX/info/ HTTP/1.0***1.119***
[07/Mar/2024:18:00:16 +0530] GET /api/course/ HTTP/1.0***0.024***
[07/Mar/2024:18:00:16 +0530] GET /api/course/ HTTP/1.0***0.027***
[07/Mar/2024:18:00:16 +0530] GET /api/quiz/CS007/downloadable-quizzes/ HTTP/1.0***0.180***
[07/Mar/2024:18:00:17 +0530] GET /api/quiz/CS007.FX/download/ HTTP/1.0***0.019***
[07/Mar/2024:18:00:17 +0530] GET /api/quiz/CS007.FX/download/ HTTP/1.0***0.020***
[07/Mar/2024:18:00:17 +0530] GET /api/quiz/CS007.FX/download/ HTTP/1.0***0.018***
[07/Mar/2024:18:00:17 +0530] POST /api/quiz/6b0838dc6a4044c3bf466d3b2b4987dd/submit/ HTTP/1.0***0.920***
[07/Mar/2024:18:00:17 +0530] POST /api/quiz/bb257bbf7ebc4311bb2390f74d93bdec/submit/ HTTP/1.0***0.916***
[07/Mar/2024:18:00:17 +0530] GET /api/quiz/CS007.FX/authenticate/ HTTP/1.0***0.060***
[07/Mar/2024:18:00:17 +0530] POST /api/quiz/e08d894ca8664c078425a0eabf424310/submit/ HTTP/1.0***0.919***
[07/Mar/2024:18:00:17 +0530] GET /api/quiz/CS007.FX/authenticate/ HTTP/1.0***0.066***
[07/Mar/2024:18:00:17 +0530] POST /api/quiz/3e3c2354651c45c0a5d4a9f50b3b2bc9/submit/ HTTP/1.0***0.920***
[07/Mar/2024:18:00:17 +0530] GET /api/quiz/CS007.FX/authenticate/ HTTP/1.0***0.065***
[07/Mar/2024:18:00:17 +0530] GET /api/quiz/CS007.FX/authenticate/ HTTP/1.0***0.094***
[07/Mar/2024:18:00:17 +0530] GET /api/quiz/CS007.FX/authenticate/ HTTP/1.0***0.091***
[07/Mar/2024:18:00:17 +0530] GET /api/quiz/CS007.FX/download/ HTTP/1.0***0.019***
[07/Mar/2024:18:00:17 +0530] GET /api/quiz/CS007.FX/authenticate/ HTTP/1.0***0.092***
[07/Mar/2024:18:00:17 +0530] POST /api/account/login/ HTTP/1.0***0.451***
[07/Mar/2024:18:00:17 +0530] POST /api/account/login/ HTTP/1.0***0.452***
[07/Mar/2024:18:00:17 +0530] GET /api/quiz/CS007.FX/download/ HTTP/1.0***0.017***
[07/Mar/2024:18:00:17 +0530] POST /api/account/login/ HTTP/1.0***0.460***
[07/Mar/2024:18:00:17 +0530] POST /api/quiz/5e917ed953b34ad394e77c45e833805a/submit/ HTTP/1.0***0.938***
[07/Mar/2024:18:00:17 +0530] POST /api/account/login/ HTTP/1.0***0.488***
[07/Mar/2024:18:00:17 +0530] POST /api/account/login/ HTTP/1.0***0.490***
[07/Mar/2024:18:00:17 +0530] POST /api/account/login/ HTTP/1.0***0.494***
[07/Mar/2024:18:00:17 +0530] GET /api/quiz/CS007.FX/authenticate/ HTTP/1.0***0.061***
[07/Mar/2024:18:00:17 +0530] GET /api/course/ HTTP/1.0***0.025***
[07/Mar/2024:18:00:17 +0530] GET /api/quiz/CS007.FX/authenticate/ HTTP/1.0***0.066***
[07/Mar/2024:18:00:17 +0530] GET /api/course/ HTTP/1.0***0.027***
[07/Mar/2024:18:00:17 +0530] GET /api/quiz/CS007.FX/authenticate/ HTTP/1.0***0.065***
[07/Mar/2024:18:00:17 +0530] GET /api/quiz/CS007.FX/info/ HTTP/1.0***0.949***
[07/Mar/2024:18:00:17 +0530] GET /api/course/ HTTP/1.0***0.024***
[07/Mar/2024:18:00:17 +0530] GET /api/course/ HTTP/1.0***0.031***
[07/Mar/2024:18:00:17 +0530] GET /api/course/ HTTP/1.0***0.023***
[07/Mar/2024:18:00:17 +0530] GET /api/course/ HTTP/1.0***0.028***
[07/Mar/2024:18:00:17 +0530] GET /api/quiz/CS007.FX/info/ HTTP/1.0***0.981***
[07/Mar/2024:18:00:17 +0530] GET /api/quiz/CS007.FX/download/ HTTP/1.0***0.019***
[07/Mar/2024:18:00:17 +0530] GET /api/quiz/CS007.FX/info/ HTTP/1.0***0.991***
[07/Mar/2024:18:00:17 +0530] GET /api/quiz/CS007/downloadable-quizzes/ HTTP/1.0***0.140***
[07/Mar/2024:18:00:17 +0530] GET /api/quiz/CS007/downloadable-quizzes/ HTTP/1.0***0.154***
[07/Mar/2024:18:00:17 +0530] GET /api/quiz/CS007/downloadable-quizzes/ HTTP/1.0***0.122***
[07/Mar/2024:18:00:17 +0530] GET /api/quiz/CS007/downloadable-quizzes/ HTTP/1.0***0.142***
[07/Mar/2024:18:00:17 +0530] GET /api/quiz/CS007.FX/download/ HTTP/1.0***0.021***
[07/Mar/2024:18:00:17 +0530] GET /api/quiz/CS007.FX/download/ HTTP/1.0***0.020***
[07/Mar/2024:18:00:17 +0530] GET /api/quiz/CS007/downloadable-quizzes/ HTTP/1.0***0.112***
[07/Mar/2024:18:00:17 +0530] GET /api/quiz/CS007.FX/download/ HTTP/1.0***0.017***
[07/Mar/2024:18:00:17 +0530] GET /api/quiz/CS007.FX/download/ HTTP/1.0***0.024***
[07/Mar/2024:18:00:17 +0530] GET /api/quiz/CS007/downloadable-quizzes/ HTTP/1.0***0.154***
[07/Mar/2024:18:00:17 +0530] GET /api/quiz/CS007.FX/info/ HTTP/1.0***1.193***
[07/Mar/2024:18:00:17 +0530] POST /api/quiz/c652936e6c2747daa2c3dbbd71263d12/submit/ HTTP/1.0***0.948***
[07/Mar/2024:18:00:17 +0530] GET /api/quiz/CS007/downloadable-quizzes/ HTTP/1.0***0.147***
[07/Mar/2024:18:00:17 +0530] GET /api/quiz/CS007/downloadable-quizzes/ HTTP/1.0***0.151***
[07/Mar/2024:18:00:17 +0530] POST /api/quiz/681204d3e19b4ef1af301b223443bb5b/submit/ HTTP/1.0***0.945***
[07/Mar/2024:18:00:17 +0530] POST /api/quiz/e8fac1fb0ed64cbbac71a8fcc8a965ec/submit/ HTTP/1.0***0.942***
[07/Mar/2024:18:00:18 +0530] GET /api/quiz/CS007.FX/authenticate/ HTTP/1.0***0.061***
[07/Mar/2024:18:00:18 +0530] GET /api/quiz/CS007.FX/authenticate/ HTTP/1.0***0.068***
[07/Mar/2024:18:00:18 +0530] GET /api/quiz/CS007.FX/authenticate/ HTTP/1.0***0.066***
[07/Mar/2024:18:00:18 +0530] GET /api/course/ HTTP/1.0***0.031***
[07/Mar/2024:18:00:18 +0530] GET /api/course/ HTTP/1.0***0.031***
[07/Mar/2024:18:00:18 +0530] GET /api/quiz/CS007.FX/authenticate/ HTTP/1.0***0.073***
[07/Mar/2024:18:00:18 +0530] POST /api/account/login/ HTTP/1.0***0.466***
[07/Mar/2024:18:00:18 +0530] POST /api/account/login/ HTTP/1.0***0.473***
[07/Mar/2024:18:00:18 +0530] GET /api/course/ HTTP/1.0***0.056***
[07/Mar/2024:18:00:18 +0530] POST /api/account/login/ HTTP/1.0***0.484***
[07/Mar/2024:18:00:18 +0530] POST /api/account/login/ HTTP/1.0***0.488***
[07/Mar/2024:18:00:18 +0530] GET /api/course/ HTTP/1.0***0.031***
[07/Mar/2024:18:00:18 +0530] GET /api/course/ HTTP/1.0***0.039***
[07/Mar/2024:18:00:18 +0530] POST /api/account/login/ HTTP/1.0***0.499***
[07/Mar/2024:18:00:18 +0530] GET /api/course/ HTTP/1.0***0.046***
[07/Mar/2024:18:00:18 +0530] GET /api/quiz/CS007.FX/authenticate/ HTTP/1.0***0.097***
[07/Mar/2024:18:00:18 +0530] POST /api/account/login/ HTTP/1.0***0.541***
[07/Mar/2024:18:00:18 +0530] POST /api/account/login/ HTTP/1.0***0.544***
[07/Mar/2024:18:00:18 +0530] POST /api/account/login/ HTTP/1.0***0.561***
[07/Mar/2024:18:00:18 +0530] GET /api/quiz/CS007.FX/download/ HTTP/1.0***0.021***
[07/Mar/2024:18:00:18 +0530] GET /api/quiz/CS007.FX/download/ HTTP/1.0***0.019***
[07/Mar/2024:18:00:18 +0530] GET /api/quiz/CS007.FX/info/ HTTP/1.0***1.069***
[07/Mar/2024:18:00:18 +0530] GET /api/quiz/CS007.FX/info/ HTTP/1.0***1.086***
[07/Mar/2024:18:00:18 +0530] GET /api/quiz/CS007.FX/info/ HTTP/1.0***1.081***
[07/Mar/2024:18:00:18 +0530] GET /api/quiz/CS007.FX/download/ HTTP/1.0***0.023***
[07/Mar/2024:18:00:18 +0530] GET /api/quiz/CS007/downloadable-quizzes/ HTTP/1.0***0.253***
[07/Mar/2024:18:00:18 +0530] GET /api/quiz/CS007.FX/authenticate/ HTTP/1.0***0.068***
[07/Mar/2024:18:00:18 +0530] GET /api/quiz/CS007/downloadable-quizzes/ HTTP/1.0***0.231***
[07/Mar/2024:18:00:18 +0530] GET /api/quiz/CS007/downloadable-quizzes/ HTTP/1.0***0.237***
[07/Mar/2024:18:00:18 +0530] GET /api/quiz/CS007/downloadable-quizzes/ HTTP/1.0***0.234***
[07/Mar/2024:18:00:18 +0530] GET /api/quiz/CS007/downloadable-quizzes/ HTTP/1.0***0.331***
[07/Mar/2024:18:00:18 +0530] GET /api/quiz/CS007/downloadable-quizzes/ HTTP/1.0***0.311***
[07/Mar/2024:18:00:18 +0530] GET /api/quiz/CS007.FX/authenticate/ HTTP/1.0***0.091***
[07/Mar/2024:18:00:18 +0530] GET /api/quiz/CS007.FX/authenticate/ HTTP/1.0***0.090***
[07/Mar/2024:18:00:18 +0530] GET /api/quiz/CS007.FX/authenticate/ HTTP/1.0***0.081***
[07/Mar/2024:18:00:18 +0530] GET /api/quiz/CS007.FX/authenticate/ HTTP/1.0***0.095***
[07/Mar/2024:18:00:18 +0530] GET /api/quiz/CS007.FX/info/ HTTP/1.0***1.324***
[07/Mar/2024:18:00:18 +0530] GET /api/quiz/CS007.FX/info/ HTTP/1.0***1.310***
[07/Mar/2024:18:00:18 +0530] GET /api/quiz/CS007.FX/info/ HTTP/1.0***1.243***
[07/Mar/2024:18:00:18 +0530] GET /api/quiz/CS007.FX/download/ HTTP/1.0***0.036***
[07/Mar/2024:18:00:18 +0530] GET /api/quiz/CS007.FX/info/ HTTP/1.0***1.279***
[07/Mar/2024:18:00:19 +0530] POST /api/quiz/1e2d51880aad482aa6efcd4e99d059db/submit/ HTTP/1.0***1.090***
[07/Mar/2024:18:00:19 +0530] POST /api/quiz/3f89dc83a4b246d0b5e9b8963a2e3333/submit/ HTTP/1.0***1.066***
[07/Mar/2024:18:00:19 +0530] POST /api/quiz/fbd5eae7dee94241923c332ce6bf612a/submit/ HTTP/1.0***1.079***
[07/Mar/2024:18:00:19 +0530] POST /api/quiz/94418c1e266a4e53b7ea7f73431c45e9/submit/ HTTP/1.0***1.078***
[07/Mar/2024:18:00:19 +0530] POST /api/quiz/b220d85631bf4a78a3942e54c1fd639a/submit/ HTTP/1.0***1.083***
[07/Mar/2024:18:00:19 +0530] POST /api/quiz/fc4d4fe5a6db42c7b16571934b154746/submit/ HTTP/1.0***1.098***
[07/Mar/2024:18:00:19 +0530] POST /api/account/login/ HTTP/1.0***0.557***
[07/Mar/2024:18:00:19 +0530] POST /api/account/login/ HTTP/1.0***0.570***
[07/Mar/2024:18:00:19 +0530] POST /api/account/login/ HTTP/1.0***0.580***
[07/Mar/2024:18:00:19 +0530] GET /api/course/ HTTP/1.0***0.095***
[07/Mar/2024:18:00:19 +0530] POST /api/account/login/ HTTP/1.0***0.585***
[07/Mar/2024:18:00:19 +0530] POST /api/account/login/ HTTP/1.0***0.591***
[07/Mar/2024:18:00:19 +0530] GET /api/course/ HTTP/1.0***0.105***
[07/Mar/2024:18:00:19 +0530] GET /api/course/ HTTP/1.0***0.099***
[07/Mar/2024:18:00:19 +0530] POST /api/quiz/8b63be28eb42481fa4e787abb000ca74/submit/ HTTP/1.0***1.096***
[07/Mar/2024:18:00:19 +0530] GET /api/course/ HTTP/1.0***0.112***
[07/Mar/2024:18:00:19 +0530] GET /api/quiz/CS007/downloadable-quizzes/ HTTP/1.0***0.165***
[07/Mar/2024:18:00:19 +0530] POST /api/account/login/ HTTP/1.0***0.641***
[07/Mar/2024:18:00:19 +0530] GET /api/course/ HTTP/1.0***0.119***
[07/Mar/2024:18:00:19 +0530] POST /api/quiz/f575aa5e9525466db9c5d53bd046724e/submit/ HTTP/1.0***1.099***
[07/Mar/2024:18:00:19 +0530] GET /api/quiz/CS007/downloadable-quizzes/ HTTP/1.0***0.171***
[07/Mar/2024:18:00:19 +0530] POST /api/quiz/e83f5e35759f4fc0b0ea9f0df63bc001/submit/ HTTP/1.0***1.096***
[07/Mar/2024:18:00:19 +0530] POST /api/account/login/ HTTP/1.0***0.654***
[07/Mar/2024:18:00:19 +0530] GET /api/course/ HTTP/1.0***0.103***
[07/Mar/2024:18:00:19 +0530] GET /api/course/ HTTP/1.0***0.109***
[07/Mar/2024:18:00:19 +0530] GET /api/course/ HTTP/1.0***0.089***
[07/Mar/2024:18:00:19 +0530] GET /api/quiz/CS007.FX/authenticate/ HTTP/1.0***0.119***
[07/Mar/2024:18:00:19 +0530] GET /api/quiz/CS007.FX/authenticate/ HTTP/1.0***0.070***
[07/Mar/2024:18:00:19 +0530] GET /api/quiz/CS007/downloadable-quizzes/ HTTP/1.0***0.236***
[07/Mar/2024:18:00:19 +0530] GET /api/quiz/CS007/downloadable-quizzes/ HTTP/1.0***0.222***
[07/Mar/2024:18:00:19 +0530] GET /api/quiz/CS007/downloadable-quizzes/ HTTP/1.0***0.229***
[07/Mar/2024:18:00:19 +0530] GET /api/quiz/CS007/downloadable-quizzes/ HTTP/1.0***0.222***
[07/Mar/2024:18:00:19 +0530] GET /api/quiz/CS007.FX/download/ HTTP/1.0***0.018***
[07/Mar/2024:18:00:19 +0530] GET /api/quiz/CS007.FX/download/ HTTP/1.0***0.018***
[07/Mar/2024:18:00:19 +0530] GET /api/quiz/CS007.FX/download/ HTTP/1.0***0.018***
[07/Mar/2024:18:00:19 +0530] GET /api/quiz/CS007.FX/authenticate/ HTTP/1.0***0.163***
[07/Mar/2024:18:00:19 +0530] GET /api/quiz/CS007.FX/info/ HTTP/1.0***1.171***
[07/Mar/2024:18:00:19 +0530] GET /api/quiz/CS007.FX/info/ HTTP/1.0***1.179***
[07/Mar/2024:18:00:19 +0530] GET /api/quiz/CS007.FX/info/ HTTP/1.0***1.182***
[07/Mar/2024:18:00:19 +0530] GET /api/quiz/CS007.FX/info/ HTTP/1.0***1.180***
[07/Mar/2024:18:00:19 +0530] GET /api/quiz/CS007.FX/download/ HTTP/1.0***0.044***
[07/Mar/2024:18:00:20 +0530] GET /api/quiz/CS007.FX/info/ HTTP/1.0***1.395***
[07/Mar/2024:18:00:20 +0530] GET /api/quiz/CS007.FX/info/ HTTP/1.0***1.422***
[07/Mar/2024:18:00:20 +0530] GET /api/quiz/CS007.FX/download/ HTTP/1.0***0.213***
[07/Mar/2024:18:00:20 +0530] GET /api/quiz/CS007.FX/download/ HTTP/1.0***0.242***
[07/Mar/2024:18:00:20 +0530] GET /api/quiz/CS007.FX/info/ HTTP/1.0***1.271***
[07/Mar/2024:18:00:20 +0530] GET /api/quiz/CS007.FX/info/ HTTP/1.0***1.274***
[07/Mar/2024:18:00:20 +0530] GET /api/quiz/CS007.FX/download/ HTTP/1.0***0.218***
[07/Mar/2024:18:00:20 +0530] GET /api/quiz/CS007.FX/authenticate/ HTTP/1.0***0.285***
[07/Mar/2024:18:00:20 +0530] POST /api/quiz/303f7ec609d14f81ba53a229e7334d6e/submit/ HTTP/1.0***1.153***
[07/Mar/2024:18:00:20 +0530] POST /api/quiz/c117f54bec0a423588269eb50cee02de/submit/ HTTP/1.0***1.120***
[07/Mar/2024:18:00:20 +0530] POST /api/quiz/3d4312e1fa764d3a865b9a9e2431e4cf/submit/ HTTP/1.0***1.151***
[07/Mar/2024:18:00:20 +0530] POST /api/quiz/2b5ada143f7a459883f0a7a3e38c2a4d/submit/ HTTP/1.0***1.020***
[07/Mar/2024:18:00:20 +0530] POST /api/account/login/ HTTP/1.0***0.538***
[07/Mar/2024:18:00:20 +0530] POST /api/account/login/ HTTP/1.0***0.549***
[07/Mar/2024:18:00:20 +0530] POST /api/account/login/ HTTP/1.0***0.553***
[07/Mar/2024:18:00:20 +0530] POST /api/account/login/ HTTP/1.0***0.553***
[07/Mar/2024:18:00:20 +0530] POST /api/account/login/ HTTP/1.0***0.569***
[07/Mar/2024:18:00:20 +0530] GET /api/course/ HTTP/1.0***0.029***
[07/Mar/2024:18:00:20 +0530] GET /api/course/ HTTP/1.0***0.028***
[07/Mar/2024:18:00:20 +0530] POST /api/quiz/31a904e68f0d41d79be3810570a6bb3b/submit/ HTTP/1.0***1.069***
[07/Mar/2024:18:00:20 +0530] GET /api/course/ HTTP/1.0***0.025***
[07/Mar/2024:18:00:20 +0530] GET /api/course/ HTTP/1.0***0.024***
[07/Mar/2024:18:00:20 +0530] GET /api/course/ HTTP/1.0***0.030***
[07/Mar/2024:18:00:20 +0530] GET /api/course/ HTTP/1.0***0.027***
[07/Mar/2024:18:00:20 +0530] GET /api/course/ HTTP/1.0***0.026***
[07/Mar/2024:18:00:20 +0530] GET /api/quiz/CS007/downloadable-quizzes/ HTTP/1.0***0.171***
[07/Mar/2024:18:00:20 +0530] GET /api/quiz/CS007/downloadable-quizzes/ HTTP/1.0***0.171***
[07/Mar/2024:18:00:20 +0530] GET /api/quiz/CS007/downloadable-quizzes/ HTTP/1.0***0.213***
[07/Mar/2024:18:00:20 +0530] POST /api/quiz/dad33eebf2ff4ac9a54904fce6b1d253/submit/ HTTP/1.0***1.025***
[07/Mar/2024:18:00:20 +0530] GET /api/quiz/CS007/downloadable-quizzes/ HTTP/1.0***0.222***
[07/Mar/2024:18:00:20 +0530] GET /api/quiz/CS007/downloadable-quizzes/ HTTP/1.0***0.176***
[07/Mar/2024:18:00:20 +0530] GET /api/quiz/CS007/downloadable-quizzes/ HTTP/1.0***0.179***
[07/Mar/2024:18:00:20 +0530] GET /api/quiz/CS007/downloadable-quizzes/ HTTP/1.0***0.183***
[07/Mar/2024:18:00:20 +0530] GET /api/quiz/CS007/downloadable-quizzes/ HTTP/1.0***0.209***
[07/Mar/2024:18:00:20 +0530] GET /api/quiz/CS007.FX/authenticate/ HTTP/1.0***0.110***
[07/Mar/2024:18:00:20 +0530] GET /api/quiz/CS007.FX/authenticate/ HTTP/1.0***0.119***
[07/Mar/2024:18:00:20 +0530] GET /api/quiz/CS007.FX/authenticate/ HTTP/1.0***0.104***
[07/Mar/2024:18:00:20 +0530] GET /api/quiz/CS007.FX/download/ HTTP/1.0***0.018***
[07/Mar/2024:18:00:20 +0530] GET /api/quiz/CS007.FX/download/ HTTP/1.0***0.019***
[07/Mar/2024:18:00:20 +0530] GET /api/quiz/CS007.FX/download/ HTTP/1.0***0.037***
[07/Mar/2024:18:00:20 +0530] GET /api/quiz/CS007.FX/download/ HTTP/1.0***0.018***
[07/Mar/2024:18:00:20 +0530] POST /api/quiz/ca2c5d631a484259918ae9c5629c12d8/submit/ HTTP/1.0***1.064***
[07/Mar/2024:18:00:20 +0530] POST /api/quiz/2d129cc3f674451fac8125ce4c23897b/submit/ HTTP/1.0***1.069***
[07/Mar/2024:18:00:20 +0530] POST /api/quiz/c3f0615fb3a943dd8c99141eb06f466a/submit/ HTTP/1.0***1.069***
[07/Mar/2024:18:00:20 +0530] GET /api/quiz/CS007.FX/info/ HTTP/1.0***1.258***
[07/Mar/2024:18:00:20 +0530] GET /api/quiz/CS007.FX/info/ HTTP/1.0***1.075***
[07/Mar/2024:18:00:20 +0530] GET /api/quiz/CS007.FX/info/ HTTP/1.0***1.269***
[07/Mar/2024:18:00:20 +0530] GET /api/quiz/CS007.FX/info/ HTTP/1.0***1.270***
[07/Mar/2024:18:00:21 +0530] GET /api/quiz/CS007.FX/authenticate/ HTTP/1.0***0.062***
[07/Mar/2024:18:00:21 +0530] POST /api/quiz/a9b1e2eb278b486db33b1643c6e9dedb/submit/ HTTP/1.0***1.163***
[07/Mar/2024:18:00:21 +0530] GET /api/quiz/CS007.FX/info/ HTTP/1.0***1.378***
[07/Mar/2024:18:00:21 +0530] GET /api/quiz/CS007.FX/download/ HTTP/1.0***0.025***
[07/Mar/2024:18:00:21 +0530] GET /api/quiz/CS007.FX/download/ HTTP/1.0***0.025***
[07/Mar/2024:18:00:21 +0530] GET /api/quiz/CS007.FX/authenticate/ HTTP/1.0***0.075***
[07/Mar/2024:18:00:21 +0530] GET /api/quiz/CS007.FX/download/ HTTP/1.0***0.022***
[07/Mar/2024:18:00:21 +0530] GET /api/quiz/CS007.FX/info/ HTTP/1.0***1.318***
[07/Mar/2024:18:00:21 +0530] GET /api/quiz/CS007.FX/download/ HTTP/1.0***0.040***
[07/Mar/2024:18:00:21 +0530] GET /api/quiz/CS007.FX/authenticate/ HTTP/1.0***0.066***
[07/Mar/2024:18:00:21 +0530] GET /api/quiz/CS007.FX/authenticate/ HTTP/1.0***0.062***
[07/Mar/2024:18:00:21 +0530] POST /api/account/login/ HTTP/1.0***0.497***
[07/Mar/2024:18:00:21 +0530] POST /api/account/login/ HTTP/1.0***0.503***
[07/Mar/2024:18:00:21 +0530] POST /api/account/login/ HTTP/1.0***0.510***
[07/Mar/2024:18:00:21 +0530] GET /api/course/ HTTP/1.0***0.031***
[07/Mar/2024:18:00:21 +0530] GET /api/course/ HTTP/1.0***0.030***
[07/Mar/2024:18:00:21 +0530] GET /api/course/ HTTP/1.0***0.030***
[07/Mar/2024:18:00:21 +0530] GET /api/course/ HTTP/1.0***0.033***
[07/Mar/2024:18:00:21 +0530] GET /api/course/ HTTP/1.0***0.032***
[07/Mar/2024:18:00:21 +0530] POST /api/quiz/842e2da1d89247b2ab9bd708148419ab/submit/ HTTP/1.0***0.991***
[07/Mar/2024:18:00:21 +0530] GET /api/quiz/CS007.FX/info/ HTTP/1.0***1.066***
[07/Mar/2024:18:00:21 +0530] POST /api/quiz/e7710cbed4f3462e8395ae1d1f73ece2/submit/ HTTP/1.0***0.991***
[07/Mar/2024:18:00:21 +0530] GET /api/quiz/CS007.FX/info/ HTTP/1.0***1.064***
[07/Mar/2024:18:00:21 +0530] POST /api/account/login/ HTTP/1.0***0.520***
[07/Mar/2024:18:00:21 +0530] GET /api/quiz/CS007/downloadable-quizzes/ HTTP/1.0***0.147***
[07/Mar/2024:18:00:21 +0530] GET /api/quiz/CS007/downloadable-quizzes/ HTTP/1.0***0.161***
[07/Mar/2024:18:00:21 +0530] POST /api/account/login/ HTTP/1.0***0.522***
[07/Mar/2024:18:00:21 +0530] POST /api/account/login/ HTTP/1.0***0.529***
[07/Mar/2024:18:00:21 +0530] GET /api/quiz/CS007/downloadable-quizzes/ HTTP/1.0***0.145***
[07/Mar/2024:18:00:21 +0530] GET /api/quiz/CS007/downloadable-quizzes/ HTTP/1.0***0.147***
[07/Mar/2024:18:00:21 +0530] GET /api/quiz/CS007/downloadable-quizzes/ HTTP/1.0***0.141***
[07/Mar/2024:18:00:21 +0530] POST /api/account/login/ HTTP/1.0***0.552***
[07/Mar/2024:18:00:21 +0530] GET /api/quiz/CS007.FX/info/ HTTP/1.0***1.119***
[07/Mar/2024:18:00:21 +0530] GET /api/quiz/CS007/downloadable-quizzes/ HTTP/1.0***0.187***
[07/Mar/2024:18:00:21 +0530] GET /api/quiz/CS007.FX/info/ HTTP/1.0***1.169***
[07/Mar/2024:18:00:21 +0530] GET /api/quiz/CS007.FX/info/ HTTP/1.0***1.166***
[07/Mar/2024:18:00:21 +0530] GET /api/quiz/CS007/downloadable-quizzes/ HTTP/1.0***0.235***
[07/Mar/2024:18:00:21 +0530] POST /api/account/login/ HTTP/1.0***0.694***
[07/Mar/2024:18:00:21 +0530] POST /api/account/login/ HTTP/1.0***0.700***
[07/Mar/2024:18:00:21 +0530] POST /api/account/login/ HTTP/1.0***0.701***
[07/Mar/2024:18:00:21 +0530] POST /api/account/login/ HTTP/1.0***0.706***
[07/Mar/2024:18:00:21 +0530] POST /api/quiz/48ad6deb9c35472785cd4e8ed6288b3c/submit/ HTTP/1.0***1.011***
[07/Mar/2024:18:00:21 +0530] GET /api/quiz/CS007.FX/info/ HTTP/1.0***1.285***
[07/Mar/2024:18:00:22 +0530] GET /api/quiz/CS007.FX/authenticate/ HTTP/1.0***0.095***
[07/Mar/2024:18:00:22 +0530] GET /api/quiz/CS007.FX/authenticate/ HTTP/1.0***0.096***
[07/Mar/2024:18:00:22 +0530] GET /api/quiz/CS007.FX/authenticate/ HTTP/1.0***0.096***
[07/Mar/2024:18:00:22 +0530] GET /api/quiz/CS007.FX/authenticate/ HTTP/1.0***0.096***
[07/Mar/2024:18:00:22 +0530] GET /api/quiz/CS007.FX/download/ HTTP/1.0***0.098***
[07/Mar/2024:18:00:22 +0530] GET /api/quiz/CS007.FX/download/ HTTP/1.0***0.098***
[07/Mar/2024:18:00:22 +0530] GET /api/quiz/CS007.FX/download/ HTTP/1.0***0.099***
[07/Mar/2024:18:00:22 +0530] GET /api/quiz/CS007.FX/download/ HTTP/1.0***0.100***
[07/Mar/2024:18:00:22 +0530] GET /api/quiz/CS007.FX/download/ HTTP/1.0***0.020***
[07/Mar/2024:18:00:22 +0530] POST /api/quiz/ed81d722871d4d73a6cfa87bf90bbecd/submit/ HTTP/1.0***0.948***
[07/Mar/2024:18:00:22 +0530] GET /api/quiz/CS007.FX/authenticate/ HTTP/1.0***0.093***
[07/Mar/2024:18:00:22 +0530] GET /api/quiz/CS007.FX/authenticate/ HTTP/1.0***0.099***
[07/Mar/2024:18:00:22 +0530] GET /api/quiz/CS007.FX/authenticate/ HTTP/1.0***0.068***
[07/Mar/2024:18:00:22 +0530] GET /api/quiz/CS007.FX/download/ HTTP/1.0***0.074***
[07/Mar/2024:18:00:22 +0530] GET /api/quiz/CS007.FX/authenticate/ HTTP/1.0***0.116***
[07/Mar/2024:18:00:22 +0530] GET /api/course/ HTTP/1.0***0.030***
[07/Mar/2024:18:00:22 +0530] GET /api/course/ HTTP/1.0***0.061***
[07/Mar/2024:18:00:22 +0530] GET /api/course/ HTTP/1.0***0.109***
[07/Mar/2024:18:00:22 +0530] POST /api/account/login/ HTTP/1.0***0.550***
[07/Mar/2024:18:00:22 +0530] POST /api/account/login/ HTTP/1.0***0.550***
[07/Mar/2024:18:00:22 +0530] POST /api/account/login/ HTTP/1.0***0.555***
[07/Mar/2024:18:00:22 +0530] POST /api/account/login/ HTTP/1.0***0.556***
[07/Mar/2024:18:00:22 +0530] POST /api/account/login/ HTTP/1.0***0.562***
[07/Mar/2024:18:00:22 +0530] POST /api/account/login/ HTTP/1.0***0.569***
[07/Mar/2024:18:00:22 +0530] POST /api/account/login/ HTTP/1.0***0.601***
[07/Mar/2024:18:00:22 +0530] POST /api/account/login/ HTTP/1.0***0.606***
[07/Mar/2024:18:00:22 +0530] GET /api/quiz/CS007.FX/download/ HTTP/1.0***0.022***
[07/Mar/2024:18:00:22 +0530] GET /api/quiz/CS007.FX/download/ HTTP/1.0***0.020***
[07/Mar/2024:18:00:22 +0530] GET /api/quiz/CS007/downloadable-quizzes/ HTTP/1.0***0.141***
[07/Mar/2024:18:00:22 +0530] GET /api/course/ HTTP/1.0***0.029***
[07/Mar/2024:18:00:22 +0530] GET /api/course/ HTTP/1.0***0.029***
[07/Mar/2024:18:00:22 +0530] GET /api/course/ HTTP/1.0***0.038***
[07/Mar/2024:18:00:22 +0530] GET /api/quiz/CS007/downloadable-quizzes/ HTTP/1.0***0.183***
[07/Mar/2024:18:00:22 +0530] GET /api/quiz/CS007/downloadable-quizzes/ HTTP/1.0***0.192***
[07/Mar/2024:18:00:22 +0530] GET /api/quiz/CS007/downloadable-quizzes/ HTTP/1.0***0.192***
[07/Mar/2024:18:00:22 +0530] GET /api/quiz/CS007/downloadable-quizzes/ HTTP/1.0***0.193***
[07/Mar/2024:18:00:22 +0530] GET /api/course/ HTTP/1.0***0.053***
[07/Mar/2024:18:00:22 +0530] GET /api/quiz/CS007.FX/info/ HTTP/1.0***1.142***
[07/Mar/2024:18:00:22 +0530] GET /api/quiz/CS007.FX/info/ HTTP/1.0***1.201***
[07/Mar/2024:18:00:22 +0530] GET /api/quiz/CS007.FX/info/ HTTP/1.0***1.169***
[07/Mar/2024:18:00:22 +0530] GET /api/quiz/CS007.FX/download/ HTTP/1.0***0.024***
[07/Mar/2024:18:00:23 +0530] POST /api/quiz/2b58a727518e480db42a85b2888f4cf6/submit/ HTTP/1.0***1.032***
[07/Mar/2024:18:00:23 +0530] POST /api/quiz/4a2f172a3a4942c491e346b43ce58064/submit/ HTTP/1.0***1.039***
[07/Mar/2024:18:00:23 +0530] POST /api/quiz/aa2711274e4a4bd1a3a54e63f5dd51a0/submit/ HTTP/1.0***1.050***
[07/Mar/2024:18:00:23 +0530] GET /api/quiz/CS007.FX/download/ HTTP/1.0***0.021***
[07/Mar/2024:18:00:23 +0530] GET /api/course/ HTTP/1.0***0.031***
[07/Mar/2024:18:00:23 +0530] GET /api/course/ HTTP/1.0***0.035***
[07/Mar/2024:18:00:23 +0530] GET /api/course/ HTTP/1.0***0.042***
[07/Mar/2024:18:00:23 +0530] GET /api/quiz/CS007.FX/download/ HTTP/1.0***0.056***
[07/Mar/2024:18:00:23 +0530] GET /api/quiz/CS007.FX/info/ HTTP/1.0***1.128***
[07/Mar/2024:18:00:23 +0530] GET /api/quiz/CS007.FX/download/ HTTP/1.0***0.061***
[07/Mar/2024:18:00:23 +0530] GET /api/quiz/CS007.FX/info/ HTTP/1.0***1.131***
[07/Mar/2024:18:00:23 +0530] GET /api/quiz/CS007.FX/info/ HTTP/1.0***1.133***
[07/Mar/2024:18:00:23 +0530] GET /api/quiz/CS007.FX/info/ HTTP/1.0***1.146***
[07/Mar/2024:18:00:23 +0530] GET /api/course/ HTTP/1.0***0.087***
[07/Mar/2024:18:00:23 +0530] GET /api/quiz/CS007.FX/info/ HTTP/1.0***1.166***
[07/Mar/2024:18:00:23 +0530] POST /api/quiz/1271edf6d8cf4fda8abc68a3e388a928/submit/ HTTP/1.0***1.073***
[07/Mar/2024:18:00:23 +0530] POST /api/quiz/2729f56789b04b3498cc8705abbedb53/submit/ HTTP/1.0***1.037***
[07/Mar/2024:18:00:23 +0530] POST /api/quiz/9914985fa35c49388fb622608e18f54c/submit/ HTTP/1.0***1.060***
[07/Mar/2024:18:00:23 +0530] POST /api/quiz/0b72b018cd8947f6898131648ff0e96a/submit/ HTTP/1.0***1.044***
[07/Mar/2024:18:00:23 +0530] GET /api/quiz/CS007.FX/authenticate/ HTTP/1.0***0.074***
[07/Mar/2024:18:00:23 +0530] GET /api/quiz/CS007.FX/authenticate/ HTTP/1.0***0.077***
[07/Mar/2024:18:00:23 +0530] GET /api/quiz/CS007.FX/authenticate/ HTTP/1.0***0.077***
[07/Mar/2024:18:00:23 +0530] GET /api/quiz/CS007.FX/authenticate/ HTTP/1.0***0.077***
[07/Mar/2024:18:00:23 +0530] GET /api/quiz/CS007.FX/authenticate/ HTTP/1.0***0.078***
[07/Mar/2024:18:00:23 +0530] GET /api/quiz/CS007.FX/authenticate/ HTTP/1.0***0.097***
[07/Mar/2024:18:00:23 +0530] GET /api/course/ HTTP/1.0***0.032***
[07/Mar/2024:18:00:23 +0530] POST /api/account/login/ HTTP/1.0***0.645***
[07/Mar/2024:18:00:23 +0530] POST /api/account/login/ HTTP/1.0***0.670***
[07/Mar/2024:18:00:23 +0530] GET /api/course/ HTTP/1.0***0.093***
[07/Mar/2024:18:00:23 +0530] POST /api/account/login/ HTTP/1.0***0.675***
[07/Mar/2024:18:00:23 +0530] POST /api/account/login/ HTTP/1.0***0.678***
[07/Mar/2024:18:00:23 +0530] POST /api/account/login/ HTTP/1.0***0.676***
[07/Mar/2024:18:00:23 +0530] POST /api/account/login/ HTTP/1.0***0.680***
[07/Mar/2024:18:00:23 +0530] POST /api/account/login/ HTTP/1.0***0.678***
[07/Mar/2024:18:00:23 +0530] POST /api/account/login/ HTTP/1.0***0.683***
[07/Mar/2024:18:00:23 +0530] GET /api/course/ HTTP/1.0***0.129***
[07/Mar/2024:18:00:23 +0530] GET /api/quiz/CS007.FX/info/ HTTP/1.0***1.122***
[07/Mar/2024:18:00:23 +0530] GET /api/course/ HTTP/1.0***0.133***
[07/Mar/2024:18:00:23 +0530] GET /api/course/ HTTP/1.0***0.134***
[07/Mar/2024:18:00:23 +0530] GET /api/course/ HTTP/1.0***0.135***
[07/Mar/2024:18:00:23 +0530] GET /api/course/ HTTP/1.0***0.136***
[07/Mar/2024:18:00:23 +0530] GET /api/quiz/CS007.FX/info/ HTTP/1.0***1.144***
[07/Mar/2024:18:00:23 +0530] GET /api/course/ HTTP/1.0***0.159***
[07/Mar/2024:18:00:23 +0530] GET /api/quiz/CS007.FX/authenticate/ HTTP/1.0***0.169***
[07/Mar/2024:18:00:23 +0530] GET /api/quiz/CS007.FX/info/ HTTP/1.0***1.156***
[07/Mar/2024:18:00:23 +0530] GET /api/quiz/CS007.FX/info/ HTTP/1.0***1.152***
[07/Mar/2024:18:00:23 +0530] GET /api/quiz/CS007/downloadable-quizzes/ HTTP/1.0***0.184***
[07/Mar/2024:18:00:23 +0530] GET /api/quiz/CS007.FX/info/ HTTP/1.0***1.206***
[07/Mar/2024:18:00:23 +0530] GET /api/quiz/CS007.FX/authenticate/ HTTP/1.0***0.226***
[07/Mar/2024:18:00:23 +0530] GET /api/quiz/CS007/downloadable-quizzes/ HTTP/1.0***0.318***
[07/Mar/2024:18:00:24 +0530] GET /api/quiz/CS007.FX/download/ HTTP/1.0***0.019***
[07/Mar/2024:18:00:24 +0530] GET /api/quiz/CS007/downloadable-quizzes/ HTTP/1.0***0.383***
[07/Mar/2024:18:00:24 +0530] GET /api/quiz/CS007.FX/download/ HTTP/1.0***0.021***
[07/Mar/2024:18:00:24 +0530] GET /api/quiz/CS007.FX/download/ HTTP/1.0***0.023***
[07/Mar/2024:18:00:24 +0530] GET /api/quiz/CS007.FX/info/ HTTP/1.0***1.152***
[07/Mar/2024:18:00:24 +0530] GET /api/quiz/CS007/downloadable-quizzes/ HTTP/1.0***0.367***
[07/Mar/2024:18:00:24 +0530] GET /api/quiz/CS007/downloadable-quizzes/ HTTP/1.0***0.358***
[07/Mar/2024:18:00:24 +0530] GET /api/quiz/CS007/downloadable-quizzes/ HTTP/1.0***0.369***
[07/Mar/2024:18:00:24 +0530] GET /api/quiz/CS007.FX/authenticate/ HTTP/1.0***0.068***
[07/Mar/2024:18:00:24 +0530] GET /api/quiz/CS007.FX/authenticate/ HTTP/1.0***0.071***
[07/Mar/2024:18:00:24 +0530] GET /api/quiz/CS007/downloadable-quizzes/ HTTP/1.0***0.202***
[07/Mar/2024:18:00:24 +0530] POST /api/quiz/3dcb8650338349a09a665ea59e2f6b4c/submit/ HTTP/1.0***0.991***
[07/Mar/2024:18:00:24 +0530] POST /api/quiz/fec87e36ee644de8b43efa1f00e14747/submit/ HTTP/1.0***1.028***
[07/Mar/2024:18:00:24 +0530] POST /api/quiz/56c01aa5bdc344809890d4e8ab7f1a96/submit/ HTTP/1.0***1.059***
[07/Mar/2024:18:00:24 +0530] POST /api/quiz/412b25aac8524444958a0583ef49b830/submit/ HTTP/1.0***1.085***
[07/Mar/2024:18:00:24 +0530] POST /api/quiz/ed38bb2d895647e4a436a453998c17a6/submit/ HTTP/1.0***1.055***
[07/Mar/2024:18:00:24 +0530] POST /api/quiz/a64c7490a11b4ac6ac6b9fb84b64b23e/submit/ HTTP/1.0***1.072***
[07/Mar/2024:18:00:24 +0530] POST /api/quiz/dcc87e57e0714a45b887c803572a4696/submit/ HTTP/1.0***0.999***
[07/Mar/2024:18:00:24 +0530] POST /api/quiz/dfc7875b28cd4442b1e2c77962c17cab/submit/ HTTP/1.0***1.103***
[07/Mar/2024:18:00:24 +0530] GET /api/quiz/CS007.FX/info/ HTTP/1.0***1.312***
[07/Mar/2024:18:00:24 +0530] GET /api/quiz/CS007.FX/download/ HTTP/1.0***0.023***
[07/Mar/2024:18:00:24 +0530] GET /api/quiz/CS007.FX/download/ HTTP/1.0***0.024***
[07/Mar/2024:18:00:24 +0530] GET /api/quiz/CS007.FX/download/ HTTP/1.0***0.026***
[07/Mar/2024:18:00:24 +0530] GET /api/quiz/CS007.FX/download/ HTTP/1.0***0.031***
[07/Mar/2024:18:00:24 +0530] GET /api/quiz/CS007.FX/download/ HTTP/1.0***0.032***
[07/Mar/2024:18:00:24 +0530] GET /api/quiz/CS007.FX/authenticate/ HTTP/1.0***0.067***
[07/Mar/2024:18:00:24 +0530] GET /api/quiz/CS007.FX/authenticate/ HTTP/1.0***0.076***
[07/Mar/2024:18:00:24 +0530] POST /api/account/login/ HTTP/1.0***0.471***
[07/Mar/2024:18:00:24 +0530] POST /api/account/login/ HTTP/1.0***0.509***
[07/Mar/2024:18:00:24 +0530] POST /api/account/login/ HTTP/1.0***0.514***
[07/Mar/2024:18:00:24 +0530] POST /api/account/login/ HTTP/1.0***0.514***
[07/Mar/2024:18:00:24 +0530] GET /api/quiz/CS007/downloadable-quizzes/ HTTP/1.0***0.172***
[07/Mar/2024:18:00:24 +0530] GET /api/quiz/CS007/downloadable-quizzes/ HTTP/1.0***0.172***
[07/Mar/2024:18:00:24 +0530] GET /api/quiz/CS007/downloadable-quizzes/ HTTP/1.0***0.181***
[07/Mar/2024:18:00:24 +0530] GET /api/quiz/CS007/downloadable-quizzes/ HTTP/1.0***0.190***
[07/Mar/2024:18:00:24 +0530] POST /api/quiz/cb99a11430be400b87676d7c96fcb1be/submit/ HTTP/1.0***0.190***
[07/Mar/2024:18:00:24 +0530] POST /api/quiz/206ac182ebee4e61bfdaa2067a3c38c5/submit/ HTTP/1.0***0.190***
[07/Mar/2024:18:00:24 +0530] GET /api/quiz/CS007.FX/info/ HTTP/1.0***0.842***
[07/Mar/2024:18:00:24 +0530] GET /api/quiz/CS007.FX/info/ HTTP/1.0***0.899***
[07/Mar/2024:18:00:24 +0530] POST /api/quiz/a3fcbe49a79f46a5931b4834b9f7e007/submit/ HTTP/1.0***0.155***
[07/Mar/2024:18:00:24 +0530] GET /api/quiz/CS007.FX/info/ HTTP/1.0***0.845***
[07/Mar/2024:18:00:24 +0530] POST /api/quiz/6077fd5b336f4e8ead3ef4fc5a35f2c5/submit/ HTTP/1.0***0.193***
[07/Mar/2024:18:00:24 +0530] GET /api/quiz/CS007.FX/info/ HTTP/1.0***0.857***
[07/Mar/2024:18:00:24 +0530] POST /api/quiz/58b675176a8f42fbaa966d61a6161523/submit/ HTTP/1.0***0.193***
[07/Mar/2024:18:00:24 +0530] POST /api/quiz/86622733c91242ae8941ea5625780493/submit/ HTTP/1.0***0.194***
[07/Mar/2024:18:00:24 +0530] GET /api/quiz/CS007.FX/info/ HTTP/1.0***0.844***
[07/Mar/2024:18:00:24 +0530] GET /sys_perf_check/2024-03-07_12-29-39-end/100/ HTTP/1.0***0.011***
[07/Mar/2024:18:00:24 +0530] GET /sys_perf_check/2024-03-07_12-29-39-END/0/ HTTP/1.0***0.012***
