[11/Mar/2024:14:54:06 +0530] GET /sys_perf_check/2024-03-11_09-24-01-START/0/ HTTP/1.0***0.014***
[11/Mar/2024:14:54:06 +0530] GET /sys_perf_check/2024-03-11_09-24-01-start/100/ HTTP/1.0***0.014***
[11/Mar/2024:14:54:07 +0530] POST /api/account/login/ HTTP/1.0***0.430***
[11/Mar/2024:14:54:07 +0530] POST /api/account/login/ HTTP/1.0***0.436***
[11/Mar/2024:14:54:08 +0530] POST /api/account/login/ HTTP/1.0***0.397***
[11/Mar/2024:14:54:08 +0530] POST /api/account/login/ HTTP/1.0***0.407***
[11/Mar/2024:14:54:08 +0530] GET /api/course/ HTTP/1.0***0.031***
[11/Mar/2024:14:54:08 +0530] GET /api/course/ HTTP/1.0***0.033***
[11/Mar/2024:14:54:09 +0530] POST /api/account/login/ HTTP/1.0***0.400***
[11/Mar/2024:14:54:09 +0530] POST /api/account/login/ HTTP/1.0***0.406***
[11/Mar/2024:14:54:09 +0530] GET /api/course/ HTTP/1.0***0.027***
[11/Mar/2024:14:54:09 +0530] GET /api/course/ HTTP/1.0***0.029***
[11/Mar/2024:14:54:09 +0530] GET /api/quiz/CS007/downloadable-quizzes/ HTTP/1.0***0.088***
[11/Mar/2024:14:54:09 +0530] GET /api/quiz/CS007/downloadable-quizzes/ HTTP/1.0***0.090***
[11/Mar/2024:14:54:10 +0530] POST /api/account/login/ HTTP/1.0***0.404***
[11/Mar/2024:14:54:10 +0530] POST /api/account/login/ HTTP/1.0***0.405***
[11/Mar/2024:14:54:10 +0530] GET /api/course/ HTTP/1.0***0.032***
[11/Mar/2024:14:54:10 +0530] GET /api/course/ HTTP/1.0***0.033***
[11/Mar/2024:14:54:10 +0530] GET /api/quiz/CS007/downloadable-quizzes/ HTTP/1.0***0.086***
[11/Mar/2024:14:54:10 +0530] GET /api/quiz/CS007/downloadable-quizzes/ HTTP/1.0***0.093***
[11/Mar/2024:14:54:11 +0530] POST /api/account/login/ HTTP/1.0***0.413***
[11/Mar/2024:14:54:11 +0530] POST /api/account/login/ HTTP/1.0***0.422***
[11/Mar/2024:14:54:11 +0530] GET /api/course/ HTTP/1.0***0.028***
[11/Mar/2024:14:54:11 +0530] GET /api/quiz/CS007/downloadable-quizzes/ HTTP/1.0***0.085***
[11/Mar/2024:14:54:11 +0530] GET /api/quiz/CS007/downloadable-quizzes/ HTTP/1.0***0.086***
[11/Mar/2024:14:54:12 +0530] POST /api/account/login/ HTTP/1.0***0.405***
[11/Mar/2024:14:54:12 +0530] POST /api/account/login/ HTTP/1.0***0.410***
[11/Mar/2024:14:54:12 +0530] GET /api/course/ HTTP/1.0***0.027***
[11/Mar/2024:14:54:12 +0530] GET /api/course/ HTTP/1.0***0.027***
[11/Mar/2024:14:54:12 +0530] GET /api/course/ HTTP/1.0***0.024***
[11/Mar/2024:14:54:12 +0530] GET /api/quiz/CS007/downloadable-quizzes/ HTTP/1.0***0.083***
[11/Mar/2024:14:54:13 +0530] POST /api/account/login/ HTTP/1.0***0.385***
[11/Mar/2024:14:54:13 +0530] POST /api/account/login/ HTTP/1.0***0.409***
[11/Mar/2024:14:54:13 +0530] GET /api/course/ HTTP/1.0***0.029***
[11/Mar/2024:14:54:13 +0530] GET /api/quiz/CS007.VY/info/ HTTP/1.0***2.881***
[11/Mar/2024:14:54:13 +0530] GET /api/quiz/CS007.VY/info/ HTTP/1.0***2.891***
[11/Mar/2024:14:54:13 +0530] GET /api/course/ HTTP/1.0***0.030***
[11/Mar/2024:14:54:13 +0530] GET /api/quiz/CS007/downloadable-quizzes/ HTTP/1.0***0.089***
[11/Mar/2024:14:54:13 +0530] GET /api/quiz/CS007/downloadable-quizzes/ HTTP/1.0***0.082***
[11/Mar/2024:14:54:13 +0530] GET /api/quiz/CS007/downloadable-quizzes/ HTTP/1.0***0.081***
[11/Mar/2024:14:54:14 +0530] POST /api/account/login/ HTTP/1.0***0.409***
[11/Mar/2024:14:54:14 +0530] POST /api/account/login/ HTTP/1.0***0.404***
[11/Mar/2024:14:54:14 +0530] GET /api/course/ HTTP/1.0***0.035***
[11/Mar/2024:14:54:14 +0530] GET /api/quiz/CS007.VY/info/ HTTP/1.0***2.866***
[11/Mar/2024:14:54:14 +0530] GET /api/course/ HTTP/1.0***0.026***
[11/Mar/2024:14:54:14 +0530] GET /api/quiz/CS007.VY/info/ HTTP/1.0***2.866***
[11/Mar/2024:14:54:14 +0530] GET /api/quiz/CS007.VY/download/ HTTP/1.0***0.023***
[11/Mar/2024:14:54:14 +0530] GET /api/quiz/CS007.VY/download/ HTTP/1.0***0.022***
[11/Mar/2024:14:54:14 +0530] GET /api/quiz/CS007/downloadable-quizzes/ HTTP/1.0***0.086***
[11/Mar/2024:14:54:14 +0530] GET /api/quiz/CS007/downloadable-quizzes/ HTTP/1.0***0.086***
[11/Mar/2024:14:54:15 +0530] GET /api/quiz/CS007.VY/info/ HTTP/1.0***2.793***
[11/Mar/2024:14:54:15 +0530] GET /api/quiz/CS007.VY/info/ HTTP/1.0***2.812***
[11/Mar/2024:14:54:15 +0530] POST /api/account/login/ HTTP/1.0***0.432***
[11/Mar/2024:14:54:15 +0530] POST /api/account/login/ HTTP/1.0***0.439***
[11/Mar/2024:14:54:15 +0530] GET /api/course/ HTTP/1.0***0.032***
[11/Mar/2024:14:54:15 +0530] GET /api/quiz/CS007.VY/download/ HTTP/1.0***0.025***
[11/Mar/2024:14:54:15 +0530] GET /api/course/ HTTP/1.0***0.032***
[11/Mar/2024:14:54:15 +0530] GET /api/quiz/CS007.VY/download/ HTTP/1.0***0.024***
[11/Mar/2024:14:54:15 +0530] GET /api/quiz/CS007/downloadable-quizzes/ HTTP/1.0***0.082***
[11/Mar/2024:14:54:15 +0530] GET /api/quiz/CS007/downloadable-quizzes/ HTTP/1.0***0.078***
[11/Mar/2024:14:54:15 +0530] GET /api/quiz/CS007.VY/authenticate/ HTTP/1.0***0.086***
[11/Mar/2024:14:54:16 +0530] GET /api/quiz/CS007.VY/authenticate/ HTTP/1.0***0.182***
[11/Mar/2024:14:54:16 +0530] POST /api/account/login/ HTTP/1.0***0.411***
[11/Mar/2024:14:54:16 +0530] POST /api/account/login/ HTTP/1.0***0.412***
[11/Mar/2024:14:54:16 +0530] GET /api/quiz/CS007.VY/download/ HTTP/1.0***0.024***
[11/Mar/2024:14:54:16 +0530] GET /api/quiz/CS007.VY/download/ HTTP/1.0***0.021***
[11/Mar/2024:14:54:16 +0530] GET /api/course/ HTTP/1.0***0.030***
[11/Mar/2024:14:54:16 +0530] GET /api/course/ HTTP/1.0***0.032***
[11/Mar/2024:14:54:16 +0530] GET /api/quiz/CS007/downloadable-quizzes/ HTTP/1.0***0.081***
[11/Mar/2024:14:54:16 +0530] GET /api/quiz/CS007.VY/authenticate/ HTTP/1.0***0.119***
[11/Mar/2024:14:54:16 +0530] GET /api/quiz/CS007.VY/authenticate/ HTTP/1.0***0.110***
[11/Mar/2024:14:54:16 +0530] GET /api/quiz/CS007/downloadable-quizzes/ HTTP/1.0***0.142***
[11/Mar/2024:14:54:16 +0530] GET /api/quiz/CS007.VY/info/ HTTP/1.0***3.024***
[11/Mar/2024:14:54:17 +0530] POST /api/account/login/ HTTP/1.0***0.393***
[11/Mar/2024:14:54:17 +0530] POST /api/quiz/b764dce89c3b45deb15bab32b639e8a5/submit/ HTTP/1.0***0.852***
[11/Mar/2024:14:54:17 +0530] POST /api/account/login/ HTTP/1.0***0.410***
[11/Mar/2024:14:54:17 +0530] GET /api/course/ HTTP/1.0***0.025***
[11/Mar/2024:14:54:17 +0530] GET /api/course/ HTTP/1.0***0.034***
[11/Mar/2024:14:54:17 +0530] GET /api/quiz/CS007.VY/authenticate/ HTTP/1.0***0.113***
[11/Mar/2024:14:54:17 +0530] GET /api/quiz/CS007.VY/authenticate/ HTTP/1.0***0.108***
[11/Mar/2024:14:54:17 +0530] GET /api/quiz/CS007/downloadable-quizzes/ HTTP/1.0***0.086***
[11/Mar/2024:14:54:17 +0530] GET /api/quiz/CS007/downloadable-quizzes/ HTTP/1.0***0.092***
[11/Mar/2024:14:54:17 +0530] GET /api/quiz/CS007.VY/info/ HTTP/1.0***3.078***
[11/Mar/2024:14:54:18 +0530] GET /api/quiz/CS007.VY/info/ HTTP/1.0***3.096***
[11/Mar/2024:14:54:18 +0530] POST /api/quiz/041ef0028e3040b49b4cdfefaabbf921/submit/ HTTP/1.0***0.978***
[11/Mar/2024:14:54:18 +0530] GET /api/quiz/CS007.VY/download/ HTTP/1.0***0.022***
[11/Mar/2024:14:54:18 +0530] GET /api/quiz/CS007.VY/info/ HTTP/1.0***3.105***
[11/Mar/2024:14:54:18 +0530] POST /api/account/login/ HTTP/1.0***0.376***
[11/Mar/2024:14:54:18 +0530] POST /api/account/login/ HTTP/1.0***0.407***
[11/Mar/2024:14:54:18 +0530] GET /api/course/ HTTP/1.0***0.028***
[11/Mar/2024:14:54:18 +0530] GET /api/course/ HTTP/1.0***0.034***
[11/Mar/2024:14:54:18 +0530] POST /api/quiz/3abd47f1e9834e86b62dceeee851f09e/submit/ HTTP/1.0***0.931***
[11/Mar/2024:14:54:18 +0530] GET /api/quiz/CS007/downloadable-quizzes/ HTTP/1.0***0.086***
[11/Mar/2024:14:54:18 +0530] GET /api/quiz/CS007/downloadable-quizzes/ HTTP/1.0***0.082***
[11/Mar/2024:14:54:18 +0530] GET /api/quiz/CS007.VY/info/ HTTP/1.0***3.075***
[11/Mar/2024:14:54:18 +0530] GET /api/quiz/CS007.VY/info/ HTTP/1.0***3.068***
[11/Mar/2024:14:54:19 +0530] GET /api/quiz/CS007.VY/download/ HTTP/1.0***0.018***
[11/Mar/2024:14:54:19 +0530] GET /api/quiz/CS007.VY/download/ HTTP/1.0***0.023***
[11/Mar/2024:14:54:19 +0530] POST /api/quiz/404994426a754e868215ceaa8bf60e07/submit/ HTTP/1.0***1.099***
[11/Mar/2024:14:54:19 +0530] GET /api/quiz/CS007.VY/download/ HTTP/1.0***0.026***
[11/Mar/2024:14:54:19 +0530] GET /api/quiz/CS007.VY/authenticate/ HTTP/1.0***0.105***
[11/Mar/2024:14:54:19 +0530] POST /api/account/login/ HTTP/1.0***0.378***
[11/Mar/2024:14:54:19 +0530] GET /api/course/ HTTP/1.0***0.031***
[11/Mar/2024:14:54:19 +0530] GET /api/quiz/CS007.VY/info/ HTTP/1.0***2.922***
[11/Mar/2024:14:54:19 +0530] GET /api/course/ HTTP/1.0***0.027***
[11/Mar/2024:14:54:19 +0530] POST /api/account/login/ HTTP/1.0***0.413***
[11/Mar/2024:14:54:19 +0530] POST /api/account/login/ HTTP/1.0***0.419***
[11/Mar/2024:14:54:19 +0530] POST /api/account/login/ HTTP/1.0***0.442***
[11/Mar/2024:14:54:19 +0530] POST /api/quiz/66f5f6c6a20e454a913e9e612d81c558/submit/ HTTP/1.0***0.929***
[11/Mar/2024:14:54:19 +0530] GET /api/quiz/CS007/downloadable-quizzes/ HTTP/1.0***0.077***
[11/Mar/2024:14:54:19 +0530] GET /api/quiz/CS007/downloadable-quizzes/ HTTP/1.0***0.087***
[11/Mar/2024:14:54:19 +0530] GET /api/quiz/CS007.VY/info/ HTTP/1.0***3.036***
[11/Mar/2024:14:54:20 +0530] GET /api/quiz/CS007.VY/download/ HTTP/1.0***0.024***
[11/Mar/2024:14:54:20 +0530] GET /api/quiz/CS007.VY/download/ HTTP/1.0***0.024***
[11/Mar/2024:14:54:20 +0530] POST /api/quiz/5f905ee6b8dc48eaac5f2a5278aba207/submit/ HTTP/1.0***1.160***
[11/Mar/2024:14:54:20 +0530] GET /api/quiz/CS007.VY/authenticate/ HTTP/1.0***0.114***
[11/Mar/2024:14:54:20 +0530] GET /api/quiz/CS007.VY/authenticate/ HTTP/1.0***0.099***
[11/Mar/2024:14:54:20 +0530] GET /api/quiz/CS007.VY/authenticate/ HTTP/1.0***0.113***
[11/Mar/2024:14:54:20 +0530] GET /api/course/ HTTP/1.0***0.033***
[11/Mar/2024:14:54:20 +0530] POST /api/account/login/ HTTP/1.0***0.416***
[11/Mar/2024:14:54:20 +0530] POST /api/account/login/ HTTP/1.0***0.420***
[11/Mar/2024:14:54:20 +0530] POST /api/account/login/ HTTP/1.0***0.420***
[11/Mar/2024:14:54:20 +0530] GET /api/quiz/CS007.VY/download/ HTTP/1.0***0.025***
[11/Mar/2024:14:54:20 +0530] GET /api/course/ HTTP/1.0***0.031***
[11/Mar/2024:14:54:20 +0530] GET /api/course/ HTTP/1.0***0.028***
[11/Mar/2024:14:54:20 +0530] GET /api/quiz/CS007.VY/info/ HTTP/1.0***2.955***
[11/Mar/2024:14:54:20 +0530] POST /api/account/login/ HTTP/1.0***0.455***
[11/Mar/2024:14:54:20 +0530] GET /api/quiz/CS007/downloadable-quizzes/ HTTP/1.0***0.087***
[11/Mar/2024:14:54:20 +0530] GET /api/course/ HTTP/1.0***0.032***
[11/Mar/2024:14:54:20 +0530] GET /api/quiz/CS007/downloadable-quizzes/ HTTP/1.0***0.080***
[11/Mar/2024:14:54:20 +0530] GET /api/quiz/CS007.VY/info/ HTTP/1.0***2.937***
[11/Mar/2024:14:54:20 +0530] GET /api/quiz/CS007.VY/download/ HTTP/1.0***0.020***
[11/Mar/2024:14:54:21 +0530] GET /api/quiz/CS007.VY/authenticate/ HTTP/1.0***0.069***
[11/Mar/2024:14:54:21 +0530] GET /api/quiz/CS007.VY/authenticate/ HTTP/1.0***0.070***
[11/Mar/2024:14:54:21 +0530] POST /api/quiz/681415c26e65441ab8c92efeeca2ec6f/submit/ HTTP/1.0***0.968***
[11/Mar/2024:14:54:21 +0530] POST /api/account/login/ HTTP/1.0***0.413***
[11/Mar/2024:14:54:21 +0530] POST /api/account/login/ HTTP/1.0***0.420***
[11/Mar/2024:14:54:21 +0530] POST /api/account/login/ HTTP/1.0***0.428***
[11/Mar/2024:14:54:21 +0530] POST /api/account/login/ HTTP/1.0***0.430***
[11/Mar/2024:14:54:21 +0530] GET /api/course/ HTTP/1.0***0.024***
[11/Mar/2024:14:54:21 +0530] GET /api/course/ HTTP/1.0***0.029***
[11/Mar/2024:14:54:21 +0530] GET /api/course/ HTTP/1.0***0.027***
[11/Mar/2024:14:54:21 +0530] GET /api/quiz/CS007.VY/download/ HTTP/1.0***0.017***
[11/Mar/2024:14:54:21 +0530] GET /api/course/ HTTP/1.0***0.024***
[11/Mar/2024:14:54:21 +0530] GET /api/quiz/CS007.VY/authenticate/ HTTP/1.0***0.062***
[11/Mar/2024:14:54:21 +0530] GET /api/quiz/CS007/downloadable-quizzes/ HTTP/1.0***0.083***
[11/Mar/2024:14:54:21 +0530] GET /api/quiz/CS007.VY/info/ HTTP/1.0***2.965***
[11/Mar/2024:14:54:21 +0530] GET /api/quiz/CS007/downloadable-quizzes/ HTTP/1.0***0.076***
[11/Mar/2024:14:54:21 +0530] GET /api/quiz/CS007.VY/info/ HTTP/1.0***2.983***
[11/Mar/2024:14:54:21 +0530] GET /api/quiz/CS007.VY/download/ HTTP/1.0***0.024***
[11/Mar/2024:14:54:21 +0530] GET /api/quiz/CS007/downloadable-quizzes/ HTTP/1.0***0.087***
[11/Mar/2024:14:54:21 +0530] GET /api/quiz/CS007/downloadable-quizzes/ HTTP/1.0***0.080***
[11/Mar/2024:14:54:22 +0530] GET /api/quiz/CS007.VY/authenticate/ HTTP/1.0***0.062***
[11/Mar/2024:14:54:22 +0530] POST /api/quiz/0863218736314130a4acf704c1af3c36/submit/ HTTP/1.0***0.984***
[11/Mar/2024:14:54:22 +0530] POST /api/quiz/db3adb7d324948f9b5cfff8dae9a8f6b/submit/ HTTP/1.0***1.125***
[11/Mar/2024:14:54:22 +0530] POST /api/quiz/cab1da3c3b5649a2b0882c16697736a8/submit/ HTTP/1.0***1.234***
[11/Mar/2024:14:54:22 +0530] POST /api/account/login/ HTTP/1.0***0.414***
[11/Mar/2024:14:54:22 +0530] POST /api/account/login/ HTTP/1.0***0.421***
[11/Mar/2024:14:54:22 +0530] POST /api/account/login/ HTTP/1.0***0.435***
[11/Mar/2024:14:54:22 +0530] GET /api/course/ HTTP/1.0***0.030***
[11/Mar/2024:14:54:22 +0530] GET /api/course/ HTTP/1.0***0.035***
[11/Mar/2024:14:54:22 +0530] GET /api/course/ HTTP/1.0***0.028***
[11/Mar/2024:14:54:22 +0530] GET /api/course/ HTTP/1.0***0.030***
[11/Mar/2024:14:54:22 +0530] GET /api/quiz/CS007.VY/info/ HTTP/1.0***2.977***
[11/Mar/2024:14:54:22 +0530] GET /api/quiz/CS007.VY/download/ HTTP/1.0***0.024***
[11/Mar/2024:14:54:22 +0530] GET /api/quiz/CS007/downloadable-quizzes/ HTTP/1.0***0.078***
[11/Mar/2024:14:54:22 +0530] GET /api/quiz/CS007/downloadable-quizzes/ HTTP/1.0***0.080***
[11/Mar/2024:14:54:22 +0530] GET /api/quiz/CS007/downloadable-quizzes/ HTTP/1.0***0.081***
[11/Mar/2024:14:54:22 +0530] GET /api/quiz/CS007.VY/download/ HTTP/1.0***0.023***
[11/Mar/2024:14:54:22 +0530] GET /api/quiz/CS007.VY/authenticate/ HTTP/1.0***0.089***
[11/Mar/2024:14:54:23 +0530] GET /api/quiz/CS007/downloadable-quizzes/ HTTP/1.0***0.111***
[11/Mar/2024:14:54:23 +0530] GET /api/quiz/CS007.VY/authenticate/ HTTP/1.0***0.069***
[11/Mar/2024:14:54:23 +0530] POST /api/quiz/8732054d05034d0aaedf93dc3b408f63/submit/ HTTP/1.0***0.934***
[11/Mar/2024:14:54:23 +0530] GET /api/quiz/CS007.VY/info/ HTTP/1.0***3.130***
[11/Mar/2024:14:54:23 +0530] POST /api/quiz/fabefb47229e4050ae7b95eb095d5899/submit/ HTTP/1.0***0.975***
[11/Mar/2024:14:54:23 +0530] GET /api/quiz/CS007.VY/info/ HTTP/1.0***2.981***
[11/Mar/2024:14:54:23 +0530] POST /api/account/login/ HTTP/1.0***0.445***
[11/Mar/2024:14:54:23 +0530] POST /api/account/login/ HTTP/1.0***0.445***
[11/Mar/2024:14:54:23 +0530] POST /api/account/login/ HTTP/1.0***0.453***
[11/Mar/2024:14:54:23 +0530] POST /api/account/login/ HTTP/1.0***0.458***
[11/Mar/2024:14:54:23 +0530] GET /api/course/ HTTP/1.0***0.031***
[11/Mar/2024:14:54:23 +0530] GET /api/course/ HTTP/1.0***0.032***
[11/Mar/2024:14:54:23 +0530] GET /api/course/ HTTP/1.0***0.034***
[11/Mar/2024:14:54:23 +0530] GET /api/quiz/CS007.VY/download/ HTTP/1.0***0.019***
[11/Mar/2024:14:54:23 +0530] GET /api/quiz/CS007.VY/info/ HTTP/1.0***2.997***
[11/Mar/2024:14:54:23 +0530] GET /api/quiz/CS007/downloadable-quizzes/ HTTP/1.0***0.072***
[11/Mar/2024:14:54:23 +0530] POST /api/quiz/e124c5217ec643178396633e2f1a4a50/submit/ HTTP/1.0***0.931***
[11/Mar/2024:14:54:23 +0530] GET /api/quiz/CS007/downloadable-quizzes/ HTTP/1.0***0.082***
[11/Mar/2024:14:54:23 +0530] GET /api/quiz/CS007/downloadable-quizzes/ HTTP/1.0***0.079***
[11/Mar/2024:14:54:23 +0530] GET /api/quiz/CS007/downloadable-quizzes/ HTTP/1.0***0.082***
[11/Mar/2024:14:54:24 +0530] GET /api/quiz/CS007.VY/download/ HTTP/1.0***0.025***
[11/Mar/2024:14:54:24 +0530] POST /api/quiz/7b111de329db46bda084c4bb6f59618a/submit/ HTTP/1.0***1.258***
[11/Mar/2024:14:54:24 +0530] GET /api/quiz/CS007.VY/authenticate/ HTTP/1.0***0.232***
[11/Mar/2024:14:54:24 +0530] GET /api/quiz/CS007.VY/authenticate/ HTTP/1.0***0.219***
[11/Mar/2024:14:54:24 +0530] POST /api/account/login/ HTTP/1.0***0.441***
[11/Mar/2024:14:54:24 +0530] POST /api/account/login/ HTTP/1.0***0.444***
[11/Mar/2024:14:54:24 +0530] POST /api/account/login/ HTTP/1.0***0.444***
[11/Mar/2024:14:54:24 +0530] POST /api/account/login/ HTTP/1.0***0.444***
[11/Mar/2024:14:54:24 +0530] GET /api/quiz/CS007.VY/download/ HTTP/1.0***0.025***
[11/Mar/2024:14:54:24 +0530] POST /api/account/login/ HTTP/1.0***0.454***
[11/Mar/2024:14:54:24 +0530] GET /api/course/ HTTP/1.0***0.033***
[11/Mar/2024:14:54:24 +0530] GET /api/course/ HTTP/1.0***0.034***
[11/Mar/2024:14:54:24 +0530] GET /api/course/ HTTP/1.0***0.027***
[11/Mar/2024:14:54:24 +0530] GET /api/course/ HTTP/1.0***0.029***
[11/Mar/2024:14:54:24 +0530] GET /api/quiz/CS007.VY/download/ HTTP/1.0***0.019***
[11/Mar/2024:14:54:24 +0530] POST /api/quiz/20c5d82230c84c63841d17c05f86546e/submit/ HTTP/1.0***0.970***
[11/Mar/2024:14:54:24 +0530] GET /api/quiz/CS007/downloadable-quizzes/ HTTP/1.0***0.079***
[11/Mar/2024:14:54:25 +0530] GET /api/quiz/CS007.VY/authenticate/ HTTP/1.0***0.071***
[11/Mar/2024:14:54:25 +0530] GET /api/quiz/CS007/downloadable-quizzes/ HTTP/1.0***0.083***
[11/Mar/2024:14:54:25 +0530] GET /api/quiz/CS007/downloadable-quizzes/ HTTP/1.0***0.086***
[11/Mar/2024:14:54:25 +0530] POST /api/quiz/8f0416ad3a504fb6a808cd90da54fd31/submit/ HTTP/1.0***1.049***
[11/Mar/2024:14:54:25 +0530] GET /api/quiz/CS007.VY/authenticate/ HTTP/1.0***0.069***
[11/Mar/2024:14:54:25 +0530] GET /api/quiz/CS007.VY/info/ HTTP/1.0***3.263***
[11/Mar/2024:14:54:25 +0530] GET /api/quiz/CS007.VY/info/ HTTP/1.0***3.293***
[11/Mar/2024:14:54:25 +0530] POST /api/account/login/ HTTP/1.0***0.403***
[11/Mar/2024:14:54:25 +0530] POST /api/account/login/ HTTP/1.0***0.455***
[11/Mar/2024:14:54:25 +0530] POST /api/account/login/ HTTP/1.0***0.461***
[11/Mar/2024:14:54:25 +0530] POST /api/account/login/ HTTP/1.0***0.461***
[11/Mar/2024:14:54:25 +0530] GET /api/course/ HTTP/1.0***0.029***
[11/Mar/2024:14:54:25 +0530] GET /api/course/ HTTP/1.0***0.027***
[11/Mar/2024:14:54:25 +0530] GET /api/course/ HTTP/1.0***0.029***
[11/Mar/2024:14:54:25 +0530] GET /api/course/ HTTP/1.0***0.029***
[11/Mar/2024:14:54:25 +0530] GET /api/course/ HTTP/1.0***0.032***
[11/Mar/2024:14:54:25 +0530] GET /api/quiz/CS007.VY/authenticate/ HTTP/1.0***0.065***
[11/Mar/2024:14:54:26 +0530] GET /api/quiz/CS007/downloadable-quizzes/ HTTP/1.0***0.083***
[11/Mar/2024:14:54:26 +0530] GET /api/quiz/CS007/downloadable-quizzes/ HTTP/1.0***0.080***
[11/Mar/2024:14:54:26 +0530] GET /api/quiz/CS007/downloadable-quizzes/ HTTP/1.0***0.086***
[11/Mar/2024:14:54:26 +0530] GET /api/quiz/CS007/downloadable-quizzes/ HTTP/1.0***0.079***
[11/Mar/2024:14:54:26 +0530] GET /api/quiz/CS007.VY/authenticate/ HTTP/1.0***0.065***
[11/Mar/2024:14:54:26 +0530] POST /api/quiz/574ef775c5d04086a57559e8e7d03187/submit/ HTTP/1.0***0.951***
[11/Mar/2024:14:54:26 +0530] GET /api/quiz/CS007.VY/info/ HTTP/1.0***3.247***
[11/Mar/2024:14:54:26 +0530] GET /api/quiz/CS007.VY/download/ HTTP/1.0***0.021***
[11/Mar/2024:14:54:26 +0530] GET /api/quiz/CS007.VY/info/ HTTP/1.0***3.239***
[11/Mar/2024:14:54:26 +0530] POST /api/quiz/69277a0ae411498f968e111ebbb9c6c6/submit/ HTTP/1.0***1.000***
[11/Mar/2024:14:54:26 +0530] GET /api/quiz/CS007.VY/info/ HTTP/1.0***3.240***
[11/Mar/2024:14:54:26 +0530] GET /api/quiz/CS007.VY/info/ HTTP/1.0***3.220***
[11/Mar/2024:14:54:26 +0530] GET /api/quiz/CS007.VY/download/ HTTP/1.0***0.024***
[11/Mar/2024:14:54:26 +0530] POST /api/account/login/ HTTP/1.0***0.391***
[11/Mar/2024:14:54:26 +0530] GET /api/course/ HTTP/1.0***0.026***
[11/Mar/2024:14:54:26 +0530] POST /api/account/login/ HTTP/1.0***0.423***
[11/Mar/2024:14:54:26 +0530] POST /api/account/login/ HTTP/1.0***0.443***
[11/Mar/2024:14:54:26 +0530] POST /api/account/login/ HTTP/1.0***0.442***
[11/Mar/2024:14:54:26 +0530] GET /api/course/ HTTP/1.0***0.027***
[11/Mar/2024:14:54:26 +0530] GET /api/course/ HTTP/1.0***0.035***
[11/Mar/2024:14:54:26 +0530] GET /api/course/ HTTP/1.0***0.029***
[11/Mar/2024:14:54:27 +0530] POST /api/quiz/0a7a1ed137ae4faba6fbd24b6e6901bb/submit/ HTTP/1.0***1.020***
[11/Mar/2024:14:54:27 +0530] GET /api/quiz/CS007/downloadable-quizzes/ HTTP/1.0***0.101***
[11/Mar/2024:14:54:27 +0530] GET /api/quiz/CS007/downloadable-quizzes/ HTTP/1.0***0.097***
[11/Mar/2024:14:54:27 +0530] GET /api/quiz/CS007/downloadable-quizzes/ HTTP/1.0***0.097***
[11/Mar/2024:14:54:27 +0530] GET /api/quiz/CS007/downloadable-quizzes/ HTTP/1.0***0.098***
[11/Mar/2024:14:54:27 +0530] GET /api/quiz/CS007/downloadable-quizzes/ HTTP/1.0***0.100***
[11/Mar/2024:14:54:27 +0530] POST /api/quiz/62cc2a2c5a6a4c79b44411d47462f58e/submit/ HTTP/1.0***0.950***
[11/Mar/2024:14:54:27 +0530] GET /api/quiz/CS007.VY/download/ HTTP/1.0***0.022***
[11/Mar/2024:14:54:27 +0530] GET /api/quiz/CS007.VY/download/ HTTP/1.0***0.018***
[11/Mar/2024:14:54:27 +0530] GET /api/quiz/CS007.VY/download/ HTTP/1.0***0.019***
[11/Mar/2024:14:54:27 +0530] GET /api/quiz/CS007.VY/download/ HTTP/1.0***0.020***
[11/Mar/2024:14:54:27 +0530] GET /api/quiz/CS007.VY/authenticate/ HTTP/1.0***0.126***
[11/Mar/2024:14:54:27 +0530] GET /api/quiz/CS007.VY/authenticate/ HTTP/1.0***0.088***
[11/Mar/2024:14:54:27 +0530] GET /api/quiz/CS007.VY/info/ HTTP/1.0***3.410***
[11/Mar/2024:14:54:27 +0530] GET /api/quiz/CS007.VY/info/ HTTP/1.0***3.443***
[11/Mar/2024:14:54:27 +0530] GET /api/quiz/CS007.VY/info/ HTTP/1.0***3.561***
[11/Mar/2024:14:54:27 +0530] GET /api/quiz/CS007.VY/info/ HTTP/1.0***3.525***
[11/Mar/2024:14:54:27 +0530] POST /api/account/login/ HTTP/1.0***0.426***
[11/Mar/2024:14:54:27 +0530] POST /api/account/login/ HTTP/1.0***0.429***
[11/Mar/2024:14:54:27 +0530] POST /api/account/login/ HTTP/1.0***0.431***
[11/Mar/2024:14:54:27 +0530] GET /api/course/ HTTP/1.0***0.036***
[11/Mar/2024:14:54:27 +0530] GET /api/course/ HTTP/1.0***0.025***
[11/Mar/2024:14:54:27 +0530] POST /api/account/login/ HTTP/1.0***0.462***
[11/Mar/2024:14:54:27 +0530] GET /api/course/ HTTP/1.0***0.027***
[11/Mar/2024:14:54:27 +0530] GET /api/course/ HTTP/1.0***0.036***
[11/Mar/2024:14:54:27 +0530] GET /api/quiz/CS007/downloadable-quizzes/ HTTP/1.0***0.081***
[11/Mar/2024:14:54:27 +0530] POST /api/quiz/f61933aafc104d35a50fec5fe2fce194/submit/ HTTP/1.0***0.977***
[11/Mar/2024:14:54:28 +0530] POST /api/quiz/53a084ad27394884b5dbaead052bc7ab/submit/ HTTP/1.0***0.972***
[11/Mar/2024:14:54:28 +0530] GET /api/quiz/CS007/downloadable-quizzes/ HTTP/1.0***0.083***
[11/Mar/2024:14:54:28 +0530] GET /api/quiz/CS007/downloadable-quizzes/ HTTP/1.0***0.089***
[11/Mar/2024:14:54:28 +0530] GET /api/quiz/CS007/downloadable-quizzes/ HTTP/1.0***0.087***
[11/Mar/2024:14:54:28 +0530] GET /api/quiz/CS007.VY/info/ HTTP/1.0***3.160***
[11/Mar/2024:14:54:28 +0530] GET /api/quiz/CS007.VY/info/ HTTP/1.0***3.155***
[11/Mar/2024:14:54:28 +0530] GET /api/quiz/CS007.VY/info/ HTTP/1.0***3.180***
[11/Mar/2024:14:54:28 +0530] GET /api/quiz/CS007.VY/info/ HTTP/1.0***3.250***
[11/Mar/2024:14:54:28 +0530] GET /api/quiz/CS007.VY/authenticate/ HTTP/1.0***0.063***
[11/Mar/2024:14:54:28 +0530] GET /api/quiz/CS007.VY/authenticate/ HTTP/1.0***0.070***
[11/Mar/2024:14:54:28 +0530] GET /api/quiz/CS007.VY/authenticate/ HTTP/1.0***0.070***
[11/Mar/2024:14:54:28 +0530] GET /api/quiz/CS007.VY/authenticate/ HTTP/1.0***0.071***
[11/Mar/2024:14:54:28 +0530] GET /api/quiz/CS007.VY/download/ HTTP/1.0***0.022***
[11/Mar/2024:14:54:28 +0530] GET /api/quiz/CS007.VY/download/ HTTP/1.0***0.025***
[11/Mar/2024:14:54:28 +0530] GET /api/quiz/CS007.VY/download/ HTTP/1.0***0.023***
[11/Mar/2024:14:54:28 +0530] GET /api/quiz/CS007.VY/download/ HTTP/1.0***0.024***
[11/Mar/2024:14:54:28 +0530] POST /api/account/login/ HTTP/1.0***0.423***
[11/Mar/2024:14:54:28 +0530] POST /api/account/login/ HTTP/1.0***0.426***
[11/Mar/2024:14:54:28 +0530] POST /api/account/login/ HTTP/1.0***0.428***
[11/Mar/2024:14:54:28 +0530] POST /api/account/login/ HTTP/1.0***0.453***
[11/Mar/2024:14:54:28 +0530] GET /api/course/ HTTP/1.0***0.027***
[11/Mar/2024:14:54:28 +0530] GET /api/course/ HTTP/1.0***0.030***
[11/Mar/2024:14:54:28 +0530] GET /api/course/ HTTP/1.0***0.026***
[11/Mar/2024:14:54:28 +0530] GET /api/course/ HTTP/1.0***0.029***
[11/Mar/2024:14:54:28 +0530] GET /api/quiz/CS007.VY/info/ HTTP/1.0***2.972***
[11/Mar/2024:14:54:28 +0530] GET /api/quiz/CS007/downloadable-quizzes/ HTTP/1.0***0.078***
[11/Mar/2024:14:54:28 +0530] GET /api/quiz/CS007.VY/info/ HTTP/1.0***2.984***
[11/Mar/2024:14:54:29 +0530] GET /api/quiz/CS007/downloadable-quizzes/ HTTP/1.0***0.078***
[11/Mar/2024:14:54:29 +0530] GET /api/quiz/CS007/downloadable-quizzes/ HTTP/1.0***0.080***
[11/Mar/2024:14:54:29 +0530] GET /api/quiz/CS007/downloadable-quizzes/ HTTP/1.0***0.078***
[11/Mar/2024:14:54:29 +0530] GET /api/quiz/CS007.VY/download/ HTTP/1.0***0.023***
[11/Mar/2024:14:54:29 +0530] GET /api/quiz/CS007.VY/download/ HTTP/1.0***0.022***
[11/Mar/2024:14:54:29 +0530] GET /api/quiz/CS007.VY/download/ HTTP/1.0***0.020***
[11/Mar/2024:14:54:29 +0530] GET /api/quiz/CS007.VY/info/ HTTP/1.0***3.190***
[11/Mar/2024:14:54:29 +0530] GET /api/quiz/CS007.VY/download/ HTTP/1.0***0.022***
[11/Mar/2024:14:54:29 +0530] POST /api/quiz/beca9384c0fb482aa8d00cee38276570/submit/ HTTP/1.0***0.942***
[11/Mar/2024:14:54:29 +0530] POST /api/quiz/f78701d8be1d4c2889b2a493a71d93e6/submit/ HTTP/1.0***0.992***
[11/Mar/2024:14:54:29 +0530] GET /api/quiz/CS007.VY/authenticate/ HTTP/1.0***0.066***
[11/Mar/2024:14:54:29 +0530] GET /api/quiz/CS007.VY/authenticate/ HTTP/1.0***0.065***
[11/Mar/2024:14:54:29 +0530] GET /api/quiz/CS007.VY/authenticate/ HTTP/1.0***0.070***
[11/Mar/2024:14:54:29 +0530] GET /api/quiz/CS007.VY/authenticate/ HTTP/1.0***0.074***
[11/Mar/2024:14:54:29 +0530] POST /api/account/login/ HTTP/1.0***0.438***
[11/Mar/2024:14:54:29 +0530] POST /api/account/login/ HTTP/1.0***0.443***
[11/Mar/2024:14:54:29 +0530] POST /api/account/login/ HTTP/1.0***0.445***
[11/Mar/2024:14:54:29 +0530] POST /api/account/login/ HTTP/1.0***0.449***
[11/Mar/2024:14:54:29 +0530] GET /api/course/ HTTP/1.0***0.029***
[11/Mar/2024:14:54:29 +0530] GET /api/course/ HTTP/1.0***0.028***
[11/Mar/2024:14:54:29 +0530] GET /api/course/ HTTP/1.0***0.032***
[11/Mar/2024:14:54:29 +0530] GET /api/quiz/CS007.VY/info/ HTTP/1.0***2.931***
[11/Mar/2024:14:54:29 +0530] GET /api/quiz/CS007.VY/info/ HTTP/1.0***2.914***
[11/Mar/2024:14:54:29 +0530] GET /api/course/ HTTP/1.0***0.028***
[11/Mar/2024:14:54:29 +0530] GET /api/quiz/CS007.VY/info/ HTTP/1.0***2.935***
[11/Mar/2024:14:54:30 +0530] GET /api/quiz/CS007.VY/download/ HTTP/1.0***0.023***
[11/Mar/2024:14:54:30 +0530] GET /api/quiz/CS007.VY/download/ HTTP/1.0***0.018***
[11/Mar/2024:14:54:30 +0530] GET /api/quiz/CS007/downloadable-quizzes/ HTTP/1.0***0.116***
[11/Mar/2024:14:54:30 +0530] GET /api/quiz/CS007/downloadable-quizzes/ HTTP/1.0***0.151***
[11/Mar/2024:14:54:30 +0530] GET /api/quiz/CS007/downloadable-quizzes/ HTTP/1.0***0.147***
[11/Mar/2024:14:54:30 +0530] GET /api/quiz/CS007/downloadable-quizzes/ HTTP/1.0***0.130***
[11/Mar/2024:14:54:30 +0530] GET /api/quiz/CS007.VY/info/ HTTP/1.0***3.162***
[11/Mar/2024:14:54:30 +0530] GET /api/quiz/CS007.VY/download/ HTTP/1.0***0.024***
[11/Mar/2024:14:54:30 +0530] POST /api/quiz/0c92d546a78847808c80e9237552f20b/submit/ HTTP/1.0***0.956***
[11/Mar/2024:14:54:30 +0530] GET /api/quiz/CS007.VY/authenticate/ HTTP/1.0***0.067***
[11/Mar/2024:14:54:30 +0530] GET /api/quiz/CS007.VY/authenticate/ HTTP/1.0***0.069***
[11/Mar/2024:14:54:30 +0530] GET /api/quiz/CS007.VY/authenticate/ HTTP/1.0***0.071***
[11/Mar/2024:14:54:30 +0530] POST /api/quiz/41c99cfa9120442f85448e7c7b107aab/submit/ HTTP/1.0***0.975***
[11/Mar/2024:14:54:30 +0530] POST /api/quiz/704cc2cd2ab04372843502caef473748/submit/ HTTP/1.0***0.976***
[11/Mar/2024:14:54:30 +0530] POST /api/quiz/fc0f98af61ab4fe8bfd0870f8c6374c8/submit/ HTTP/1.0***0.989***
[11/Mar/2024:14:54:30 +0530] GET /api/quiz/CS007.VY/authenticate/ HTTP/1.0***0.068***
[11/Mar/2024:14:54:30 +0530] POST /api/account/login/ HTTP/1.0***0.400***
[11/Mar/2024:14:54:30 +0530] POST /api/account/login/ HTTP/1.0***0.424***
[11/Mar/2024:14:54:30 +0530] POST /api/account/login/ HTTP/1.0***0.440***
[11/Mar/2024:14:54:30 +0530] POST /api/account/login/ HTTP/1.0***0.455***
[11/Mar/2024:14:54:30 +0530] GET /api/course/ HTTP/1.0***0.031***
[11/Mar/2024:14:54:30 +0530] GET /api/course/ HTTP/1.0***0.034***
[11/Mar/2024:14:54:30 +0530] GET /api/course/ HTTP/1.0***0.034***
[11/Mar/2024:14:54:30 +0530] GET /api/course/ HTTP/1.0***0.031***
[11/Mar/2024:14:54:30 +0530] GET /api/quiz/CS007.VY/info/ HTTP/1.0***2.915***
[11/Mar/2024:14:54:30 +0530] GET /api/quiz/CS007.VY/download/ HTTP/1.0***0.019***
[11/Mar/2024:14:54:30 +0530] GET /api/quiz/CS007.VY/download/ HTTP/1.0***0.017***
[11/Mar/2024:14:54:30 +0530] GET /api/quiz/CS007.VY/download/ HTTP/1.0***0.022***
[11/Mar/2024:14:54:30 +0530] GET /api/quiz/CS007.VY/info/ HTTP/1.0***2.924***
[11/Mar/2024:14:54:30 +0530] GET /api/quiz/CS007.VY/info/ HTTP/1.0***2.923***
[11/Mar/2024:14:54:31 +0530] GET /api/quiz/CS007/downloadable-quizzes/ HTTP/1.0***0.071***
[11/Mar/2024:14:54:31 +0530] GET /api/quiz/CS007/downloadable-quizzes/ HTTP/1.0***0.074***
[11/Mar/2024:14:54:31 +0530] GET /api/quiz/CS007.VY/info/ HTTP/1.0***2.943***
[11/Mar/2024:14:54:31 +0530] GET /api/quiz/CS007/downloadable-quizzes/ HTTP/1.0***0.080***
[11/Mar/2024:14:54:31 +0530] GET /api/quiz/CS007.VY/info/ HTTP/1.0***2.950***
[11/Mar/2024:14:54:31 +0530] GET /api/quiz/CS007/downloadable-quizzes/ HTTP/1.0***0.076***
[11/Mar/2024:14:54:31 +0530] GET /api/quiz/CS007.VY/authenticate/ HTTP/1.0***0.070***
[11/Mar/2024:14:54:31 +0530] GET /api/quiz/CS007.VY/authenticate/ HTTP/1.0***0.060***
[11/Mar/2024:14:54:31 +0530] GET /api/quiz/CS007.VY/download/ HTTP/1.0***0.022***
[11/Mar/2024:14:54:31 +0530] GET /api/quiz/CS007.VY/authenticate/ HTTP/1.0***0.067***
[11/Mar/2024:14:54:31 +0530] POST /api/quiz/7175df0a3b924e1d9c398c9bb8311850/submit/ HTTP/1.0***0.968***
[11/Mar/2024:14:54:31 +0530] POST /api/quiz/059e9d37a36648c493cd80ca36fc7637/submit/ HTTP/1.0***0.975***
[11/Mar/2024:14:54:31 +0530] POST /api/quiz/6fb8e2d203b24bf6ad8de188f87f9003/submit/ HTTP/1.0***1.013***
[11/Mar/2024:14:54:31 +0530] POST /api/quiz/f126235848954a5bb97f434ebc1403ed/submit/ HTTP/1.0***1.028***
[11/Mar/2024:14:54:31 +0530] GET /api/course/ HTTP/1.0***0.033***
[11/Mar/2024:14:54:31 +0530] GET /api/quiz/CS007.VY/info/ HTTP/1.0***2.940***
[11/Mar/2024:14:54:31 +0530] GET /api/course/ HTTP/1.0***0.027***
[11/Mar/2024:14:54:31 +0530] POST /api/account/login/ HTTP/1.0***0.419***
[11/Mar/2024:14:54:31 +0530] GET /api/course/ HTTP/1.0***0.030***
[11/Mar/2024:14:54:31 +0530] POST /api/account/login/ HTTP/1.0***0.444***
[11/Mar/2024:14:54:31 +0530] GET /api/course/ HTTP/1.0***0.031***
[11/Mar/2024:14:54:32 +0530] GET /api/quiz/CS007.VY/download/ HTTP/1.0***0.018***
[11/Mar/2024:14:54:32 +0530] GET /api/quiz/CS007.VY/info/ HTTP/1.0***2.965***
[11/Mar/2024:14:54:32 +0530] GET /api/quiz/CS007.VY/info/ HTTP/1.0***2.974***
[11/Mar/2024:14:54:32 +0530] POST /api/account/login/ HTTP/1.0***0.512***
[11/Mar/2024:14:54:32 +0530] GET /api/quiz/CS007.VY/info/ HTTP/1.0***2.985***
[11/Mar/2024:14:54:32 +0530] GET /api/quiz/CS007/downloadable-quizzes/ HTTP/1.0***0.079***
[11/Mar/2024:14:54:32 +0530] GET /api/quiz/CS007/downloadable-quizzes/ HTTP/1.0***0.074***
[11/Mar/2024:14:54:32 +0530] POST /api/account/login/ HTTP/1.0***0.520***
[11/Mar/2024:14:54:32 +0530] GET /api/quiz/CS007/downloadable-quizzes/ HTTP/1.0***0.076***
[11/Mar/2024:14:54:32 +0530] GET /api/quiz/CS007/downloadable-quizzes/ HTTP/1.0***0.084***
[11/Mar/2024:14:54:32 +0530] GET /api/quiz/CS007.VY/download/ HTTP/1.0***0.054***
[11/Mar/2024:14:54:32 +0530] GET /api/quiz/CS007.VY/download/ HTTP/1.0***0.048***
[11/Mar/2024:14:54:32 +0530] POST /api/account/login/ HTTP/1.0***0.535***
[11/Mar/2024:14:54:32 +0530] GET /api/quiz/CS007.VY/download/ HTTP/1.0***0.035***
[11/Mar/2024:14:54:32 +0530] POST /api/account/login/ HTTP/1.0***0.542***
[11/Mar/2024:14:54:32 +0530] GET /api/quiz/CS007.VY/download/ HTTP/1.0***0.036***
[11/Mar/2024:14:54:32 +0530] GET /api/quiz/CS007.VY/authenticate/ HTTP/1.0***0.083***
[11/Mar/2024:14:54:32 +0530] GET /api/quiz/CS007.VY/authenticate/ HTTP/1.0***0.088***
[11/Mar/2024:14:54:32 +0530] GET /api/quiz/CS007.VY/authenticate/ HTTP/1.0***0.092***
[11/Mar/2024:14:54:32 +0530] POST /api/quiz/3bc743340fe846a78df3a65629f16677/submit/ HTTP/1.0***1.016***
[11/Mar/2024:14:54:32 +0530] POST /api/quiz/6cb6a0a98fea49148bbe5a5fa3ec6f93/submit/ HTTP/1.0***1.028***
[11/Mar/2024:14:54:32 +0530] GET /api/quiz/CS007.VY/authenticate/ HTTP/1.0***0.076***
[11/Mar/2024:14:54:32 +0530] POST /api/quiz/281f199f76f444eeaa113e3298dde63b/submit/ HTTP/1.0***1.003***
[11/Mar/2024:14:54:32 +0530] POST /api/quiz/f2bccdb90dfd4ab4973fc0890f7869bd/submit/ HTTP/1.0***1.182***
[11/Mar/2024:14:54:32 +0530] POST /api/account/login/ HTTP/1.0***0.433***
[11/Mar/2024:14:54:32 +0530] POST /api/account/login/ HTTP/1.0***0.450***
[11/Mar/2024:14:54:32 +0530] GET /api/quiz/CS007.VY/download/ HTTP/1.0***0.024***
[11/Mar/2024:14:54:32 +0530] GET /api/course/ HTTP/1.0***0.029***
[11/Mar/2024:14:54:33 +0530] GET /api/course/ HTTP/1.0***0.032***
[11/Mar/2024:14:54:33 +0530] GET /api/quiz/CS007/downloadable-quizzes/ HTTP/1.0***0.083***
[11/Mar/2024:14:54:33 +0530] GET /api/quiz/CS007/downloadable-quizzes/ HTTP/1.0***0.078***
[11/Mar/2024:14:54:33 +0530] GET /api/quiz/CS007.VY/download/ HTTP/1.0***0.019***
[11/Mar/2024:14:54:33 +0530] GET /api/quiz/CS007/downloadable-quizzes/ HTTP/1.0***0.081***
[11/Mar/2024:14:54:33 +0530] GET /api/quiz/CS007.VY/download/ HTTP/1.0***0.020***
[11/Mar/2024:14:54:33 +0530] POST /api/quiz/05bfa7ed0e994217b539a3365ceed594/submit/ HTTP/1.0***0.953***
[11/Mar/2024:14:54:33 +0530] GET /api/quiz/CS007.VY/download/ HTTP/1.0***0.020***
[11/Mar/2024:14:54:33 +0530] GET /api/quiz/CS007/downloadable-quizzes/ HTTP/1.0***0.082***
[11/Mar/2024:14:54:33 +0530] GET /api/course/ HTTP/1.0***0.032***
[11/Mar/2024:14:54:33 +0530] POST /api/quiz/01b3efbea240485cbed16a682f1d2b9f/submit/ HTTP/1.0***0.979***
[11/Mar/2024:14:54:33 +0530] GET /api/quiz/CS007.VY/info/ HTTP/1.0***3.030***
[11/Mar/2024:14:54:33 +0530] GET /api/course/ HTTP/1.0***0.030***
[11/Mar/2024:14:54:33 +0530] GET /api/course/ HTTP/1.0***0.026***
[11/Mar/2024:14:54:33 +0530] GET /api/course/ HTTP/1.0***0.030***
[11/Mar/2024:14:54:33 +0530] GET /api/quiz/CS007.VY/info/ HTTP/1.0***3.090***
[11/Mar/2024:14:54:33 +0530] GET /api/quiz/CS007.VY/authenticate/ HTTP/1.0***0.097***
[11/Mar/2024:14:54:33 +0530] GET /api/quiz/CS007.VY/info/ HTTP/1.0***3.103***
[11/Mar/2024:14:54:33 +0530] GET /api/quiz/CS007.VY/authenticate/ HTTP/1.0***0.091***
[11/Mar/2024:14:54:33 +0530] GET /api/quiz/CS007.VY/authenticate/ HTTP/1.0***0.103***
[11/Mar/2024:14:54:33 +0530] GET /api/quiz/CS007.VY/authenticate/ HTTP/1.0***0.101***
[11/Mar/2024:14:54:33 +0530] GET /api/quiz/CS007.VY/authenticate/ HTTP/1.0***0.199***
[11/Mar/2024:14:54:33 +0530] POST /api/quiz/3645f8a4c35543ac9871f91b89ee4071/submit/ HTTP/1.0***0.963***
[11/Mar/2024:14:54:33 +0530] GET /api/quiz/CS007.VY/info/ HTTP/1.0***3.428***
[11/Mar/2024:14:54:34 +0530] POST /api/account/login/ HTTP/1.0***0.412***
[11/Mar/2024:14:54:34 +0530] POST /api/quiz/345a28dacf05493d8b44b1a843d0995f/submit/ HTTP/1.0***0.978***
[11/Mar/2024:14:54:34 +0530] POST /api/account/login/ HTTP/1.0***0.467***
[11/Mar/2024:14:54:34 +0530] POST /api/account/login/ HTTP/1.0***0.474***
[11/Mar/2024:14:54:34 +0530] POST /api/quiz/e7258d8ebe3d43c4aa9d96a2a896519b/submit/ HTTP/1.0***1.001***
[11/Mar/2024:14:54:34 +0530] POST /api/account/login/ HTTP/1.0***0.493***
[11/Mar/2024:14:54:34 +0530] GET /api/course/ HTTP/1.0***0.162***
[11/Mar/2024:14:54:34 +0530] GET /api/course/ HTTP/1.0***0.175***
[11/Mar/2024:14:54:34 +0530] POST /api/account/login/ HTTP/1.0***0.495***
[11/Mar/2024:14:54:34 +0530] POST /api/account/login/ HTTP/1.0***0.495***
[11/Mar/2024:14:54:34 +0530] POST /api/quiz/d42bb3a884754be8ba30dcdb81e6ffca/submit/ HTTP/1.0***1.023***
[11/Mar/2024:14:54:34 +0530] GET /api/quiz/CS007.VY/authenticate/ HTTP/1.0***0.199***
[11/Mar/2024:14:54:34 +0530] GET /api/quiz/CS007.VY/authenticate/ HTTP/1.0***0.122***
[11/Mar/2024:14:54:34 +0530] GET /api/quiz/CS007/downloadable-quizzes/ HTTP/1.0***0.161***
[11/Mar/2024:14:54:34 +0530] GET /api/quiz/CS007.VY/authenticate/ HTTP/1.0***0.127***
[11/Mar/2024:14:54:34 +0530] GET /api/quiz/CS007/downloadable-quizzes/ HTTP/1.0***0.205***
[11/Mar/2024:14:54:34 +0530] GET /api/quiz/CS007.VY/download/ HTTP/1.0***0.101***
[11/Mar/2024:14:54:34 +0530] POST /api/account/login/ HTTP/1.0***0.635***
[11/Mar/2024:14:54:34 +0530] GET /api/quiz/CS007.VY/authenticate/ HTTP/1.0***0.171***
[11/Mar/2024:14:54:34 +0530] GET /api/quiz/CS007/downloadable-quizzes/ HTTP/1.0***0.187***
[11/Mar/2024:14:54:34 +0530] GET /api/quiz/CS007/downloadable-quizzes/ HTTP/1.0***0.158***
[11/Mar/2024:14:54:34 +0530] GET /api/quiz/CS007.VY/download/ HTTP/1.0***0.150***
[11/Mar/2024:14:54:34 +0530] POST /api/account/login/ HTTP/1.0***0.671***
[11/Mar/2024:14:54:34 +0530] GET /api/quiz/CS007/downloadable-quizzes/ HTTP/1.0***0.172***
[11/Mar/2024:14:54:34 +0530] GET /api/quiz/CS007.VY/download/ HTTP/1.0***0.129***
[11/Mar/2024:14:54:34 +0530] GET /api/quiz/CS007/downloadable-quizzes/ HTTP/1.0***0.209***
[11/Mar/2024:14:54:34 +0530] POST /api/quiz/b9db2dd0e9154d729d60fa62d9e4941f/submit/ HTTP/1.0***0.999***
[11/Mar/2024:14:54:34 +0530] GET /api/quiz/CS007.VY/info/ HTTP/1.0***3.288***
[11/Mar/2024:14:54:34 +0530] GET /api/quiz/CS007.VY/info/ HTTP/1.0***3.301***
[11/Mar/2024:14:54:34 +0530] GET /api/quiz/CS007.VY/info/ HTTP/1.0***3.294***
[11/Mar/2024:14:54:34 +0530] GET /api/quiz/CS007.VY/info/ HTTP/1.0***3.328***
[11/Mar/2024:14:54:34 +0530] POST /api/account/login/ HTTP/1.0***0.935***
[11/Mar/2024:14:54:34 +0530] GET /api/quiz/CS007.VY/download/ HTTP/1.0***0.021***
[11/Mar/2024:14:54:35 +0530] POST /api/account/login/ HTTP/1.0***0.480***
[11/Mar/2024:14:54:35 +0530] POST /api/account/login/ HTTP/1.0***0.483***
[11/Mar/2024:14:54:35 +0530] POST /api/account/login/ HTTP/1.0***0.514***
[11/Mar/2024:14:54:35 +0530] POST /api/account/login/ HTTP/1.0***0.518***
[11/Mar/2024:14:54:35 +0530] GET /api/course/ HTTP/1.0***0.029***
[11/Mar/2024:14:54:35 +0530] GET /api/course/ HTTP/1.0***0.026***
[11/Mar/2024:14:54:35 +0530] GET /api/course/ HTTP/1.0***0.025***
[11/Mar/2024:14:54:35 +0530] GET /api/course/ HTTP/1.0***0.026***
[11/Mar/2024:14:54:35 +0530] GET /api/course/ HTTP/1.0***0.030***
[11/Mar/2024:14:54:35 +0530] GET /api/course/ HTTP/1.0***0.031***
[11/Mar/2024:14:54:35 +0530] POST /api/account/login/ HTTP/1.0***0.649***
[11/Mar/2024:14:54:35 +0530] POST /api/account/login/ HTTP/1.0***0.662***
[11/Mar/2024:14:54:35 +0530] GET /api/quiz/CS007.VY/info/ HTTP/1.0***3.177***
[11/Mar/2024:14:54:35 +0530] GET /api/quiz/CS007/downloadable-quizzes/ HTTP/1.0***0.078***
[11/Mar/2024:14:54:35 +0530] GET /api/quiz/CS007/downloadable-quizzes/ HTTP/1.0***0.081***
[11/Mar/2024:14:54:35 +0530] GET /api/quiz/CS007.VY/info/ HTTP/1.0***3.178***
[11/Mar/2024:14:54:35 +0530] POST /api/quiz/0abef4a5608e486dbbd7303d3d8ac6d0/submit/ HTTP/1.0***1.058***
[11/Mar/2024:14:54:35 +0530] GET /api/course/ HTTP/1.0***0.029***
[11/Mar/2024:14:54:35 +0530] POST /api/quiz/d6940865c8b447b2a5a7eb975b3b5d1e/submit/ HTTP/1.0***1.092***
[11/Mar/2024:14:54:35 +0530] POST /api/quiz/26f21228b1104e9f886ef040dfe8388a/submit/ HTTP/1.0***1.102***
[11/Mar/2024:14:54:35 +0530] POST /api/quiz/58501779f9004bd7883ab5fc3f04c7c2/submit/ HTTP/1.0***0.994***
[11/Mar/2024:14:54:35 +0530] GET /api/quiz/CS007.VY/info/ HTTP/1.0***3.269***
[11/Mar/2024:14:54:35 +0530] GET /api/quiz/CS007.VY/authenticate/ HTTP/1.0***0.072***
[11/Mar/2024:14:54:35 +0530] GET /api/quiz/CS007.VY/info/ HTTP/1.0***3.272***
[11/Mar/2024:14:54:35 +0530] GET /api/course/ HTTP/1.0***0.023***
[11/Mar/2024:14:54:35 +0530] GET /api/quiz/CS007.VY/authenticate/ HTTP/1.0***0.081***
[11/Mar/2024:14:54:35 +0530] GET /api/quiz/CS007.VY/authenticate/ HTTP/1.0***0.065***
[11/Mar/2024:14:54:35 +0530] GET /api/quiz/CS007.VY/download/ HTTP/1.0***0.019***
[11/Mar/2024:14:54:35 +0530] POST /api/quiz/909597f706de4b839f4940e036ecb637/submit/ HTTP/1.0***1.282***
[11/Mar/2024:14:54:35 +0530] GET /api/quiz/CS007.VY/download/ HTTP/1.0***0.020***
[11/Mar/2024:14:54:35 +0530] GET /api/quiz/CS007.VY/download/ HTTP/1.0***0.025***
[11/Mar/2024:14:54:35 +0530] GET /api/quiz/CS007.VY/download/ HTTP/1.0***0.023***
[11/Mar/2024:14:54:35 +0530] GET /api/course/ HTTP/1.0***0.029***
[11/Mar/2024:14:54:35 +0530] POST /api/account/login/ HTTP/1.0***0.426***
[11/Mar/2024:14:54:35 +0530] POST /api/account/login/ HTTP/1.0***0.436***
[11/Mar/2024:14:54:35 +0530] POST /api/account/login/ HTTP/1.0***0.437***
[11/Mar/2024:14:54:36 +0530] POST /api/account/login/ HTTP/1.0***0.472***
[11/Mar/2024:14:54:36 +0530] POST /api/account/login/ HTTP/1.0***0.478***
[11/Mar/2024:14:54:36 +0530] POST /api/account/login/ HTTP/1.0***0.480***
[11/Mar/2024:14:54:36 +0530] GET /api/quiz/CS007.VY/authenticate/ HTTP/1.0***0.418***
[11/Mar/2024:14:54:36 +0530] GET /api/course/ HTTP/1.0***0.028***
[11/Mar/2024:14:54:36 +0530] GET /api/course/ HTTP/1.0***0.028***
[11/Mar/2024:14:54:36 +0530] GET /api/course/ HTTP/1.0***0.029***
[11/Mar/2024:14:54:36 +0530] GET /api/course/ HTTP/1.0***0.032***
[11/Mar/2024:14:54:36 +0530] GET /api/quiz/CS007.VY/info/ HTTP/1.0***3.090***
[11/Mar/2024:14:54:36 +0530] GET /api/quiz/CS007.VY/info/ HTTP/1.0***3.095***
[11/Mar/2024:14:54:36 +0530] POST /api/quiz/880e71ac2be04c1db44fbde60bf6ce67/submit/ HTTP/1.0***0.971***
[11/Mar/2024:14:54:36 +0530] GET /api/quiz/CS007.VY/info/ HTTP/1.0***3.117***
[11/Mar/2024:14:54:36 +0530] GET /api/quiz/CS007.VY/info/ HTTP/1.0***3.125***
[11/Mar/2024:14:54:36 +0530] GET /api/quiz/CS007/downloadable-quizzes/ HTTP/1.0***0.100***
[11/Mar/2024:14:54:36 +0530] POST /api/quiz/2c95a155b0ed49e9ad882fbe4905136c/submit/ HTTP/1.0***0.999***
[11/Mar/2024:14:54:36 +0530] GET /api/quiz/CS007/downloadable-quizzes/ HTTP/1.0***0.089***
[11/Mar/2024:14:54:36 +0530] POST /api/quiz/8c6f0b8037de4c6eadb22c1d5e8445e4/submit/ HTTP/1.0***1.007***
[11/Mar/2024:14:54:36 +0530] GET /api/quiz/CS007/downloadable-quizzes/ HTTP/1.0***0.091***
[11/Mar/2024:14:54:36 +0530] GET /api/course/ HTTP/1.0***0.031***
[11/Mar/2024:14:54:36 +0530] GET /api/quiz/CS007.VY/download/ HTTP/1.0***0.020***
[11/Mar/2024:14:54:36 +0530] GET /api/course/ HTTP/1.0***0.030***
[11/Mar/2024:14:54:36 +0530] GET /api/quiz/CS007/downloadable-quizzes/ HTTP/1.0***0.081***
[11/Mar/2024:14:54:36 +0530] GET /api/quiz/CS007/downloadable-quizzes/ HTTP/1.0***0.079***
[11/Mar/2024:14:54:36 +0530] GET /api/quiz/CS007/downloadable-quizzes/ HTTP/1.0***0.086***
[11/Mar/2024:14:54:36 +0530] GET /api/quiz/CS007.VY/download/ HTTP/1.0***0.025***
[11/Mar/2024:14:54:36 +0530] GET /api/quiz/CS007.VY/download/ HTTP/1.0***0.021***
[11/Mar/2024:14:54:36 +0530] GET /api/quiz/CS007.VY/download/ HTTP/1.0***0.024***
[11/Mar/2024:14:54:36 +0530] GET /api/quiz/CS007/downloadable-quizzes/ HTTP/1.0***0.088***
[11/Mar/2024:14:54:36 +0530] GET /api/quiz/CS007/downloadable-quizzes/ HTTP/1.0***0.080***
[11/Mar/2024:14:54:36 +0530] POST /api/quiz/3ce490e759344e26a96f1b0afd9da76d/submit/ HTTP/1.0***1.168***
[11/Mar/2024:14:54:36 +0530] GET /api/quiz/CS007.VY/authenticate/ HTTP/1.0***0.069***
[11/Mar/2024:14:54:36 +0530] GET /api/quiz/CS007.VY/authenticate/ HTTP/1.0***0.068***
[11/Mar/2024:14:54:36 +0530] GET /api/quiz/CS007.VY/authenticate/ HTTP/1.0***0.069***
[11/Mar/2024:14:54:36 +0530] GET /api/quiz/CS007.VY/authenticate/ HTTP/1.0***0.126***
[11/Mar/2024:14:54:36 +0530] GET /api/quiz/CS007/downloadable-quizzes/ HTTP/1.0***0.130***
[11/Mar/2024:14:54:37 +0530] GET /api/course/ HTTP/1.0***0.028***
[11/Mar/2024:14:54:37 +0530] GET /api/course/ HTTP/1.0***0.027***
[11/Mar/2024:14:54:37 +0530] GET /api/course/ HTTP/1.0***0.045***
[11/Mar/2024:14:54:37 +0530] GET /api/course/ HTTP/1.0***0.030***
[11/Mar/2024:14:54:37 +0530] GET /api/course/ HTTP/1.0***0.030***
[11/Mar/2024:14:54:37 +0530] GET /api/course/ HTTP/1.0***0.046***
[11/Mar/2024:14:54:37 +0530] POST /api/account/login/ HTTP/1.0***0.592***
[11/Mar/2024:14:54:37 +0530] POST /api/account/login/ HTTP/1.0***0.595***
[11/Mar/2024:14:54:37 +0530] POST /api/account/login/ HTTP/1.0***0.596***
[11/Mar/2024:14:54:37 +0530] POST /api/account/login/ HTTP/1.0***0.601***
[11/Mar/2024:14:54:37 +0530] POST /api/account/login/ HTTP/1.0***0.602***
[11/Mar/2024:14:54:37 +0530] POST /api/account/login/ HTTP/1.0***0.605***
[11/Mar/2024:14:54:37 +0530] POST /api/account/login/ HTTP/1.0***0.605***
[11/Mar/2024:14:54:37 +0530] GET /api/quiz/CS007/downloadable-quizzes/ HTTP/1.0***0.097***
[11/Mar/2024:14:54:37 +0530] GET /api/quiz/CS007.VY/download/ HTTP/1.0***0.026***
[11/Mar/2024:14:54:37 +0530] GET /api/quiz/CS007.VY/download/ HTTP/1.0***0.029***
[11/Mar/2024:14:54:37 +0530] GET /api/quiz/CS007.VY/download/ HTTP/1.0***0.017***
[11/Mar/2024:14:54:37 +0530] GET /api/quiz/CS007.VY/download/ HTTP/1.0***0.023***
[11/Mar/2024:14:54:37 +0530] GET /api/quiz/CS007/downloadable-quizzes/ HTTP/1.0***0.147***
[11/Mar/2024:14:54:37 +0530] GET /api/quiz/CS007/downloadable-quizzes/ HTTP/1.0***0.149***
[11/Mar/2024:14:54:37 +0530] GET /api/quiz/CS007/downloadable-quizzes/ HTTP/1.0***0.149***
[11/Mar/2024:14:54:37 +0530] POST /api/quiz/efd9c12d65654ccc8831426bf83a6177/submit/ HTTP/1.0***0.959***
[11/Mar/2024:14:54:37 +0530] POST /api/quiz/ef85c7f4791e4ace9b88fbbf0f4fa041/submit/ HTTP/1.0***1.042***
[11/Mar/2024:14:54:37 +0530] GET /api/quiz/CS007.VY/authenticate/ HTTP/1.0***0.111***
[11/Mar/2024:14:54:37 +0530] GET /api/quiz/CS007/downloadable-quizzes/ HTTP/1.0***0.121***
[11/Mar/2024:14:54:37 +0530] GET /api/quiz/CS007/downloadable-quizzes/ HTTP/1.0***0.111***
[11/Mar/2024:14:54:37 +0530] GET /api/quiz/CS007.VY/authenticate/ HTTP/1.0***0.131***
[11/Mar/2024:14:54:37 +0530] GET /api/quiz/CS007.VY/info/ HTTP/1.0***3.375***
[11/Mar/2024:14:54:37 +0530] POST /api/quiz/441fd36d2c9549bb9e5900ebb38a5822/submit/ HTTP/1.0***1.033***
[11/Mar/2024:14:54:37 +0530] GET /api/quiz/CS007.VY/authenticate/ HTTP/1.0***0.110***
[11/Mar/2024:14:54:37 +0530] GET /api/quiz/CS007.VY/info/ HTTP/1.0***3.422***
[11/Mar/2024:14:54:37 +0530] GET /api/quiz/CS007.VY/authenticate/ HTTP/1.0***0.117***
[11/Mar/2024:14:54:37 +0530] GET /api/quiz/CS007.VY/info/ HTTP/1.0***3.398***
[11/Mar/2024:14:54:37 +0530] GET /api/quiz/CS007.VY/info/ HTTP/1.0***3.443***
[11/Mar/2024:14:54:37 +0530] POST /api/account/login/ HTTP/1.0***0.436***
[11/Mar/2024:14:54:37 +0530] POST /api/account/login/ HTTP/1.0***0.455***
[11/Mar/2024:14:54:38 +0530] POST /api/account/login/ HTTP/1.0***0.483***
[11/Mar/2024:14:54:38 +0530] POST /api/quiz/657484a423db4f408e1aa1d7841c50fd/submit/ HTTP/1.0***1.015***
[11/Mar/2024:14:54:38 +0530] GET /api/quiz/CS007/downloadable-quizzes/ HTTP/1.0***0.133***
[11/Mar/2024:14:54:38 +0530] POST /api/account/login/ HTTP/1.0***0.619***
[11/Mar/2024:14:54:38 +0530] POST /api/account/login/ HTTP/1.0***0.636***
[11/Mar/2024:14:54:38 +0530] GET /api/quiz/CS007/downloadable-quizzes/ HTTP/1.0***0.198***
[11/Mar/2024:14:54:38 +0530] GET /api/quiz/CS007/downloadable-quizzes/ HTTP/1.0***0.184***
[11/Mar/2024:14:54:38 +0530] GET /api/quiz/CS007/downloadable-quizzes/ HTTP/1.0***0.185***
[11/Mar/2024:14:54:38 +0530] GET /api/course/ HTTP/1.0***0.104***
[11/Mar/2024:14:54:38 +0530] GET /api/course/ HTTP/1.0***0.128***
[11/Mar/2024:14:54:38 +0530] GET /api/quiz/CS007/downloadable-quizzes/ HTTP/1.0***0.228***
[11/Mar/2024:14:54:38 +0530] GET /api/quiz/CS007/downloadable-quizzes/ HTTP/1.0***0.216***
[11/Mar/2024:14:54:38 +0530] GET /api/course/ HTTP/1.0***0.157***
[11/Mar/2024:14:54:38 +0530] GET /api/course/ HTTP/1.0***0.157***
[11/Mar/2024:14:54:38 +0530] GET /api/course/ HTTP/1.0***0.157***
[11/Mar/2024:14:54:38 +0530] GET /api/course/ HTTP/1.0***0.173***
[11/Mar/2024:14:54:38 +0530] GET /api/course/ HTTP/1.0***0.181***
[11/Mar/2024:14:54:38 +0530] GET /api/quiz/CS007.VY/authenticate/ HTTP/1.0***0.234***
[11/Mar/2024:14:54:38 +0530] GET /api/quiz/CS007.VY/authenticate/ HTTP/1.0***0.232***
[11/Mar/2024:14:54:38 +0530] GET /api/quiz/CS007.VY/authenticate/ HTTP/1.0***0.295***
[11/Mar/2024:14:54:38 +0530] GET /api/quiz/CS007.VY/authenticate/ HTTP/1.0***0.289***
[11/Mar/2024:14:54:38 +0530] GET /api/quiz/CS007.VY/info/ HTTP/1.0***3.347***
[11/Mar/2024:14:54:38 +0530] GET /api/quiz/CS007.VY/info/ HTTP/1.0***3.364***
[11/Mar/2024:14:54:38 +0530] POST /api/quiz/3a31c9a56b7f470292bd0dd9236370d5/submit/ HTTP/1.0***0.999***
[11/Mar/2024:14:54:38 +0530] GET /api/quiz/CS007.VY/info/ HTTP/1.0***3.326***
[11/Mar/2024:14:54:38 +0530] GET /api/quiz/CS007.VY/info/ HTTP/1.0***3.335***
[11/Mar/2024:14:54:38 +0530] POST /api/quiz/7eaa081b6ae741ff8971cb52495235a5/submit/ HTTP/1.0***0.995***
[11/Mar/2024:14:54:38 +0530] GET /api/quiz/CS007.VY/download/ HTTP/1.0***0.249***
[11/Mar/2024:14:54:38 +0530] GET /api/quiz/CS007.VY/info/ HTTP/1.0***3.555***
[11/Mar/2024:14:54:38 +0530] GET /api/quiz/CS007.VY/info/ HTTP/1.0***3.529***
[11/Mar/2024:14:54:38 +0530] GET /api/quiz/CS007.VY/download/ HTTP/1.0***0.267***
[11/Mar/2024:14:54:38 +0530] POST /api/quiz/acd1240636c44bdbbe00b00903d892f7/submit/ HTTP/1.0***1.313***
[11/Mar/2024:14:54:38 +0530] GET /api/quiz/CS007.VY/download/ HTTP/1.0***0.380***
[11/Mar/2024:14:54:38 +0530] POST /api/quiz/f234f69c27654a8d9b8ba019bafe594d/submit/ HTTP/1.0***1.283***
[11/Mar/2024:14:54:39 +0530] GET /api/quiz/CS007.VY/download/ HTTP/1.0***0.400***
[11/Mar/2024:14:54:39 +0530] POST /api/account/login/ HTTP/1.0***0.695***
[11/Mar/2024:14:54:39 +0530] POST /api/account/login/ HTTP/1.0***0.758***
[11/Mar/2024:14:54:39 +0530] POST /api/account/login/ HTTP/1.0***0.872***
[11/Mar/2024:14:54:39 +0530] GET /api/quiz/CS007.VY/info/ HTTP/1.0***3.354***
[11/Mar/2024:14:54:39 +0530] POST /api/quiz/1a705945a03b47d0813ee391246c2f11/submit/ HTTP/1.0***1.218***
[11/Mar/2024:14:54:39 +0530] GET /api/quiz/CS007.VY/info/ HTTP/1.0***3.366***
[11/Mar/2024:14:54:39 +0530] GET /api/course/ HTTP/1.0***0.581***
[11/Mar/2024:14:54:39 +0530] GET /api/course/ HTTP/1.0***0.616***
[11/Mar/2024:14:54:39 +0530] POST /api/quiz/fb3a2df994384aaf8666fe0eeb74ef5b/submit/ HTTP/1.0***1.198***
[11/Mar/2024:14:54:39 +0530] GET /api/course/ HTTP/1.0***0.585***
[11/Mar/2024:14:54:39 +0530] GET /api/course/ HTTP/1.0***0.463***
[11/Mar/2024:14:54:39 +0530] GET /api/course/ HTTP/1.0***0.453***
[11/Mar/2024:14:54:39 +0530] POST /api/quiz/6c142eb33eaf4205a705d8fd80cfde1d/submit/ HTTP/1.0***1.207***
[11/Mar/2024:14:54:39 +0530] GET /api/quiz/CS007/downloadable-quizzes/ HTTP/1.0***0.445***
[11/Mar/2024:14:54:39 +0530] POST /api/account/login/ HTTP/1.0***1.152***
[11/Mar/2024:14:54:39 +0530] GET /api/quiz/CS007/downloadable-quizzes/ HTTP/1.0***0.495***
[11/Mar/2024:14:54:39 +0530] POST /api/account/login/ HTTP/1.0***1.271***
[11/Mar/2024:14:54:39 +0530] GET /api/quiz/CS007/downloadable-quizzes/ HTTP/1.0***0.623***
[11/Mar/2024:14:54:40 +0530] POST /api/account/login/ HTTP/1.0***1.393***
[11/Mar/2024:14:54:40 +0530] POST /api/quiz/dfbb0890c7604408ba1215dbde929845/submit/ HTTP/1.0***1.420***
[11/Mar/2024:14:54:40 +0530] GET /api/quiz/CS007/downloadable-quizzes/ HTTP/1.0***0.705***
[11/Mar/2024:14:54:40 +0530] GET /api/quiz/CS007/downloadable-quizzes/ HTTP/1.0***0.740***
[11/Mar/2024:14:54:40 +0530] GET /api/quiz/CS007/downloadable-quizzes/ HTTP/1.0***0.740***
[11/Mar/2024:14:54:40 +0530] GET /api/quiz/CS007/downloadable-quizzes/ HTTP/1.0***0.751***
[11/Mar/2024:14:54:40 +0530] GET /api/quiz/CS007.VY/info/ HTTP/1.0***3.133***
[11/Mar/2024:14:54:40 +0530] GET /api/quiz/CS007.VY/info/ HTTP/1.0***3.210***
[11/Mar/2024:14:54:40 +0530] GET /api/quiz/CS007.VY/info/ HTTP/1.0***3.194***
[11/Mar/2024:14:54:40 +0530] GET /api/quiz/CS007.VY/info/ HTTP/1.0***3.229***
[11/Mar/2024:14:54:40 +0530] GET /api/quiz/CS007.VY/info/ HTTP/1.0***3.235***
[11/Mar/2024:14:54:40 +0530] GET /api/quiz/CS007.VY/download/ HTTP/1.0***0.904***
[11/Mar/2024:14:54:40 +0530] GET /api/quiz/CS007.VY/info/ HTTP/1.0***3.158***
[11/Mar/2024:14:54:40 +0530] GET /api/quiz/CS007.VY/download/ HTTP/1.0***0.923***
[11/Mar/2024:14:54:40 +0530] GET /api/quiz/CS007.VY/download/ HTTP/1.0***0.933***
[11/Mar/2024:14:54:40 +0530] GET /api/quiz/CS007.VY/download/ HTTP/1.0***0.930***
[11/Mar/2024:14:54:40 +0530] GET /api/quiz/CS007.VY/info/ HTTP/1.0***3.149***
[11/Mar/2024:14:54:40 +0530] GET /api/quiz/CS007.VY/download/ HTTP/1.0***0.717***
[11/Mar/2024:14:54:40 +0530] GET /api/quiz/CS007.VY/download/ HTTP/1.0***0.710***
[11/Mar/2024:14:54:40 +0530] POST /api/account/login/ HTTP/1.0***1.060***
[11/Mar/2024:14:54:40 +0530] GET /api/quiz/CS007.VY/info/ HTTP/1.0***3.345***
[11/Mar/2024:14:54:40 +0530] GET /api/quiz/CS007.VY/authenticate/ HTTP/1.0***0.941***
[11/Mar/2024:14:54:40 +0530] GET /api/course/ HTTP/1.0***0.321***
[11/Mar/2024:14:54:40 +0530] GET /api/quiz/CS007.VY/authenticate/ HTTP/1.0***0.635***
[11/Mar/2024:14:54:40 +0530] GET /api/quiz/CS007.VY/authenticate/ HTTP/1.0***0.754***
[11/Mar/2024:14:54:40 +0530] GET /api/course/ HTTP/1.0***0.268***
[11/Mar/2024:14:54:40 +0530] GET /api/quiz/CS007.VY/authenticate/ HTTP/1.0***0.619***
[11/Mar/2024:14:54:40 +0530] GET /api/course/ HTTP/1.0***0.051***
[11/Mar/2024:14:54:40 +0530] GET /api/quiz/CS007.VY/download/ HTTP/1.0***0.053***
[11/Mar/2024:14:54:40 +0530] GET /api/quiz/CS007.VY/download/ HTTP/1.0***0.075***
[11/Mar/2024:14:54:40 +0530] POST /api/account/login/ HTTP/1.0***1.356***
[11/Mar/2024:14:54:40 +0530] POST /api/account/login/ HTTP/1.0***1.393***
[11/Mar/2024:14:54:40 +0530] GET /api/quiz/CS007/downloadable-quizzes/ HTTP/1.0***0.376***
[11/Mar/2024:14:54:41 +0530] POST /api/quiz/67dc367009424526a00426ff6f07df9d/submit/ HTTP/1.0***1.602***
[11/Mar/2024:14:54:41 +0530] GET /api/quiz/CS007/downloadable-quizzes/ HTTP/1.0***0.460***
[11/Mar/2024:14:54:41 +0530] POST /api/account/login/ HTTP/1.0***0.476***
[11/Mar/2024:14:54:41 +0530] POST /api/account/login/ HTTP/1.0***0.496***
[11/Mar/2024:14:54:41 +0530] POST /api/quiz/0648a2c0a7c6400fa19155ffaed2742d/submit/ HTTP/1.0***1.657***
[11/Mar/2024:14:54:41 +0530] GET /api/quiz/CS007.VY/info/ HTTP/1.0***3.389***
[11/Mar/2024:14:54:41 +0530] POST /api/account/login/ HTTP/1.0***0.505***
[11/Mar/2024:14:54:41 +0530] POST /api/account/login/ HTTP/1.0***0.507***
[11/Mar/2024:14:54:41 +0530] POST /api/account/login/ HTTP/1.0***0.512***
[11/Mar/2024:14:54:41 +0530] GET /api/quiz/CS007/downloadable-quizzes/ HTTP/1.0***0.513***
[11/Mar/2024:14:54:41 +0530] GET /api/course/ HTTP/1.0***0.372***
[11/Mar/2024:14:54:41 +0530] GET /api/course/ HTTP/1.0***0.252***
[11/Mar/2024:14:54:41 +0530] GET /api/course/ HTTP/1.0***0.131***
[11/Mar/2024:14:54:41 +0530] GET /api/quiz/CS007/downloadable-quizzes/ HTTP/1.0***0.535***
[11/Mar/2024:14:54:41 +0530] GET /api/quiz/CS007/downloadable-quizzes/ HTTP/1.0***0.543***
[11/Mar/2024:14:54:41 +0530] POST /api/account/login/ HTTP/1.0***0.744***
[11/Mar/2024:14:54:41 +0530] POST /api/quiz/a05898b111be408d8747b369b7577c20/submit/ HTTP/1.0***1.782***
[11/Mar/2024:14:54:41 +0530] GET /api/quiz/CS007.VY/download/ HTTP/1.0***0.026***
[11/Mar/2024:14:54:41 +0530] GET /api/quiz/CS007.VY/download/ HTTP/1.0***0.019***
[11/Mar/2024:14:54:41 +0530] GET /api/quiz/CS007.VY/download/ HTTP/1.0***0.021***
[11/Mar/2024:14:54:41 +0530] POST /api/quiz/2ffd7c6a1dd843e1bf897010cd8c9cb5/submit/ HTTP/1.0***1.827***
[11/Mar/2024:14:54:41 +0530] GET /api/quiz/CS007.VY/info/ HTTP/1.0***3.253***
[11/Mar/2024:14:54:41 +0530] GET /api/quiz/CS007.VY/download/ HTTP/1.0***0.022***
[11/Mar/2024:14:54:41 +0530] GET /api/quiz/CS007.VY/info/ HTTP/1.0***3.235***
[11/Mar/2024:14:54:41 +0530] GET /api/quiz/CS007.VY/info/ HTTP/1.0***3.239***
[11/Mar/2024:14:54:41 +0530] GET /api/quiz/CS007.VY/info/ HTTP/1.0***3.278***
[11/Mar/2024:14:54:41 +0530] GET /api/quiz/CS007.VY/download/ HTTP/1.0***0.025***
[11/Mar/2024:14:54:41 +0530] GET /api/quiz/CS007.VY/download/ HTTP/1.0***0.027***
[11/Mar/2024:14:54:41 +0530] GET /api/quiz/CS007.VY/info/ HTTP/1.0***3.290***
[11/Mar/2024:14:54:41 +0530] GET /api/quiz/CS007.VY/authenticate/ HTTP/1.0***0.068***
[11/Mar/2024:14:54:41 +0530] GET /api/quiz/CS007.VY/authenticate/ HTTP/1.0***0.091***
[11/Mar/2024:14:54:41 +0530] GET /api/quiz/CS007.VY/authenticate/ HTTP/1.0***0.092***
[11/Mar/2024:14:54:41 +0530] GET /api/quiz/CS007.VY/info/ HTTP/1.0***3.345***
[11/Mar/2024:14:54:41 +0530] GET /api/quiz/CS007.VY/authenticate/ HTTP/1.0***0.101***
[11/Mar/2024:14:54:41 +0530] GET /api/quiz/CS007.VY/download/ HTTP/1.0***0.113***
[11/Mar/2024:14:54:41 +0530] GET /api/quiz/CS007.VY/download/ HTTP/1.0***0.120***
[11/Mar/2024:14:54:41 +0530] GET /api/course/ HTTP/1.0***0.122***
[11/Mar/2024:14:54:41 +0530] GET /api/quiz/CS007.VY/authenticate/ HTTP/1.0***0.143***
[11/Mar/2024:14:54:41 +0530] GET /api/quiz/CS007.VY/authenticate/ HTTP/1.0***0.156***
[11/Mar/2024:14:54:41 +0530] GET /api/quiz/CS007/downloadable-quizzes/ HTTP/1.0***0.162***
[11/Mar/2024:14:54:41 +0530] GET /api/quiz/CS007/downloadable-quizzes/ HTTP/1.0***0.184***
[11/Mar/2024:14:54:41 +0530] GET /api/quiz/CS007/downloadable-quizzes/ HTTP/1.0***0.239***
[11/Mar/2024:14:54:42 +0530] GET /api/quiz/CS007.VY/authenticate/ HTTP/1.0***0.418***
[11/Mar/2024:14:54:42 +0530] POST /api/account/login/ HTTP/1.0***0.530***
[11/Mar/2024:14:54:42 +0530] POST /api/account/login/ HTTP/1.0***0.532***
[11/Mar/2024:14:54:42 +0530] POST /api/account/login/ HTTP/1.0***0.532***
[11/Mar/2024:14:54:42 +0530] POST /api/account/login/ HTTP/1.0***0.531***
[11/Mar/2024:14:54:42 +0530] POST /api/account/login/ HTTP/1.0***0.531***
[11/Mar/2024:14:54:42 +0530] POST /api/account/login/ HTTP/1.0***0.532***
[11/Mar/2024:14:54:42 +0530] GET /api/course/ HTTP/1.0***0.256***
[11/Mar/2024:14:54:42 +0530] GET /api/course/ HTTP/1.0***0.050***
[11/Mar/2024:14:54:42 +0530] GET /api/course/ HTTP/1.0***0.033***
[11/Mar/2024:14:54:42 +0530] GET /api/course/ HTTP/1.0***0.222***
[11/Mar/2024:14:54:42 +0530] GET /api/quiz/CS007.VY/download/ HTTP/1.0***0.031***
[11/Mar/2024:14:54:42 +0530] GET /api/course/ HTTP/1.0***0.032***
[11/Mar/2024:14:54:42 +0530] GET /api/course/ HTTP/1.0***0.037***
[11/Mar/2024:14:54:42 +0530] GET /api/course/ HTTP/1.0***0.039***
[11/Mar/2024:14:54:42 +0530] GET /api/quiz/CS007.VY/authenticate/ HTTP/1.0***0.527***
[11/Mar/2024:14:54:42 +0530] GET /api/quiz/CS007/downloadable-quizzes/ HTTP/1.0***0.155***
[11/Mar/2024:14:54:42 +0530] GET /api/quiz/CS007/downloadable-quizzes/ HTTP/1.0***0.160***
[11/Mar/2024:14:54:42 +0530] GET /api/quiz/CS007/downloadable-quizzes/ HTTP/1.0***0.160***
[11/Mar/2024:14:54:42 +0530] GET /api/course/ HTTP/1.0***0.030***
[11/Mar/2024:14:54:42 +0530] GET /api/quiz/CS007.VY/authenticate/ HTTP/1.0***0.060***
[11/Mar/2024:14:54:42 +0530] GET /api/quiz/CS007.VY/authenticate/ HTTP/1.0***0.066***
[11/Mar/2024:14:54:42 +0530] GET /api/quiz/CS007.VY/download/ HTTP/1.0***0.076***
[11/Mar/2024:14:54:42 +0530] GET /api/quiz/CS007.VY/authenticate/ HTTP/1.0***0.124***
[11/Mar/2024:14:54:42 +0530] GET /api/quiz/CS007.VY/authenticate/ HTTP/1.0***0.066***
[11/Mar/2024:14:54:42 +0530] POST /api/quiz/76716e6b83a047578f0bf185ac5f0095/submit/ HTTP/1.0***1.090***
[11/Mar/2024:14:54:42 +0530] POST /api/quiz/7e0848b025194cb3a4018788595c5787/submit/ HTTP/1.0***1.100***
[11/Mar/2024:14:54:42 +0530] GET /api/quiz/CS007.VY/download/ HTTP/1.0***0.168***
[11/Mar/2024:14:54:42 +0530] POST /api/quiz/5700f03e9134424da8ea5e0811fde4ac/submit/ HTTP/1.0***1.138***
[11/Mar/2024:14:54:42 +0530] GET /api/quiz/CS007.VY/download/ HTTP/1.0***0.192***
[11/Mar/2024:14:54:42 +0530] GET /api/quiz/CS007.VY/info/ HTTP/1.0***3.646***
[11/Mar/2024:14:54:42 +0530] GET /api/quiz/CS007.VY/download/ HTTP/1.0***0.215***
[11/Mar/2024:14:54:42 +0530] GET /api/quiz/CS007.VY/info/ HTTP/1.0***3.575***
[11/Mar/2024:14:54:42 +0530] GET /api/quiz/CS007.VY/info/ HTTP/1.0***3.571***
[11/Mar/2024:14:54:42 +0530] GET /api/quiz/CS007.VY/info/ HTTP/1.0***3.589***
[11/Mar/2024:14:54:42 +0530] GET /api/quiz/CS007.VY/download/ HTTP/1.0***0.198***
[11/Mar/2024:14:54:42 +0530] GET /api/quiz/CS007.VY/authenticate/ HTTP/1.0***0.236***
[11/Mar/2024:14:54:42 +0530] POST /api/quiz/afb9daf9e16d43399a287f7a922d4158/submit/ HTTP/1.0***1.248***
[11/Mar/2024:14:54:42 +0530] GET /api/quiz/CS007.VY/authenticate/ HTTP/1.0***0.253***
[11/Mar/2024:14:54:42 +0530] GET /api/quiz/CS007.VY/download/ HTTP/1.0***0.203***
[11/Mar/2024:14:54:42 +0530] GET /api/quiz/CS007.VY/info/ HTTP/1.0***3.653***
[11/Mar/2024:14:54:43 +0530] GET /api/quiz/CS007.VY/authenticate/ HTTP/1.0***0.299***
[11/Mar/2024:14:54:43 +0530] GET /api/quiz/CS007.VY/info/ HTTP/1.0***3.713***
[11/Mar/2024:14:54:43 +0530] POST /api/account/login/ HTTP/1.0***0.494***
[11/Mar/2024:14:54:43 +0530] GET /api/quiz/CS007.VY/authenticate/ HTTP/1.0***0.355***
[11/Mar/2024:14:54:43 +0530] GET /api/quiz/CS007/downloadable-quizzes/ HTTP/1.0***0.367***
[11/Mar/2024:14:54:43 +0530] POST /api/account/login/ HTTP/1.0***0.517***
[11/Mar/2024:14:54:43 +0530] POST /api/account/login/ HTTP/1.0***0.664***
[11/Mar/2024:14:54:43 +0530] POST /api/account/login/ HTTP/1.0***0.667***
[11/Mar/2024:14:54:43 +0530] POST /api/account/login/ HTTP/1.0***0.679***
[11/Mar/2024:14:54:43 +0530] GET /api/course/ HTTP/1.0***0.180***
[11/Mar/2024:14:54:43 +0530] GET /api/course/ HTTP/1.0***0.205***
[11/Mar/2024:14:54:43 +0530] GET /api/course/ HTTP/1.0***0.235***
[11/Mar/2024:14:54:43 +0530] POST /api/account/login/ HTTP/1.0***0.774***
[11/Mar/2024:14:54:43 +0530] GET /api/course/ HTTP/1.0***0.255***
[11/Mar/2024:14:54:43 +0530] GET /api/course/ HTTP/1.0***0.263***
[11/Mar/2024:14:54:43 +0530] GET /api/course/ HTTP/1.0***0.282***
[11/Mar/2024:14:54:43 +0530] GET /api/quiz/CS007/downloadable-quizzes/ HTTP/1.0***0.353***
[11/Mar/2024:14:54:43 +0530] GET /api/quiz/CS007/downloadable-quizzes/ HTTP/1.0***0.374***
[11/Mar/2024:14:54:43 +0530] GET /api/quiz/CS007/downloadable-quizzes/ HTTP/1.0***0.439***
[11/Mar/2024:14:54:43 +0530] GET /api/quiz/CS007/downloadable-quizzes/ HTTP/1.0***0.444***
[11/Mar/2024:14:54:43 +0530] GET /api/quiz/CS007.VY/authenticate/ HTTP/1.0***0.484***
[11/Mar/2024:14:54:43 +0530] GET /api/quiz/CS007/downloadable-quizzes/ HTTP/1.0***0.507***
[11/Mar/2024:14:54:43 +0530] GET /api/quiz/CS007/downloadable-quizzes/ HTTP/1.0***0.556***
[11/Mar/2024:14:54:43 +0530] GET /api/quiz/CS007/downloadable-quizzes/ HTTP/1.0***0.586***
[11/Mar/2024:14:54:43 +0530] POST /api/quiz/72e76e28478f4ab793ffea2071aa1c81/submit/ HTTP/1.0***1.170***
[11/Mar/2024:14:54:43 +0530] POST /api/quiz/2b03936a89fc486981dae2d91158a02c/submit/ HTTP/1.0***1.166***
[11/Mar/2024:14:54:43 +0530] POST /api/quiz/1237b27a16164e8688ab39ea1eb8e182/submit/ HTTP/1.0***1.178***
[11/Mar/2024:14:54:43 +0530] POST /api/quiz/5bef96aa5e364cb6b4011116178822ca/submit/ HTTP/1.0***1.200***
[11/Mar/2024:14:54:43 +0530] GET /api/quiz/CS007/downloadable-quizzes/ HTTP/1.0***0.581***
[11/Mar/2024:14:54:44 +0530] POST /api/quiz/23b27a56752242378a54601efa3ad11c/submit/ HTTP/1.0***1.337***
[11/Mar/2024:14:54:44 +0530] POST /api/quiz/2f7a8f086f594e8495493f3f2ae91291/submit/ HTTP/1.0***1.143***
[11/Mar/2024:14:54:44 +0530] POST /api/quiz/6574481385e042b0a01fc2de5be0e257/submit/ HTTP/1.0***1.493***
[11/Mar/2024:14:54:44 +0530] GET /api/quiz/CS007.VY/info/ HTTP/1.0***3.318***
[11/Mar/2024:14:54:44 +0530] GET /api/quiz/CS007.VY/info/ HTTP/1.0***3.238***
[11/Mar/2024:14:54:44 +0530] GET /api/quiz/CS007.VY/info/ HTTP/1.0***3.188***
[11/Mar/2024:14:54:44 +0530] GET /api/quiz/CS007.VY/info/ HTTP/1.0***3.589***
[11/Mar/2024:14:54:44 +0530] GET /api/quiz/CS007.VY/info/ HTTP/1.0***3.516***
[11/Mar/2024:14:54:44 +0530] GET /api/quiz/CS007.VY/download/ HTTP/1.0***0.512***
[11/Mar/2024:14:54:44 +0530] GET /api/quiz/CS007.VY/info/ HTTP/1.0***3.261***
[11/Mar/2024:14:54:44 +0530] GET /api/quiz/CS007.VY/info/ HTTP/1.0***3.221***
[11/Mar/2024:14:54:44 +0530] GET /api/quiz/CS007.VY/authenticate/ HTTP/1.0***0.756***
[11/Mar/2024:14:54:44 +0530] GET /api/quiz/CS007.VY/download/ HTTP/1.0***0.533***
[11/Mar/2024:14:54:44 +0530] GET /api/quiz/CS007.VY/download/ HTTP/1.0***0.539***
[11/Mar/2024:14:54:44 +0530] GET /api/quiz/CS007.VY/authenticate/ HTTP/1.0***0.605***
[11/Mar/2024:14:54:44 +0530] GET /api/quiz/CS007.VY/download/ HTTP/1.0***0.539***
[11/Mar/2024:14:54:44 +0530] GET /api/quiz/CS007.VY/authenticate/ HTTP/1.0***0.598***
[11/Mar/2024:14:54:44 +0530] POST /api/account/login/ HTTP/1.0***0.877***
[11/Mar/2024:14:54:44 +0530] GET /api/quiz/CS007.VY/authenticate/ HTTP/1.0***0.577***
[11/Mar/2024:14:54:44 +0530] GET /api/quiz/CS007.VY/download/ HTTP/1.0***0.437***
[11/Mar/2024:14:54:44 +0530] GET /api/quiz/CS007.VY/download/ HTTP/1.0***0.383***
[11/Mar/2024:14:54:44 +0530] GET /api/quiz/CS007.VY/authenticate/ HTTP/1.0***0.568***
[11/Mar/2024:14:54:44 +0530] GET /api/course/ HTTP/1.0***0.343***
[11/Mar/2024:14:54:44 +0530] POST /api/account/login/ HTTP/1.0***0.917***
[11/Mar/2024:14:54:44 +0530] GET /api/quiz/CS007.VY/authenticate/ HTTP/1.0***0.520***
[11/Mar/2024:14:54:44 +0530] GET /api/course/ HTTP/1.0***0.347***
[11/Mar/2024:14:54:44 +0530] GET /api/course/ HTTP/1.0***0.203***
[11/Mar/2024:14:54:44 +0530] GET /api/course/ HTTP/1.0***0.205***
[11/Mar/2024:14:54:44 +0530] GET /api/course/ HTTP/1.0***0.216***
[11/Mar/2024:14:54:44 +0530] GET /api/quiz/CS007/downloadable-quizzes/ HTTP/1.0***0.245***
[11/Mar/2024:14:54:44 +0530] GET /api/quiz/CS007/downloadable-quizzes/ HTTP/1.0***0.218***
[11/Mar/2024:14:54:44 +0530] GET /api/quiz/CS007/downloadable-quizzes/ HTTP/1.0***0.205***
[11/Mar/2024:14:54:44 +0530] GET /api/course/ HTTP/1.0***0.205***
[11/Mar/2024:14:54:44 +0530] GET /api/quiz/CS007/downloadable-quizzes/ HTTP/1.0***0.233***
[11/Mar/2024:14:54:44 +0530] GET /api/quiz/CS007/downloadable-quizzes/ HTTP/1.0***0.251***
[11/Mar/2024:14:54:44 +0530] GET /api/quiz/CS007/downloadable-quizzes/ HTTP/1.0***0.239***
[11/Mar/2024:14:54:44 +0530] POST /api/quiz/2b7dc137fbe64a09a0033c1cdb11bf0f/submit/ HTTP/1.0***1.500***
[11/Mar/2024:14:54:45 +0530] POST /api/quiz/34d51f69fe5641bfa2f7c17aa980d32f/submit/ HTTP/1.0***1.536***
[11/Mar/2024:14:54:45 +0530] GET /api/quiz/CS007.VY/info/ HTTP/1.0***3.147***
[11/Mar/2024:14:54:45 +0530] GET /api/quiz/CS007.VY/info/ HTTP/1.0***3.010***
[11/Mar/2024:14:54:45 +0530] GET /api/quiz/CS007.VY/info/ HTTP/1.0***3.055***
[11/Mar/2024:14:54:45 +0530] GET /api/quiz/CS007.VY/info/ HTTP/1.0***3.087***
[11/Mar/2024:14:54:45 +0530] POST /api/quiz/49de1a7ca3c848af8abe16fbf53da654/submit/ HTTP/1.0***1.710***
[11/Mar/2024:14:54:45 +0530] POST /api/account/login/ HTTP/1.0***0.706***
[11/Mar/2024:14:54:45 +0530] POST /api/quiz/6448e944fdaf421a90a016f16aed7345/submit/ HTTP/1.0***1.714***
[11/Mar/2024:14:54:45 +0530] POST /api/account/login/ HTTP/1.0***0.706***
[11/Mar/2024:14:54:45 +0530] POST /api/quiz/2691ad8a01a742cbb9e782a1a7e88c48/submit/ HTTP/1.0***1.511***
[11/Mar/2024:14:54:45 +0530] POST /api/quiz/1c36c493d51349558b366cf8ec0e18fa/submit/ HTTP/1.0***1.737***
[11/Mar/2024:14:54:45 +0530] POST /api/quiz/3d3bca8ca33440bc8629758cca70adcb/submit/ HTTP/1.0***1.503***
[11/Mar/2024:14:54:45 +0530] GET /api/quiz/CS007.VY/info/ HTTP/1.0***3.346***
[11/Mar/2024:14:54:45 +0530] GET /api/quiz/CS007.VY/download/ HTTP/1.0***0.119***
[11/Mar/2024:14:54:45 +0530] GET /api/quiz/CS007.VY/download/ HTTP/1.0***0.133***
[11/Mar/2024:14:54:45 +0530] GET /api/quiz/CS007.VY/download/ HTTP/1.0***0.138***
[11/Mar/2024:14:54:45 +0530] GET /api/quiz/CS007.VY/download/ HTTP/1.0***0.134***
[11/Mar/2024:14:54:45 +0530] GET /api/quiz/CS007.VY/download/ HTTP/1.0***0.139***
[11/Mar/2024:14:54:45 +0530] GET /api/quiz/CS007.VY/download/ HTTP/1.0***0.134***
[11/Mar/2024:14:54:45 +0530] POST /api/quiz/fafec0301d5040929f8708e5565a31e0/submit/ HTTP/1.0***1.393***
[11/Mar/2024:14:54:45 +0530] GET /api/quiz/CS007.VY/download/ HTTP/1.0***0.158***
[11/Mar/2024:14:54:45 +0530] GET /api/quiz/CS007.VY/authenticate/ HTTP/1.0***0.179***
[11/Mar/2024:14:54:45 +0530] GET /api/quiz/CS007.VY/authenticate/ HTTP/1.0***0.209***
[11/Mar/2024:14:54:45 +0530] POST /api/quiz/7b39be7c13544f27a75950ffd63e3bf4/submit/ HTTP/1.0***1.547***
[11/Mar/2024:14:54:45 +0530] POST /api/account/login/ HTTP/1.0***0.979***
[11/Mar/2024:14:54:45 +0530] GET /api/quiz/CS007.VY/authenticate/ HTTP/1.0***0.216***
[11/Mar/2024:14:54:45 +0530] GET /api/course/ HTTP/1.0***0.211***
[11/Mar/2024:14:54:45 +0530] GET /api/quiz/CS007.VY/authenticate/ HTTP/1.0***0.264***
[11/Mar/2024:14:54:45 +0530] GET /api/quiz/CS007.VY/authenticate/ HTTP/1.0***0.219***
[11/Mar/2024:14:54:45 +0530] GET /api/quiz/CS007.VY/authenticate/ HTTP/1.0***0.265***
[11/Mar/2024:14:54:45 +0530] POST /api/account/login/ HTTP/1.0***1.135***
[11/Mar/2024:14:54:45 +0530] POST /api/account/login/ HTTP/1.0***1.146***
[11/Mar/2024:14:54:45 +0530] GET /api/course/ HTTP/1.0***0.293***
[11/Mar/2024:14:54:45 +0530] POST /api/account/login/ HTTP/1.0***1.154***
[11/Mar/2024:14:54:45 +0530] GET /api/quiz/CS007/downloadable-quizzes/ HTTP/1.0***0.302***
[11/Mar/2024:14:54:45 +0530] GET /api/quiz/CS007/downloadable-quizzes/ HTTP/1.0***0.421***
[11/Mar/2024:14:54:45 +0530] GET /api/quiz/CS007/downloadable-quizzes/ HTTP/1.0***0.376***
[11/Mar/2024:14:54:45 +0530] GET /api/quiz/CS007/downloadable-quizzes/ HTTP/1.0***0.385***
[11/Mar/2024:14:54:46 +0530] GET /api/quiz/CS007.VY/info/ HTTP/1.0***3.337***
[11/Mar/2024:14:54:46 +0530] GET /api/quiz/CS007.VY/info/ HTTP/1.0***3.342***
[11/Mar/2024:14:54:46 +0530] GET /api/quiz/CS007.VY/info/ HTTP/1.0***3.352***
[11/Mar/2024:14:54:46 +0530] POST /api/quiz/af4be06363544aad985380889311c267/submit/ HTTP/1.0***1.599***
[11/Mar/2024:14:54:46 +0530] POST /api/account/login/ HTTP/1.0***0.659***
[11/Mar/2024:14:54:46 +0530] POST /api/account/login/ HTTP/1.0***0.666***
[11/Mar/2024:14:54:46 +0530] POST /api/account/login/ HTTP/1.0***0.672***
[11/Mar/2024:14:54:46 +0530] GET /api/quiz/CS007.VY/info/ HTTP/1.0***0.760***
[11/Mar/2024:14:54:46 +0530] POST /api/quiz/a708dc2e04f04d38858ec0403e58e020/submit/ HTTP/1.0***0.990***
[11/Mar/2024:14:54:46 +0530] POST /api/quiz/7c58df22439a43118977ddd1596f5839/submit/ HTTP/1.0***1.077***
[11/Mar/2024:14:54:46 +0530] GET /api/quiz/CS007.VY/info/ HTTP/1.0***1.689***
[11/Mar/2024:14:54:46 +0530] GET /api/quiz/CS007.VY/info/ HTTP/1.0***1.401***
[11/Mar/2024:14:54:46 +0530] GET /api/quiz/CS007.VY/info/ HTTP/1.0***1.705***
[11/Mar/2024:14:54:46 +0530] GET /api/quiz/CS007.VY/info/ HTTP/1.0***1.856***
[11/Mar/2024:14:54:46 +0530] GET /api/quiz/CS007/downloadable-quizzes/ HTTP/1.0***0.762***
[11/Mar/2024:14:54:46 +0530] GET /api/quiz/CS007/downloadable-quizzes/ HTTP/1.0***0.762***
[11/Mar/2024:14:54:46 +0530] GET /api/quiz/CS007.VY/info/ HTTP/1.0***1.850***
[11/Mar/2024:14:54:46 +0530] GET /api/quiz/CS007.VY/info/ HTTP/1.0***1.778***
[11/Mar/2024:14:54:46 +0530] GET /api/quiz/CS007.VY/info/ HTTP/1.0***1.857***
[11/Mar/2024:14:54:46 +0530] GET /api/quiz/CS007.VY/info/ HTTP/1.0***2.346***
[11/Mar/2024:14:54:46 +0530] GET /api/quiz/CS007.VY/info/ HTTP/1.0***0.762***
[11/Mar/2024:14:54:46 +0530] GET /api/quiz/CS007.VY/info/ HTTP/1.0***1.852***
[11/Mar/2024:14:54:46 +0530] GET /api/quiz/CS007.VY/info/ HTTP/1.0***0.764***
[11/Mar/2024:14:54:46 +0530] GET /api/quiz/CS007.VY/info/ HTTP/1.0***0.764***
[11/Mar/2024:14:54:46 +0530] POST /api/account/login/ HTTP/1.0***0.766***
[11/Mar/2024:14:54:46 +0530] POST /api/quiz/aed6aa4dfab74a5b840e395a2285e512/submit/ HTTP/1.0***0.993***
[11/Mar/2024:14:54:46 +0530] GET /api/quiz/CS007.VY/info/ HTTP/1.0***3.149***
[11/Mar/2024:14:54:46 +0530] POST /api/quiz/d9849a3f899646f8843b1da074c47f34/submit/ HTTP/1.0***1.099***
[11/Mar/2024:14:54:46 +0530] GET /api/quiz/CS007.VY/info/ HTTP/1.0***0.767***
[11/Mar/2024:14:54:46 +0530] GET /api/quiz/CS007.VY/info/ HTTP/1.0***3.149***
[11/Mar/2024:14:54:46 +0530] POST /api/quiz/21f763b2dda24999a2b62fd96ba8a388/submit/ HTTP/1.0***0.735***
[11/Mar/2024:14:54:46 +0530] POST /api/account/login/ HTTP/1.0***0.769***
[11/Mar/2024:14:54:46 +0530] GET /api/quiz/CS007.VY/info/ HTTP/1.0***0.767***
[11/Mar/2024:14:54:46 +0530] POST /api/quiz/5ac1c979b75147fbab355200cfc89168/submit/ HTTP/1.0***1.067***
[11/Mar/2024:14:54:46 +0530] POST /api/account/login/ HTTP/1.0***0.771***
[11/Mar/2024:14:54:46 +0530] GET /api/quiz/CS007.VY/info/ HTTP/1.0***3.157***
[11/Mar/2024:14:54:46 +0530] POST /api/account/login/ HTTP/1.0***0.775***
[11/Mar/2024:14:54:46 +0530] GET /api/quiz/CS007.VY/download/ HTTP/1.0***0.319***
[11/Mar/2024:14:54:46 +0530] POST /api/account/login/ HTTP/1.0***0.774***
[11/Mar/2024:14:54:46 +0530] GET /api/quiz/CS007.VY/download/ HTTP/1.0***0.145***
[11/Mar/2024:14:54:46 +0530] POST /api/account/login/ HTTP/1.0***0.774***
[11/Mar/2024:14:54:46 +0530] GET /api/quiz/CS007.VY/download/ HTTP/1.0***0.238***
[11/Mar/2024:14:54:46 +0530] GET /api/course/ HTTP/1.0***0.150***
[11/Mar/2024:14:54:46 +0530] GET /api/quiz/CS007.VY/download/ HTTP/1.0***0.319***
[11/Mar/2024:14:54:46 +0530] GET /api/course/ HTTP/1.0***0.144***
[11/Mar/2024:14:54:46 +0530] GET /sys_perf_check/2024-03-11_09-24-01-end/100/ HTTP/1.0***0.034***
[11/Mar/2024:14:54:46 +0530] GET /sys_perf_check/2024-03-11_09-24-01-END/0/ HTTP/1.0***0.011***
