[29/May/2024:21:23:35 +0530] GET /sys_perf_check/2024-05-29_15-53-34-START/0/ HTTP/1.0***0.013***
[29/May/2024:21:23:36 +0530] GET /sys_perf_check/2024-05-29_15-53-34-start/100/ HTTP/1.0***0.014***
[29/May/2024:21:23:37 +0530] POST /api/account/login/ HTTP/1.0***0.402***
[29/May/2024:21:23:37 +0530] POST /api/account/login/ HTTP/1.0***0.408***
[29/May/2024:21:23:38 +0530] GET /api/course/ HTTP/1.0***0.030***
[29/May/2024:21:23:38 +0530] GET /api/course/ HTTP/1.0***0.034***
[29/May/2024:21:23:38 +0530] POST /api/account/login/ HTTP/1.0***0.408***
[29/May/2024:21:23:38 +0530] POST /api/account/login/ HTTP/1.0***0.412***
[29/May/2024:21:23:39 +0530] POST /api/account/login/ HTTP/1.0***0.435***
[29/May/2024:21:23:39 +0530] POST /api/account/login/ HTTP/1.0***0.447***
[29/May/2024:21:23:39 +0530] GET /api/quiz/CS007/downloadable-quizzes/ HTTP/1.0***0.038***
[29/May/2024:21:23:39 +0530] GET /api/quiz/CS007/downloadable-quizzes/ HTTP/1.0***0.037***
[29/May/2024:21:23:39 +0530] GET /api/course/ HTTP/1.0***0.030***
[29/May/2024:21:23:39 +0530] GET /api/course/ HTTP/1.0***0.034***
[29/May/2024:21:23:40 +0530] POST /api/account/login/ HTTP/1.0***0.418***
[29/May/2024:21:23:40 +0530] POST /api/account/login/ HTTP/1.0***0.424***
[29/May/2024:21:23:40 +0530] GET /api/course/ HTTP/1.0***0.031***
[29/May/2024:21:23:40 +0530] GET /api/course/ HTTP/1.0***0.028***
[29/May/2024:21:23:40 +0530] GET /api/quiz/CS007/downloadable-quizzes/ HTTP/1.0***0.036***
[29/May/2024:21:23:40 +0530] GET /api/quiz/CS007/downloadable-quizzes/ HTTP/1.0***0.036***
[29/May/2024:21:23:40 +0530] GET /api/quiz/CS007.AG/info/ HTTP/1.0***0.074***
[29/May/2024:21:23:40 +0530] GET /api/quiz/CS007.AG/info/ HTTP/1.0***0.086***
[29/May/2024:21:23:41 +0530] POST /api/account/login/ HTTP/1.0***0.412***
[29/May/2024:21:23:41 +0530] POST /api/account/login/ HTTP/1.0***0.413***
[29/May/2024:21:23:41 +0530] GET /api/course/ HTTP/1.0***0.030***
[29/May/2024:21:23:41 +0530] GET /api/course/ HTTP/1.0***0.032***
[29/May/2024:21:23:41 +0530] GET /api/quiz/CS007/downloadable-quizzes/ HTTP/1.0***0.034***
[29/May/2024:21:23:41 +0530] GET /api/quiz/CS007/downloadable-quizzes/ HTTP/1.0***0.034***
[29/May/2024:21:23:41 +0530] GET /api/quiz/CS007.AG/info/ HTTP/1.0***0.097***
[29/May/2024:21:23:42 +0530] GET /api/quiz/CS007.AG/download/ HTTP/1.0***0.024***
[29/May/2024:21:23:42 +0530] GET /api/quiz/CS007.AG/download/ HTTP/1.0***0.024***
[29/May/2024:21:23:42 +0530] GET /api/quiz/CS007.AG/info/ HTTP/1.0***0.086***
[29/May/2024:21:23:42 +0530] POST /api/account/login/ HTTP/1.0***0.401***
[29/May/2024:21:23:42 +0530] POST /api/account/login/ HTTP/1.0***0.408***
[29/May/2024:21:23:42 +0530] GET /api/course/ HTTP/1.0***0.035***
[29/May/2024:21:23:42 +0530] GET /api/course/ HTTP/1.0***0.034***
[29/May/2024:21:23:42 +0530] GET /api/quiz/CS007/downloadable-quizzes/ HTTP/1.0***0.035***
[29/May/2024:21:23:42 +0530] GET /api/quiz/CS007/downloadable-quizzes/ HTTP/1.0***0.040***
[29/May/2024:21:23:42 +0530] GET /api/quiz/CS007.AG/info/ HTTP/1.0***0.101***
[29/May/2024:21:23:42 +0530] GET /api/quiz/CS007.AG/info/ HTTP/1.0***0.102***
[29/May/2024:21:23:43 +0530] GET /api/quiz/CS007.AG/download/ HTTP/1.0***0.026***
[29/May/2024:21:23:43 +0530] GET /api/quiz/CS007.AG/authenticate/ HTTP/1.0***0.032***
[29/May/2024:21:23:43 +0530] GET /api/quiz/CS007.AG/authenticate/ HTTP/1.0***0.039***
[29/May/2024:21:23:43 +0530] GET /api/quiz/CS007.AG/download/ HTTP/1.0***0.025***
[29/May/2024:21:23:43 +0530] POST /api/account/login/ HTTP/1.0***0.417***
[29/May/2024:21:23:43 +0530] POST /api/account/login/ HTTP/1.0***0.426***
[29/May/2024:21:23:43 +0530] GET /api/course/ HTTP/1.0***0.032***
[29/May/2024:21:23:43 +0530] GET /api/course/ HTTP/1.0***0.034***
[29/May/2024:21:23:43 +0530] GET /api/quiz/CS007/downloadable-quizzes/ HTTP/1.0***0.040***
[29/May/2024:21:23:43 +0530] GET /api/quiz/CS007/downloadable-quizzes/ HTTP/1.0***0.041***
[29/May/2024:21:23:43 +0530] GET /api/quiz/CS007.AG/download/ HTTP/1.0***0.027***
[29/May/2024:21:23:43 +0530] GET /api/quiz/CS007.AG/download/ HTTP/1.0***0.027***
[29/May/2024:21:23:44 +0530] GET /api/quiz/CS007.AG/info/ HTTP/1.0***0.186***
[29/May/2024:21:23:44 +0530] GET /api/quiz/CS007.AG/info/ HTTP/1.0***0.239***
[29/May/2024:21:23:44 +0530] GET /api/quiz/CS007.AG/authenticate/ HTTP/1.0***0.034***
[29/May/2024:21:23:44 +0530] GET /api/quiz/CS007.AG/authenticate/ HTTP/1.0***0.032***
[29/May/2024:21:23:44 +0530] POST /api/quiz/7fbb75dc95d1463dbf1a47abdda15e0f/submit/ HTTP/1.0***0.345***
[29/May/2024:21:23:44 +0530] POST /api/quiz/ce17bc4d737d46e9834b12be6b7f98cd/submit/ HTTP/1.0***0.350***
[29/May/2024:21:23:44 +0530] POST /api/account/login/ HTTP/1.0***0.419***
[29/May/2024:21:23:44 +0530] POST /api/account/login/ HTTP/1.0***0.426***
[29/May/2024:21:23:44 +0530] GET /api/course/ HTTP/1.0***0.033***
[29/May/2024:21:23:44 +0530] GET /api/course/ HTTP/1.0***0.035***
[29/May/2024:21:23:44 +0530] GET /api/quiz/CS007/downloadable-quizzes/ HTTP/1.0***0.042***
[29/May/2024:21:23:44 +0530] GET /api/quiz/CS007/downloadable-quizzes/ HTTP/1.0***0.042***
[29/May/2024:21:23:44 +0530] GET /api/quiz/CS007.AG/info/ HTTP/1.0***0.095***
[29/May/2024:21:23:44 +0530] GET /api/quiz/CS007.AG/info/ HTTP/1.0***0.092***
[29/May/2024:21:23:44 +0530] GET /api/quiz/CS007.AG/authenticate/ HTTP/1.0***0.028***
[29/May/2024:21:23:45 +0530] GET /api/quiz/CS007.AG/authenticate/ HTTP/1.0***0.033***
[29/May/2024:21:23:45 +0530] GET /api/quiz/CS007.AG/download/ HTTP/1.0***0.028***
[29/May/2024:21:23:45 +0530] GET /api/quiz/CS007.AG/download/ HTTP/1.0***0.029***
[29/May/2024:21:23:45 +0530] POST /api/quiz/e1ac0d7cdaf44ac59ead6f8aae4ffe27/submit/ HTTP/1.0***0.235***
[29/May/2024:21:23:45 +0530] POST /api/quiz/7095b741d9244db9a1ab6b05deecd093/submit/ HTTP/1.0***0.248***
[29/May/2024:21:23:45 +0530] POST /api/account/login/ HTTP/1.0***0.364***
[29/May/2024:21:23:45 +0530] POST /api/account/login/ HTTP/1.0***0.422***
[29/May/2024:21:23:45 +0530] GET /api/course/ HTTP/1.0***0.031***
[29/May/2024:21:23:45 +0530] GET /api/course/ HTTP/1.0***0.033***
[29/May/2024:21:23:45 +0530] GET /api/quiz/CS007/downloadable-quizzes/ HTTP/1.0***0.038***
[29/May/2024:21:23:45 +0530] GET /api/quiz/CS007/downloadable-quizzes/ HTTP/1.0***0.041***
[29/May/2024:21:23:45 +0530] GET /api/quiz/CS007.AG/info/ HTTP/1.0***0.095***
[29/May/2024:21:23:45 +0530] GET /api/quiz/CS007.AG/info/ HTTP/1.0***0.098***
[29/May/2024:21:23:45 +0530] GET /api/quiz/CS007.AG/download/ HTTP/1.0***0.021***
[29/May/2024:21:23:46 +0530] GET /api/quiz/CS007.AG/download/ HTTP/1.0***0.024***
[29/May/2024:21:23:46 +0530] GET /api/quiz/CS007.AG/authenticate/ HTTP/1.0***0.025***
[29/May/2024:21:23:46 +0530] GET /api/quiz/CS007.AG/authenticate/ HTTP/1.0***0.028***
[29/May/2024:21:23:46 +0530] POST /api/quiz/5a04067cd4aa40f3a102920b43bbe608/submit/ HTTP/1.0***0.303***
[29/May/2024:21:23:46 +0530] POST /api/quiz/6de0c6d392d94860b0df703b9b187462/submit/ HTTP/1.0***0.094***
[29/May/2024:21:23:46 +0530] GET /sys_perf_check/2024-05-29_15-53-34-end/100/ HTTP/1.0***0.014***
[29/May/2024:21:23:46 +0530] GET /sys_perf_check/2024-05-29_15-53-34-END/0/ HTTP/1.0***0.014***
