[29/May/2024:23:28:20 +0530] GET /sys_perf_check/2024-05-29_17-58-19-START/0/ HTTP/1.0***0.014***
[29/May/2024:23:28:20 +0530] GET /sys_perf_check/2024-05-29_17-58-19-start/100/ HTTP/1.0***0.015***
[29/May/2024:23:28:22 +0530] POST /api/account/login/ HTTP/1.0***0.414***
[29/May/2024:23:28:22 +0530] POST /api/account/login/ HTTP/1.0***0.417***
[29/May/2024:23:28:23 +0530] GET /api/course/ HTTP/1.0***0.031***
[29/May/2024:23:28:23 +0530] GET /api/course/ HTTP/1.0***0.028***
[29/May/2024:23:28:23 +0530] POST /api/account/login/ HTTP/1.0***0.401***
[29/May/2024:23:28:23 +0530] POST /api/account/login/ HTTP/1.0***0.412***
[29/May/2024:23:28:24 +0530] GET /api/quiz/CS007/downloadable-quizzes/ HTTP/1.0***0.036***
[29/May/2024:23:28:24 +0530] GET /api/quiz/CS007/downloadable-quizzes/ HTTP/1.0***0.041***
[29/May/2024:23:28:24 +0530] GET /api/course/ HTTP/1.0***0.027***
[29/May/2024:23:28:24 +0530] GET /api/course/ HTTP/1.0***0.030***
[29/May/2024:23:28:24 +0530] POST /api/account/login/ HTTP/1.0***0.401***
[29/May/2024:23:28:24 +0530] POST /api/account/login/ HTTP/1.0***0.403***
[29/May/2024:23:28:25 +0530] POST /api/account/login/ HTTP/1.0***0.379***
[29/May/2024:23:28:25 +0530] POST /api/account/login/ HTTP/1.0***0.391***
[29/May/2024:23:28:25 +0530] GET /api/quiz/CS007/downloadable-quizzes/ HTTP/1.0***0.036***
[29/May/2024:23:28:25 +0530] GET /api/quiz/CS007.AG/info/ HTTP/1.0***0.069***
[29/May/2024:23:28:25 +0530] GET /api/quiz/CS007/downloadable-quizzes/ HTTP/1.0***0.037***
[29/May/2024:23:28:25 +0530] GET /api/quiz/CS007.AG/info/ HTTP/1.0***0.071***
[29/May/2024:23:28:25 +0530] GET /api/course/ HTTP/1.0***0.028***
[29/May/2024:23:28:25 +0530] GET /api/course/ HTTP/1.0***0.023***
[29/May/2024:23:28:26 +0530] POST /api/account/login/ HTTP/1.0***0.364***
[29/May/2024:23:28:26 +0530] POST /api/account/login/ HTTP/1.0***0.389***
[29/May/2024:23:28:26 +0530] GET /api/course/ HTTP/1.0***0.027***
[29/May/2024:23:28:26 +0530] GET /api/course/ HTTP/1.0***0.027***
[29/May/2024:23:28:26 +0530] GET /api/quiz/CS007.AG/download/ HTTP/1.0***0.020***
[29/May/2024:23:28:26 +0530] GET /api/quiz/CS007.AG/download/ HTTP/1.0***0.022***
[29/May/2024:23:28:26 +0530] GET /api/quiz/CS007/downloadable-quizzes/ HTTP/1.0***0.032***
[29/May/2024:23:28:26 +0530] GET /api/quiz/CS007/downloadable-quizzes/ HTTP/1.0***0.038***
[29/May/2024:23:28:26 +0530] GET /api/quiz/CS007.AG/info/ HTTP/1.0***0.075***
[29/May/2024:23:28:26 +0530] GET /api/quiz/CS007.AG/info/ HTTP/1.0***0.075***
[29/May/2024:23:28:27 +0530] POST /api/account/login/ HTTP/1.0***0.403***
[29/May/2024:23:28:27 +0530] POST /api/account/login/ HTTP/1.0***0.417***
[29/May/2024:23:28:27 +0530] GET /api/course/ HTTP/1.0***0.030***
[29/May/2024:23:28:27 +0530] GET /api/course/ HTTP/1.0***0.030***
[29/May/2024:23:28:27 +0530] GET /api/quiz/CS007/downloadable-quizzes/ HTTP/1.0***0.034***
[29/May/2024:23:28:27 +0530] GET /api/quiz/CS007/downloadable-quizzes/ HTTP/1.0***0.033***
[29/May/2024:23:28:27 +0530] GET /api/quiz/CS007.AG/authenticate/ HTTP/1.0***0.029***
[29/May/2024:23:28:27 +0530] GET /api/quiz/CS007.AG/authenticate/ HTTP/1.0***0.027***
[29/May/2024:23:28:27 +0530] GET /api/quiz/CS007.AG/download/ HTTP/1.0***0.024***
[29/May/2024:23:28:27 +0530] GET /api/quiz/CS007.AG/download/ HTTP/1.0***0.023***
[29/May/2024:23:28:27 +0530] GET /api/quiz/CS007.AG/info/ HTTP/1.0***0.087***
[29/May/2024:23:28:27 +0530] GET /api/quiz/CS007.AG/info/ HTTP/1.0***0.094***
[29/May/2024:23:28:28 +0530] POST /api/account/login/ HTTP/1.0***0.418***
[29/May/2024:23:28:28 +0530] POST /api/account/login/ HTTP/1.0***0.426***
[29/May/2024:23:28:28 +0530] GET /api/course/ HTTP/1.0***0.031***
[29/May/2024:23:28:28 +0530] GET /api/course/ HTTP/1.0***0.034***
[29/May/2024:23:28:28 +0530] GET /api/quiz/CS007/downloadable-quizzes/ HTTP/1.0***0.037***
[29/May/2024:23:28:28 +0530] GET /api/quiz/CS007/downloadable-quizzes/ HTTP/1.0***0.033***
[29/May/2024:23:28:28 +0530] GET /api/quiz/CS007.AG/info/ HTTP/1.0***0.105***
[29/May/2024:23:28:28 +0530] GET /api/quiz/CS007.AG/authenticate/ HTTP/1.0***0.031***
[29/May/2024:23:28:28 +0530] GET /api/quiz/CS007.AG/info/ HTTP/1.0***0.096***
[29/May/2024:23:28:28 +0530] GET /api/quiz/CS007.AG/authenticate/ HTTP/1.0***0.028***
[29/May/2024:23:28:28 +0530] POST /api/quiz/ce17bc4d737d46e9834b12be6b7f98cd/submit/ HTTP/1.0***0.244***
[29/May/2024:23:28:28 +0530] POST /api/quiz/7fbb75dc95d1463dbf1a47abdda15e0f/submit/ HTTP/1.0***0.240***
[29/May/2024:23:28:28 +0530] GET /api/quiz/CS007.AG/download/ HTTP/1.0***0.023***
[29/May/2024:23:28:28 +0530] GET /api/quiz/CS007.AG/download/ HTTP/1.0***0.023***
[29/May/2024:23:28:29 +0530] POST /api/account/login/ HTTP/1.0***0.399***
[29/May/2024:23:28:29 +0530] POST /api/account/login/ HTTP/1.0***0.412***
[29/May/2024:23:28:29 +0530] GET /api/course/ HTTP/1.0***0.032***
[29/May/2024:23:28:29 +0530] GET /api/course/ HTTP/1.0***0.034***
[29/May/2024:23:28:29 +0530] GET /api/quiz/CS007/downloadable-quizzes/ HTTP/1.0***0.037***
[29/May/2024:23:28:29 +0530] GET /api/quiz/CS007/downloadable-quizzes/ HTTP/1.0***0.041***
[29/May/2024:23:28:29 +0530] GET /api/quiz/CS007.AG/info/ HTTP/1.0***0.083***
[29/May/2024:23:28:29 +0530] GET /api/quiz/CS007.AG/info/ HTTP/1.0***0.087***
[29/May/2024:23:28:29 +0530] GET /api/quiz/CS007.AG/download/ HTTP/1.0***0.023***
[29/May/2024:23:28:29 +0530] GET /api/quiz/CS007.AG/download/ HTTP/1.0***0.025***
[29/May/2024:23:28:29 +0530] GET /api/quiz/CS007.AG/authenticate/ HTTP/1.0***0.029***
[29/May/2024:23:28:29 +0530] GET /api/quiz/CS007.AG/authenticate/ HTTP/1.0***0.029***
[29/May/2024:23:28:29 +0530] POST /api/quiz/7095b741d9244db9a1ab6b05deecd093/submit/ HTTP/1.0***0.230***
[29/May/2024:23:28:29 +0530] POST /api/quiz/e1ac0d7cdaf44ac59ead6f8aae4ffe27/submit/ HTTP/1.0***0.231***
[29/May/2024:23:28:30 +0530] POST /api/account/login/ HTTP/1.0***0.398***
[29/May/2024:23:28:30 +0530] POST /api/account/login/ HTTP/1.0***0.412***
[29/May/2024:23:28:30 +0530] GET /api/course/ HTTP/1.0***0.031***
[29/May/2024:23:28:30 +0530] POST /api/account/login/ HTTP/1.0***0.411***
[29/May/2024:23:28:30 +0530] POST /api/account/login/ HTTP/1.0***0.426***
[29/May/2024:23:28:30 +0530] GET /api/course/ HTTP/1.0***0.030***
[29/May/2024:23:28:30 +0530] GET /api/quiz/CS007/downloadable-quizzes/ HTTP/1.0***0.036***
[29/May/2024:23:28:30 +0530] GET /api/quiz/CS007/downloadable-quizzes/ HTTP/1.0***0.035***
[29/May/2024:23:28:30 +0530] GET /api/quiz/CS007.AG/info/ HTTP/1.0***0.087***
[29/May/2024:23:28:30 +0530] GET /api/quiz/CS007.AG/info/ HTTP/1.0***0.095***
[29/May/2024:23:28:30 +0530] GET /api/quiz/CS007.AG/download/ HTTP/1.0***0.023***
[29/May/2024:23:28:30 +0530] GET /api/quiz/CS007.AG/download/ HTTP/1.0***0.021***
[29/May/2024:23:28:30 +0530] GET /api/quiz/CS007.AG/authenticate/ HTTP/1.0***0.029***
[29/May/2024:23:28:30 +0530] GET /api/quiz/CS007.AG/authenticate/ HTTP/1.0***0.031***
[29/May/2024:23:28:30 +0530] POST /api/quiz/6de0c6d392d94860b0df703b9b187462/submit/ HTTP/1.0***0.147***
[29/May/2024:23:28:30 +0530] POST /api/account/login/ HTTP/1.0***0.061***
[29/May/2024:23:28:30 +0530] POST /api/quiz/5a04067cd4aa40f3a102920b43bbe608/submit/ HTTP/1.0***0.147***
[29/May/2024:23:28:30 +0530] POST /api/account/login/ HTTP/1.0***0.062***
[29/May/2024:23:28:30 +0530] POST /api/account/login/ HTTP/1.0***0.058***
[29/May/2024:23:28:31 +0530] GET /sys_perf_check/2024-05-29_17-58-19-end/100/ HTTP/1.0***0.014***
[29/May/2024:23:28:31 +0530] GET /sys_perf_check/2024-05-29_17-58-19-END/0/ HTTP/1.0***0.013***
