[07/Mar/2024:17:55:33 +0530] GET /sys_perf_check/2024-03-07_12-25-29-START/0/ HTTP/1.0***0.014***
[07/Mar/2024:17:55:33 +0530] GET /sys_perf_check/2024-03-07_12-25-29-start/100/ HTTP/1.0***0.013***
[07/Mar/2024:17:55:35 +0530] POST /api/account/login/ HTTP/1.0***0.397***
[07/Mar/2024:17:55:35 +0530] POST /api/account/login/ HTTP/1.0***0.410***
[07/Mar/2024:17:55:36 +0530] POST /api/account/login/ HTTP/1.0***0.405***
[07/Mar/2024:17:55:36 +0530] POST /api/account/login/ HTTP/1.0***0.407***
[07/Mar/2024:17:55:36 +0530] GET /api/course/ HTTP/1.0***0.032***
[07/Mar/2024:17:55:36 +0530] GET /api/course/ HTTP/1.0***0.033***
[07/Mar/2024:17:55:37 +0530] POST /api/account/login/ HTTP/1.0***0.397***
[07/Mar/2024:17:55:37 +0530] GET /api/course/ HTTP/1.0***0.031***
[07/Mar/2024:17:55:37 +0530] POST /api/account/login/ HTTP/1.0***0.401***
[07/Mar/2024:17:55:37 +0530] GET /api/course/ HTTP/1.0***0.031***
[07/Mar/2024:17:55:37 +0530] GET /api/quiz/CS007/downloadable-quizzes/ HTTP/1.0***0.075***
[07/Mar/2024:17:55:37 +0530] GET /api/quiz/CS007/downloadable-quizzes/ HTTP/1.0***0.085***
[07/Mar/2024:17:55:38 +0530] GET /api/course/ HTTP/1.0***0.035***
[07/Mar/2024:17:55:38 +0530] GET /api/course/ HTTP/1.0***0.029***
[07/Mar/2024:17:55:38 +0530] POST /api/account/login/ HTTP/1.0***0.404***
[07/Mar/2024:17:55:38 +0530] POST /api/account/login/ HTTP/1.0***0.414***
[07/Mar/2024:17:55:38 +0530] GET /api/quiz/CS007/downloadable-quizzes/ HTTP/1.0***0.071***
[07/Mar/2024:17:55:38 +0530] GET /api/quiz/CS007/downloadable-quizzes/ HTTP/1.0***0.076***
[07/Mar/2024:17:55:39 +0530] POST /api/account/login/ HTTP/1.0***0.414***
[07/Mar/2024:17:55:39 +0530] POST /api/account/login/ HTTP/1.0***0.418***
[07/Mar/2024:17:55:39 +0530] GET /api/course/ HTTP/1.0***0.031***
[07/Mar/2024:17:55:39 +0530] GET /api/course/ HTTP/1.0***0.030***
[07/Mar/2024:17:55:39 +0530] GET /api/quiz/CS007/downloadable-quizzes/ HTTP/1.0***0.067***
[07/Mar/2024:17:55:39 +0530] GET /api/quiz/CS007/downloadable-quizzes/ HTTP/1.0***0.075***
[07/Mar/2024:17:55:39 +0530] GET /api/quiz/CS007.ZW/info/ HTTP/1.0***0.928***
[07/Mar/2024:17:55:39 +0530] GET /api/quiz/CS007.ZW/info/ HTTP/1.0***0.935***
[07/Mar/2024:17:55:40 +0530] POST /api/account/login/ HTTP/1.0***0.389***
[07/Mar/2024:17:55:40 +0530] GET /api/quiz/CS007.ZW/info/ HTTP/1.0***0.980***
[07/Mar/2024:17:55:40 +0530] POST /api/account/login/ HTTP/1.0***0.405***
[07/Mar/2024:17:55:40 +0530] GET /api/course/ HTTP/1.0***0.029***
[07/Mar/2024:17:55:40 +0530] GET /api/course/ HTTP/1.0***0.027***
[07/Mar/2024:17:55:40 +0530] GET /api/quiz/CS007.ZW/info/ HTTP/1.0***1.048***
[07/Mar/2024:17:55:40 +0530] GET /api/quiz/CS007/downloadable-quizzes/ HTTP/1.0***0.108***
[07/Mar/2024:17:55:40 +0530] GET /api/quiz/CS007/downloadable-quizzes/ HTTP/1.0***0.105***
[07/Mar/2024:17:55:40 +0530] GET /api/quiz/CS007.ZW/download/ HTTP/1.0***0.023***
[07/Mar/2024:17:55:40 +0530] GET /api/quiz/CS007.ZW/download/ HTTP/1.0***0.023***
[07/Mar/2024:17:55:41 +0530] POST /api/account/login/ HTTP/1.0***0.404***
[07/Mar/2024:17:55:41 +0530] POST /api/account/login/ HTTP/1.0***0.411***
[07/Mar/2024:17:55:41 +0530] GET /api/quiz/CS007.ZW/download/ HTTP/1.0***0.021***
[07/Mar/2024:17:55:41 +0530] GET /api/course/ HTTP/1.0***0.026***
[07/Mar/2024:17:55:41 +0530] GET /api/quiz/CS007.ZW/info/ HTTP/1.0***0.980***
[07/Mar/2024:17:55:41 +0530] GET /api/course/ HTTP/1.0***0.031***
[07/Mar/2024:17:55:41 +0530] GET /api/quiz/CS007/downloadable-quizzes/ HTTP/1.0***0.064***
[07/Mar/2024:17:55:41 +0530] GET /api/quiz/CS007/downloadable-quizzes/ HTTP/1.0***0.072***
[07/Mar/2024:17:55:41 +0530] GET /api/quiz/CS007.ZW/download/ HTTP/1.0***0.025***
[07/Mar/2024:17:55:41 +0530] GET /api/quiz/CS007.ZW/info/ HTTP/1.0***1.156***
[07/Mar/2024:17:55:41 +0530] GET /api/quiz/CS007.ZW/authenticate/ HTTP/1.0***0.135***
[07/Mar/2024:17:55:41 +0530] GET /api/quiz/CS007.ZW/authenticate/ HTTP/1.0***0.144***
[07/Mar/2024:17:55:42 +0530] POST /api/account/login/ HTTP/1.0***0.383***
[07/Mar/2024:17:55:42 +0530] POST /api/account/login/ HTTP/1.0***0.398***
[07/Mar/2024:17:55:42 +0530] GET /api/course/ HTTP/1.0***0.032***
[07/Mar/2024:17:55:42 +0530] GET /api/course/ HTTP/1.0***0.026***
[07/Mar/2024:17:55:42 +0530] GET /api/quiz/CS007.ZW/download/ HTTP/1.0***0.023***
[07/Mar/2024:17:55:42 +0530] GET /api/quiz/CS007.ZW/authenticate/ HTTP/1.0***0.080***
[07/Mar/2024:17:55:42 +0530] GET /api/quiz/CS007/downloadable-quizzes/ HTTP/1.0***0.130***
[07/Mar/2024:17:55:42 +0530] GET /api/quiz/CS007/downloadable-quizzes/ HTTP/1.0***0.156***
[07/Mar/2024:17:55:42 +0530] GET /api/quiz/CS007.ZW/authenticate/ HTTP/1.0***0.113***
[07/Mar/2024:17:55:42 +0530] GET /api/quiz/CS007.ZW/info/ HTTP/1.0***0.986***
[07/Mar/2024:17:55:42 +0530] GET /api/quiz/CS007.ZW/info/ HTTP/1.0***1.027***
[07/Mar/2024:17:55:42 +0530] GET /api/quiz/CS007.ZW/download/ HTTP/1.0***0.023***
[07/Mar/2024:17:55:43 +0530] POST /api/account/login/ HTTP/1.0***0.341***
[07/Mar/2024:17:55:43 +0530] POST /api/account/login/ HTTP/1.0***0.377***
[07/Mar/2024:17:55:43 +0530] GET /api/quiz/CS007.ZW/info/ HTTP/1.0***0.962***
[07/Mar/2024:17:55:43 +0530] GET /api/course/ HTTP/1.0***0.028***
[07/Mar/2024:17:55:43 +0530] GET /api/course/ HTTP/1.0***0.028***
[07/Mar/2024:17:55:43 +0530] GET /api/quiz/CS007.ZW/info/ HTTP/1.0***0.972***
[07/Mar/2024:17:55:43 +0530] GET /api/quiz/CS007/downloadable-quizzes/ HTTP/1.0***0.061***
[07/Mar/2024:17:55:43 +0530] GET /api/quiz/CS007/downloadable-quizzes/ HTTP/1.0***0.072***
[07/Mar/2024:17:55:43 +0530] GET /api/quiz/CS007.ZW/authenticate/ HTTP/1.0***0.047***
[07/Mar/2024:17:55:43 +0530] POST /api/quiz/d42ede1ed49146f696374cbf9bda0ae4/submit/ HTTP/1.0***0.754***
[07/Mar/2024:17:55:43 +0530] POST /api/quiz/b05404ff28844d51945de3d976ee2b92/submit/ HTTP/1.0***0.948***
[07/Mar/2024:17:55:43 +0530] GET /api/quiz/CS007.ZW/download/ HTTP/1.0***0.023***
[07/Mar/2024:17:55:43 +0530] GET /api/quiz/CS007.ZW/download/ HTTP/1.0***0.024***
[07/Mar/2024:17:55:44 +0530] GET /api/quiz/CS007.ZW/authenticate/ HTTP/1.0***0.171***
[07/Mar/2024:17:55:44 +0530] GET /api/course/ HTTP/1.0***0.029***
[07/Mar/2024:17:55:44 +0530] POST /api/account/login/ HTTP/1.0***0.391***
[07/Mar/2024:17:55:44 +0530] POST /api/account/login/ HTTP/1.0***0.410***
[07/Mar/2024:17:55:44 +0530] GET /api/course/ HTTP/1.0***0.029***
[07/Mar/2024:17:55:44 +0530] POST /api/quiz/91a9e16376514e7eabe04c7f5fdf609c/submit/ HTTP/1.0***0.950***
[07/Mar/2024:17:55:44 +0530] GET /api/quiz/CS007.ZW/download/ HTTP/1.0***0.022***
[07/Mar/2024:17:55:44 +0530] GET /api/quiz/CS007.ZW/download/ HTTP/1.0***0.023***
[07/Mar/2024:17:55:44 +0530] GET /api/quiz/CS007/downloadable-quizzes/ HTTP/1.0***0.077***
[07/Mar/2024:17:55:44 +0530] GET /api/quiz/CS007/downloadable-quizzes/ HTTP/1.0***0.078***
[07/Mar/2024:17:55:44 +0530] GET /api/quiz/CS007.ZW/info/ HTTP/1.0***1.067***
[07/Mar/2024:17:55:44 +0530] POST /api/quiz/9c1821b5bec94b42b86faa9f995119d2/submit/ HTTP/1.0***0.952***
[07/Mar/2024:17:55:45 +0530] GET /api/quiz/CS007.ZW/authenticate/ HTTP/1.0***0.102***
[07/Mar/2024:17:55:45 +0530] GET /api/quiz/CS007.ZW/authenticate/ HTTP/1.0***0.102***
[07/Mar/2024:17:55:45 +0530] GET /api/quiz/CS007.ZW/info/ HTTP/1.0***1.235***
[07/Mar/2024:17:55:45 +0530] GET /api/course/ HTTP/1.0***0.028***
[07/Mar/2024:17:55:45 +0530] POST /api/account/login/ HTTP/1.0***0.390***
[07/Mar/2024:17:55:45 +0530] POST /api/account/login/ HTTP/1.0***0.402***
[07/Mar/2024:17:55:45 +0530] GET /api/course/ HTTP/1.0***0.027***
[07/Mar/2024:17:55:45 +0530] GET /api/quiz/CS007/downloadable-quizzes/ HTTP/1.0***0.078***
[07/Mar/2024:17:55:45 +0530] POST /api/account/login/ HTTP/1.0***0.431***
[07/Mar/2024:17:55:45 +0530] GET /api/quiz/CS007/downloadable-quizzes/ HTTP/1.0***0.070***
[07/Mar/2024:17:55:45 +0530] POST /api/account/login/ HTTP/1.0***0.458***
[07/Mar/2024:17:55:45 +0530] GET /api/quiz/CS007.ZW/info/ HTTP/1.0***0.963***
[07/Mar/2024:17:55:45 +0530] GET /api/quiz/CS007.ZW/info/ HTTP/1.0***0.976***
[07/Mar/2024:17:55:45 +0530] POST /api/quiz/47a5d63d8da14acca87938c6b95c997e/submit/ HTTP/1.0***0.943***
[07/Mar/2024:17:55:45 +0530] GET /api/quiz/CS007.ZW/authenticate/ HTTP/1.0***0.132***
[07/Mar/2024:17:55:45 +0530] GET /api/quiz/CS007.ZW/authenticate/ HTTP/1.0***0.133***
[07/Mar/2024:17:55:45 +0530] GET /api/quiz/CS007.ZW/download/ HTTP/1.0***0.020***
[07/Mar/2024:17:55:45 +0530] POST /api/quiz/76d9b64a9c9341f4a1dc1e222b34ac00/submit/ HTTP/1.0***0.894***
[07/Mar/2024:17:55:46 +0530] GET /api/quiz/CS007.ZW/download/ HTTP/1.0***0.021***
[07/Mar/2024:17:55:46 +0530] POST /api/account/login/ HTTP/1.0***0.367***
[07/Mar/2024:17:55:46 +0530] GET /api/course/ HTTP/1.0***0.028***
[07/Mar/2024:17:55:46 +0530] GET /api/course/ HTTP/1.0***0.026***
[07/Mar/2024:17:55:46 +0530] POST /api/account/login/ HTTP/1.0***0.401***
[07/Mar/2024:17:55:46 +0530] POST /api/account/login/ HTTP/1.0***0.402***
[07/Mar/2024:17:55:46 +0530] GET /api/quiz/CS007/downloadable-quizzes/ HTTP/1.0***0.071***
[07/Mar/2024:17:55:46 +0530] GET /api/course/ HTTP/1.0***0.029***
[07/Mar/2024:17:55:46 +0530] POST /api/account/login/ HTTP/1.0***0.444***
[07/Mar/2024:17:55:46 +0530] GET /api/quiz/CS007/downloadable-quizzes/ HTTP/1.0***0.064***
[07/Mar/2024:17:55:46 +0530] GET /api/quiz/CS007.ZW/info/ HTTP/1.0***0.934***
[07/Mar/2024:17:55:46 +0530] GET /api/quiz/CS007.ZW/download/ HTTP/1.0***0.022***
[07/Mar/2024:17:55:46 +0530] GET /api/quiz/CS007.ZW/download/ HTTP/1.0***0.023***
[07/Mar/2024:17:55:46 +0530] GET /api/course/ HTTP/1.0***0.030***
[07/Mar/2024:17:55:46 +0530] GET /api/quiz/CS007.ZW/info/ HTTP/1.0***1.016***
[07/Mar/2024:17:55:46 +0530] GET /api/quiz/CS007.ZW/authenticate/ HTTP/1.0***0.089***
[07/Mar/2024:17:55:46 +0530] POST /api/quiz/d989f2f69a404b5984526adee22abbc6/submit/ HTTP/1.0***0.917***
[07/Mar/2024:17:55:47 +0530] POST /api/quiz/54bdfb4ba96e4c83ace958581901b401/submit/ HTTP/1.0***0.937***
[07/Mar/2024:17:55:47 +0530] GET /api/quiz/CS007.ZW/info/ HTTP/1.0***0.952***
[07/Mar/2024:17:55:47 +0530] POST /api/quiz/92cc74f5963443908e14b853a5f5213c/submit/ HTTP/1.0***0.848***
[07/Mar/2024:17:55:47 +0530] POST /api/quiz/1ab769375b7b4c83bdd95f1c65107e3a/submit/ HTTP/1.0***0.901***
[07/Mar/2024:17:55:47 +0530] GET /api/quiz/CS007.ZW/info/ HTTP/1.0***1.191***
[07/Mar/2024:17:55:49 +0530] GET /api/quiz/CS007.ZW/download/ HTTP/1.0***0.026***
[07/Mar/2024:17:55:49 +0530] GET /api/quiz/CS007.ZW/download/ HTTP/1.0***0.028***
[07/Mar/2024:17:55:49 +0530] GET /api/course/ HTTP/1.0***0.034***
[07/Mar/2024:17:55:49 +0530] GET /api/course/ HTTP/1.0***0.035***
[07/Mar/2024:17:55:49 +0530] GET /api/course/ HTTP/1.0***0.037***
[07/Mar/2024:17:55:49 +0530] GET /api/course/ HTTP/1.0***0.038***
[07/Mar/2024:17:55:49 +0530] GET /api/quiz/CS007.ZW/authenticate/ HTTP/1.0***0.101***
[07/Mar/2024:17:55:49 +0530] GET /api/quiz/CS007.ZW/authenticate/ HTTP/1.0***0.101***
[07/Mar/2024:17:55:49 +0530] GET /api/quiz/CS007.ZW/authenticate/ HTTP/1.0***0.103***
[07/Mar/2024:17:55:49 +0530] GET /api/quiz/CS007/downloadable-quizzes/ HTTP/1.0***0.110***
[07/Mar/2024:17:55:49 +0530] GET /api/quiz/CS007/downloadable-quizzes/ HTTP/1.0***0.111***
[07/Mar/2024:17:55:49 +0530] GET /api/quiz/CS007/downloadable-quizzes/ HTTP/1.0***0.110***
[07/Mar/2024:17:55:49 +0530] GET /api/quiz/CS007/downloadable-quizzes/ HTTP/1.0***0.116***
[07/Mar/2024:17:55:50 +0530] GET /api/quiz/CS007.ZW/info/ HTTP/1.0***1.000***
[07/Mar/2024:17:55:50 +0530] GET /api/quiz/CS007.ZW/info/ HTTP/1.0***1.019***
[07/Mar/2024:17:55:51 +0530] GET /api/quiz/CS007/downloadable-quizzes/ HTTP/1.0***0.079***
[07/Mar/2024:17:55:51 +0530] GET /api/quiz/CS007.ZW/download/ HTTP/1.0***0.024***
[07/Mar/2024:17:55:51 +0530] GET /api/quiz/CS007/downloadable-quizzes/ HTTP/1.0***0.073***
[07/Mar/2024:17:55:51 +0530] GET /api/quiz/CS007/downloadable-quizzes/ HTTP/1.0***0.083***
[07/Mar/2024:17:55:51 +0530] GET /api/quiz/CS007/downloadable-quizzes/ HTTP/1.0***0.083***
[07/Mar/2024:17:55:51 +0530] GET /api/quiz/CS007.ZW/authenticate/ HTTP/1.0***0.066***
[07/Mar/2024:17:55:51 +0530] GET /api/quiz/CS007.ZW/download/ HTTP/1.0***0.019***
[07/Mar/2024:17:55:51 +0530] GET /api/quiz/CS007.ZW/download/ HTTP/1.0***0.019***
[07/Mar/2024:17:55:51 +0530] GET /api/quiz/CS007.ZW/authenticate/ HTTP/1.0***0.108***
[07/Mar/2024:17:55:51 +0530] GET /api/quiz/CS007.ZW/download/ HTTP/1.0***0.021***
[07/Mar/2024:17:55:52 +0530] POST /api/quiz/8d27a28690404a168d2747313447f842/submit/ HTTP/1.0***0.969***
[07/Mar/2024:17:55:52 +0530] POST /api/quiz/a520bff7677e44e8914333631ec47b43/submit/ HTTP/1.0***0.969***
[07/Mar/2024:17:55:52 +0530] POST /api/quiz/6600d5014ded4808bd8113698d6c1068/submit/ HTTP/1.0***0.982***
[07/Mar/2024:17:55:52 +0530] GET /api/quiz/CS007.ZW/info/ HTTP/1.0***1.024***
[07/Mar/2024:17:55:52 +0530] GET /api/quiz/CS007.ZW/info/ HTTP/1.0***1.048***
[07/Mar/2024:17:55:52 +0530] POST /api/quiz/92a1759b0aae412d97a69f15e32aac93/submit/ HTTP/1.0***1.050***
[07/Mar/2024:17:55:52 +0530] GET /api/quiz/CS007.ZW/info/ HTTP/1.0***1.109***
[07/Mar/2024:17:55:52 +0530] GET /api/quiz/CS007.ZW/authenticate/ HTTP/1.0***0.128***
[07/Mar/2024:17:55:52 +0530] POST /api/account/login/ HTTP/1.0***0.422***
[07/Mar/2024:17:55:52 +0530] GET /api/quiz/CS007.ZW/authenticate/ HTTP/1.0***0.094***
[07/Mar/2024:17:55:52 +0530] GET /api/quiz/CS007.ZW/info/ HTTP/1.0***1.240***
[07/Mar/2024:17:55:52 +0530] POST /api/account/login/ HTTP/1.0***0.499***
[07/Mar/2024:17:55:52 +0530] POST /api/account/login/ HTTP/1.0***0.514***
[07/Mar/2024:17:55:52 +0530] POST /api/account/login/ HTTP/1.0***0.527***
[07/Mar/2024:17:55:52 +0530] POST /api/account/login/ HTTP/1.0***0.500***
[07/Mar/2024:17:55:52 +0530] POST /api/account/login/ HTTP/1.0***0.556***
[07/Mar/2024:17:55:52 +0530] POST /api/account/login/ HTTP/1.0***0.560***
[07/Mar/2024:17:55:52 +0530] POST /api/account/login/ HTTP/1.0***0.536***
[07/Mar/2024:17:55:52 +0530] GET /api/quiz/CS007.ZW/authenticate/ HTTP/1.0***0.066***
[07/Mar/2024:17:55:52 +0530] GET /api/quiz/CS007.ZW/authenticate/ HTTP/1.0***0.067***
[07/Mar/2024:17:55:52 +0530] POST /api/account/login/ HTTP/1.0***0.577***
[07/Mar/2024:17:55:52 +0530] POST /api/account/login/ HTTP/1.0***0.657***
[07/Mar/2024:17:55:52 +0530] POST /api/account/login/ HTTP/1.0***0.666***
[07/Mar/2024:17:55:53 +0530] GET /api/quiz/CS007.ZW/download/ HTTP/1.0***0.022***
[07/Mar/2024:17:55:53 +0530] GET /api/quiz/CS007.ZW/download/ HTTP/1.0***0.023***
[07/Mar/2024:17:55:53 +0530] GET /api/quiz/CS007.ZW/download/ HTTP/1.0***0.022***
[07/Mar/2024:17:55:53 +0530] GET /api/quiz/CS007.ZW/info/ HTTP/1.0***1.155***
[07/Mar/2024:17:55:53 +0530] GET /api/quiz/CS007.ZW/info/ HTTP/1.0***1.147***
[07/Mar/2024:17:55:53 +0530] GET /api/quiz/CS007.ZW/info/ HTTP/1.0***1.177***
[07/Mar/2024:17:55:53 +0530] POST /api/account/login/ HTTP/1.0***0.410***
[07/Mar/2024:17:55:53 +0530] POST /api/account/login/ HTTP/1.0***0.428***
[07/Mar/2024:17:55:53 +0530] POST /api/account/login/ HTTP/1.0***0.402***
[07/Mar/2024:17:55:53 +0530] POST /api/account/login/ HTTP/1.0***0.407***
[07/Mar/2024:17:55:53 +0530] POST /api/account/login/ HTTP/1.0***0.412***
[07/Mar/2024:17:55:53 +0530] POST /api/quiz/57efde2d39d44fb49fad3e16723631d0/submit/ HTTP/1.0***1.011***
[07/Mar/2024:17:55:53 +0530] GET /api/quiz/CS007.ZW/info/ HTTP/1.0***1.257***
[07/Mar/2024:17:55:53 +0530] GET /api/course/ HTTP/1.0***0.027***
[07/Mar/2024:17:55:53 +0530] GET /api/quiz/CS007.ZW/download/ HTTP/1.0***0.019***
[07/Mar/2024:17:55:53 +0530] GET /api/course/ HTTP/1.0***0.029***
[07/Mar/2024:17:55:53 +0530] GET /api/course/ HTTP/1.0***0.029***
[07/Mar/2024:17:55:53 +0530] POST /api/quiz/78a8f55c8307450185ece57c6bd75dc2/submit/ HTTP/1.0***1.009***
[07/Mar/2024:17:55:53 +0530] GET /api/course/ HTTP/1.0***0.030***
[07/Mar/2024:17:55:53 +0530] GET /api/course/ HTTP/1.0***0.029***
[07/Mar/2024:17:55:53 +0530] GET /api/course/ HTTP/1.0***0.024***
[07/Mar/2024:17:55:53 +0530] GET /api/course/ HTTP/1.0***0.025***
[07/Mar/2024:17:55:53 +0530] GET /api/course/ HTTP/1.0***0.032***
[07/Mar/2024:17:55:53 +0530] GET /api/course/ HTTP/1.0***0.027***
[07/Mar/2024:17:55:53 +0530] GET /api/course/ HTTP/1.0***0.026***
[07/Mar/2024:17:55:53 +0530] GET /api/course/ HTTP/1.0***0.032***
[07/Mar/2024:17:55:54 +0530] POST /api/quiz/cff85e001c6a482ab599147bf90ffdf2/submit/ HTTP/1.0***1.005***
[07/Mar/2024:17:55:54 +0530] GET /api/quiz/CS007.ZW/authenticate/ HTTP/1.0***0.111***
[07/Mar/2024:17:55:54 +0530] GET /api/quiz/CS007.ZW/authenticate/ HTTP/1.0***0.105***
[07/Mar/2024:17:55:54 +0530] GET /api/quiz/CS007.ZW/download/ HTTP/1.0***0.020***
[07/Mar/2024:17:55:54 +0530] GET /api/quiz/CS007.ZW/download/ HTTP/1.0***0.019***
[07/Mar/2024:17:55:54 +0530] GET /api/quiz/CS007.ZW/download/ HTTP/1.0***0.022***
[07/Mar/2024:17:55:54 +0530] GET /api/course/ HTTP/1.0***0.027***
[07/Mar/2024:17:55:54 +0530] POST /api/account/login/ HTTP/1.0***0.468***
[07/Mar/2024:17:55:54 +0530] GET /api/course/ HTTP/1.0***0.023***
[07/Mar/2024:17:55:54 +0530] GET /api/quiz/CS007.ZW/authenticate/ HTTP/1.0***0.068***
[07/Mar/2024:17:55:54 +0530] POST /api/account/login/ HTTP/1.0***0.501***
[07/Mar/2024:17:55:54 +0530] GET /api/course/ HTTP/1.0***0.029***
[07/Mar/2024:17:55:54 +0530] GET /api/course/ HTTP/1.0***0.025***
[07/Mar/2024:17:55:54 +0530] GET /api/course/ HTTP/1.0***0.027***
[07/Mar/2024:17:55:54 +0530] GET /api/quiz/CS007.ZW/download/ HTTP/1.0***0.021***
[07/Mar/2024:17:55:54 +0530] POST /api/account/login/ HTTP/1.0***0.425***
[07/Mar/2024:17:55:54 +0530] POST /api/account/login/ HTTP/1.0***0.450***
[07/Mar/2024:17:55:54 +0530] POST /api/account/login/ HTTP/1.0***0.467***
[07/Mar/2024:17:55:54 +0530] POST /api/account/login/ HTTP/1.0***0.469***
[07/Mar/2024:17:55:54 +0530] POST /api/account/login/ HTTP/1.0***0.476***
[07/Mar/2024:17:55:54 +0530] POST /api/quiz/e566862a9e264f1c92fa93f479c36ecd/submit/ HTTP/1.0***0.984***
[07/Mar/2024:17:55:54 +0530] POST /api/account/login/ HTTP/1.0***0.520***
[07/Mar/2024:17:55:54 +0530] GET /api/quiz/CS007/downloadable-quizzes/ HTTP/1.0***0.074***
[07/Mar/2024:17:55:54 +0530] GET /api/quiz/CS007.ZW/authenticate/ HTTP/1.0***0.075***
[07/Mar/2024:17:55:54 +0530] POST /api/quiz/fa0db81be79e42218b8f9cc4a514ba05/submit/ HTTP/1.0***0.977***
[07/Mar/2024:17:55:54 +0530] POST /api/quiz/16b698540bf14cc7805989b3c6dd360d/submit/ HTTP/1.0***1.001***
[07/Mar/2024:17:55:54 +0530] GET /api/quiz/CS007/downloadable-quizzes/ HTTP/1.0***0.080***
[07/Mar/2024:17:55:54 +0530] GET /api/quiz/CS007/downloadable-quizzes/ HTTP/1.0***0.073***
[07/Mar/2024:17:55:54 +0530] GET /api/quiz/CS007/downloadable-quizzes/ HTTP/1.0***0.084***
[07/Mar/2024:17:55:54 +0530] GET /api/quiz/CS007/downloadable-quizzes/ HTTP/1.0***0.079***
[07/Mar/2024:17:55:54 +0530] GET /api/quiz/CS007/downloadable-quizzes/ HTTP/1.0***0.080***
[07/Mar/2024:17:55:54 +0530] GET /api/quiz/CS007/downloadable-quizzes/ HTTP/1.0***0.079***
[07/Mar/2024:17:55:54 +0530] GET /api/quiz/CS007/downloadable-quizzes/ HTTP/1.0***0.080***
[07/Mar/2024:17:55:54 +0530] GET /api/quiz/CS007/downloadable-quizzes/ HTTP/1.0***0.066***
[07/Mar/2024:17:55:54 +0530] GET /api/quiz/CS007/downloadable-quizzes/ HTTP/1.0***0.080***
[07/Mar/2024:17:55:54 +0530] GET /api/quiz/CS007/downloadable-quizzes/ HTTP/1.0***0.076***
[07/Mar/2024:17:55:55 +0530] POST /api/account/login/ HTTP/1.0***0.433***
[07/Mar/2024:17:55:55 +0530] POST /api/account/login/ HTTP/1.0***0.409***
[07/Mar/2024:17:55:55 +0530] GET /api/course/ HTTP/1.0***0.026***
[07/Mar/2024:17:55:55 +0530] POST /api/account/login/ HTTP/1.0***0.380***
[07/Mar/2024:17:55:55 +0530] GET /api/quiz/CS007.ZW/authenticate/ HTTP/1.0***0.065***
[07/Mar/2024:17:55:55 +0530] GET /api/quiz/CS007.ZW/authenticate/ HTTP/1.0***0.065***
[07/Mar/2024:17:55:55 +0530] GET /api/quiz/CS007.ZW/authenticate/ HTTP/1.0***0.065***
[07/Mar/2024:17:55:55 +0530] POST /api/account/login/ HTTP/1.0***0.399***
[07/Mar/2024:17:55:55 +0530] GET /api/quiz/CS007/downloadable-quizzes/ HTTP/1.0***0.073***
[07/Mar/2024:17:55:55 +0530] GET /api/course/ HTTP/1.0***0.027***
[07/Mar/2024:17:55:55 +0530] POST /api/account/login/ HTTP/1.0***0.433***
[07/Mar/2024:17:55:55 +0530] GET /api/quiz/CS007/downloadable-quizzes/ HTTP/1.0***0.079***
[07/Mar/2024:17:55:55 +0530] POST /api/account/login/ HTTP/1.0***0.443***
[07/Mar/2024:17:55:55 +0530] GET /api/quiz/CS007/downloadable-quizzes/ HTTP/1.0***0.072***
[07/Mar/2024:17:55:55 +0530] GET /api/quiz/CS007/downloadable-quizzes/ HTTP/1.0***0.073***
[07/Mar/2024:17:55:55 +0530] GET /api/quiz/CS007/downloadable-quizzes/ HTTP/1.0***0.077***
[07/Mar/2024:17:55:55 +0530] GET /api/course/ HTTP/1.0***0.027***
[07/Mar/2024:17:55:55 +0530] GET /api/course/ HTTP/1.0***0.024***
[07/Mar/2024:17:55:55 +0530] GET /api/quiz/CS007.ZW/authenticate/ HTTP/1.0***0.070***
[07/Mar/2024:17:55:55 +0530] GET /api/course/ HTTP/1.0***0.024***
[07/Mar/2024:17:55:55 +0530] GET /api/course/ HTTP/1.0***0.028***
[07/Mar/2024:17:55:55 +0530] GET /api/course/ HTTP/1.0***0.028***
[07/Mar/2024:17:55:55 +0530] GET /api/course/ HTTP/1.0***0.029***
[07/Mar/2024:17:55:56 +0530] POST /api/quiz/fe02f1b3b1b74def89acb82dae082e67/submit/ HTTP/1.0***1.022***
[07/Mar/2024:17:55:56 +0530] GET /api/course/ HTTP/1.0***0.034***
[07/Mar/2024:17:55:56 +0530] GET /api/course/ HTTP/1.0***0.032***
[07/Mar/2024:17:55:56 +0530] POST /api/quiz/05eb0e3c5e854dc781f9b169febb71f9/submit/ HTTP/1.0***1.035***
[07/Mar/2024:17:55:56 +0530] GET /api/course/ HTTP/1.0***0.035***
[07/Mar/2024:17:55:56 +0530] GET /api/course/ HTTP/1.0***0.038***
[07/Mar/2024:17:55:56 +0530] GET /api/quiz/CS007/downloadable-quizzes/ HTTP/1.0***0.081***
[07/Mar/2024:17:55:56 +0530] GET /api/quiz/CS007/downloadable-quizzes/ HTTP/1.0***0.140***
[07/Mar/2024:17:55:56 +0530] POST /api/quiz/54f6665e7550441ebc5c39de11f5f79e/submit/ HTTP/1.0***1.274***
[07/Mar/2024:17:55:56 +0530] GET /api/course/ HTTP/1.0***0.152***
[07/Mar/2024:17:55:56 +0530] POST /api/account/login/ HTTP/1.0***0.584***
[07/Mar/2024:17:55:56 +0530] POST /api/account/login/ HTTP/1.0***0.586***
[07/Mar/2024:17:55:56 +0530] POST /api/account/login/ HTTP/1.0***0.598***
[07/Mar/2024:17:55:56 +0530] GET /api/course/ HTTP/1.0***0.174***
[07/Mar/2024:17:55:56 +0530] POST /api/account/login/ HTTP/1.0***0.606***
[07/Mar/2024:17:55:56 +0530] POST /api/account/login/ HTTP/1.0***0.614***
[07/Mar/2024:17:55:56 +0530] POST /api/account/login/ HTTP/1.0***0.624***
[07/Mar/2024:17:55:56 +0530] GET /api/quiz/CS007/downloadable-quizzes/ HTTP/1.0***0.180***
[07/Mar/2024:17:55:56 +0530] GET /api/quiz/CS007/downloadable-quizzes/ HTTP/1.0***0.189***
[07/Mar/2024:17:55:56 +0530] GET /api/quiz/CS007.ZW/info/ HTTP/1.0***1.142***
[07/Mar/2024:17:55:56 +0530] GET /api/quiz/CS007/downloadable-quizzes/ HTTP/1.0***0.205***
[07/Mar/2024:17:55:56 +0530] POST /api/quiz/f53c2c1a9c98437ab8845039a0df8d8c/submit/ HTTP/1.0***1.096***
[07/Mar/2024:17:55:56 +0530] GET /api/quiz/CS007/downloadable-quizzes/ HTTP/1.0***0.262***
[07/Mar/2024:17:55:56 +0530] GET /api/quiz/CS007/downloadable-quizzes/ HTTP/1.0***0.273***
[07/Mar/2024:17:55:56 +0530] GET /api/quiz/CS007/downloadable-quizzes/ HTTP/1.0***0.208***
[07/Mar/2024:17:55:57 +0530] GET /api/quiz/CS007.ZW/info/ HTTP/1.0***1.220***
[07/Mar/2024:17:55:57 +0530] GET /api/quiz/CS007.ZW/info/ HTTP/1.0***1.238***
[07/Mar/2024:17:55:57 +0530] GET /api/quiz/CS007.ZW/info/ HTTP/1.0***1.265***
[07/Mar/2024:17:55:57 +0530] GET /api/quiz/CS007.ZW/info/ HTTP/1.0***1.229***
[07/Mar/2024:17:55:57 +0530] GET /api/quiz/CS007.ZW/info/ HTTP/1.0***1.184***
[07/Mar/2024:17:55:57 +0530] GET /api/quiz/CS007.ZW/info/ HTTP/1.0***1.143***
[07/Mar/2024:17:55:57 +0530] GET /api/quiz/CS007.ZW/info/ HTTP/1.0***1.181***
[07/Mar/2024:17:55:57 +0530] GET /api/quiz/CS007.ZW/info/ HTTP/1.0***1.379***
[07/Mar/2024:17:55:57 +0530] GET /api/quiz/CS007.ZW/info/ HTTP/1.0***1.355***
[07/Mar/2024:17:55:57 +0530] GET /api/quiz/CS007.ZW/info/ HTTP/1.0***1.402***
[07/Mar/2024:17:55:57 +0530] POST /api/account/login/ HTTP/1.0***0.404***
[07/Mar/2024:17:55:57 +0530] POST /api/account/login/ HTTP/1.0***0.402***
[07/Mar/2024:17:55:57 +0530] POST /api/quiz/8c17a77810d245d8a9f87daebda1e965/submit/ HTTP/1.0***1.008***
[07/Mar/2024:17:55:57 +0530] POST /api/quiz/b71de5cfff8646dc822d63850ddeb258/submit/ HTTP/1.0***1.021***
[07/Mar/2024:17:55:57 +0530] GET /api/quiz/CS007/downloadable-quizzes/ HTTP/1.0***0.074***
[07/Mar/2024:17:55:57 +0530] GET /api/quiz/CS007/downloadable-quizzes/ HTTP/1.0***0.072***
[07/Mar/2024:17:55:57 +0530] GET /api/quiz/CS007/downloadable-quizzes/ HTTP/1.0***0.070***
[07/Mar/2024:17:55:57 +0530] GET /api/quiz/CS007.ZW/info/ HTTP/1.0***1.104***
[07/Mar/2024:17:55:57 +0530] GET /api/quiz/CS007/downloadable-quizzes/ HTTP/1.0***0.079***
[07/Mar/2024:17:55:57 +0530] POST /api/quiz/2d28feb26e9e41ddbc88a7dc0012f037/submit/ HTTP/1.0***1.018***
[07/Mar/2024:17:55:57 +0530] POST /api/quiz/7eb17723ac3543e98b3532da4f5e16de/submit/ HTTP/1.0***1.149***
[07/Mar/2024:17:55:57 +0530] GET /api/quiz/CS007.ZW/info/ HTTP/1.0***1.128***
[07/Mar/2024:17:55:57 +0530] GET /api/quiz/CS007.ZW/info/ HTTP/1.0***1.166***
[07/Mar/2024:17:55:57 +0530] GET /api/course/ HTTP/1.0***0.029***
[07/Mar/2024:17:55:57 +0530] GET /api/course/ HTTP/1.0***0.033***
[07/Mar/2024:17:55:57 +0530] GET /api/course/ HTTP/1.0***0.029***
[07/Mar/2024:17:55:57 +0530] GET /api/course/ HTTP/1.0***0.026***
[07/Mar/2024:17:55:57 +0530] GET /api/course/ HTTP/1.0***0.028***
[07/Mar/2024:17:55:57 +0530] GET /api/course/ HTTP/1.0***0.026***
[07/Mar/2024:17:55:57 +0530] GET /api/quiz/CS007/downloadable-quizzes/ HTTP/1.0***0.075***
[07/Mar/2024:17:55:57 +0530] GET /api/quiz/CS007/downloadable-quizzes/ HTTP/1.0***0.070***
[07/Mar/2024:17:55:57 +0530] GET /api/quiz/CS007.ZW/download/ HTTP/1.0***0.019***
[07/Mar/2024:17:55:57 +0530] GET /api/quiz/CS007.ZW/info/ HTTP/1.0***1.275***
[07/Mar/2024:17:55:57 +0530] GET /api/quiz/CS007.ZW/info/ HTTP/1.0***1.319***
[07/Mar/2024:17:55:58 +0530] GET /api/quiz/CS007.ZW/download/ HTTP/1.0***0.025***
[07/Mar/2024:17:55:58 +0530] GET /api/quiz/CS007.ZW/download/ HTTP/1.0***0.021***
[07/Mar/2024:17:55:58 +0530] GET /api/quiz/CS007.ZW/download/ HTTP/1.0***0.023***
[07/Mar/2024:17:55:58 +0530] GET /api/quiz/CS007.ZW/download/ HTTP/1.0***0.025***
[07/Mar/2024:17:55:58 +0530] GET /api/quiz/CS007.ZW/download/ HTTP/1.0***0.024***
[07/Mar/2024:17:55:58 +0530] GET /api/quiz/CS007.ZW/download/ HTTP/1.0***0.026***
[07/Mar/2024:17:55:58 +0530] GET /api/quiz/CS007.ZW/download/ HTTP/1.0***0.026***
[07/Mar/2024:17:55:58 +0530] GET /api/quiz/CS007.ZW/download/ HTTP/1.0***0.019***
[07/Mar/2024:17:55:58 +0530] GET /api/quiz/CS007.ZW/download/ HTTP/1.0***0.018***
[07/Mar/2024:17:55:58 +0530] GET /api/quiz/CS007.ZW/download/ HTTP/1.0***0.018***
[07/Mar/2024:17:55:58 +0530] GET /api/course/ HTTP/1.0***0.025***
[07/Mar/2024:17:55:58 +0530] GET /api/course/ HTTP/1.0***0.026***
[07/Mar/2024:17:55:58 +0530] POST /api/account/login/ HTTP/1.0***0.430***
[07/Mar/2024:17:55:58 +0530] POST /api/account/login/ HTTP/1.0***0.437***
[07/Mar/2024:17:55:58 +0530] GET /api/quiz/CS007.ZW/info/ HTTP/1.0***1.007***
[07/Mar/2024:17:55:58 +0530] POST /api/account/login/ HTTP/1.0***0.463***
[07/Mar/2024:17:55:58 +0530] POST /api/account/login/ HTTP/1.0***0.469***
[07/Mar/2024:17:55:58 +0530] GET /api/quiz/CS007.ZW/download/ HTTP/1.0***0.020***
[07/Mar/2024:17:55:58 +0530] POST /api/account/login/ HTTP/1.0***0.514***
[07/Mar/2024:17:55:58 +0530] POST /api/account/login/ HTTP/1.0***0.512***
[07/Mar/2024:17:55:58 +0530] GET /api/quiz/CS007.ZW/download/ HTTP/1.0***0.022***
[07/Mar/2024:17:55:58 +0530] GET /api/quiz/CS007.ZW/download/ HTTP/1.0***0.021***
[07/Mar/2024:17:55:58 +0530] GET /api/quiz/CS007.ZW/info/ HTTP/1.0***0.981***
[07/Mar/2024:17:55:58 +0530] GET /api/quiz/CS007.ZW/info/ HTTP/1.0***0.997***
[07/Mar/2024:17:55:58 +0530] GET /api/quiz/CS007/downloadable-quizzes/ HTTP/1.0***0.073***
[07/Mar/2024:17:55:58 +0530] GET /api/quiz/CS007/downloadable-quizzes/ HTTP/1.0***0.095***
[07/Mar/2024:17:55:58 +0530] GET /api/quiz/CS007/downloadable-quizzes/ HTTP/1.0***0.105***
[07/Mar/2024:17:55:58 +0530] GET /api/quiz/CS007/downloadable-quizzes/ HTTP/1.0***0.101***
[07/Mar/2024:17:55:58 +0530] GET /api/quiz/CS007/downloadable-quizzes/ HTTP/1.0***0.104***
[07/Mar/2024:17:55:58 +0530] GET /api/quiz/CS007/downloadable-quizzes/ HTTP/1.0***0.095***
[07/Mar/2024:17:55:58 +0530] GET /api/quiz/CS007.ZW/info/ HTTP/1.0***1.215***
[07/Mar/2024:17:55:58 +0530] GET /api/quiz/CS007.ZW/authenticate/ HTTP/1.0***0.070***
[07/Mar/2024:17:55:58 +0530] GET /api/quiz/CS007.ZW/download/ HTTP/1.0***0.019***
[07/Mar/2024:17:55:58 +0530] GET /api/quiz/CS007.ZW/download/ HTTP/1.0***0.019***
[07/Mar/2024:17:55:58 +0530] GET /api/quiz/CS007.ZW/info/ HTTP/1.0***1.039***
[07/Mar/2024:17:55:58 +0530] GET /api/quiz/CS007.ZW/info/ HTTP/1.0***1.055***
[07/Mar/2024:17:55:59 +0530] GET /api/quiz/CS007.ZW/info/ HTTP/1.0***1.091***
[07/Mar/2024:17:55:59 +0530] GET /api/quiz/CS007.ZW/info/ HTTP/1.0***1.239***
[07/Mar/2024:17:55:59 +0530] GET /api/quiz/CS007.ZW/authenticate/ HTTP/1.0***0.072***
[07/Mar/2024:17:55:59 +0530] GET /api/quiz/CS007.ZW/authenticate/ HTTP/1.0***0.063***
[07/Mar/2024:17:55:59 +0530] GET /api/quiz/CS007.ZW/authenticate/ HTTP/1.0***0.068***
[07/Mar/2024:17:55:59 +0530] GET /api/quiz/CS007.ZW/authenticate/ HTTP/1.0***0.069***
[07/Mar/2024:17:55:59 +0530] GET /api/quiz/CS007.ZW/authenticate/ HTTP/1.0***0.069***
[07/Mar/2024:17:55:59 +0530] GET /api/quiz/CS007.ZW/authenticate/ HTTP/1.0***0.068***
[07/Mar/2024:17:55:59 +0530] GET /api/quiz/CS007.ZW/authenticate/ HTTP/1.0***0.068***
[07/Mar/2024:17:55:59 +0530] GET /api/quiz/CS007.ZW/authenticate/ HTTP/1.0***0.082***
[07/Mar/2024:17:55:59 +0530] GET /api/quiz/CS007.ZW/authenticate/ HTTP/1.0***0.095***
[07/Mar/2024:17:55:59 +0530] GET /api/quiz/CS007.ZW/authenticate/ HTTP/1.0***0.085***
[07/Mar/2024:17:55:59 +0530] POST /api/account/login/ HTTP/1.0***0.413***
[07/Mar/2024:17:55:59 +0530] GET /api/quiz/CS007/downloadable-quizzes/ HTTP/1.0***0.066***
[07/Mar/2024:17:55:59 +0530] GET /api/quiz/CS007/downloadable-quizzes/ HTTP/1.0***0.069***
[07/Mar/2024:17:55:59 +0530] GET /api/quiz/CS007.ZW/info/ HTTP/1.0***1.053***
[07/Mar/2024:17:55:59 +0530] POST /api/account/login/ HTTP/1.0***0.457***
[07/Mar/2024:17:55:59 +0530] GET /api/course/ HTTP/1.0***0.029***
[07/Mar/2024:17:55:59 +0530] GET /api/quiz/CS007.ZW/download/ HTTP/1.0***0.018***
[07/Mar/2024:17:55:59 +0530] GET /api/course/ HTTP/1.0***0.028***
[07/Mar/2024:17:55:59 +0530] POST /api/account/login/ HTTP/1.0***0.478***
[07/Mar/2024:17:55:59 +0530] POST /api/account/login/ HTTP/1.0***0.492***
[07/Mar/2024:17:55:59 +0530] GET /api/course/ HTTP/1.0***0.026***
[07/Mar/2024:17:55:59 +0530] GET /api/course/ HTTP/1.0***0.027***
[07/Mar/2024:17:55:59 +0530] GET /api/quiz/CS007.ZW/info/ HTTP/1.0***1.012***
[07/Mar/2024:17:55:59 +0530] GET /api/course/ HTTP/1.0***0.027***
[07/Mar/2024:17:55:59 +0530] GET /api/quiz/CS007.ZW/info/ HTTP/1.0***1.074***
[07/Mar/2024:17:55:59 +0530] GET /api/course/ HTTP/1.0***0.030***
[07/Mar/2024:17:55:59 +0530] GET /api/quiz/CS007.ZW/authenticate/ HTTP/1.0***0.061***
[07/Mar/2024:17:55:59 +0530] POST /api/account/login/ HTTP/1.0***0.589***
[07/Mar/2024:17:55:59 +0530] POST /api/account/login/ HTTP/1.0***0.610***
[07/Mar/2024:17:55:59 +0530] GET /api/quiz/CS007.ZW/info/ HTTP/1.0***1.200***
[07/Mar/2024:17:55:59 +0530] GET /api/quiz/CS007.ZW/authenticate/ HTTP/1.0***0.063***
[07/Mar/2024:17:55:59 +0530] GET /api/quiz/CS007.ZW/download/ HTTP/1.0***0.020***
[07/Mar/2024:17:55:59 +0530] GET /api/quiz/CS007.ZW/info/ HTTP/1.0***1.020***
[07/Mar/2024:17:55:59 +0530] GET /api/quiz/CS007.ZW/download/ HTTP/1.0***0.019***
[07/Mar/2024:17:55:59 +0530] GET /api/quiz/CS007.ZW/authenticate/ HTTP/1.0***0.073***
[07/Mar/2024:17:55:59 +0530] GET /api/quiz/CS007.ZW/download/ HTTP/1.0***0.022***
[07/Mar/2024:17:56:00 +0530] GET /api/quiz/CS007.ZW/download/ HTTP/1.0***0.019***
[07/Mar/2024:17:56:00 +0530] GET /api/quiz/CS007.ZW/download/ HTTP/1.0***0.022***
[07/Mar/2024:17:56:00 +0530] GET /api/quiz/CS007.ZW/authenticate/ HTTP/1.0***0.101***
[07/Mar/2024:17:56:00 +0530] GET /api/quiz/CS007.ZW/authenticate/ HTTP/1.0***0.100***
[07/Mar/2024:17:56:00 +0530] GET /api/quiz/CS007.ZW/info/ HTTP/1.0***1.244***
[07/Mar/2024:17:56:00 +0530] GET /api/quiz/CS007.ZW/download/ HTTP/1.0***0.021***
[07/Mar/2024:17:56:00 +0530] GET /api/quiz/CS007.ZW/download/ HTTP/1.0***0.026***
[07/Mar/2024:17:56:00 +0530] GET /api/course/ HTTP/1.0***0.031***
[07/Mar/2024:17:56:00 +0530] GET /api/quiz/CS007.ZW/download/ HTTP/1.0***0.022***
[07/Mar/2024:17:56:00 +0530] POST /api/account/login/ HTTP/1.0***0.566***
[07/Mar/2024:17:56:00 +0530] GET /api/course/ HTTP/1.0***0.033***
[07/Mar/2024:17:56:00 +0530] GET /api/course/ HTTP/1.0***0.048***
[07/Mar/2024:17:56:00 +0530] GET /api/course/ HTTP/1.0***0.062***
[07/Mar/2024:17:56:00 +0530] POST /api/account/login/ HTTP/1.0***0.781***
[07/Mar/2024:17:56:00 +0530] GET /api/quiz/CS007.ZW/authenticate/ HTTP/1.0***0.244***
[07/Mar/2024:17:56:00 +0530] GET /api/quiz/CS007/downloadable-quizzes/ HTTP/1.0***0.249***
[07/Mar/2024:17:56:00 +0530] GET /api/quiz/CS007/downloadable-quizzes/ HTTP/1.0***0.251***
[07/Mar/2024:17:56:00 +0530] GET /api/quiz/CS007/downloadable-quizzes/ HTTP/1.0***0.225***
[07/Mar/2024:17:56:00 +0530] GET /api/quiz/CS007.ZW/download/ HTTP/1.0***0.223***
[07/Mar/2024:17:56:00 +0530] GET /api/quiz/CS007.ZW/download/ HTTP/1.0***0.189***
[07/Mar/2024:17:56:00 +0530] GET /api/quiz/CS007/downloadable-quizzes/ HTTP/1.0***0.268***
[07/Mar/2024:17:56:00 +0530] GET /api/course/ HTTP/1.0***0.191***
[07/Mar/2024:17:56:00 +0530] GET /api/quiz/CS007/downloadable-quizzes/ HTTP/1.0***0.247***
[07/Mar/2024:17:56:00 +0530] GET /api/quiz/CS007/downloadable-quizzes/ HTTP/1.0***0.251***
[07/Mar/2024:17:56:01 +0530] GET /api/course/ HTTP/1.0***0.194***
[07/Mar/2024:17:56:01 +0530] GET /api/quiz/CS007.ZW/download/ HTTP/1.0***0.159***
[07/Mar/2024:17:56:01 +0530] GET /api/quiz/CS007.ZW/download/ HTTP/1.0***0.135***
[07/Mar/2024:17:56:01 +0530] POST /api/quiz/12a8ff5131364dffaf407f1563e7ebea/submit/ HTTP/1.0***1.059***
[07/Mar/2024:17:56:01 +0530] GET /api/quiz/CS007.ZW/authenticate/ HTTP/1.0***0.210***
[07/Mar/2024:17:56:01 +0530] GET /api/quiz/CS007.ZW/authenticate/ HTTP/1.0***0.193***
[07/Mar/2024:17:56:01 +0530] GET /api/quiz/CS007.ZW/authenticate/ HTTP/1.0***0.145***
[07/Mar/2024:17:56:01 +0530] GET /api/quiz/CS007.ZW/info/ HTTP/1.0***1.245***
[07/Mar/2024:17:56:01 +0530] GET /api/quiz/CS007.ZW/info/ HTTP/1.0***1.208***
[07/Mar/2024:17:56:01 +0530] GET /api/quiz/CS007.ZW/download/ HTTP/1.0***0.020***
[07/Mar/2024:17:56:01 +0530] GET /api/quiz/CS007.ZW/info/ HTTP/1.0***1.201***
[07/Mar/2024:17:56:01 +0530] GET /api/quiz/CS007.ZW/authenticate/ HTTP/1.0***0.115***
[07/Mar/2024:17:56:01 +0530] GET /api/quiz/CS007.ZW/info/ HTTP/1.0***1.209***
[07/Mar/2024:17:56:01 +0530] GET /api/quiz/CS007.ZW/info/ HTTP/1.0***1.229***
[07/Mar/2024:17:56:01 +0530] GET /api/quiz/CS007.ZW/info/ HTTP/1.0***1.231***
[07/Mar/2024:17:56:01 +0530] GET /api/quiz/CS007.ZW/authenticate/ HTTP/1.0***0.125***
[07/Mar/2024:17:56:01 +0530] GET /api/quiz/CS007.ZW/authenticate/ HTTP/1.0***0.072***
[07/Mar/2024:17:56:01 +0530] GET /api/quiz/CS007.ZW/authenticate/ HTTP/1.0***0.067***
[07/Mar/2024:17:56:01 +0530] POST /api/quiz/9dd0dbff894040b68f456e4e79cab8f3/submit/ HTTP/1.0***1.110***
[07/Mar/2024:17:56:01 +0530] POST /api/quiz/430ed92be8c945faabbb215bf2d75ce7/submit/ HTTP/1.0***1.090***
[07/Mar/2024:17:56:01 +0530] POST /api/quiz/4a35c7a345c24bb9951d20fe67a9932d/submit/ HTTP/1.0***1.101***
[07/Mar/2024:17:56:01 +0530] POST /api/quiz/4caf0d777ae3447485627f355422a463/submit/ HTTP/1.0***1.093***
[07/Mar/2024:17:56:01 +0530] POST /api/quiz/9e79179ba56c4f478fd3231ba2198741/submit/ HTTP/1.0***1.088***
[07/Mar/2024:17:56:01 +0530] POST /api/quiz/4ea5e0fc41164c4d9387e6b17b99fa2c/submit/ HTTP/1.0***1.091***
[07/Mar/2024:17:56:01 +0530] POST /api/quiz/1975a9620bde454da75038896d0cbb29/submit/ HTTP/1.0***1.100***
[07/Mar/2024:17:56:01 +0530] POST /api/quiz/11a724adf8674c628c405ad7ccd510ac/submit/ HTTP/1.0***1.076***
[07/Mar/2024:17:56:01 +0530] POST /api/quiz/193a8a8e497e4dfc8faa55e26da6e1f1/submit/ HTTP/1.0***1.093***
[07/Mar/2024:17:56:01 +0530] POST /api/quiz/2fb79cd60bed4448aac7045533ed9cf3/submit/ HTTP/1.0***1.239***
[07/Mar/2024:17:56:01 +0530] POST /api/account/login/ HTTP/1.0***0.531***
[07/Mar/2024:17:56:01 +0530] POST /api/account/login/ HTTP/1.0***0.555***
[07/Mar/2024:17:56:01 +0530] GET /api/course/ HTTP/1.0***0.028***
[07/Mar/2024:17:56:01 +0530] GET /api/quiz/CS007/downloadable-quizzes/ HTTP/1.0***0.078***
[07/Mar/2024:17:56:01 +0530] GET /api/quiz/CS007.ZW/authenticate/ HTTP/1.0***0.063***
[07/Mar/2024:17:56:01 +0530] GET /api/quiz/CS007/downloadable-quizzes/ HTTP/1.0***0.074***
[07/Mar/2024:17:56:01 +0530] GET /api/quiz/CS007/downloadable-quizzes/ HTTP/1.0***0.068***
[07/Mar/2024:17:56:01 +0530] GET /api/quiz/CS007/downloadable-quizzes/ HTTP/1.0***0.067***
[07/Mar/2024:17:56:01 +0530] GET /api/quiz/CS007.ZW/info/ HTTP/1.0***1.221***
[07/Mar/2024:17:56:01 +0530] GET /api/quiz/CS007.ZW/info/ HTTP/1.0***1.254***
[07/Mar/2024:17:56:01 +0530] POST /api/quiz/3c9705635717492d9b63839e51977d74/submit/ HTTP/1.0***1.158***
[07/Mar/2024:17:56:01 +0530] GET /api/course/ HTTP/1.0***0.037***
[07/Mar/2024:17:56:01 +0530] POST /api/quiz/1d616096e2804b898a53bd187409bef5/submit/ HTTP/1.0***1.067***
[07/Mar/2024:17:56:01 +0530] POST /api/quiz/ef0530159b3f4128b64e6ac61615bbca/submit/ HTTP/1.0***1.148***
[07/Mar/2024:17:56:02 +0530] GET /api/quiz/CS007.ZW/authenticate/ HTTP/1.0***0.062***
[07/Mar/2024:17:56:02 +0530] GET /api/quiz/CS007.ZW/authenticate/ HTTP/1.0***0.066***
[07/Mar/2024:17:56:02 +0530] POST /api/quiz/b0fed8e08fad40b587b2d5ce3bc15003/submit/ HTTP/1.0***0.953***
[07/Mar/2024:17:56:02 +0530] POST /api/quiz/2ba44f3d260349479aa7cfa9f4105bde/submit/ HTTP/1.0***0.952***
[07/Mar/2024:17:56:02 +0530] GET /api/quiz/CS007/downloadable-quizzes/ HTTP/1.0***0.095***
[07/Mar/2024:17:56:02 +0530] GET /api/quiz/CS007.ZW/authenticate/ HTTP/1.0***0.068***
[07/Mar/2024:17:56:02 +0530] GET /api/quiz/CS007.ZW/authenticate/ HTTP/1.0***0.061***
[07/Mar/2024:17:56:02 +0530] GET /api/quiz/CS007/downloadable-quizzes/ HTTP/1.0***0.084***
[07/Mar/2024:17:56:02 +0530] GET /api/quiz/CS007.ZW/download/ HTTP/1.0***0.023***
[07/Mar/2024:17:56:02 +0530] GET /api/quiz/CS007.ZW/download/ HTTP/1.0***0.023***
[07/Mar/2024:17:56:02 +0530] GET /api/quiz/CS007.ZW/download/ HTTP/1.0***0.019***
[07/Mar/2024:17:56:02 +0530] GET /api/quiz/CS007.ZW/download/ HTTP/1.0***0.021***
[07/Mar/2024:17:56:02 +0530] GET /api/quiz/CS007.ZW/download/ HTTP/1.0***0.022***
[07/Mar/2024:17:56:02 +0530] GET /api/quiz/CS007.ZW/download/ HTTP/1.0***0.028***
[07/Mar/2024:17:56:02 +0530] GET /api/quiz/CS007.ZW/authenticate/ HTTP/1.0***0.072***
[07/Mar/2024:17:56:02 +0530] POST /api/account/login/ HTTP/1.0***0.482***
[07/Mar/2024:17:56:02 +0530] POST /api/account/login/ HTTP/1.0***0.480***
[07/Mar/2024:17:56:02 +0530] POST /api/account/login/ HTTP/1.0***0.496***
[07/Mar/2024:17:56:02 +0530] GET /api/course/ HTTP/1.0***0.024***
[07/Mar/2024:17:56:02 +0530] GET /api/course/ HTTP/1.0***0.026***
[07/Mar/2024:17:56:02 +0530] GET /api/quiz/CS007/downloadable-quizzes/ HTTP/1.0***0.091***
[07/Mar/2024:17:56:02 +0530] GET /api/quiz/CS007.ZW/download/ HTTP/1.0***0.016***
[07/Mar/2024:17:56:02 +0530] GET /api/quiz/CS007.ZW/download/ HTTP/1.0***0.020***
[07/Mar/2024:17:56:02 +0530] POST /api/quiz/1ef397f0ee4c45d4a402d2d529bca039/submit/ HTTP/1.0***0.982***
[07/Mar/2024:17:56:02 +0530] GET /api/quiz/CS007.ZW/info/ HTTP/1.0***1.045***
[07/Mar/2024:17:56:02 +0530] GET /api/quiz/CS007.ZW/info/ HTTP/1.0***1.052***
[07/Mar/2024:17:56:03 +0530] GET /api/quiz/CS007.ZW/info/ HTTP/1.0***1.007***
[07/Mar/2024:17:56:03 +0530] GET /api/quiz/CS007/downloadable-quizzes/ HTTP/1.0***0.070***
[07/Mar/2024:17:56:03 +0530] GET /api/quiz/CS007.ZW/info/ HTTP/1.0***1.049***
[07/Mar/2024:17:56:03 +0530] POST /api/quiz/c6ec9ee9da6746ccae5b875f6898d43f/submit/ HTTP/1.0***0.967***
[07/Mar/2024:17:56:03 +0530] POST /api/quiz/7457cb7b853c4ed8a3f09f20f30f46e8/submit/ HTTP/1.0***0.984***
[07/Mar/2024:17:56:03 +0530] POST /api/quiz/5e5f4c0211bb497e93b7221dc73b226e/submit/ HTTP/1.0***0.985***
[07/Mar/2024:17:56:03 +0530] POST /api/quiz/ac1ecfb93c60475ca725c11273e729c0/submit/ HTTP/1.0***0.990***
[07/Mar/2024:17:56:03 +0530] POST /api/quiz/ab4ad0a90616466bb0f2c4f009e9eaa7/submit/ HTTP/1.0***0.969***
[07/Mar/2024:17:56:03 +0530] GET /api/quiz/CS007.ZW/info/ HTTP/1.0***1.265***
[07/Mar/2024:17:56:03 +0530] GET /api/quiz/CS007.ZW/info/ HTTP/1.0***1.232***
[07/Mar/2024:17:56:03 +0530] POST /api/quiz/5bfbe660c65140e49088ceda344a5883/submit/ HTTP/1.0***0.949***
[07/Mar/2024:17:56:03 +0530] POST /api/quiz/398ede6632ff46c2898b6c460fe294cb/submit/ HTTP/1.0***1.137***
[07/Mar/2024:17:56:03 +0530] GET /api/quiz/CS007.ZW/authenticate/ HTTP/1.0***0.081***
[07/Mar/2024:17:56:03 +0530] GET /api/quiz/CS007.ZW/authenticate/ HTTP/1.0***0.082***
[07/Mar/2024:17:56:03 +0530] GET /api/quiz/CS007.ZW/authenticate/ HTTP/1.0***0.083***
[07/Mar/2024:17:56:03 +0530] GET /api/quiz/CS007.ZW/authenticate/ HTTP/1.0***0.084***
[07/Mar/2024:17:56:03 +0530] GET /api/quiz/CS007.ZW/authenticate/ HTTP/1.0***0.087***
[07/Mar/2024:17:56:03 +0530] GET /api/quiz/CS007.ZW/authenticate/ HTTP/1.0***0.087***
[07/Mar/2024:17:56:03 +0530] POST /api/quiz/a5032525fb114997a12d052932cc9153/submit/ HTTP/1.0***0.959***
[07/Mar/2024:17:56:03 +0530] GET /api/quiz/CS007.ZW/info/ HTTP/1.0***1.121***
[07/Mar/2024:17:56:03 +0530] GET /api/quiz/CS007.ZW/info/ HTTP/1.0***1.104***
[07/Mar/2024:17:56:03 +0530] POST /api/account/login/ HTTP/1.0***0.582***
[07/Mar/2024:17:56:04 +0530] GET /api/course/ HTTP/1.0***0.372***
[07/Mar/2024:17:56:04 +0530] GET /api/quiz/CS007.ZW/info/ HTTP/1.0***1.271***
[07/Mar/2024:17:56:04 +0530] POST /api/account/login/ HTTP/1.0***0.622***
[07/Mar/2024:17:56:04 +0530] POST /api/account/login/ HTTP/1.0***0.623***
[07/Mar/2024:17:56:04 +0530] POST /api/account/login/ HTTP/1.0***0.641***
[07/Mar/2024:17:56:04 +0530] POST /api/account/login/ HTTP/1.0***0.630***
[07/Mar/2024:17:56:04 +0530] GET /api/course/ HTTP/1.0***0.400***
[07/Mar/2024:17:56:04 +0530] GET /api/course/ HTTP/1.0***0.397***
[07/Mar/2024:17:56:04 +0530] POST /api/quiz/70be0a17de914a30a4c71a7aa5698a85/submit/ HTTP/1.0***1.029***
[07/Mar/2024:17:56:04 +0530] POST /api/account/login/ HTTP/1.0***0.655***
[07/Mar/2024:17:56:04 +0530] GET /api/quiz/CS007.ZW/download/ HTTP/1.0***0.084***
[07/Mar/2024:17:56:04 +0530] POST /api/account/login/ HTTP/1.0***0.657***
[07/Mar/2024:17:56:04 +0530] GET /api/quiz/CS007.ZW/download/ HTTP/1.0***0.095***
[07/Mar/2024:17:56:04 +0530] GET /api/quiz/CS007.ZW/download/ HTTP/1.0***0.064***
[07/Mar/2024:17:56:04 +0530] GET /api/quiz/CS007.ZW/download/ HTTP/1.0***0.024***
[07/Mar/2024:17:56:04 +0530] POST /api/quiz/fb8e6f4fef464e8281277ec4195babba/submit/ HTTP/1.0***1.067***
[07/Mar/2024:17:56:04 +0530] GET /api/quiz/CS007.ZW/authenticate/ HTTP/1.0***0.222***
[07/Mar/2024:17:56:04 +0530] GET /api/quiz/CS007.ZW/authenticate/ HTTP/1.0***0.260***
[07/Mar/2024:17:56:04 +0530] GET /api/quiz/CS007.ZW/info/ HTTP/1.0***1.307***
[07/Mar/2024:17:56:04 +0530] POST /api/account/login/ HTTP/1.0***0.718***
[07/Mar/2024:17:56:04 +0530] GET /api/quiz/CS007/downloadable-quizzes/ HTTP/1.0***0.440***
[07/Mar/2024:17:56:04 +0530] POST /api/account/login/ HTTP/1.0***0.719***
[07/Mar/2024:17:56:04 +0530] GET /api/quiz/CS007/downloadable-quizzes/ HTTP/1.0***0.418***
[07/Mar/2024:17:56:04 +0530] POST /api/account/login/ HTTP/1.0***0.722***
[07/Mar/2024:17:56:04 +0530] POST /api/account/login/ HTTP/1.0***0.725***
[07/Mar/2024:17:56:04 +0530] POST /api/account/login/ HTTP/1.0***0.736***
[07/Mar/2024:17:56:04 +0530] POST /api/account/login/ HTTP/1.0***0.831***
[07/Mar/2024:17:56:04 +0530] GET /api/quiz/CS007.ZW/download/ HTTP/1.0***0.019***
[07/Mar/2024:17:56:04 +0530] GET /api/quiz/CS007.ZW/download/ HTTP/1.0***0.020***
[07/Mar/2024:17:56:04 +0530] POST /api/account/login/ HTTP/1.0***1.000***
[07/Mar/2024:17:56:04 +0530] POST /api/account/login/ HTTP/1.0***1.006***
[07/Mar/2024:17:56:04 +0530] POST /api/quiz/c775bdd833e0424ebd4d26b36e10da5f/submit/ HTTP/1.0***1.034***
[07/Mar/2024:17:56:04 +0530] POST /api/quiz/e5762b7b4b364e34afa58f1b4aa16aeb/submit/ HTTP/1.0***1.047***
[07/Mar/2024:17:56:04 +0530] POST /api/quiz/6cfec883bcda4f0eb380ffdf8de8a564/submit/ HTTP/1.0***1.076***
[07/Mar/2024:17:56:04 +0530] GET /api/quiz/CS007.ZW/info/ HTTP/1.0***1.111***
[07/Mar/2024:17:56:04 +0530] GET /api/quiz/CS007.ZW/info/ HTTP/1.0***1.120***
[07/Mar/2024:17:56:04 +0530] POST /api/account/login/ HTTP/1.0***0.376***
[07/Mar/2024:17:56:04 +0530] POST /api/account/login/ HTTP/1.0***0.403***
[07/Mar/2024:17:56:04 +0530] POST /api/account/login/ HTTP/1.0***0.407***
[07/Mar/2024:17:56:04 +0530] POST /api/account/login/ HTTP/1.0***0.418***
[07/Mar/2024:17:56:04 +0530] POST /api/account/login/ HTTP/1.0***0.437***
[07/Mar/2024:17:56:04 +0530] GET /api/quiz/CS007.ZW/download/ HTTP/1.0***0.020***
[07/Mar/2024:17:56:04 +0530] GET /api/quiz/CS007.ZW/download/ HTTP/1.0***0.021***
[07/Mar/2024:17:56:05 +0530] GET /api/quiz/CS007.ZW/info/ HTTP/1.0***1.189***
[07/Mar/2024:17:56:05 +0530] GET /api/course/ HTTP/1.0***0.028***
[07/Mar/2024:17:56:05 +0530] GET /api/quiz/CS007.ZW/download/ HTTP/1.0***0.017***
[07/Mar/2024:17:56:05 +0530] GET /api/quiz/CS007.ZW/info/ HTTP/1.0***1.041***
[07/Mar/2024:17:56:05 +0530] GET /api/course/ HTTP/1.0***0.029***
[07/Mar/2024:17:56:05 +0530] GET /api/course/ HTTP/1.0***0.030***
[07/Mar/2024:17:56:05 +0530] GET /api/course/ HTTP/1.0***0.024***
[07/Mar/2024:17:56:05 +0530] GET /api/course/ HTTP/1.0***0.026***
[07/Mar/2024:17:56:05 +0530] GET /api/quiz/CS007/downloadable-quizzes/ HTTP/1.0***0.071***
[07/Mar/2024:17:56:05 +0530] GET /api/course/ HTTP/1.0***0.025***
[07/Mar/2024:17:56:05 +0530] GET /api/course/ HTTP/1.0***0.026***
[07/Mar/2024:17:56:05 +0530] GET /api/quiz/CS007/downloadable-quizzes/ HTTP/1.0***0.065***
[07/Mar/2024:17:56:05 +0530] GET /api/quiz/CS007/downloadable-quizzes/ HTTP/1.0***0.074***
[07/Mar/2024:17:56:05 +0530] GET /api/quiz/CS007.ZW/authenticate/ HTTP/1.0***0.060***
[07/Mar/2024:17:56:05 +0530] GET /api/quiz/CS007.ZW/authenticate/ HTTP/1.0***0.060***
[07/Mar/2024:17:56:05 +0530] GET /api/quiz/CS007.ZW/authenticate/ HTTP/1.0***0.062***
[07/Mar/2024:17:56:05 +0530] GET /api/quiz/CS007.ZW/authenticate/ HTTP/1.0***0.065***
[07/Mar/2024:17:56:05 +0530] GET /api/course/ HTTP/1.0***0.030***
[07/Mar/2024:17:56:05 +0530] GET /api/quiz/CS007.ZW/download/ HTTP/1.0***0.024***
[07/Mar/2024:17:56:05 +0530] GET /api/course/ HTTP/1.0***0.030***
[07/Mar/2024:17:56:05 +0530] GET /api/course/ HTTP/1.0***0.030***
[07/Mar/2024:17:56:05 +0530] GET /api/course/ HTTP/1.0***0.033***
[07/Mar/2024:17:56:05 +0530] GET /api/course/ HTTP/1.0***0.038***
[07/Mar/2024:17:56:05 +0530] GET /api/course/ HTTP/1.0***0.036***
[07/Mar/2024:17:56:05 +0530] POST /api/quiz/a2d526e0b2aa452ba466c05591647cf8/submit/ HTTP/1.0***0.917***
[07/Mar/2024:17:56:05 +0530] POST /api/quiz/be8d3fee85c94a71b2a7f191cd9a041f/submit/ HTTP/1.0***0.916***
[07/Mar/2024:17:56:05 +0530] GET /api/quiz/CS007.ZW/authenticate/ HTTP/1.0***0.102***
[07/Mar/2024:17:56:05 +0530] GET /api/quiz/CS007.ZW/authenticate/ HTTP/1.0***0.102***
[07/Mar/2024:17:56:05 +0530] POST /api/quiz/8c8351b2dde3498885d473d8f12ee9e3/submit/ HTTP/1.0***0.965***
[07/Mar/2024:17:56:05 +0530] POST /api/quiz/afad94ce67c840d38c70e91cd16889a5/submit/ HTTP/1.0***0.953***
[07/Mar/2024:17:56:05 +0530] GET /api/course/ HTTP/1.0***0.027***
[07/Mar/2024:17:56:05 +0530] GET /api/course/ HTTP/1.0***0.030***
[07/Mar/2024:17:56:05 +0530] POST /api/quiz/04a096c87bb444f086a184adf0e54f6d/submit/ HTTP/1.0***1.020***
[07/Mar/2024:17:56:05 +0530] GET /api/quiz/CS007.ZW/download/ HTTP/1.0***0.020***
[07/Mar/2024:17:56:05 +0530] GET /api/quiz/CS007.ZW/download/ HTTP/1.0***0.020***
[07/Mar/2024:17:56:05 +0530] POST /api/quiz/7784ab90606f419ea315f2651545fe9c/submit/ HTTP/1.0***1.094***
[07/Mar/2024:17:56:05 +0530] GET /api/course/ HTTP/1.0***0.026***
[07/Mar/2024:17:56:05 +0530] GET /api/course/ HTTP/1.0***0.026***
[07/Mar/2024:17:56:05 +0530] GET /api/course/ HTTP/1.0***0.028***
[07/Mar/2024:17:56:05 +0530] GET /api/course/ HTTP/1.0***0.030***
[07/Mar/2024:17:56:05 +0530] GET /api/course/ HTTP/1.0***0.027***
[07/Mar/2024:17:56:05 +0530] POST /api/account/login/ HTTP/1.0***0.552***
[07/Mar/2024:17:56:05 +0530] POST /api/account/login/ HTTP/1.0***0.567***
[07/Mar/2024:17:56:05 +0530] POST /api/account/login/ HTTP/1.0***0.560***
[07/Mar/2024:17:56:05 +0530] POST /api/account/login/ HTTP/1.0***0.579***
[07/Mar/2024:17:56:05 +0530] POST /api/account/login/ HTTP/1.0***0.579***
[07/Mar/2024:17:56:05 +0530] POST /api/account/login/ HTTP/1.0***0.570***
[07/Mar/2024:17:56:05 +0530] POST /api/account/login/ HTTP/1.0***0.579***
[07/Mar/2024:17:56:05 +0530] POST /api/account/login/ HTTP/1.0***0.566***
[07/Mar/2024:17:56:05 +0530] POST /api/account/login/ HTTP/1.0***0.581***
[07/Mar/2024:17:56:05 +0530] POST /api/account/login/ HTTP/1.0***0.597***
[07/Mar/2024:17:56:05 +0530] POST /api/account/login/ HTTP/1.0***0.594***
[07/Mar/2024:17:56:06 +0530] GET /api/quiz/CS007.ZW/authenticate/ HTTP/1.0***0.068***
[07/Mar/2024:17:56:06 +0530] GET /api/quiz/CS007.ZW/download/ HTTP/1.0***0.024***
[07/Mar/2024:17:56:06 +0530] GET /api/quiz/CS007.ZW/authenticate/ HTTP/1.0***0.069***
[07/Mar/2024:17:56:06 +0530] GET /api/quiz/CS007.ZW/download/ HTTP/1.0***0.022***
[07/Mar/2024:17:56:06 +0530] GET /api/quiz/CS007/downloadable-quizzes/ HTTP/1.0***0.079***
[07/Mar/2024:17:56:06 +0530] GET /api/quiz/CS007.ZW/authenticate/ HTTP/1.0***0.063***
[07/Mar/2024:17:56:06 +0530] GET /api/quiz/CS007/downloadable-quizzes/ HTTP/1.0***0.077***
[07/Mar/2024:17:56:06 +0530] POST /api/quiz/0e7bce92c4d647888782a726ffdc7277/submit/ HTTP/1.0***1.003***
[07/Mar/2024:17:56:06 +0530] GET /api/quiz/CS007/downloadable-quizzes/ HTTP/1.0***0.118***
[07/Mar/2024:17:56:06 +0530] GET /api/quiz/CS007/downloadable-quizzes/ HTTP/1.0***0.118***
[07/Mar/2024:17:56:06 +0530] GET /api/quiz/CS007/downloadable-quizzes/ HTTP/1.0***0.120***
[07/Mar/2024:17:56:06 +0530] GET /api/quiz/CS007.ZW/info/ HTTP/1.0***1.065***
[07/Mar/2024:17:56:06 +0530] GET /api/quiz/CS007.ZW/info/ HTTP/1.0***1.069***
[07/Mar/2024:17:56:06 +0530] POST /api/quiz/65fe39d2a38f4ae9b9dda4a0808a0e50/submit/ HTTP/1.0***1.140***
[07/Mar/2024:17:56:06 +0530] GET /api/quiz/CS007.ZW/authenticate/ HTTP/1.0***0.109***
[07/Mar/2024:17:56:06 +0530] GET /api/quiz/CS007/downloadable-quizzes/ HTTP/1.0***0.125***
[07/Mar/2024:17:56:06 +0530] GET /api/quiz/CS007/downloadable-quizzes/ HTTP/1.0***0.116***
[07/Mar/2024:17:56:06 +0530] GET /api/quiz/CS007/downloadable-quizzes/ HTTP/1.0***0.116***
[07/Mar/2024:17:56:06 +0530] GET /api/quiz/CS007/downloadable-quizzes/ HTTP/1.0***0.116***
[07/Mar/2024:17:56:06 +0530] GET /api/quiz/CS007/downloadable-quizzes/ HTTP/1.0***0.117***
[07/Mar/2024:17:56:06 +0530] GET /api/quiz/CS007/downloadable-quizzes/ HTTP/1.0***0.127***
[07/Mar/2024:17:56:06 +0530] GET /api/quiz/CS007/downloadable-quizzes/ HTTP/1.0***0.116***
[07/Mar/2024:17:56:06 +0530] GET /api/quiz/CS007/downloadable-quizzes/ HTTP/1.0***0.117***
[07/Mar/2024:17:56:06 +0530] GET /api/quiz/CS007.ZW/authenticate/ HTTP/1.0***0.067***
[07/Mar/2024:17:56:06 +0530] GET /api/quiz/CS007.ZW/authenticate/ HTTP/1.0***0.067***
[07/Mar/2024:17:56:06 +0530] GET /api/quiz/CS007/downloadable-quizzes/ HTTP/1.0***0.074***
[07/Mar/2024:17:56:06 +0530] GET /api/quiz/CS007/downloadable-quizzes/ HTTP/1.0***0.082***
[07/Mar/2024:17:56:06 +0530] GET /api/quiz/CS007/downloadable-quizzes/ HTTP/1.0***0.075***
[07/Mar/2024:17:56:06 +0530] GET /api/quiz/CS007/downloadable-quizzes/ HTTP/1.0***0.070***
[07/Mar/2024:17:56:06 +0530] GET /api/quiz/CS007/downloadable-quizzes/ HTTP/1.0***0.068***
[07/Mar/2024:17:56:06 +0530] GET /api/quiz/CS007/downloadable-quizzes/ HTTP/1.0***0.072***
[07/Mar/2024:17:56:06 +0530] GET /api/quiz/CS007/downloadable-quizzes/ HTTP/1.0***0.074***
[07/Mar/2024:17:56:06 +0530] POST /api/account/login/ HTTP/1.0***0.459***
[07/Mar/2024:17:56:06 +0530] POST /api/account/login/ HTTP/1.0***0.466***
[07/Mar/2024:17:56:06 +0530] POST /api/account/login/ HTTP/1.0***0.500***
[07/Mar/2024:17:56:06 +0530] POST /api/account/login/ HTTP/1.0***0.530***
[07/Mar/2024:17:56:06 +0530] GET /api/course/ HTTP/1.0***0.029***
[07/Mar/2024:17:56:06 +0530] GET /api/course/ HTTP/1.0***0.029***
[07/Mar/2024:17:56:06 +0530] GET /api/course/ HTTP/1.0***0.031***
[07/Mar/2024:17:56:06 +0530] GET /api/course/ HTTP/1.0***0.032***
[07/Mar/2024:17:56:06 +0530] GET /api/course/ HTTP/1.0***0.031***
[07/Mar/2024:17:56:06 +0530] GET /api/course/ HTTP/1.0***0.032***
[07/Mar/2024:17:56:06 +0530] GET /api/course/ HTTP/1.0***0.033***
[07/Mar/2024:17:56:06 +0530] GET /api/course/ HTTP/1.0***0.033***
[07/Mar/2024:17:56:07 +0530] GET /api/course/ HTTP/1.0***0.034***
[07/Mar/2024:17:56:07 +0530] GET /api/course/ HTTP/1.0***0.036***
[07/Mar/2024:17:56:07 +0530] GET /api/course/ HTTP/1.0***0.039***
[07/Mar/2024:17:56:07 +0530] POST /api/account/login/ HTTP/1.0***0.628***
[07/Mar/2024:17:56:07 +0530] POST /api/account/login/ HTTP/1.0***0.628***
[07/Mar/2024:17:56:07 +0530] GET /api/quiz/CS007.ZW/authenticate/ HTTP/1.0***0.256***
[07/Mar/2024:17:56:07 +0530] GET /api/quiz/CS007.ZW/info/ HTTP/1.0***1.118***
[07/Mar/2024:17:56:07 +0530] POST /api/quiz/34fdd0be6b6142bc9187e465b82bc689/submit/ HTTP/1.0***0.981***
[07/Mar/2024:17:56:07 +0530] POST /api/quiz/348718586f73423997397279d66e61f4/submit/ HTTP/1.0***0.985***
[07/Mar/2024:17:56:07 +0530] POST /api/quiz/55886f8b395d40158947138ef7376f47/submit/ HTTP/1.0***0.990***
[07/Mar/2024:17:56:07 +0530] POST /api/quiz/647efba1b6744bbe926a42d6f8805cf4/submit/ HTTP/1.0***0.989***
[07/Mar/2024:17:56:07 +0530] GET /api/quiz/CS007.ZW/download/ HTTP/1.0***0.023***
[07/Mar/2024:17:56:07 +0530] GET /api/quiz/CS007.ZW/download/ HTTP/1.0***0.023***
[07/Mar/2024:17:56:07 +0530] GET /api/quiz/CS007.ZW/authenticate/ HTTP/1.0***0.095***
[07/Mar/2024:17:56:07 +0530] GET /api/quiz/CS007.ZW/info/ HTTP/1.0***1.075***
[07/Mar/2024:17:56:07 +0530] GET /api/quiz/CS007.ZW/info/ HTTP/1.0***1.129***
[07/Mar/2024:17:56:07 +0530] POST /api/quiz/497ae0f5837d49ac988780b5dcef97a2/submit/ HTTP/1.0***0.984***
[07/Mar/2024:17:56:07 +0530] POST /api/quiz/274d3f036c5d48159b04e7b38ea06798/submit/ HTTP/1.0***1.018***
[07/Mar/2024:17:56:07 +0530] POST /api/account/login/ HTTP/1.0***0.491***
[07/Mar/2024:17:56:07 +0530] POST /api/account/login/ HTTP/1.0***0.513***
[07/Mar/2024:17:56:07 +0530] POST /api/account/login/ HTTP/1.0***0.510***
[07/Mar/2024:17:56:08 +0530] POST /api/account/login/ HTTP/1.0***0.576***
[07/Mar/2024:17:56:08 +0530] POST /api/account/login/ HTTP/1.0***0.659***
[07/Mar/2024:17:56:08 +0530] POST /api/account/login/ HTTP/1.0***0.662***
[07/Mar/2024:17:56:08 +0530] POST /api/quiz/e7f4efabfe134b479d96d15cffee43dd/submit/ HTTP/1.0***1.037***
[07/Mar/2024:17:56:08 +0530] POST /api/account/login/ HTTP/1.0***0.683***
[07/Mar/2024:17:56:08 +0530] POST /api/account/login/ HTTP/1.0***0.683***
[07/Mar/2024:17:56:08 +0530] POST /api/quiz/d1e9919d2e1149c892386f577db27de4/submit/ HTTP/1.0***1.319***
[07/Mar/2024:17:56:08 +0530] POST /api/quiz/36faa9d49f254fdca31b2c7e9eb3fe68/submit/ HTTP/1.0***1.105***
[07/Mar/2024:17:56:08 +0530] GET /api/course/ HTTP/1.0***0.501***
[07/Mar/2024:17:56:08 +0530] GET /api/course/ HTTP/1.0***0.538***
[07/Mar/2024:17:56:08 +0530] GET /api/quiz/CS007.ZW/info/ HTTP/1.0***1.186***
[07/Mar/2024:17:56:08 +0530] GET /api/quiz/CS007.ZW/info/ HTTP/1.0***1.184***
[07/Mar/2024:17:56:08 +0530] GET /api/quiz/CS007.ZW/info/ HTTP/1.0***1.209***
[07/Mar/2024:17:56:08 +0530] GET /api/course/ HTTP/1.0***0.587***
[07/Mar/2024:17:56:08 +0530] GET /api/quiz/CS007.ZW/info/ HTTP/1.0***1.235***
[07/Mar/2024:17:56:08 +0530] GET /api/course/ HTTP/1.0***0.620***
[07/Mar/2024:17:56:08 +0530] GET /api/quiz/CS007/downloadable-quizzes/ HTTP/1.0***0.624***
[07/Mar/2024:17:56:08 +0530] GET /api/quiz/CS007/downloadable-quizzes/ HTTP/1.0***0.631***
[07/Mar/2024:17:56:08 +0530] GET /api/quiz/CS007/downloadable-quizzes/ HTTP/1.0***0.689***
[07/Mar/2024:17:56:08 +0530] GET /api/quiz/CS007/downloadable-quizzes/ HTTP/1.0***0.753***
[07/Mar/2024:17:56:08 +0530] GET /api/quiz/CS007/downloadable-quizzes/ HTTP/1.0***0.796***
[07/Mar/2024:17:56:08 +0530] GET /api/quiz/CS007/downloadable-quizzes/ HTTP/1.0***0.796***
[07/Mar/2024:17:56:08 +0530] GET /api/quiz/CS007/downloadable-quizzes/ HTTP/1.0***0.798***
[07/Mar/2024:17:56:08 +0530] GET /api/quiz/CS007/downloadable-quizzes/ HTTP/1.0***0.807***
[07/Mar/2024:17:56:08 +0530] GET /api/quiz/CS007.ZW/info/ HTTP/1.0***1.443***
[07/Mar/2024:17:56:08 +0530] GET /api/course/ HTTP/1.0***0.824***
[07/Mar/2024:17:56:08 +0530] GET /api/quiz/CS007/downloadable-quizzes/ HTTP/1.0***0.829***
[07/Mar/2024:17:56:08 +0530] GET /api/course/ HTTP/1.0***0.835***
[07/Mar/2024:17:56:08 +0530] GET /api/quiz/CS007/downloadable-quizzes/ HTTP/1.0***0.905***
[07/Mar/2024:17:56:08 +0530] GET /api/quiz/CS007/downloadable-quizzes/ HTTP/1.0***0.916***
[07/Mar/2024:17:56:08 +0530] GET /api/quiz/CS007.ZW/download/ HTTP/1.0***0.545***
[07/Mar/2024:17:56:09 +0530] GET /api/quiz/CS007.ZW/authenticate/ HTTP/1.0***0.539***
[07/Mar/2024:17:56:09 +0530] GET /api/quiz/CS007.ZW/info/ HTTP/1.0***1.365***
[07/Mar/2024:17:56:09 +0530] GET /api/quiz/CS007.ZW/info/ HTTP/1.0***1.368***
[07/Mar/2024:17:56:09 +0530] GET /api/quiz/CS007.ZW/info/ HTTP/1.0***1.369***
[07/Mar/2024:17:56:09 +0530] GET /api/quiz/CS007.ZW/info/ HTTP/1.0***1.376***
[07/Mar/2024:17:56:09 +0530] GET /api/quiz/CS007.ZW/info/ HTTP/1.0***1.387***
[07/Mar/2024:17:56:09 +0530] GET /api/quiz/CS007.ZW/download/ HTTP/1.0***0.568***
[07/Mar/2024:17:56:09 +0530] GET /api/quiz/CS007.ZW/download/ HTTP/1.0***0.544***
[07/Mar/2024:17:56:09 +0530] POST /api/quiz/94b1a9ea819f409a9552ea3b229fd7ea/submit/ HTTP/1.0***1.394***
[07/Mar/2024:17:56:09 +0530] GET /api/quiz/CS007.ZW/authenticate/ HTTP/1.0***0.602***
[07/Mar/2024:17:56:09 +0530] POST /api/quiz/9eb22e3d1fc746158374614858963ef0/submit/ HTTP/1.0***1.432***
[07/Mar/2024:17:56:09 +0530] POST /api/quiz/d55c603133df432d948c43028de86e68/submit/ HTTP/1.0***1.437***
[07/Mar/2024:17:56:09 +0530] GET /api/course/ HTTP/1.0***0.028***
[07/Mar/2024:17:56:09 +0530] GET /api/course/ HTTP/1.0***0.030***
[07/Mar/2024:17:56:09 +0530] GET /api/course/ HTTP/1.0***0.035***
[07/Mar/2024:17:56:09 +0530] GET /api/course/ HTTP/1.0***0.036***
[07/Mar/2024:17:56:09 +0530] GET /api/course/ HTTP/1.0***0.037***
[07/Mar/2024:17:56:09 +0530] GET /api/course/ HTTP/1.0***0.039***
[07/Mar/2024:17:56:09 +0530] GET /api/course/ HTTP/1.0***0.029***
[07/Mar/2024:17:56:09 +0530] GET /api/course/ HTTP/1.0***0.035***
[07/Mar/2024:17:56:09 +0530] GET /api/quiz/CS007.ZW/info/ HTTP/1.0***1.569***
[07/Mar/2024:17:56:09 +0530] GET /api/quiz/CS007.ZW/info/ HTTP/1.0***1.564***
[07/Mar/2024:17:56:09 +0530] GET /api/quiz/CS007.ZW/info/ HTTP/1.0***1.577***
[07/Mar/2024:17:56:09 +0530] GET /api/quiz/CS007.ZW/info/ HTTP/1.0***1.595***
[07/Mar/2024:17:56:09 +0530] GET /api/quiz/CS007.ZW/info/ HTTP/1.0***1.526***
[07/Mar/2024:17:56:09 +0530] GET /api/quiz/CS007.ZW/info/ HTTP/1.0***1.544***
[07/Mar/2024:17:56:09 +0530] GET /api/quiz/CS007.ZW/info/ HTTP/1.0***1.630***
[07/Mar/2024:17:56:09 +0530] GET /api/quiz/CS007.ZW/info/ HTTP/1.0***1.553***
[07/Mar/2024:17:56:09 +0530] POST /api/account/login/ HTTP/1.0***1.197***
[07/Mar/2024:17:56:09 +0530] POST /api/account/login/ HTTP/1.0***1.204***
[07/Mar/2024:17:56:09 +0530] POST /api/account/login/ HTTP/1.0***1.200***
[07/Mar/2024:17:56:09 +0530] POST /api/account/login/ HTTP/1.0***1.213***
[07/Mar/2024:17:56:09 +0530] GET /api/quiz/CS007.ZW/info/ HTTP/1.0***1.698***
[07/Mar/2024:17:56:09 +0530] GET /api/quiz/CS007.ZW/info/ HTTP/1.0***1.717***
[07/Mar/2024:17:56:09 +0530] GET /api/quiz/CS007.ZW/download/ HTTP/1.0***0.019***
[07/Mar/2024:17:56:09 +0530] GET /api/quiz/CS007/downloadable-quizzes/ HTTP/1.0***0.068***
[07/Mar/2024:17:56:09 +0530] GET /api/quiz/CS007/downloadable-quizzes/ HTTP/1.0***0.116***
[07/Mar/2024:17:56:09 +0530] GET /api/quiz/CS007.ZW/download/ HTTP/1.0***0.020***
[07/Mar/2024:17:56:09 +0530] GET /api/quiz/CS007.ZW/download/ HTTP/1.0***0.021***
[07/Mar/2024:17:56:09 +0530] GET /api/quiz/CS007.ZW/download/ HTTP/1.0***0.024***
[07/Mar/2024:17:56:09 +0530] GET /api/quiz/CS007.ZW/download/ HTTP/1.0***0.020***
[07/Mar/2024:17:56:09 +0530] POST /api/account/login/ HTTP/1.0***0.430***
[07/Mar/2024:17:56:09 +0530] POST /api/account/login/ HTTP/1.0***0.440***
[07/Mar/2024:17:56:09 +0530] GET /api/quiz/CS007/downloadable-quizzes/ HTTP/1.0***0.154***
[07/Mar/2024:17:56:09 +0530] POST /api/account/login/ HTTP/1.0***0.490***
[07/Mar/2024:17:56:09 +0530] POST /api/account/login/ HTTP/1.0***0.477***
[07/Mar/2024:17:56:09 +0530] POST /api/account/login/ HTTP/1.0***0.492***
[07/Mar/2024:17:56:09 +0530] GET /api/quiz/CS007/downloadable-quizzes/ HTTP/1.0***0.159***
[07/Mar/2024:17:56:09 +0530] POST /api/account/login/ HTTP/1.0***0.486***
[07/Mar/2024:17:56:09 +0530] POST /api/account/login/ HTTP/1.0***0.498***
[07/Mar/2024:17:56:09 +0530] POST /api/account/login/ HTTP/1.0***0.494***
[07/Mar/2024:17:56:09 +0530] GET /api/quiz/CS007/downloadable-quizzes/ HTTP/1.0***0.090***
[07/Mar/2024:17:56:09 +0530] GET /api/quiz/CS007/downloadable-quizzes/ HTTP/1.0***0.101***
[07/Mar/2024:17:56:09 +0530] POST /api/account/login/ HTTP/1.0***0.508***
[07/Mar/2024:17:56:09 +0530] POST /api/quiz/dc55155a394e4a89b0323d533b1e7cec/submit/ HTTP/1.0***1.587***
[07/Mar/2024:17:56:10 +0530] POST /api/quiz/c532241976d148f3a5cd5d6046cc2164/submit/ HTTP/1.0***1.528***
[07/Mar/2024:17:56:10 +0530] GET /api/quiz/CS007.ZW/download/ HTTP/1.0***0.020***
[07/Mar/2024:17:56:10 +0530] GET /api/quiz/CS007.ZW/download/ HTTP/1.0***0.024***
[07/Mar/2024:17:56:10 +0530] GET /api/quiz/CS007.ZW/download/ HTTP/1.0***0.026***
[07/Mar/2024:17:56:10 +0530] GET /api/quiz/CS007.ZW/download/ HTTP/1.0***0.024***
[07/Mar/2024:17:56:10 +0530] GET /api/quiz/CS007.ZW/download/ HTTP/1.0***0.025***
[07/Mar/2024:17:56:10 +0530] GET /api/quiz/CS007.ZW/authenticate/ HTTP/1.0***0.101***
[07/Mar/2024:17:56:10 +0530] GET /api/quiz/CS007.ZW/authenticate/ HTTP/1.0***0.102***
[07/Mar/2024:17:56:10 +0530] GET /api/quiz/CS007.ZW/authenticate/ HTTP/1.0***0.105***
[07/Mar/2024:17:56:10 +0530] GET /api/quiz/CS007/downloadable-quizzes/ HTTP/1.0***0.076***
[07/Mar/2024:17:56:10 +0530] GET /api/quiz/CS007/downloadable-quizzes/ HTTP/1.0***0.084***
[07/Mar/2024:17:56:10 +0530] GET /api/quiz/CS007/downloadable-quizzes/ HTTP/1.0***0.089***
[07/Mar/2024:17:56:10 +0530] GET /api/quiz/CS007/downloadable-quizzes/ HTTP/1.0***0.092***
[07/Mar/2024:17:56:10 +0530] GET /api/quiz/CS007/downloadable-quizzes/ HTTP/1.0***0.097***
[07/Mar/2024:17:56:10 +0530] GET /api/quiz/CS007/downloadable-quizzes/ HTTP/1.0***0.100***
[07/Mar/2024:17:56:10 +0530] GET /api/quiz/CS007.ZW/download/ HTTP/1.0***0.096***
[07/Mar/2024:17:56:10 +0530] GET /api/quiz/CS007.ZW/download/ HTTP/1.0***0.101***
[07/Mar/2024:17:56:10 +0530] GET /api/quiz/CS007.ZW/download/ HTTP/1.0***0.106***
[07/Mar/2024:17:56:10 +0530] GET /api/quiz/CS007.ZW/download/ HTTP/1.0***0.109***
[07/Mar/2024:17:56:10 +0530] GET /api/quiz/CS007.ZW/download/ HTTP/1.0***0.122***
[07/Mar/2024:17:56:10 +0530] GET /api/quiz/CS007.ZW/download/ HTTP/1.0***0.020***
[07/Mar/2024:17:56:10 +0530] GET /api/quiz/CS007.ZW/download/ HTTP/1.0***0.021***
[07/Mar/2024:17:56:10 +0530] GET /api/course/ HTTP/1.0***0.032***
[07/Mar/2024:17:56:10 +0530] GET /api/course/ HTTP/1.0***0.033***
[07/Mar/2024:17:56:10 +0530] GET /api/course/ HTTP/1.0***0.047***
[07/Mar/2024:17:56:10 +0530] GET /api/quiz/CS007.ZW/download/ HTTP/1.0***0.053***
[07/Mar/2024:17:56:10 +0530] GET /api/quiz/CS007/downloadable-quizzes/ HTTP/1.0***0.209***
[07/Mar/2024:17:56:10 +0530] GET /api/quiz/CS007/downloadable-quizzes/ HTTP/1.0***0.211***
[07/Mar/2024:17:56:10 +0530] GET /api/quiz/CS007.ZW/download/ HTTP/1.0***0.060***
[07/Mar/2024:17:56:10 +0530] GET /api/course/ HTTP/1.0***0.063***
[07/Mar/2024:17:56:10 +0530] GET /api/quiz/CS007.ZW/download/ HTTP/1.0***0.046***
[07/Mar/2024:17:56:10 +0530] GET /api/quiz/CS007.ZW/authenticate/ HTTP/1.0***0.079***
[07/Mar/2024:17:56:10 +0530] POST /api/account/login/ HTTP/1.0***0.511***
[07/Mar/2024:17:56:10 +0530] POST /api/account/login/ HTTP/1.0***0.513***
[07/Mar/2024:17:56:10 +0530] POST /api/account/login/ HTTP/1.0***0.520***
[07/Mar/2024:17:56:10 +0530] POST /api/account/login/ HTTP/1.0***0.522***
[07/Mar/2024:17:56:10 +0530] POST /api/account/login/ HTTP/1.0***0.521***
[07/Mar/2024:17:56:10 +0530] GET /api/quiz/CS007.ZW/authenticate/ HTTP/1.0***0.064***
[07/Mar/2024:17:56:10 +0530] GET /api/quiz/CS007.ZW/authenticate/ HTTP/1.0***0.065***
[07/Mar/2024:17:56:10 +0530] GET /api/quiz/CS007.ZW/authenticate/ HTTP/1.0***0.065***
[07/Mar/2024:17:56:10 +0530] GET /api/quiz/CS007.ZW/info/ HTTP/1.0***1.051***
[07/Mar/2024:17:56:10 +0530] GET /api/quiz/CS007.ZW/info/ HTTP/1.0***1.059***
[07/Mar/2024:17:56:10 +0530] GET /api/course/ HTTP/1.0***0.029***
[07/Mar/2024:17:56:10 +0530] GET /api/course/ HTTP/1.0***0.030***
[07/Mar/2024:17:56:10 +0530] GET /api/course/ HTTP/1.0***0.026***
[07/Mar/2024:17:56:10 +0530] GET /api/course/ HTTP/1.0***0.028***
[07/Mar/2024:17:56:10 +0530] GET /api/course/ HTTP/1.0***0.028***
[07/Mar/2024:17:56:10 +0530] GET /api/course/ HTTP/1.0***0.025***
[07/Mar/2024:17:56:10 +0530] GET /api/course/ HTTP/1.0***0.028***
[07/Mar/2024:17:56:10 +0530] GET /api/course/ HTTP/1.0***0.027***
[07/Mar/2024:17:56:11 +0530] GET /api/course/ HTTP/1.0***0.031***
[07/Mar/2024:17:56:11 +0530] GET /api/quiz/CS007.ZW/info/ HTTP/1.0***1.600***
[07/Mar/2024:17:56:11 +0530] GET /api/quiz/CS007.ZW/authenticate/ HTTP/1.0***0.563***
[07/Mar/2024:17:56:11 +0530] GET /api/quiz/CS007.ZW/info/ HTTP/1.0***1.607***
[07/Mar/2024:17:56:11 +0530] GET /api/quiz/CS007.ZW/info/ HTTP/1.0***1.658***
[07/Mar/2024:17:56:11 +0530] GET /api/quiz/CS007.ZW/info/ HTTP/1.0***1.663***
[07/Mar/2024:17:56:11 +0530] GET /api/quiz/CS007.ZW/info/ HTTP/1.0***1.665***
[07/Mar/2024:17:56:11 +0530] GET /api/quiz/CS007.ZW/info/ HTTP/1.0***1.319***
[07/Mar/2024:17:56:11 +0530] GET /api/quiz/CS007.ZW/info/ HTTP/1.0***1.620***
[07/Mar/2024:17:56:11 +0530] GET /api/quiz/CS007.ZW/info/ HTTP/1.0***1.668***
[07/Mar/2024:17:56:11 +0530] GET /api/quiz/CS007.ZW/info/ HTTP/1.0***1.324***
[07/Mar/2024:17:56:11 +0530] GET /api/quiz/CS007.ZW/authenticate/ HTTP/1.0***0.113***
[07/Mar/2024:17:56:11 +0530] GET /api/quiz/CS007.ZW/authenticate/ HTTP/1.0***0.114***
[07/Mar/2024:17:56:11 +0530] GET /api/quiz/CS007.ZW/authenticate/ HTTP/1.0***0.154***
[07/Mar/2024:17:56:11 +0530] GET /api/quiz/CS007.ZW/authenticate/ HTTP/1.0***0.155***
[07/Mar/2024:17:56:11 +0530] GET /api/quiz/CS007.ZW/authenticate/ HTTP/1.0***0.163***
[07/Mar/2024:17:56:11 +0530] POST /api/quiz/1dfb261392d446899772d3177636a40f/submit/ HTTP/1.0***1.389***
[07/Mar/2024:17:56:11 +0530] POST /api/quiz/0953cc435c6243a29116a40947dd7f57/submit/ HTTP/1.0***1.389***
[07/Mar/2024:17:56:11 +0530] GET /api/quiz/CS007.ZW/authenticate/ HTTP/1.0***0.134***
[07/Mar/2024:17:56:11 +0530] GET /api/quiz/CS007.ZW/authenticate/ HTTP/1.0***0.132***
[07/Mar/2024:17:56:11 +0530] GET /api/quiz/CS007.ZW/authenticate/ HTTP/1.0***0.135***
[07/Mar/2024:17:56:11 +0530] GET /api/quiz/CS007.ZW/authenticate/ HTTP/1.0***0.136***
[07/Mar/2024:17:56:11 +0530] GET /api/quiz/CS007.ZW/authenticate/ HTTP/1.0***0.192***
[07/Mar/2024:17:56:11 +0530] GET /api/quiz/CS007.ZW/authenticate/ HTTP/1.0***0.192***
[07/Mar/2024:17:56:11 +0530] GET /api/quiz/CS007.ZW/info/ HTTP/1.0***1.143***
[07/Mar/2024:17:56:11 +0530] GET /api/quiz/CS007/downloadable-quizzes/ HTTP/1.0***0.207***
[07/Mar/2024:17:56:11 +0530] GET /api/quiz/CS007/downloadable-quizzes/ HTTP/1.0***0.208***
[07/Mar/2024:17:56:11 +0530] GET /api/quiz/CS007.ZW/info/ HTTP/1.0***1.044***
[07/Mar/2024:17:56:11 +0530] GET /api/quiz/CS007.ZW/authenticate/ HTTP/1.0***0.348***
[07/Mar/2024:17:56:11 +0530] GET /api/quiz/CS007.ZW/authenticate/ HTTP/1.0***0.353***
[07/Mar/2024:17:56:11 +0530] POST /api/account/login/ HTTP/1.0***0.553***
[07/Mar/2024:17:56:11 +0530] POST /api/account/login/ HTTP/1.0***0.554***
[07/Mar/2024:17:56:11 +0530] GET /api/quiz/CS007/downloadable-quizzes/ HTTP/1.0***0.360***
[07/Mar/2024:17:56:11 +0530] GET /api/course/ HTTP/1.0***0.043***
[07/Mar/2024:17:56:11 +0530] GET /api/course/ HTTP/1.0***0.050***
[07/Mar/2024:17:56:11 +0530] GET /api/quiz/CS007.ZW/authenticate/ HTTP/1.0***0.378***
[07/Mar/2024:17:56:11 +0530] POST /api/account/login/ HTTP/1.0***0.595***
[07/Mar/2024:17:56:11 +0530] POST /api/account/login/ HTTP/1.0***0.609***
[07/Mar/2024:17:56:11 +0530] GET /api/quiz/CS007.ZW/authenticate/ HTTP/1.0***0.402***
[07/Mar/2024:17:56:11 +0530] GET /api/course/ HTTP/1.0***0.077***
[07/Mar/2024:17:56:11 +0530] GET /api/course/ HTTP/1.0***0.084***
[07/Mar/2024:17:56:11 +0530] GET /api/course/ HTTP/1.0***0.085***
[07/Mar/2024:17:56:11 +0530] GET /api/quiz/CS007/downloadable-quizzes/ HTTP/1.0***0.418***
[07/Mar/2024:17:56:11 +0530] GET /api/quiz/CS007.ZW/download/ HTTP/1.0***0.047***
[07/Mar/2024:17:56:11 +0530] GET /api/quiz/CS007.ZW/download/ HTTP/1.0***0.049***
[07/Mar/2024:17:56:12 +0530] POST /api/account/login/ HTTP/1.0***0.690***
[07/Mar/2024:17:56:12 +0530] GET /api/quiz/CS007/downloadable-quizzes/ HTTP/1.0***0.099***
[07/Mar/2024:17:56:12 +0530] GET /api/quiz/CS007/downloadable-quizzes/ HTTP/1.0***0.112***
[07/Mar/2024:17:56:12 +0530] GET /api/quiz/CS007/downloadable-quizzes/ HTTP/1.0***0.083***
[07/Mar/2024:17:56:12 +0530] GET /api/quiz/CS007/downloadable-quizzes/ HTTP/1.0***0.085***
[07/Mar/2024:17:56:12 +0530] GET /api/quiz/CS007/downloadable-quizzes/ HTTP/1.0***0.091***
[07/Mar/2024:17:56:12 +0530] GET /api/quiz/CS007/downloadable-quizzes/ HTTP/1.0***0.116***
[07/Mar/2024:17:56:12 +0530] GET /api/quiz/CS007/downloadable-quizzes/ HTTP/1.0***0.116***
[07/Mar/2024:17:56:12 +0530] GET /api/quiz/CS007/downloadable-quizzes/ HTTP/1.0***0.155***
[07/Mar/2024:17:56:12 +0530] POST /api/quiz/dfe9be3ab6aa4839b2c2473271e2ede2/submit/ HTTP/1.0***1.007***
[07/Mar/2024:17:56:12 +0530] POST /api/quiz/72cd13c532e347aeb45cdfb05bc8fe7a/submit/ HTTP/1.0***1.036***
[07/Mar/2024:17:56:12 +0530] GET /api/quiz/CS007/downloadable-quizzes/ HTTP/1.0***0.087***
[07/Mar/2024:17:56:12 +0530] GET /api/quiz/CS007.ZW/info/ HTTP/1.0***1.515***
[07/Mar/2024:17:56:12 +0530] POST /api/quiz/f3db71599a93430881e3985825c8ba25/submit/ HTTP/1.0***1.134***
[07/Mar/2024:17:56:12 +0530] GET /api/quiz/CS007.ZW/info/ HTTP/1.0***1.473***
[07/Mar/2024:17:56:12 +0530] GET /api/quiz/CS007.ZW/info/ HTTP/1.0***1.489***
[07/Mar/2024:17:56:12 +0530] GET /api/quiz/CS007.ZW/info/ HTTP/1.0***1.537***
[07/Mar/2024:17:56:12 +0530] GET /api/quiz/CS007.ZW/download/ HTTP/1.0***0.020***
[07/Mar/2024:17:56:12 +0530] GET /api/quiz/CS007.ZW/download/ HTTP/1.0***0.022***
[07/Mar/2024:17:56:12 +0530] GET /api/quiz/CS007.ZW/download/ HTTP/1.0***0.028***
[07/Mar/2024:17:56:12 +0530] GET /api/quiz/CS007.ZW/download/ HTTP/1.0***0.032***
[07/Mar/2024:17:56:12 +0530] GET /api/quiz/CS007.ZW/download/ HTTP/1.0***0.029***
[07/Mar/2024:17:56:12 +0530] GET /api/quiz/CS007.ZW/download/ HTTP/1.0***0.034***
[07/Mar/2024:17:56:12 +0530] GET /api/quiz/CS007.ZW/download/ HTTP/1.0***0.049***
[07/Mar/2024:17:56:12 +0530] GET /api/quiz/CS007.ZW/download/ HTTP/1.0***0.056***
[07/Mar/2024:17:56:12 +0530] GET /api/quiz/CS007.ZW/download/ HTTP/1.0***0.056***
[07/Mar/2024:17:56:12 +0530] GET /api/quiz/CS007.ZW/info/ HTTP/1.0***1.165***
[07/Mar/2024:17:56:12 +0530] GET /api/quiz/CS007.ZW/info/ HTTP/1.0***1.173***
[07/Mar/2024:17:56:12 +0530] GET /api/quiz/CS007.ZW/info/ HTTP/1.0***1.192***
[07/Mar/2024:17:56:12 +0530] GET /api/quiz/CS007.ZW/info/ HTTP/1.0***1.192***
[07/Mar/2024:17:56:12 +0530] POST /api/account/login/ HTTP/1.0***0.543***
[07/Mar/2024:17:56:12 +0530] POST /api/account/login/ HTTP/1.0***0.538***
[07/Mar/2024:17:56:12 +0530] POST /api/account/login/ HTTP/1.0***0.556***
[07/Mar/2024:17:56:12 +0530] GET /api/course/ HTTP/1.0***0.027***
[07/Mar/2024:17:56:12 +0530] POST /api/quiz/2aee99bb8808450fadc82e1969de6a4d/submit/ HTTP/1.0***1.296***
[07/Mar/2024:17:56:12 +0530] GET /api/quiz/CS007.ZW/download/ HTTP/1.0***0.046***
[07/Mar/2024:17:56:12 +0530] GET /api/quiz/CS007.ZW/download/ HTTP/1.0***0.046***
[07/Mar/2024:17:56:13 +0530] GET /api/quiz/CS007.ZW/info/ HTTP/1.0***1.475***
[07/Mar/2024:17:56:13 +0530] GET /api/quiz/CS007.ZW/info/ HTTP/1.0***1.476***
[07/Mar/2024:17:56:13 +0530] GET /api/quiz/CS007.ZW/info/ HTTP/1.0***1.465***
[07/Mar/2024:17:56:13 +0530] GET /api/course/ HTTP/1.0***0.074***
[07/Mar/2024:17:56:13 +0530] GET /api/course/ HTTP/1.0***0.079***
[07/Mar/2024:17:56:13 +0530] GET /api/quiz/CS007/downloadable-quizzes/ HTTP/1.0***0.099***
[07/Mar/2024:17:56:13 +0530] POST /api/quiz/5abfdecf56fa407785dabd9512e6f41f/submit/ HTTP/1.0***1.122***
[07/Mar/2024:17:56:13 +0530] GET /api/course/ HTTP/1.0***0.107***
[07/Mar/2024:17:56:13 +0530] POST /api/quiz/15904f6d839c45958a060ee4381e0ea1/submit/ HTTP/1.0***1.156***
[07/Mar/2024:17:56:13 +0530] POST /api/quiz/f818f49ce8ba488d98891c91510ceb63/submit/ HTTP/1.0***1.160***
[07/Mar/2024:17:56:13 +0530] GET /api/quiz/CS007/downloadable-quizzes/ HTTP/1.0***0.166***
[07/Mar/2024:17:56:13 +0530] GET /api/quiz/CS007/downloadable-quizzes/ HTTP/1.0***0.155***
[07/Mar/2024:17:56:13 +0530] GET /api/quiz/CS007.ZW/info/ HTTP/1.0***1.607***
[07/Mar/2024:17:56:13 +0530] GET /api/quiz/CS007/downloadable-quizzes/ HTTP/1.0***0.193***
[07/Mar/2024:17:56:13 +0530] GET /api/quiz/CS007/downloadable-quizzes/ HTTP/1.0***0.194***
[07/Mar/2024:17:56:13 +0530] GET /api/quiz/CS007.ZW/authenticate/ HTTP/1.0***0.202***
[07/Mar/2024:17:56:13 +0530] GET /api/course/ HTTP/1.0***0.161***
[07/Mar/2024:17:56:13 +0530] GET /api/quiz/CS007.ZW/authenticate/ HTTP/1.0***0.276***
[07/Mar/2024:17:56:13 +0530] POST /api/quiz/63a06e1d12344975b6e5e5b7f2caecd6/submit/ HTTP/1.0***1.112***
[07/Mar/2024:17:56:13 +0530] POST /api/quiz/4ec9ae6590014d4cab6ba6f5b3a10783/submit/ HTTP/1.0***1.114***
[07/Mar/2024:17:56:13 +0530] POST /api/quiz/c7cbd69d7f2d40c8bb50f449c3190dc7/submit/ HTTP/1.0***1.121***
[07/Mar/2024:17:56:13 +0530] POST /api/quiz/ae6037c2bfb14244a0c4128115f71356/submit/ HTTP/1.0***1.119***
[07/Mar/2024:17:56:13 +0530] POST /api/quiz/155ac9c172b84a238fec07005e149bcc/submit/ HTTP/1.0***1.129***
[07/Mar/2024:17:56:13 +0530] POST /api/quiz/a3ee7fcf11994f1db36e428d5e1f71aa/submit/ HTTP/1.0***1.135***
[07/Mar/2024:17:56:13 +0530] POST /api/quiz/7a17f12aa4e84a2990fa48a1734b7b64/submit/ HTTP/1.0***1.106***
[07/Mar/2024:17:56:13 +0530] POST /api/quiz/4ff968cc88dd4664a20d29c966e53b5f/submit/ HTTP/1.0***1.119***
[07/Mar/2024:17:56:13 +0530] POST /api/quiz/a3a17120a33c4190a2e556ce0615e50c/submit/ HTTP/1.0***1.138***
[07/Mar/2024:17:56:13 +0530] POST /api/quiz/cb0f669208244946b039eee9f5773196/submit/ HTTP/1.0***1.149***
[07/Mar/2024:17:56:13 +0530] GET /api/quiz/CS007.ZW/download/ HTTP/1.0***0.287***
[07/Mar/2024:17:56:13 +0530] GET /api/quiz/CS007.ZW/download/ HTTP/1.0***0.310***
[07/Mar/2024:17:56:13 +0530] GET /api/quiz/CS007.ZW/info/ HTTP/1.0***0.691***
[07/Mar/2024:17:56:13 +0530] GET /api/quiz/CS007.ZW/authenticate/ HTTP/1.0***0.343***
[07/Mar/2024:17:56:13 +0530] POST /api/quiz/5471bc74ea5d42a6bf0ee9736991434b/submit/ HTTP/1.0***1.287***
[07/Mar/2024:17:56:13 +0530] GET /api/quiz/CS007.ZW/info/ HTTP/1.0***0.692***
[07/Mar/2024:17:56:13 +0530] POST /api/account/login/ HTTP/1.0***0.585***
[07/Mar/2024:17:56:13 +0530] POST /api/quiz/7c249acd73cd4037805c6753cd4b455b/submit/ HTTP/1.0***1.029***
[07/Mar/2024:17:56:13 +0530] POST /api/quiz/ec496410825a4c808861e2cea7b40d48/submit/ HTTP/1.0***1.013***
[07/Mar/2024:17:56:13 +0530] GET /api/quiz/CS007.ZW/info/ HTTP/1.0***0.913***
[07/Mar/2024:17:56:13 +0530] GET /api/quiz/CS007.ZW/info/ HTTP/1.0***0.692***
[07/Mar/2024:17:56:13 +0530] GET /api/quiz/CS007.ZW/info/ HTTP/1.0***0.692***
[07/Mar/2024:17:56:13 +0530] GET /api/quiz/CS007.ZW/info/ HTTP/1.0***0.692***
[07/Mar/2024:17:56:13 +0530] GET /api/quiz/CS007.ZW/info/ HTTP/1.0***1.034***
[07/Mar/2024:17:56:13 +0530] GET /api/quiz/CS007.ZW/authenticate/ HTTP/1.0***0.344***
[07/Mar/2024:17:56:13 +0530] GET /api/quiz/CS007.ZW/authenticate/ HTTP/1.0***0.344***
[07/Mar/2024:17:56:13 +0530] GET /api/quiz/CS007.ZW/authenticate/ HTTP/1.0***0.345***
[07/Mar/2024:17:56:13 +0530] GET /api/quiz/CS007.ZW/download/ HTTP/1.0***0.345***
[07/Mar/2024:17:56:13 +0530] POST /api/quiz/7aadda83bf7d44479953d0e8b838ca4c/submit/ HTTP/1.0***1.030***
[07/Mar/2024:17:56:13 +0530] GET /api/quiz/CS007.ZW/info/ HTTP/1.0***1.037***
[07/Mar/2024:17:56:13 +0530] GET /api/quiz/CS007.ZW/authenticate/ HTTP/1.0***0.343***
[07/Mar/2024:17:56:13 +0530] GET /api/quiz/CS007.ZW/info/ HTTP/1.0***1.002***
[07/Mar/2024:17:56:13 +0530] POST /api/account/login/ HTTP/1.0***0.586***
[07/Mar/2024:17:56:13 +0530] GET /api/quiz/CS007.ZW/download/ HTTP/1.0***0.345***
[07/Mar/2024:17:56:13 +0530] GET /api/quiz/CS007.ZW/info/ HTTP/1.0***1.035***
[07/Mar/2024:17:56:13 +0530] GET /api/quiz/CS007.ZW/authenticate/ HTTP/1.0***0.345***
[07/Mar/2024:17:56:13 +0530] GET /api/quiz/CS007.ZW/info/ HTTP/1.0***0.926***
[07/Mar/2024:17:56:13 +0530] POST /api/account/login/ HTTP/1.0***0.595***
[07/Mar/2024:17:56:13 +0530] GET /api/quiz/CS007.ZW/info/ HTTP/1.0***0.697***
[07/Mar/2024:17:56:13 +0530] POST /api/quiz/7f0ee5046c624b24b134ebbe70905c42/submit/ HTTP/1.0***1.034***
[07/Mar/2024:17:56:13 +0530] POST /api/account/login/ HTTP/1.0***0.588***
[07/Mar/2024:17:56:13 +0530] POST /api/quiz/1b884c3523544c2b82bcb192e47734fc/submit/ HTTP/1.0***1.287***
[07/Mar/2024:17:56:13 +0530] GET /api/quiz/CS007.ZW/info/ HTTP/1.0***0.563***
[07/Mar/2024:17:56:13 +0530] GET /api/quiz/CS007.ZW/authenticate/ HTTP/1.0***0.342***
[07/Mar/2024:17:56:13 +0530] GET /api/quiz/CS007.ZW/authenticate/ HTTP/1.0***0.341***
[07/Mar/2024:17:56:13 +0530] GET /api/quiz/CS007.ZW/download/ HTTP/1.0***0.269***
[07/Mar/2024:17:56:13 +0530] GET /api/quiz/CS007.ZW/download/ HTTP/1.0***0.249***
[07/Mar/2024:17:56:13 +0530] GET /api/quiz/CS007.ZW/download/ HTTP/1.0***0.250***
[07/Mar/2024:17:56:13 +0530] GET /api/quiz/CS007.ZW/download/ HTTP/1.0***0.278***
[07/Mar/2024:17:56:13 +0530] GET /api/quiz/CS007.ZW/authenticate/ HTTP/1.0***0.352***
[07/Mar/2024:17:56:14 +0530] GET /sys_perf_check/2024-03-07_12-25-29-end/100/ HTTP/1.0***0.008***
[07/Mar/2024:17:56:14 +0530] GET /sys_perf_check/2024-03-07_12-25-29-END/0/ HTTP/1.0***0.008***
