[29/May/2024:21:27:03 +0530] GET /sys_perf_check/2024-05-29_15-57-03-START/0/ HTTP/1.0***0.013***
[29/May/2024:21:27:03 +0530] GET /sys_perf_check/2024-05-29_15-57-03-start/100/ HTTP/1.0***0.013***
[29/May/2024:21:27:05 +0530] POST /api/account/login/ HTTP/1.0***0.416***
[29/May/2024:21:27:05 +0530] POST /api/account/login/ HTTP/1.0***0.422***
[29/May/2024:21:27:06 +0530] POST /api/account/login/ HTTP/1.0***0.398***
[29/May/2024:21:27:06 +0530] POST /api/account/login/ HTTP/1.0***0.405***
[29/May/2024:21:27:06 +0530] GET /api/course/ HTTP/1.0***0.035***
[29/May/2024:21:27:06 +0530] GET /api/course/ HTTP/1.0***0.030***
[29/May/2024:21:27:07 +0530] POST /api/account/login/ HTTP/1.0***0.409***
[29/May/2024:21:27:07 +0530] POST /api/account/login/ HTTP/1.0***0.414***
[29/May/2024:21:27:07 +0530] GET /api/course/ HTTP/1.0***0.030***
[29/May/2024:21:27:07 +0530] GET /api/course/ HTTP/1.0***0.029***
[29/May/2024:21:27:07 +0530] GET /api/quiz/CS007/downloadable-quizzes/ HTTP/1.0***0.037***
[29/May/2024:21:27:07 +0530] GET /api/quiz/CS007/downloadable-quizzes/ HTTP/1.0***0.037***
[29/May/2024:21:27:08 +0530] GET /api/course/ HTTP/1.0***0.034***
[29/May/2024:21:27:08 +0530] GET /api/course/ HTTP/1.0***0.031***
[29/May/2024:21:27:08 +0530] POST /api/account/login/ HTTP/1.0***0.405***
[29/May/2024:21:27:08 +0530] POST /api/account/login/ HTTP/1.0***0.404***
[29/May/2024:21:27:08 +0530] GET /api/quiz/CS007/downloadable-quizzes/ HTTP/1.0***0.033***
[29/May/2024:21:27:08 +0530] GET /api/quiz/CS007/downloadable-quizzes/ HTTP/1.0***0.030***
[29/May/2024:21:27:08 +0530] GET /api/quiz/CS007.AG/info/ HTTP/1.0***0.081***
[29/May/2024:21:27:08 +0530] GET /api/quiz/CS007.AG/info/ HTTP/1.0***0.086***
[29/May/2024:21:27:09 +0530] POST /api/account/login/ HTTP/1.0***0.386***
[29/May/2024:21:27:09 +0530] POST /api/account/login/ HTTP/1.0***0.416***
[29/May/2024:21:27:09 +0530] GET /api/quiz/CS007/downloadable-quizzes/ HTTP/1.0***0.038***
[29/May/2024:21:27:09 +0530] GET /api/course/ HTTP/1.0***0.031***
[29/May/2024:21:27:09 +0530] GET /api/course/ HTTP/1.0***0.033***
[29/May/2024:21:27:09 +0530] GET /api/quiz/CS007/downloadable-quizzes/ HTTP/1.0***0.040***
[29/May/2024:21:27:09 +0530] GET /api/quiz/CS007.AG/info/ HTTP/1.0***0.096***
[29/May/2024:21:27:09 +0530] GET /api/quiz/CS007.AG/info/ HTTP/1.0***0.098***
[29/May/2024:21:27:09 +0530] GET /api/quiz/CS007.AG/download/ HTTP/1.0***0.026***
[29/May/2024:21:27:09 +0530] GET /api/quiz/CS007.AG/download/ HTTP/1.0***0.024***
[29/May/2024:21:27:10 +0530] POST /api/account/login/ HTTP/1.0***0.415***
[29/May/2024:21:27:10 +0530] POST /api/account/login/ HTTP/1.0***0.429***
[29/May/2024:21:27:10 +0530] GET /api/course/ HTTP/1.0***0.032***
[29/May/2024:21:27:10 +0530] GET /api/course/ HTTP/1.0***0.037***
[29/May/2024:21:27:10 +0530] GET /api/quiz/CS007/downloadable-quizzes/ HTTP/1.0***0.036***
[29/May/2024:21:27:10 +0530] GET /api/quiz/CS007/downloadable-quizzes/ HTTP/1.0***0.038***
[29/May/2024:21:27:10 +0530] GET /api/quiz/CS007.AG/info/ HTTP/1.0***0.114***
[29/May/2024:21:27:10 +0530] GET /api/quiz/CS007.AG/info/ HTTP/1.0***0.113***
[29/May/2024:21:27:10 +0530] GET /api/quiz/CS007.AG/download/ HTTP/1.0***0.026***
[29/May/2024:21:27:10 +0530] GET /api/quiz/CS007.AG/download/ HTTP/1.0***0.024***
[29/May/2024:21:27:10 +0530] GET /api/quiz/CS007.AG/authenticate/ HTTP/1.0***0.029***
[29/May/2024:21:27:10 +0530] GET /api/quiz/CS007.AG/authenticate/ HTTP/1.0***0.033***
[29/May/2024:21:27:11 +0530] POST /api/account/login/ HTTP/1.0***0.418***
[29/May/2024:21:27:11 +0530] POST /api/account/login/ HTTP/1.0***0.419***
[29/May/2024:21:27:11 +0530] GET /api/course/ HTTP/1.0***0.029***
[29/May/2024:21:27:11 +0530] GET /api/course/ HTTP/1.0***0.033***
[29/May/2024:21:27:11 +0530] GET /api/quiz/CS007/downloadable-quizzes/ HTTP/1.0***0.035***
[29/May/2024:21:27:11 +0530] GET /api/quiz/CS007/downloadable-quizzes/ HTTP/1.0***0.040***
[29/May/2024:21:27:11 +0530] GET /api/quiz/CS007.AG/download/ HTTP/1.0***0.026***
[29/May/2024:21:27:11 +0530] GET /api/quiz/CS007.AG/download/ HTTP/1.0***0.029***
[29/May/2024:21:27:11 +0530] GET /api/quiz/CS007.AG/info/ HTTP/1.0***0.113***
[29/May/2024:21:27:11 +0530] GET /api/quiz/CS007.AG/authenticate/ HTTP/1.0***0.029***
[29/May/2024:21:27:11 +0530] GET /api/quiz/CS007.AG/authenticate/ HTTP/1.0***0.033***
[29/May/2024:21:27:11 +0530] GET /api/quiz/CS007.AG/info/ HTTP/1.0***0.122***
[29/May/2024:21:27:11 +0530] POST /api/quiz/7fbb75dc95d1463dbf1a47abdda15e0f/submit/ HTTP/1.0***0.223***
[29/May/2024:21:27:11 +0530] POST /api/quiz/ce17bc4d737d46e9834b12be6b7f98cd/submit/ HTTP/1.0***0.228***
[29/May/2024:21:27:12 +0530] POST /api/account/login/ HTTP/1.0***0.399***
[29/May/2024:21:27:12 +0530] POST /api/account/login/ HTTP/1.0***0.403***
[29/May/2024:21:27:12 +0530] GET /api/course/ HTTP/1.0***0.034***
[29/May/2024:21:27:12 +0530] GET /api/course/ HTTP/1.0***0.038***
[29/May/2024:21:27:12 +0530] GET /api/quiz/CS007/downloadable-quizzes/ HTTP/1.0***0.039***
[29/May/2024:21:27:12 +0530] GET /api/quiz/CS007/downloadable-quizzes/ HTTP/1.0***0.042***
[29/May/2024:21:27:12 +0530] GET /api/quiz/CS007.AG/info/ HTTP/1.0***0.089***
[29/May/2024:21:27:12 +0530] GET /api/quiz/CS007.AG/info/ HTTP/1.0***0.095***
[29/May/2024:21:27:12 +0530] GET /api/quiz/CS007.AG/download/ HTTP/1.0***0.028***
[29/May/2024:21:27:12 +0530] GET /api/quiz/CS007.AG/authenticate/ HTTP/1.0***0.031***
[29/May/2024:21:27:12 +0530] GET /api/quiz/CS007.AG/download/ HTTP/1.0***0.034***
[29/May/2024:21:27:12 +0530] GET /api/quiz/CS007.AG/authenticate/ HTTP/1.0***0.035***
[29/May/2024:21:27:13 +0530] POST /api/quiz/7095b741d9244db9a1ab6b05deecd093/submit/ HTTP/1.0***0.228***
[29/May/2024:21:27:13 +0530] POST /api/quiz/e1ac0d7cdaf44ac59ead6f8aae4ffe27/submit/ HTTP/1.0***0.236***
[29/May/2024:21:27:13 +0530] POST /api/account/login/ HTTP/1.0***0.381***
[29/May/2024:21:27:13 +0530] POST /api/account/login/ HTTP/1.0***0.404***
[29/May/2024:21:27:13 +0530] GET /api/course/ HTTP/1.0***0.034***
[29/May/2024:21:27:13 +0530] GET /api/course/ HTTP/1.0***0.036***
[29/May/2024:21:27:13 +0530] GET /api/quiz/CS007/downloadable-quizzes/ HTTP/1.0***0.039***
[29/May/2024:21:27:13 +0530] GET /api/quiz/CS007/downloadable-quizzes/ HTTP/1.0***0.039***
[29/May/2024:21:27:13 +0530] GET /api/quiz/CS007.AG/info/ HTTP/1.0***0.093***
[29/May/2024:21:27:13 +0530] GET /api/quiz/CS007.AG/info/ HTTP/1.0***0.086***
[29/May/2024:21:27:13 +0530] GET /api/quiz/CS007.AG/download/ HTTP/1.0***0.026***
[29/May/2024:21:27:13 +0530] GET /api/quiz/CS007.AG/download/ HTTP/1.0***0.026***
[29/May/2024:21:27:13 +0530] GET /api/quiz/CS007.AG/authenticate/ HTTP/1.0***0.033***
[29/May/2024:21:27:13 +0530] GET /api/quiz/CS007.AG/authenticate/ HTTP/1.0***0.037***
[29/May/2024:21:27:14 +0530] POST /api/quiz/6de0c6d392d94860b0df703b9b187462/submit/ HTTP/1.0***0.104***
[29/May/2024:21:27:14 +0530] POST /api/quiz/5a04067cd4aa40f3a102920b43bbe608/submit/ HTTP/1.0***0.105***
[29/May/2024:21:27:14 +0530] GET /sys_perf_check/2024-05-29_15-57-03-end/100/ HTTP/1.0***0.014***
[29/May/2024:21:27:14 +0530] GET /sys_perf_check/2024-05-29_15-57-03-END/0/ HTTP/1.0***0.013***
