[28/May/2024:21:57:55 +0530] GET /sys_perf_check/2024-05-28_16-27-54-START/0/ HTTP/1.0***0.015***
[28/May/2024:21:57:55 +0530] GET /sys_perf_check/2024-05-28_16-27-54-start/100/ HTTP/1.0***0.023***
[28/May/2024:21:57:56 +0530] POST /api/account/login/ HTTP/1.0***0.424***
[28/May/2024:21:57:57 +0530] POST /api/account/login/ HTTP/1.0***0.553***
[28/May/2024:21:57:57 +0530] POST /api/account/login/ HTTP/1.0***0.379***
[28/May/2024:21:57:57 +0530] POST /api/account/login/ HTTP/1.0***0.381***
[28/May/2024:21:57:58 +0530] GET /api/course/ HTTP/1.0***0.031***
[28/May/2024:21:57:58 +0530] GET /api/course/ HTTP/1.0***0.163***
[28/May/2024:21:57:58 +0530] GET /api/course/ HTTP/1.0***0.037***
[28/May/2024:21:57:58 +0530] POST /api/account/login/ HTTP/1.0***0.417***
[28/May/2024:21:57:58 +0530] POST /api/account/login/ HTTP/1.0***0.423***
[28/May/2024:21:57:59 +0530] GET /api/course/ HTTP/1.0***0.159***
[28/May/2024:21:57:59 +0530] GET /api/quiz/CS007/downloadable-quizzes/ HTTP/1.0***0.050***
[28/May/2024:21:57:59 +0530] GET /api/quiz/CS007/downloadable-quizzes/ HTTP/1.0***0.041***
[28/May/2024:21:57:59 +0530] POST /api/account/login/ HTTP/1.0***0.372***
[28/May/2024:21:57:59 +0530] POST /api/account/login/ HTTP/1.0***0.386***
[28/May/2024:21:57:59 +0530] GET /api/quiz/CS007/downloadable-quizzes/ HTTP/1.0***0.034***
[28/May/2024:21:58:00 +0530] GET /api/course/ HTTP/1.0***0.030***
[28/May/2024:21:58:00 +0530] GET /api/course/ HTTP/1.0***0.033***
[28/May/2024:21:58:00 +0530] GET /api/quiz/CS007/downloadable-quizzes/ HTTP/1.0***0.037***
[28/May/2024:21:58:00 +0530] GET /api/quiz/CS007.AG/info/ HTTP/1.0***0.196***
[28/May/2024:21:58:00 +0530] GET /api/quiz/CS007.AG/info/ HTTP/1.0***0.195***
[28/May/2024:21:58:00 +0530] GET /api/course/ HTTP/1.0***0.031***
[28/May/2024:21:58:00 +0530] POST /api/account/login/ HTTP/1.0***0.420***
[28/May/2024:21:58:00 +0530] GET /api/course/ HTTP/1.0***0.031***
[28/May/2024:21:58:00 +0530] POST /api/account/login/ HTTP/1.0***0.433***
[28/May/2024:21:58:01 +0530] GET /api/quiz/CS007/downloadable-quizzes/ HTTP/1.0***0.038***
[28/May/2024:21:58:01 +0530] GET /api/quiz/CS007/downloadable-quizzes/ HTTP/1.0***0.034***
[28/May/2024:21:58:01 +0530] GET /api/quiz/CS007.AG/info/ HTTP/1.0***0.092***
[28/May/2024:21:58:01 +0530] GET /api/quiz/CS007.AG/info/ HTTP/1.0***0.073***
[28/May/2024:21:58:01 +0530] GET /api/quiz/CS007.AG/download/ HTTP/1.0***0.044***
[28/May/2024:21:58:01 +0530] GET /api/quiz/CS007.AG/download/ HTTP/1.0***0.046***
[28/May/2024:21:58:01 +0530] POST /api/account/login/ HTTP/1.0***0.404***
[28/May/2024:21:58:01 +0530] POST /api/account/login/ HTTP/1.0***0.407***
[28/May/2024:21:58:01 +0530] GET /api/quiz/CS007/downloadable-quizzes/ HTTP/1.0***0.038***
[28/May/2024:21:58:02 +0530] GET /api/course/ HTTP/1.0***0.035***
[28/May/2024:21:58:02 +0530] GET /api/quiz/CS007/downloadable-quizzes/ HTTP/1.0***0.036***
[28/May/2024:21:58:02 +0530] GET /api/course/ HTTP/1.0***0.034***
[28/May/2024:21:58:02 +0530] GET /api/quiz/CS007.AG/download/ HTTP/1.0***0.021***
[28/May/2024:21:58:02 +0530] GET /api/quiz/CS007.AG/info/ HTTP/1.0***0.109***
[28/May/2024:21:58:02 +0530] GET /api/quiz/CS007.AG/info/ HTTP/1.0***0.093***
[28/May/2024:21:58:02 +0530] GET /api/quiz/CS007.AG/download/ HTTP/1.0***0.024***
[28/May/2024:21:58:02 +0530] GET /api/quiz/CS007.AG/authenticate/ HTTP/1.0***0.030***
[28/May/2024:21:58:02 +0530] GET /api/quiz/CS007.AG/authenticate/ HTTP/1.0***0.035***
[28/May/2024:21:58:02 +0530] GET /api/course/ HTTP/1.0***0.032***
[28/May/2024:21:58:02 +0530] POST /api/account/login/ HTTP/1.0***0.434***
[28/May/2024:21:58:02 +0530] GET /api/course/ HTTP/1.0***0.033***
[28/May/2024:21:58:02 +0530] POST /api/account/login/ HTTP/1.0***0.446***
[28/May/2024:21:58:03 +0530] GET /api/quiz/CS007/downloadable-quizzes/ HTTP/1.0***0.032***
[28/May/2024:21:58:03 +0530] GET /api/quiz/CS007/downloadable-quizzes/ HTTP/1.0***0.038***
[28/May/2024:21:58:03 +0530] GET /api/quiz/CS007.AG/info/ HTTP/1.0***0.073***
[28/May/2024:21:58:03 +0530] GET /api/quiz/CS007.AG/authenticate/ HTTP/1.0***0.030***
[28/May/2024:21:58:03 +0530] GET /api/quiz/CS007.AG/download/ HTTP/1.0***0.024***
[28/May/2024:21:58:03 +0530] GET /api/quiz/CS007.AG/download/ HTTP/1.0***0.025***
[28/May/2024:21:58:03 +0530] GET /api/quiz/CS007.AG/info/ HTTP/1.0***0.212***
[28/May/2024:21:58:03 +0530] GET /api/quiz/CS007.AG/authenticate/ HTTP/1.0***0.029***
[28/May/2024:21:58:03 +0530] POST /api/quiz/7fbb75dc95d1463dbf1a47abdda15e0f/submit/ HTTP/1.0***0.301***
[28/May/2024:21:58:03 +0530] POST /api/quiz/ce17bc4d737d46e9834b12be6b7f98cd/submit/ HTTP/1.0***0.354***
[28/May/2024:21:58:03 +0530] POST /api/account/login/ HTTP/1.0***0.404***
[28/May/2024:21:58:03 +0530] POST /api/account/login/ HTTP/1.0***0.408***
[28/May/2024:21:58:04 +0530] GET /api/quiz/CS007/downloadable-quizzes/ HTTP/1.0***0.035***
[28/May/2024:21:58:04 +0530] GET /api/course/ HTTP/1.0***0.031***
[28/May/2024:21:58:04 +0530] GET /api/quiz/CS007/downloadable-quizzes/ HTTP/1.0***0.032***
[28/May/2024:21:58:04 +0530] GET /api/course/ HTTP/1.0***0.033***
[28/May/2024:21:58:04 +0530] GET /api/quiz/CS007.AG/download/ HTTP/1.0***0.026***
[28/May/2024:21:58:04 +0530] GET /api/quiz/CS007.AG/info/ HTTP/1.0***0.096***
[28/May/2024:21:58:04 +0530] GET /api/quiz/CS007.AG/info/ HTTP/1.0***0.091***
[28/May/2024:21:58:04 +0530] GET /api/quiz/CS007.AG/authenticate/ HTTP/1.0***0.027***
[28/May/2024:21:58:04 +0530] GET /api/quiz/CS007.AG/authenticate/ HTTP/1.0***0.028***
[28/May/2024:21:58:04 +0530] GET /api/quiz/CS007.AG/download/ HTTP/1.0***0.022***
[28/May/2024:21:58:04 +0530] POST /api/quiz/e1ac0d7cdaf44ac59ead6f8aae4ffe27/submit/ HTTP/1.0***0.213***
[28/May/2024:21:58:04 +0530] POST /api/quiz/7095b741d9244db9a1ab6b05deecd093/submit/ HTTP/1.0***0.280***
[28/May/2024:21:58:04 +0530] POST /api/account/login/ HTTP/1.0***0.405***
[28/May/2024:21:58:04 +0530] POST /api/account/login/ HTTP/1.0***0.415***
[28/May/2024:21:58:04 +0530] GET /api/course/ HTTP/1.0***0.027***
[28/May/2024:21:58:04 +0530] GET /api/course/ HTTP/1.0***0.031***
[28/May/2024:21:58:05 +0530] GET /api/quiz/CS007/downloadable-quizzes/ HTTP/1.0***0.034***
[28/May/2024:21:58:05 +0530] GET /api/quiz/CS007/downloadable-quizzes/ HTTP/1.0***0.035***
[28/May/2024:21:58:05 +0530] GET /api/quiz/CS007.AG/info/ HTTP/1.0***0.085***
[28/May/2024:21:58:05 +0530] GET /api/quiz/CS007.AG/info/ HTTP/1.0***0.089***
[28/May/2024:21:58:05 +0530] GET /api/quiz/CS007.AG/authenticate/ HTTP/1.0***0.027***
[28/May/2024:21:58:05 +0530] GET /api/quiz/CS007.AG/download/ HTTP/1.0***0.021***
[28/May/2024:21:58:05 +0530] GET /api/quiz/CS007.AG/download/ HTTP/1.0***0.024***
[28/May/2024:21:58:05 +0530] GET /api/quiz/CS007.AG/authenticate/ HTTP/1.0***0.031***
[28/May/2024:21:58:05 +0530] POST /api/quiz/6de0c6d392d94860b0df703b9b187462/submit/ HTTP/1.0***0.238***
[28/May/2024:21:58:05 +0530] POST /api/quiz/5a04067cd4aa40f3a102920b43bbe608/submit/ HTTP/1.0***0.242***
[28/May/2024:21:58:05 +0530] POST /api/account/login/ HTTP/1.0***0.369***
[28/May/2024:21:58:05 +0530] GET /api/course/ HTTP/1.0***0.045***
[28/May/2024:21:58:06 +0530] POST /api/account/login/ HTTP/1.0***0.394***
[28/May/2024:21:58:06 +0530] POST /api/account/login/ HTTP/1.0***0.403***
[28/May/2024:21:58:06 +0530] POST /api/account/login/ HTTP/1.0***0.406***
[28/May/2024:21:58:06 +0530] GET /api/course/ HTTP/1.0***0.058***
[28/May/2024:21:58:06 +0530] GET /api/quiz/CS007/downloadable-quizzes/ HTTP/1.0***0.042***
[28/May/2024:21:58:06 +0530] POST /api/account/login/ HTTP/1.0***0.428***
[28/May/2024:21:58:06 +0530] GET /api/quiz/CS007/downloadable-quizzes/ HTTP/1.0***0.048***
[28/May/2024:21:58:06 +0530] GET /api/quiz/CS007.AG/download/ HTTP/1.0***0.025***
[28/May/2024:21:58:06 +0530] GET /api/quiz/CS007.AG/download/ HTTP/1.0***0.024***
[28/May/2024:21:58:06 +0530] GET /api/quiz/CS007.AG/info/ HTTP/1.0***0.086***
[28/May/2024:21:58:06 +0530] GET /api/quiz/CS007.AG/info/ HTTP/1.0***0.089***
[28/May/2024:21:58:06 +0530] GET /api/quiz/CS007.AG/authenticate/ HTTP/1.0***0.026***
[28/May/2024:21:58:06 +0530] GET /api/quiz/CS007.AG/authenticate/ HTTP/1.0***0.028***
[28/May/2024:21:58:06 +0530] POST /api/quiz/3d4849323ef14b14b04d8f11158bb705/submit/ HTTP/1.0***0.228***
[28/May/2024:21:58:06 +0530] POST /api/quiz/33a68c6b8b164c78b30d57727493068c/submit/ HTTP/1.0***0.219***
[28/May/2024:21:58:06 +0530] POST /api/account/login/ HTTP/1.0***0.398***
[28/May/2024:21:58:06 +0530] POST /api/account/login/ HTTP/1.0***0.402***
[28/May/2024:21:58:06 +0530] POST /api/account/login/ HTTP/1.0***0.411***
[28/May/2024:21:58:07 +0530] GET /api/course/ HTTP/1.0***0.029***
[28/May/2024:21:58:07 +0530] GET /api/course/ HTTP/1.0***0.027***
[28/May/2024:21:58:07 +0530] GET /api/quiz/CS007/downloadable-quizzes/ HTTP/1.0***0.038***
[28/May/2024:21:58:07 +0530] GET /api/course/ HTTP/1.0***0.026***
[28/May/2024:21:58:07 +0530] GET /api/course/ HTTP/1.0***0.031***
[28/May/2024:21:58:07 +0530] GET /api/quiz/CS007/downloadable-quizzes/ HTTP/1.0***0.035***
[28/May/2024:21:58:07 +0530] GET /api/course/ HTTP/1.0***0.031***
[28/May/2024:21:58:07 +0530] GET /api/quiz/CS007.AG/info/ HTTP/1.0***0.092***
[28/May/2024:21:58:07 +0530] GET /api/quiz/CS007.AG/info/ HTTP/1.0***0.082***
[28/May/2024:21:58:07 +0530] GET /api/quiz/CS007.AG/authenticate/ HTTP/1.0***0.026***
[28/May/2024:21:58:07 +0530] GET /api/quiz/CS007.AG/authenticate/ HTTP/1.0***0.027***
[28/May/2024:21:58:07 +0530] GET /api/quiz/CS007.AG/download/ HTTP/1.0***0.024***
[28/May/2024:21:58:07 +0530] GET /api/quiz/CS007.AG/download/ HTTP/1.0***0.019***
[28/May/2024:21:58:07 +0530] POST /api/quiz/287152c199f6476baabe5b0eeb40d757/submit/ HTTP/1.0***0.273***
[28/May/2024:21:58:07 +0530] POST /api/quiz/78fe925240494b22b110a95f9f7d5934/submit/ HTTP/1.0***0.318***
[28/May/2024:21:58:07 +0530] POST /api/account/login/ HTTP/1.0***0.381***
[28/May/2024:21:58:08 +0530] POST /api/account/login/ HTTP/1.0***0.397***
[28/May/2024:21:58:08 +0530] POST /api/account/login/ HTTP/1.0***0.403***
[28/May/2024:21:58:08 +0530] POST /api/account/login/ HTTP/1.0***0.405***
[28/May/2024:21:58:08 +0530] POST /api/account/login/ HTTP/1.0***0.405***
[28/May/2024:21:58:08 +0530] GET /api/course/ HTTP/1.0***0.068***
[28/May/2024:21:58:08 +0530] GET /api/course/ HTTP/1.0***0.067***
[28/May/2024:21:58:08 +0530] GET /api/course/ HTTP/1.0***0.061***
[28/May/2024:21:58:08 +0530] GET /api/quiz/CS007/downloadable-quizzes/ HTTP/1.0***0.028***
[28/May/2024:21:58:08 +0530] GET /api/quiz/CS007/downloadable-quizzes/ HTTP/1.0***0.039***
[28/May/2024:21:58:08 +0530] GET /api/quiz/CS007/downloadable-quizzes/ HTTP/1.0***0.038***
[28/May/2024:21:58:08 +0530] GET /api/quiz/CS007/downloadable-quizzes/ HTTP/1.0***0.035***
[28/May/2024:21:58:08 +0530] GET /api/quiz/CS007/downloadable-quizzes/ HTTP/1.0***0.035***
[28/May/2024:21:58:08 +0530] GET /api/quiz/CS007.AG/info/ HTTP/1.0***0.086***
[28/May/2024:21:58:08 +0530] GET /api/quiz/CS007.AG/info/ HTTP/1.0***0.086***
[28/May/2024:21:58:08 +0530] GET /api/quiz/CS007.AG/download/ HTTP/1.0***0.026***
[28/May/2024:21:58:08 +0530] GET /api/quiz/CS007.AG/download/ HTTP/1.0***0.025***
[28/May/2024:21:58:08 +0530] GET /api/quiz/CS007.AG/authenticate/ HTTP/1.0***0.033***
[28/May/2024:21:58:08 +0530] GET /api/quiz/CS007.AG/authenticate/ HTTP/1.0***0.032***
[28/May/2024:21:58:08 +0530] POST /api/quiz/baf0cf3fc48f497c8d3f3b10bd4f0cc0/submit/ HTTP/1.0***0.225***
[28/May/2024:21:58:08 +0530] POST /api/quiz/b0b536aff4484fe092074521f9710cd2/submit/ HTTP/1.0***0.218***
[28/May/2024:21:58:08 +0530] POST /api/account/login/ HTTP/1.0***0.414***
[28/May/2024:21:58:08 +0530] POST /api/account/login/ HTTP/1.0***0.416***
[28/May/2024:21:58:09 +0530] POST /api/account/login/ HTTP/1.0***0.422***
[28/May/2024:21:58:09 +0530] GET /api/course/ HTTP/1.0***0.032***
[28/May/2024:21:58:09 +0530] GET /api/course/ HTTP/1.0***0.032***
[28/May/2024:21:58:09 +0530] GET /api/course/ HTTP/1.0***0.029***
[28/May/2024:21:58:09 +0530] GET /api/course/ HTTP/1.0***0.032***
[28/May/2024:21:58:09 +0530] GET /api/course/ HTTP/1.0***0.033***
[28/May/2024:21:58:09 +0530] GET /api/quiz/CS007/downloadable-quizzes/ HTTP/1.0***0.036***
[28/May/2024:21:58:09 +0530] GET /api/quiz/CS007/downloadable-quizzes/ HTTP/1.0***0.027***
[28/May/2024:21:58:09 +0530] GET /api/quiz/CS007/downloadable-quizzes/ HTTP/1.0***0.034***
[28/May/2024:21:58:09 +0530] GET /api/quiz/CS007.AG/info/ HTTP/1.0***0.084***
[28/May/2024:21:58:09 +0530] GET /api/quiz/CS007.AG/download/ HTTP/1.0***0.023***
[28/May/2024:21:58:09 +0530] GET /api/quiz/CS007.AG/info/ HTTP/1.0***0.088***
[28/May/2024:21:58:09 +0530] GET /api/quiz/CS007.AG/info/ HTTP/1.0***0.087***
[28/May/2024:21:58:09 +0530] GET /api/quiz/CS007.AG/download/ HTTP/1.0***0.022***
[28/May/2024:21:58:09 +0530] GET /api/quiz/CS007.AG/info/ HTTP/1.0***0.092***
[28/May/2024:21:58:09 +0530] GET /api/quiz/CS007.AG/info/ HTTP/1.0***0.081***
[28/May/2024:21:58:09 +0530] GET /api/quiz/CS007.AG/authenticate/ HTTP/1.0***0.035***
[28/May/2024:21:58:09 +0530] GET /api/quiz/CS007.AG/authenticate/ HTTP/1.0***0.040***
[28/May/2024:21:58:09 +0530] POST /api/quiz/eae6e5a11cfe4f68b5ada5d0666b7ad8/submit/ HTTP/1.0***0.229***
[28/May/2024:21:58:09 +0530] POST /api/quiz/3e2c67bf236048f1a26c47f1ea03677f/submit/ HTTP/1.0***0.224***
[28/May/2024:21:58:10 +0530] POST /api/account/login/ HTTP/1.0***0.405***
[28/May/2024:21:58:10 +0530] POST /api/account/login/ HTTP/1.0***0.412***
[28/May/2024:21:58:10 +0530] POST /api/account/login/ HTTP/1.0***0.415***
[28/May/2024:21:58:10 +0530] POST /api/account/login/ HTTP/1.0***0.415***
[28/May/2024:21:58:10 +0530] POST /api/account/login/ HTTP/1.0***0.414***
[28/May/2024:21:58:10 +0530] GET /api/course/ HTTP/1.0***0.069***
[28/May/2024:21:58:10 +0530] GET /api/course/ HTTP/1.0***0.082***
[28/May/2024:21:58:10 +0530] GET /api/course/ HTTP/1.0***0.084***
[28/May/2024:21:58:10 +0530] GET /api/quiz/CS007/downloadable-quizzes/ HTTP/1.0***0.036***
[28/May/2024:21:58:10 +0530] GET /api/quiz/CS007/downloadable-quizzes/ HTTP/1.0***0.041***
[28/May/2024:21:58:10 +0530] GET /api/quiz/CS007/downloadable-quizzes/ HTTP/1.0***0.044***
[28/May/2024:21:58:10 +0530] GET /api/quiz/CS007/downloadable-quizzes/ HTTP/1.0***0.045***
[28/May/2024:21:58:10 +0530] GET /api/quiz/CS007/downloadable-quizzes/ HTTP/1.0***0.046***
[28/May/2024:21:58:10 +0530] GET /api/quiz/CS007.AG/download/ HTTP/1.0***0.023***
[28/May/2024:21:58:10 +0530] GET /api/quiz/CS007.AG/info/ HTTP/1.0***0.099***
[28/May/2024:21:58:10 +0530] GET /api/quiz/CS007.AG/info/ HTTP/1.0***0.105***
[28/May/2024:21:58:10 +0530] GET /api/quiz/CS007.AG/info/ HTTP/1.0***0.096***
[28/May/2024:21:58:10 +0530] GET /api/quiz/CS007.AG/authenticate/ HTTP/1.0***0.030***
[28/May/2024:21:58:10 +0530] GET /api/quiz/CS007.AG/download/ HTTP/1.0***0.020***
[28/May/2024:21:58:10 +0530] GET /api/quiz/CS007.AG/download/ HTTP/1.0***0.024***
[28/May/2024:21:58:10 +0530] GET /api/quiz/CS007.AG/authenticate/ HTTP/1.0***0.022***
[28/May/2024:21:58:10 +0530] GET /api/quiz/CS007.AG/download/ HTTP/1.0***0.026***
[28/May/2024:21:58:10 +0530] GET /api/quiz/CS007.AG/download/ HTTP/1.0***0.021***
[28/May/2024:21:58:10 +0530] POST /api/quiz/ec6a0240f0d0447da184d6af68497a14/submit/ HTTP/1.0***0.230***
[28/May/2024:21:58:10 +0530] POST /api/account/login/ HTTP/1.0***0.812***
[28/May/2024:21:58:10 +0530] POST /api/quiz/7dd49a9a4290495cafe9c96d4da15190/submit/ HTTP/1.0***0.238***
[28/May/2024:21:58:10 +0530] POST /api/account/login/ HTTP/1.0***0.375***
[28/May/2024:21:58:11 +0530] POST /api/account/login/ HTTP/1.0***0.400***
[28/May/2024:21:58:11 +0530] POST /api/account/login/ HTTP/1.0***0.450***
[28/May/2024:21:58:11 +0530] POST /api/account/login/ HTTP/1.0***0.447***
[28/May/2024:21:58:11 +0530] GET /api/course/ HTTP/1.0***0.035***
[28/May/2024:21:58:11 +0530] GET /api/course/ HTTP/1.0***0.030***
[28/May/2024:21:58:11 +0530] GET /api/course/ HTTP/1.0***0.031***
[28/May/2024:21:58:11 +0530] GET /api/course/ HTTP/1.0***0.030***
[28/May/2024:21:58:11 +0530] GET /api/course/ HTTP/1.0***0.033***
[28/May/2024:21:58:11 +0530] GET /api/quiz/CS007/downloadable-quizzes/ HTTP/1.0***0.032***
[28/May/2024:21:58:11 +0530] GET /api/quiz/CS007/downloadable-quizzes/ HTTP/1.0***0.035***
[28/May/2024:21:58:11 +0530] GET /api/quiz/CS007/downloadable-quizzes/ HTTP/1.0***0.033***
[28/May/2024:21:58:11 +0530] GET /api/quiz/CS007.AG/info/ HTTP/1.0***0.091***
[28/May/2024:21:58:11 +0530] GET /api/quiz/CS007.AG/info/ HTTP/1.0***0.086***
[28/May/2024:21:58:11 +0530] GET /api/quiz/CS007.AG/info/ HTTP/1.0***0.081***
[28/May/2024:21:58:11 +0530] GET /api/quiz/CS007.AG/authenticate/ HTTP/1.0***0.026***
[28/May/2024:21:58:11 +0530] GET /api/quiz/CS007.AG/info/ HTTP/1.0***0.087***
[28/May/2024:21:58:11 +0530] GET /api/quiz/CS007.AG/info/ HTTP/1.0***0.089***
[28/May/2024:21:58:11 +0530] GET /api/quiz/CS007.AG/download/ HTTP/1.0***0.025***
[28/May/2024:21:58:11 +0530] GET /api/quiz/CS007.AG/download/ HTTP/1.0***0.021***
[28/May/2024:21:58:11 +0530] GET /api/quiz/CS007.AG/download/ HTTP/1.0***0.021***
[28/May/2024:21:58:11 +0530] GET /api/quiz/CS007.AG/authenticate/ HTTP/1.0***0.023***
[28/May/2024:21:58:11 +0530] GET /api/quiz/CS007.AG/authenticate/ HTTP/1.0***0.027***
[28/May/2024:21:58:11 +0530] GET /api/quiz/CS007.AG/authenticate/ HTTP/1.0***0.026***
[28/May/2024:21:58:11 +0530] GET /api/quiz/CS007.AG/authenticate/ HTTP/1.0***0.026***
[28/May/2024:21:58:11 +0530] POST /api/quiz/0313a213dce04d0d96e1cefad71da80f/submit/ HTTP/1.0***0.231***
[28/May/2024:21:58:11 +0530] POST /api/quiz/94067703cde24f6aa438ae93c45db9b1/submit/ HTTP/1.0***0.225***
[28/May/2024:21:58:11 +0530] GET /api/course/ HTTP/1.0***0.028***
[28/May/2024:21:58:12 +0530] POST /api/account/login/ HTTP/1.0***0.399***
[28/May/2024:21:58:12 +0530] POST /api/account/login/ HTTP/1.0***0.404***
[28/May/2024:21:58:12 +0530] GET /api/course/ HTTP/1.0***0.032***
[28/May/2024:21:58:12 +0530] POST /api/account/login/ HTTP/1.0***0.410***
[28/May/2024:21:58:12 +0530] GET /api/course/ HTTP/1.0***0.027***
[28/May/2024:21:58:12 +0530] POST /api/account/login/ HTTP/1.0***0.436***
[28/May/2024:21:58:12 +0530] GET /api/course/ HTTP/1.0***0.030***
[28/May/2024:21:58:12 +0530] GET /api/course/ HTTP/1.0***0.031***
[28/May/2024:21:58:12 +0530] GET /api/quiz/CS007/downloadable-quizzes/ HTTP/1.0***0.036***
[28/May/2024:21:58:12 +0530] GET /api/quiz/CS007/downloadable-quizzes/ HTTP/1.0***0.034***
[28/May/2024:21:58:12 +0530] GET /api/quiz/CS007/downloadable-quizzes/ HTTP/1.0***0.036***
[28/May/2024:21:58:12 +0530] GET /api/quiz/CS007/downloadable-quizzes/ HTTP/1.0***0.036***
[28/May/2024:21:58:12 +0530] GET /api/quiz/CS007/downloadable-quizzes/ HTTP/1.0***0.038***
[28/May/2024:21:58:12 +0530] GET /api/quiz/CS007.AG/download/ HTTP/1.0***0.027***
[28/May/2024:21:58:12 +0530] GET /api/quiz/CS007.AG/info/ HTTP/1.0***0.099***
[28/May/2024:21:58:12 +0530] GET /api/quiz/CS007.AG/info/ HTTP/1.0***0.098***
[28/May/2024:21:58:12 +0530] GET /api/quiz/CS007.AG/info/ HTTP/1.0***0.094***
[28/May/2024:21:58:12 +0530] GET /api/quiz/CS007.AG/download/ HTTP/1.0***0.027***
[28/May/2024:21:58:12 +0530] GET /api/quiz/CS007.AG/download/ HTTP/1.0***0.026***
[28/May/2024:21:58:12 +0530] GET /api/quiz/CS007.AG/download/ HTTP/1.0***0.019***
[28/May/2024:21:58:12 +0530] GET /api/quiz/CS007.AG/download/ HTTP/1.0***0.026***
[28/May/2024:21:58:12 +0530] GET /api/quiz/CS007.AG/authenticate/ HTTP/1.0***0.028***
[28/May/2024:21:58:12 +0530] GET /api/quiz/CS007.AG/authenticate/ HTTP/1.0***0.026***
[28/May/2024:21:58:12 +0530] GET /api/quiz/CS007.AG/authenticate/ HTTP/1.0***0.034***
[28/May/2024:21:58:12 +0530] POST /api/quiz/51d30900e43847949eaed7f86f9fd933/submit/ HTTP/1.0***0.219***
[28/May/2024:21:58:12 +0530] POST /api/quiz/372b551ea69048e6923ab629615b90ff/submit/ HTTP/1.0***0.228***
[28/May/2024:21:58:12 +0530] POST /api/quiz/67f1e615e41346718ace6cc7ec746ba3/submit/ HTTP/1.0***0.212***
[28/May/2024:21:58:12 +0530] POST /api/quiz/e1c973f2e5664f73965630846d912b12/submit/ HTTP/1.0***0.257***
[28/May/2024:21:58:12 +0530] GET /api/quiz/CS007/downloadable-quizzes/ HTTP/1.0***0.031***
[28/May/2024:21:58:12 +0530] POST /api/quiz/30a528f5e3b64a6e9c340c2b7dd6817b/submit/ HTTP/1.0***0.287***
[28/May/2024:21:58:13 +0530] POST /api/account/login/ HTTP/1.0***0.406***
[28/May/2024:21:58:13 +0530] POST /api/account/login/ HTTP/1.0***0.414***
[28/May/2024:21:58:13 +0530] POST /api/account/login/ HTTP/1.0***0.416***
[28/May/2024:21:58:13 +0530] POST /api/account/login/ HTTP/1.0***0.419***
[28/May/2024:21:58:13 +0530] GET /api/course/ HTTP/1.0***0.030***
[28/May/2024:21:58:13 +0530] GET /api/course/ HTTP/1.0***0.031***
[28/May/2024:21:58:13 +0530] GET /api/course/ HTTP/1.0***0.033***
[28/May/2024:21:58:13 +0530] GET /api/quiz/CS007/downloadable-quizzes/ HTTP/1.0***0.039***
[28/May/2024:21:58:13 +0530] GET /api/quiz/CS007/downloadable-quizzes/ HTTP/1.0***0.038***
[28/May/2024:21:58:13 +0530] GET /api/course/ HTTP/1.0***0.032***
[28/May/2024:21:58:13 +0530] GET /api/quiz/CS007/downloadable-quizzes/ HTTP/1.0***0.036***
[28/May/2024:21:58:13 +0530] GET /api/quiz/CS007/downloadable-quizzes/ HTTP/1.0***0.038***
[28/May/2024:21:58:13 +0530] GET /api/quiz/CS007.AG/info/ HTTP/1.0***0.184***
[28/May/2024:21:58:13 +0530] GET /api/quiz/CS007.AG/info/ HTTP/1.0***0.185***
[28/May/2024:21:58:13 +0530] GET /api/quiz/CS007.AG/info/ HTTP/1.0***0.186***
[28/May/2024:21:58:13 +0530] GET /api/quiz/CS007.AG/info/ HTTP/1.0***0.187***
[28/May/2024:21:58:13 +0530] GET /api/quiz/CS007.AG/info/ HTTP/1.0***0.191***
[28/May/2024:21:58:13 +0530] GET /api/quiz/CS007.AG/authenticate/ HTTP/1.0***0.121***
[28/May/2024:21:58:13 +0530] GET /api/quiz/CS007.AG/download/ HTTP/1.0***0.128***
[28/May/2024:21:58:13 +0530] GET /api/quiz/CS007.AG/download/ HTTP/1.0***0.133***
[28/May/2024:21:58:13 +0530] GET /api/quiz/CS007.AG/download/ HTTP/1.0***0.128***
[28/May/2024:21:58:13 +0530] GET /api/quiz/CS007.AG/authenticate/ HTTP/1.0***0.126***
[28/May/2024:21:58:13 +0530] GET /api/quiz/CS007.AG/authenticate/ HTTP/1.0***0.130***
[28/May/2024:21:58:13 +0530] GET /api/quiz/CS007.AG/authenticate/ HTTP/1.0***0.128***
[28/May/2024:21:58:13 +0530] GET /api/quiz/CS007.AG/authenticate/ HTTP/1.0***0.122***
[28/May/2024:21:58:13 +0530] POST /api/quiz/7cd4529423bf4da087bbaa2ea63cf175/submit/ HTTP/1.0***0.329***
[28/May/2024:21:58:13 +0530] POST /api/quiz/61cbbd3da67c43dfb0534c8c668e3db8/submit/ HTTP/1.0***0.329***
[28/May/2024:21:58:13 +0530] GET /api/quiz/CS007.AG/info/ HTTP/1.0***0.086***
[28/May/2024:21:58:13 +0530] POST /api/quiz/d5d2f4bca6d24580bd5bcc98a88aca9c/submit/ HTTP/1.0***0.404***
[28/May/2024:21:58:14 +0530] POST /api/account/login/ HTTP/1.0***0.407***
[28/May/2024:21:58:14 +0530] POST /api/account/login/ HTTP/1.0***0.416***
[28/May/2024:21:58:14 +0530] POST /api/account/login/ HTTP/1.0***0.424***
[28/May/2024:21:58:14 +0530] GET /api/course/ HTTP/1.0***0.054***
[28/May/2024:21:58:14 +0530] GET /api/course/ HTTP/1.0***0.053***
[28/May/2024:21:58:14 +0530] POST /api/account/login/ HTTP/1.0***0.444***
[28/May/2024:21:58:14 +0530] GET /api/course/ HTTP/1.0***0.068***
[28/May/2024:21:58:14 +0530] GET /api/course/ HTTP/1.0***0.072***
[28/May/2024:21:58:14 +0530] POST /api/account/login/ HTTP/1.0***0.468***
[28/May/2024:21:58:14 +0530] GET /api/quiz/CS007/downloadable-quizzes/ HTTP/1.0***0.063***
[28/May/2024:21:58:14 +0530] GET /api/quiz/CS007/downloadable-quizzes/ HTTP/1.0***0.061***
[28/May/2024:21:58:14 +0530] GET /api/quiz/CS007/downloadable-quizzes/ HTTP/1.0***0.070***
[28/May/2024:21:58:14 +0530] GET /api/quiz/CS007/downloadable-quizzes/ HTTP/1.0***0.067***
[28/May/2024:21:58:14 +0530] GET /api/quiz/CS007.AG/info/ HTTP/1.0***0.107***
[28/May/2024:21:58:14 +0530] GET /api/quiz/CS007.AG/info/ HTTP/1.0***0.124***
[28/May/2024:21:58:14 +0530] GET /api/quiz/CS007.AG/info/ HTTP/1.0***0.089***
[28/May/2024:21:58:14 +0530] GET /api/quiz/CS007.AG/info/ HTTP/1.0***0.090***
[28/May/2024:21:58:14 +0530] GET /api/quiz/CS007.AG/download/ HTTP/1.0***0.024***
[28/May/2024:21:58:14 +0530] GET /api/quiz/CS007.AG/download/ HTTP/1.0***0.029***
[28/May/2024:21:58:14 +0530] GET /api/quiz/CS007.AG/download/ HTTP/1.0***0.022***
[28/May/2024:21:58:14 +0530] GET /api/quiz/CS007.AG/download/ HTTP/1.0***0.025***
[28/May/2024:21:58:14 +0530] GET /api/quiz/CS007.AG/download/ HTTP/1.0***0.024***
[28/May/2024:21:58:14 +0530] GET /api/quiz/CS007.AG/authenticate/ HTTP/1.0***0.032***
[28/May/2024:21:58:14 +0530] GET /api/quiz/CS007.AG/authenticate/ HTTP/1.0***0.029***
[28/May/2024:21:58:14 +0530] GET /api/quiz/CS007.AG/authenticate/ HTTP/1.0***0.031***
[28/May/2024:21:58:14 +0530] POST /api/quiz/cafc1d28f5794b9684441675e11d6ad8/submit/ HTTP/1.0***0.238***
[28/May/2024:21:58:14 +0530] POST /api/quiz/4bd5baed041145d19e9c43b0533cbd45/submit/ HTTP/1.0***0.223***
[28/May/2024:21:58:14 +0530] POST /api/quiz/4b9554fd020e4f128b54a67ace109449/submit/ HTTP/1.0***0.246***
[28/May/2024:21:58:14 +0530] POST /api/quiz/0375ceb86c964f4e8df6fcef66a7b83b/submit/ HTTP/1.0***0.264***
[28/May/2024:21:58:14 +0530] POST /api/quiz/ad1bac8e818a4cf1abce8c67be270375/submit/ HTTP/1.0***0.263***
[28/May/2024:21:58:14 +0530] GET /api/quiz/CS007.AG/download/ HTTP/1.0***0.042***
[28/May/2024:21:58:15 +0530] POST /api/account/login/ HTTP/1.0***0.405***
[28/May/2024:21:58:15 +0530] POST /api/account/login/ HTTP/1.0***0.410***
[28/May/2024:21:58:15 +0530] POST /api/account/login/ HTTP/1.0***0.419***
[28/May/2024:21:58:15 +0530] POST /api/account/login/ HTTP/1.0***0.452***
[28/May/2024:21:58:15 +0530] GET /api/course/ HTTP/1.0***0.034***
[28/May/2024:21:58:15 +0530] GET /api/course/ HTTP/1.0***0.031***
[28/May/2024:21:58:15 +0530] GET /api/course/ HTTP/1.0***0.032***
[28/May/2024:21:58:15 +0530] GET /api/quiz/CS007/downloadable-quizzes/ HTTP/1.0***0.039***
[28/May/2024:21:58:15 +0530] GET /api/course/ HTTP/1.0***0.030***
[28/May/2024:21:58:15 +0530] GET /api/quiz/CS007/downloadable-quizzes/ HTTP/1.0***0.032***
[28/May/2024:21:58:15 +0530] GET /api/quiz/CS007/downloadable-quizzes/ HTTP/1.0***0.032***
[28/May/2024:21:58:15 +0530] GET /api/quiz/CS007/downloadable-quizzes/ HTTP/1.0***0.039***
[28/May/2024:21:58:15 +0530] GET /api/course/ HTTP/1.0***0.041***
[28/May/2024:21:58:15 +0530] GET /api/quiz/CS007.AG/info/ HTTP/1.0***0.087***
[28/May/2024:21:58:15 +0530] GET /api/quiz/CS007.AG/info/ HTTP/1.0***0.089***
[28/May/2024:21:58:15 +0530] GET /api/quiz/CS007.AG/download/ HTTP/1.0***0.025***
[28/May/2024:21:58:15 +0530] GET /api/quiz/CS007.AG/download/ HTTP/1.0***0.025***
[28/May/2024:21:58:15 +0530] GET /api/quiz/CS007.AG/info/ HTTP/1.0***0.088***
[28/May/2024:21:58:15 +0530] GET /api/quiz/CS007.AG/info/ HTTP/1.0***0.089***
[28/May/2024:21:58:15 +0530] GET /api/quiz/CS007.AG/download/ HTTP/1.0***0.022***
[28/May/2024:21:58:15 +0530] GET /api/quiz/CS007.AG/download/ HTTP/1.0***0.025***
[28/May/2024:21:58:15 +0530] GET /api/quiz/CS007.AG/authenticate/ HTTP/1.0***0.030***
[28/May/2024:21:58:15 +0530] GET /api/quiz/CS007.AG/authenticate/ HTTP/1.0***0.027***
[28/May/2024:21:58:15 +0530] GET /api/quiz/CS007.AG/authenticate/ HTTP/1.0***0.025***
[28/May/2024:21:58:15 +0530] GET /api/quiz/CS007.AG/authenticate/ HTTP/1.0***0.033***
[28/May/2024:21:58:15 +0530] GET /api/quiz/CS007.AG/authenticate/ HTTP/1.0***0.032***
[28/May/2024:21:58:15 +0530] POST /api/quiz/0f13369063bf4808b15a5b62aac59373/submit/ HTTP/1.0***0.261***
[28/May/2024:21:58:15 +0530] POST /api/quiz/ef03ca4a01bb4d6193f5f7d19d1a2c75/submit/ HTTP/1.0***0.267***
[28/May/2024:21:58:15 +0530] POST /api/quiz/cfae8e4e8dbc48328da22de771e43683/submit/ HTTP/1.0***0.284***
[28/May/2024:21:58:16 +0530] POST /api/account/login/ HTTP/1.0***0.407***
[28/May/2024:21:58:16 +0530] POST /api/account/login/ HTTP/1.0***0.408***
[28/May/2024:21:58:16 +0530] POST /api/account/login/ HTTP/1.0***0.420***
[28/May/2024:21:58:16 +0530] POST /api/account/login/ HTTP/1.0***0.431***
[28/May/2024:21:58:16 +0530] GET /api/course/ HTTP/1.0***0.044***
[28/May/2024:21:58:16 +0530] GET /api/quiz/CS007.AG/authenticate/ HTTP/1.0***0.403***
[28/May/2024:21:58:16 +0530] POST /api/account/login/ HTTP/1.0***0.447***
[28/May/2024:21:58:16 +0530] GET /api/course/ HTTP/1.0***0.057***
[28/May/2024:21:58:16 +0530] GET /api/course/ HTTP/1.0***0.050***
[28/May/2024:21:58:16 +0530] GET /api/course/ HTTP/1.0***0.031***
[28/May/2024:21:58:16 +0530] GET /api/quiz/CS007/downloadable-quizzes/ HTTP/1.0***0.034***
[28/May/2024:21:58:16 +0530] GET /api/quiz/CS007/downloadable-quizzes/ HTTP/1.0***0.031***
[28/May/2024:21:58:16 +0530] GET /api/quiz/CS007/downloadable-quizzes/ HTTP/1.0***0.039***
[28/May/2024:21:58:16 +0530] GET /api/quiz/CS007/downloadable-quizzes/ HTTP/1.0***0.035***
[28/May/2024:21:58:16 +0530] GET /api/quiz/CS007/downloadable-quizzes/ HTTP/1.0***0.042***
[28/May/2024:21:58:16 +0530] GET /api/quiz/CS007.AG/info/ HTTP/1.0***0.092***
[28/May/2024:21:58:16 +0530] GET /api/quiz/CS007.AG/info/ HTTP/1.0***0.092***
[28/May/2024:21:58:16 +0530] GET /api/quiz/CS007.AG/info/ HTTP/1.0***0.081***
[28/May/2024:21:58:16 +0530] GET /api/quiz/CS007.AG/download/ HTTP/1.0***0.022***
[28/May/2024:21:58:16 +0530] GET /api/quiz/CS007.AG/download/ HTTP/1.0***0.019***
[28/May/2024:21:58:16 +0530] GET /api/quiz/CS007.AG/info/ HTTP/1.0***0.095***
[28/May/2024:21:58:16 +0530] GET /api/quiz/CS007.AG/download/ HTTP/1.0***0.018***
[28/May/2024:21:58:16 +0530] GET /api/quiz/CS007.AG/authenticate/ HTTP/1.0***0.030***
[28/May/2024:21:58:16 +0530] GET /api/quiz/CS007.AG/authenticate/ HTTP/1.0***0.032***
[28/May/2024:21:58:16 +0530] GET /api/quiz/CS007.AG/download/ HTTP/1.0***0.019***
[28/May/2024:21:58:16 +0530] GET /api/quiz/CS007.AG/authenticate/ HTTP/1.0***0.027***
[28/May/2024:21:58:16 +0530] GET /api/quiz/CS007.AG/authenticate/ HTTP/1.0***0.028***
[28/May/2024:21:58:16 +0530] POST /api/quiz/c916ed7ff5634354a7a5c458238b1765/submit/ HTTP/1.0***0.234***
[28/May/2024:21:58:16 +0530] POST /api/quiz/af6e7254f06848a1af0f46ccdc68e343/submit/ HTTP/1.0***0.243***
[28/May/2024:21:58:16 +0530] POST /api/quiz/90a7a41787a94544af7b7c3f40ee59c4/submit/ HTTP/1.0***0.253***
[28/May/2024:21:58:16 +0530] POST /api/quiz/6a35e2a2ddce41f59b05efe2e7578914/submit/ HTTP/1.0***0.256***
[28/May/2024:21:58:16 +0530] POST /api/quiz/8f387b20cdd746249de30d152b107d06/submit/ HTTP/1.0***0.255***
[28/May/2024:21:58:17 +0530] POST /api/account/login/ HTTP/1.0***0.452***
[28/May/2024:21:58:17 +0530] POST /api/account/login/ HTTP/1.0***0.454***
[28/May/2024:21:58:17 +0530] POST /api/account/login/ HTTP/1.0***0.515***
[28/May/2024:21:58:17 +0530] POST /api/account/login/ HTTP/1.0***0.515***
[28/May/2024:21:58:17 +0530] POST /api/account/login/ HTTP/1.0***0.522***
[28/May/2024:21:58:17 +0530] GET /api/course/ HTTP/1.0***0.167***
[28/May/2024:21:58:17 +0530] GET /api/course/ HTTP/1.0***0.171***
[28/May/2024:21:58:17 +0530] GET /api/course/ HTTP/1.0***0.167***
[28/May/2024:21:58:17 +0530] GET /api/quiz/CS007/downloadable-quizzes/ HTTP/1.0***0.168***
[28/May/2024:21:58:17 +0530] GET /api/course/ HTTP/1.0***0.173***
[28/May/2024:21:58:17 +0530] GET /api/course/ HTTP/1.0***0.190***
[28/May/2024:21:58:17 +0530] GET /api/quiz/CS007/downloadable-quizzes/ HTTP/1.0***0.193***
[28/May/2024:21:58:17 +0530] GET /api/quiz/CS007/downloadable-quizzes/ HTTP/1.0***0.218***
[28/May/2024:21:58:17 +0530] GET /api/quiz/CS007/downloadable-quizzes/ HTTP/1.0***0.207***
[28/May/2024:21:58:17 +0530] GET /api/quiz/CS007.AG/info/ HTTP/1.0***0.242***
[28/May/2024:21:58:17 +0530] GET /api/quiz/CS007.AG/info/ HTTP/1.0***0.254***
[28/May/2024:21:58:17 +0530] POST /api/quiz/03bbe672241a4169a5a344ef2e53c52e/submit/ HTTP/1.0***0.372***
[28/May/2024:21:58:17 +0530] GET /api/quiz/CS007.AG/info/ HTTP/1.0***0.329***
[28/May/2024:21:58:17 +0530] GET /api/quiz/CS007.AG/info/ HTTP/1.0***0.331***
[28/May/2024:21:58:17 +0530] GET /api/quiz/CS007.AG/download/ HTTP/1.0***0.285***
[28/May/2024:21:58:17 +0530] GET /api/quiz/CS007.AG/download/ HTTP/1.0***0.287***
[28/May/2024:21:58:17 +0530] GET /api/quiz/CS007.AG/download/ HTTP/1.0***0.289***
[28/May/2024:21:58:17 +0530] GET /api/quiz/CS007.AG/authenticate/ HTTP/1.0***0.295***
[28/May/2024:21:58:17 +0530] GET /api/quiz/CS007.AG/info/ HTTP/1.0***0.340***
[28/May/2024:21:58:17 +0530] GET /api/quiz/CS007.AG/authenticate/ HTTP/1.0***0.297***
[28/May/2024:21:58:17 +0530] POST /api/account/login/ HTTP/1.0***0.881***
[28/May/2024:21:58:17 +0530] GET /api/quiz/CS007.AG/download/ HTTP/1.0***0.305***
[28/May/2024:21:58:17 +0530] GET /api/quiz/CS007.AG/authenticate/ HTTP/1.0***0.300***
[28/May/2024:21:58:17 +0530] GET /api/quiz/CS007.AG/authenticate/ HTTP/1.0***0.313***
[28/May/2024:21:58:17 +0530] POST /api/account/login/ HTTP/1.0***0.938***
[28/May/2024:21:58:17 +0530] POST /api/quiz/b45c2d9675f54b7ea18ec46adf13043f/submit/ HTTP/1.0***0.479***
[28/May/2024:21:58:17 +0530] POST /api/quiz/ee881696a7cc4ad2b6044005b2845930/submit/ HTTP/1.0***0.510***
[28/May/2024:21:58:17 +0530] POST /api/quiz/ac1df78619d14447b05d9b72270dcee3/submit/ HTTP/1.0***0.494***
[28/May/2024:21:58:17 +0530] POST /api/quiz/8d5faac831534e40992a1239c4477cc1/submit/ HTTP/1.0***0.536***
[28/May/2024:21:58:18 +0530] POST /api/account/login/ HTTP/1.0***0.463***
[28/May/2024:21:58:18 +0530] POST /api/account/login/ HTTP/1.0***0.526***
[28/May/2024:21:58:18 +0530] GET /api/course/ HTTP/1.0***0.032***
[28/May/2024:21:58:18 +0530] POST /api/account/login/ HTTP/1.0***0.552***
[28/May/2024:21:58:18 +0530] GET /api/course/ HTTP/1.0***0.053***
[28/May/2024:21:58:18 +0530] POST /api/account/login/ HTTP/1.0***0.560***
[28/May/2024:21:58:18 +0530] GET /api/course/ HTTP/1.0***0.030***
[28/May/2024:21:58:18 +0530] GET /api/course/ HTTP/1.0***0.030***
[28/May/2024:21:58:18 +0530] GET /api/course/ HTTP/1.0***0.030***
[28/May/2024:21:58:18 +0530] GET /api/quiz/CS007/downloadable-quizzes/ HTTP/1.0***0.033***
[28/May/2024:21:58:18 +0530] GET /api/quiz/CS007/downloadable-quizzes/ HTTP/1.0***0.034***
[28/May/2024:21:58:18 +0530] GET /api/quiz/CS007/downloadable-quizzes/ HTTP/1.0***0.031***
[28/May/2024:21:58:18 +0530] POST /api/account/login/ HTTP/1.0***0.652***
[28/May/2024:21:58:18 +0530] GET /api/quiz/CS007/downloadable-quizzes/ HTTP/1.0***0.041***
[28/May/2024:21:58:18 +0530] GET /api/quiz/CS007/downloadable-quizzes/ HTTP/1.0***0.034***
[28/May/2024:21:58:18 +0530] GET /api/quiz/CS007.AG/info/ HTTP/1.0***0.092***
[28/May/2024:21:58:18 +0530] GET /api/quiz/CS007.AG/info/ HTTP/1.0***0.084***
[28/May/2024:21:58:18 +0530] GET /api/quiz/CS007.AG/info/ HTTP/1.0***0.085***
[28/May/2024:21:58:18 +0530] GET /api/quiz/CS007.AG/info/ HTTP/1.0***0.090***
[28/May/2024:21:58:18 +0530] GET /api/quiz/CS007.AG/download/ HTTP/1.0***0.027***
[28/May/2024:21:58:18 +0530] GET /api/quiz/CS007.AG/download/ HTTP/1.0***0.022***
[28/May/2024:21:58:18 +0530] GET /api/quiz/CS007.AG/download/ HTTP/1.0***0.023***
[28/May/2024:21:58:18 +0530] GET /api/quiz/CS007.AG/download/ HTTP/1.0***0.026***
[28/May/2024:21:58:18 +0530] GET /api/quiz/CS007.AG/authenticate/ HTTP/1.0***0.026***
[28/May/2024:21:58:18 +0530] GET /api/quiz/CS007.AG/authenticate/ HTTP/1.0***0.029***
[28/May/2024:21:58:18 +0530] GET /api/quiz/CS007.AG/authenticate/ HTTP/1.0***0.032***
[28/May/2024:21:58:19 +0530] POST /api/account/login/ HTTP/1.0***0.539***
[28/May/2024:21:58:19 +0530] POST /api/account/login/ HTTP/1.0***0.553***
[28/May/2024:21:58:19 +0530] POST /api/account/login/ HTTP/1.0***0.760***
[28/May/2024:21:58:19 +0530] POST /api/account/login/ HTTP/1.0***0.761***
[28/May/2024:21:58:19 +0530] POST /api/account/login/ HTTP/1.0***0.761***
[28/May/2024:21:58:19 +0530] GET /api/quiz/CS007.AG/download/ HTTP/1.0***0.780***
[28/May/2024:21:58:19 +0530] GET /api/course/ HTTP/1.0***0.787***
[28/May/2024:21:58:19 +0530] POST /api/quiz/82aaf25fe5d34b858eaee61ea2bf69f4/submit/ HTTP/1.0***0.888***
[28/May/2024:21:58:19 +0530] GET /api/quiz/CS007.AG/authenticate/ HTTP/1.0***0.912***
[28/May/2024:21:58:19 +0530] GET /api/course/ HTTP/1.0***0.938***
[28/May/2024:21:58:19 +0530] POST /api/quiz/d95e50476e494011888167d33ff2d377/submit/ HTTP/1.0***0.978***
[28/May/2024:21:58:19 +0530] POST /api/account/login/ HTTP/1.0***0.992***
[28/May/2024:21:58:19 +0530] POST /api/quiz/cfc31d0684e64e1fa0c7cbcb50bb767c/submit/ HTTP/1.0***1.003***
[28/May/2024:21:58:19 +0530] GET /api/course/ HTTP/1.0***0.618***
[28/May/2024:21:58:19 +0530] POST /api/quiz/cc5e09ffe99147b791bef1c61f4bbdce/submit/ HTTP/1.0***1.020***
[28/May/2024:21:58:19 +0530] GET /api/course/ HTTP/1.0***0.568***
[28/May/2024:21:58:19 +0530] GET /api/course/ HTTP/1.0***0.561***
[28/May/2024:21:58:19 +0530] GET /api/quiz/CS007/downloadable-quizzes/ HTTP/1.0***0.590***
[28/May/2024:21:58:19 +0530] GET /api/quiz/CS007/downloadable-quizzes/ HTTP/1.0***0.577***
[28/May/2024:21:58:19 +0530] GET /api/course/ HTTP/1.0***0.578***
[28/May/2024:21:58:19 +0530] GET /api/quiz/CS007/downloadable-quizzes/ HTTP/1.0***0.550***
[28/May/2024:21:58:19 +0530] GET /api/quiz/CS007/downloadable-quizzes/ HTTP/1.0***0.565***
[28/May/2024:21:58:19 +0530] GET /api/quiz/CS007/downloadable-quizzes/ HTTP/1.0***0.573***
[28/May/2024:21:58:19 +0530] GET /api/quiz/CS007.AG/info/ HTTP/1.0***0.613***
[28/May/2024:21:58:19 +0530] GET /api/quiz/CS007.AG/info/ HTTP/1.0***0.623***
[28/May/2024:21:58:19 +0530] GET /api/quiz/CS007.AG/info/ HTTP/1.0***0.623***
[28/May/2024:21:58:19 +0530] GET /api/course/ HTTP/1.0***0.600***
[28/May/2024:21:58:19 +0530] GET /api/quiz/CS007.AG/download/ HTTP/1.0***0.564***
[28/May/2024:21:58:19 +0530] GET /api/quiz/CS007.AG/download/ HTTP/1.0***0.554***
[28/May/2024:21:58:19 +0530] GET /api/quiz/CS007.AG/download/ HTTP/1.0***0.548***
[28/May/2024:21:58:20 +0530] GET /api/quiz/CS007.AG/info/ HTTP/1.0***0.663***
[28/May/2024:21:58:20 +0530] GET /api/quiz/CS007.AG/download/ HTTP/1.0***0.557***
[28/May/2024:21:58:20 +0530] GET /api/quiz/CS007.AG/info/ HTTP/1.0***0.657***
[28/May/2024:21:58:20 +0530] GET /api/quiz/CS007.AG/authenticate/ HTTP/1.0***0.562***
[28/May/2024:21:58:20 +0530] GET /api/quiz/CS007.AG/authenticate/ HTTP/1.0***0.559***
[28/May/2024:21:58:20 +0530] GET /api/quiz/CS007.AG/authenticate/ HTTP/1.0***0.492***
[28/May/2024:21:58:20 +0530] GET /api/quiz/CS007.AG/authenticate/ HTTP/1.0***0.479***
[28/May/2024:21:58:20 +0530] POST /api/account/login/ HTTP/1.0***1.373***
[28/May/2024:21:58:20 +0530] POST /api/account/login/ HTTP/1.0***1.382***
[28/May/2024:21:58:20 +0530] POST /api/quiz/9f943f19156e4afaae127e43c4be0821/submit/ HTTP/1.0***0.686***
[28/May/2024:21:58:20 +0530] POST /api/account/login/ HTTP/1.0***0.855***
[28/May/2024:21:58:20 +0530] POST /api/account/login/ HTTP/1.0***0.855***
[28/May/2024:21:58:20 +0530] POST /api/account/login/ HTTP/1.0***0.873***
[28/May/2024:21:58:20 +0530] POST /api/account/login/ HTTP/1.0***0.873***
[28/May/2024:21:58:20 +0530] GET /api/course/ HTTP/1.0***0.317***
[28/May/2024:21:58:20 +0530] GET /api/course/ HTTP/1.0***0.307***
[28/May/2024:21:58:20 +0530] GET /api/course/ HTTP/1.0***0.150***
[28/May/2024:21:58:20 +0530] GET /api/course/ HTTP/1.0***0.171***
[28/May/2024:21:58:20 +0530] GET /api/course/ HTTP/1.0***0.196***
[28/May/2024:21:58:20 +0530] GET /api/quiz/CS007.AG/authenticate/ HTTP/1.0***0.202***
[28/May/2024:21:58:20 +0530] POST /api/account/login/ HTTP/1.0***1.033***
[28/May/2024:21:58:20 +0530] GET /api/quiz/CS007/downloadable-quizzes/ HTTP/1.0***0.229***
[28/May/2024:21:58:20 +0530] POST /api/quiz/837ffbe707f04aa4bfe67304b4b00189/submit/ HTTP/1.0***1.036***
[28/May/2024:21:58:20 +0530] POST /api/quiz/736966831356486b8681da6c140c3514/submit/ HTTP/1.0***1.045***
[28/May/2024:21:58:20 +0530] GET /api/quiz/CS007/downloadable-quizzes/ HTTP/1.0***0.099***
[28/May/2024:21:58:20 +0530] GET /api/course/ HTTP/1.0***0.085***
[28/May/2024:21:58:20 +0530] GET /api/quiz/CS007/downloadable-quizzes/ HTTP/1.0***0.090***
[28/May/2024:21:58:20 +0530] GET /api/quiz/CS007/downloadable-quizzes/ HTTP/1.0***0.105***
[28/May/2024:21:58:20 +0530] GET /api/quiz/CS007/downloadable-quizzes/ HTTP/1.0***0.121***
[28/May/2024:21:58:20 +0530] POST /api/account/login/ HTTP/1.0***1.255***
[28/May/2024:21:58:21 +0530] POST /api/quiz/e972a3cbaece4c449abe733e6bfea050/submit/ HTTP/1.0***0.334***
[28/May/2024:21:58:21 +0530] GET /api/quiz/CS007.AG/info/ HTTP/1.0***0.247***
[28/May/2024:21:58:21 +0530] GET /api/quiz/CS007.AG/info/ HTTP/1.0***0.248***
[28/May/2024:21:58:21 +0530] GET /api/quiz/CS007/downloadable-quizzes/ HTTP/1.0***0.246***
[28/May/2024:21:58:21 +0530] GET /api/quiz/CS007.AG/info/ HTTP/1.0***0.296***
[28/May/2024:21:58:21 +0530] GET /api/quiz/CS007.AG/download/ HTTP/1.0***0.236***
[28/May/2024:21:58:21 +0530] POST /api/account/login/ HTTP/1.0***0.524***
[28/May/2024:21:58:21 +0530] GET /api/quiz/CS007.AG/info/ HTTP/1.0***0.305***
[28/May/2024:21:58:21 +0530] GET /api/quiz/CS007.AG/info/ HTTP/1.0***0.296***
[28/May/2024:21:58:21 +0530] GET /api/quiz/CS007.AG/download/ HTTP/1.0***0.233***
[28/May/2024:21:58:21 +0530] GET /api/quiz/CS007.AG/download/ HTTP/1.0***0.242***
[28/May/2024:21:58:21 +0530] POST /api/account/login/ HTTP/1.0***0.548***
[28/May/2024:21:58:21 +0530] GET /api/quiz/CS007.AG/authenticate/ HTTP/1.0***0.225***
[28/May/2024:21:58:21 +0530] GET /api/quiz/CS007/downloadable-quizzes/ HTTP/1.0***0.240***
[28/May/2024:21:58:21 +0530] GET /api/quiz/CS007.AG/authenticate/ HTTP/1.0***0.214***
[28/May/2024:21:58:21 +0530] GET /api/quiz/CS007.AG/download/ HTTP/1.0***0.185***
[28/May/2024:21:58:21 +0530] GET /api/quiz/CS007.AG/authenticate/ HTTP/1.0***0.195***
[28/May/2024:21:58:21 +0530] GET /api/quiz/CS007.AG/download/ HTTP/1.0***0.172***
[28/May/2024:21:58:21 +0530] GET /api/quiz/CS007.AG/authenticate/ HTTP/1.0***0.180***
[28/May/2024:21:58:21 +0530] GET /api/course/ HTTP/1.0***0.109***
[28/May/2024:21:58:21 +0530] GET /api/course/ HTTP/1.0***0.124***
[28/May/2024:21:58:21 +0530] POST /api/quiz/0461a918383446ba9d11654499bf94d9/submit/ HTTP/1.0***0.439***
[28/May/2024:21:58:21 +0530] POST /api/quiz/42e7c1691bc244f09a85351a14aea488/submit/ HTTP/1.0***0.463***
[28/May/2024:21:58:21 +0530] POST /api/quiz/1b242fa362cf417bba4127b84fe36f86/submit/ HTTP/1.0***0.480***
[28/May/2024:21:58:21 +0530] POST /api/quiz/62975f6ba8544db0a64102326dc70b00/submit/ HTTP/1.0***0.522***
[28/May/2024:21:58:21 +0530] GET /api/course/ HTTP/1.0***0.030***
[28/May/2024:21:58:21 +0530] GET /api/course/ HTTP/1.0***0.033***
[28/May/2024:21:58:21 +0530] GET /api/course/ HTTP/1.0***0.030***
[28/May/2024:21:58:21 +0530] GET /api/course/ HTTP/1.0***0.032***
[28/May/2024:21:58:21 +0530] GET /api/quiz/CS007/downloadable-quizzes/ HTTP/1.0***0.037***
[28/May/2024:21:58:21 +0530] GET /api/quiz/CS007/downloadable-quizzes/ HTTP/1.0***0.056***
[28/May/2024:21:58:21 +0530] GET /api/quiz/CS007/downloadable-quizzes/ HTTP/1.0***0.069***
[28/May/2024:21:58:21 +0530] GET /api/quiz/CS007/downloadable-quizzes/ HTTP/1.0***0.086***
[28/May/2024:21:58:22 +0530] POST /api/account/login/ HTTP/1.0***0.420***
[28/May/2024:21:58:22 +0530] POST /api/account/login/ HTTP/1.0***0.436***
[28/May/2024:21:58:22 +0530] GET /api/quiz/CS007/downloadable-quizzes/ HTTP/1.0***0.439***
[28/May/2024:21:58:22 +0530] POST /api/account/login/ HTTP/1.0***0.454***
[28/May/2024:21:58:22 +0530] GET /api/course/ HTTP/1.0***0.461***
[28/May/2024:21:58:22 +0530] POST /api/account/login/ HTTP/1.0***0.503***
[28/May/2024:21:58:22 +0530] POST /api/account/login/ HTTP/1.0***0.527***
[28/May/2024:21:58:22 +0530] GET /api/quiz/CS007.AG/info/ HTTP/1.0***0.599***
[28/May/2024:21:58:22 +0530] GET /api/quiz/CS007.AG/info/ HTTP/1.0***0.650***
[28/May/2024:21:58:22 +0530] GET /api/quiz/CS007/downloadable-quizzes/ HTTP/1.0***0.606***
[28/May/2024:21:58:22 +0530] POST /api/quiz/c101755a2afa40259a5a1b6f4f1d2790/submit/ HTTP/1.0***0.728***
[28/May/2024:21:58:22 +0530] GET /api/quiz/CS007.AG/info/ HTTP/1.0***0.714***
[28/May/2024:21:58:22 +0530] GET /api/quiz/CS007.AG/info/ HTTP/1.0***0.691***
[28/May/2024:21:58:22 +0530] GET /api/quiz/CS007.AG/info/ HTTP/1.0***0.673***
[28/May/2024:21:58:22 +0530] GET /api/quiz/CS007.AG/download/ HTTP/1.0***0.540***
[28/May/2024:21:58:22 +0530] GET /api/course/ HTTP/1.0***0.642***
[28/May/2024:21:58:22 +0530] POST /api/account/login/ HTTP/1.0***0.863***
[28/May/2024:21:58:22 +0530] GET /api/quiz/CS007.AG/download/ HTTP/1.0***0.547***
[28/May/2024:21:58:22 +0530] GET /api/quiz/CS007.AG/download/ HTTP/1.0***0.484***
[28/May/2024:21:58:22 +0530] POST /api/account/login/ HTTP/1.0***0.886***
[28/May/2024:21:58:22 +0530] GET /api/quiz/CS007.AG/authenticate/ HTTP/1.0***0.484***
[28/May/2024:21:58:22 +0530] GET /api/quiz/CS007.AG/download/ HTTP/1.0***0.485***
[28/May/2024:21:58:22 +0530] GET /api/course/ HTTP/1.0***0.491***
[28/May/2024:21:58:22 +0530] GET /api/quiz/CS007.AG/download/ HTTP/1.0***0.489***
[28/May/2024:21:58:22 +0530] GET /api/quiz/CS007.AG/authenticate/ HTTP/1.0***0.487***
[28/May/2024:21:58:22 +0530] GET /api/quiz/CS007.AG/authenticate/ HTTP/1.0***0.491***
[28/May/2024:21:58:22 +0530] GET /api/course/ HTTP/1.0***0.493***
[28/May/2024:21:58:22 +0530] GET /api/quiz/CS007.AG/info/ HTTP/1.0***0.605***
[28/May/2024:21:58:22 +0530] GET /api/quiz/CS007.AG/authenticate/ HTTP/1.0***0.496***
[28/May/2024:21:58:22 +0530] GET /api/quiz/CS007.AG/authenticate/ HTTP/1.0***0.518***
[28/May/2024:21:58:22 +0530] GET /api/quiz/CS007.AG/info/ HTTP/1.0***0.594***
[28/May/2024:21:58:22 +0530] GET /api/quiz/CS007/downloadable-quizzes/ HTTP/1.0***0.582***
[28/May/2024:21:58:22 +0530] GET /api/quiz/CS007/downloadable-quizzes/ HTTP/1.0***0.585***
[28/May/2024:21:58:22 +0530] GET /api/quiz/CS007/downloadable-quizzes/ HTTP/1.0***0.114***
[28/May/2024:21:58:22 +0530] POST /api/quiz/8fb358909e204b8082b4278aa7bb27b4/submit/ HTTP/1.0***0.755***
[28/May/2024:21:58:22 +0530] POST /api/quiz/7824cbd403b94877ab65149dbfa3d2cf/submit/ HTTP/1.0***0.762***
[28/May/2024:21:58:22 +0530] POST /api/quiz/fa5f1482690e400ea623937ae5a8d5d7/submit/ HTTP/1.0***0.777***
[28/May/2024:21:58:22 +0530] GET /api/quiz/CS007/downloadable-quizzes/ HTTP/1.0***0.221***
[28/May/2024:21:58:22 +0530] POST /api/quiz/97b44f589eff4cbdb872795b7bf71162/submit/ HTTP/1.0***0.783***
[28/May/2024:21:58:22 +0530] GET /api/quiz/CS007/downloadable-quizzes/ HTTP/1.0***0.228***
[28/May/2024:21:58:23 +0530] GET /api/quiz/CS007/downloadable-quizzes/ HTTP/1.0***0.253***
[28/May/2024:21:58:23 +0530] POST /api/account/login/ HTTP/1.0***0.550***
[28/May/2024:21:58:23 +0530] POST /api/account/login/ HTTP/1.0***0.622***
[28/May/2024:21:58:23 +0530] POST /api/account/login/ HTTP/1.0***0.648***
[28/May/2024:21:58:23 +0530] POST /api/account/login/ HTTP/1.0***0.648***
[28/May/2024:21:58:23 +0530] POST /api/account/login/ HTTP/1.0***0.655***
[28/May/2024:21:58:23 +0530] GET /api/quiz/CS007.AG/info/ HTTP/1.0***0.717***
[28/May/2024:21:58:23 +0530] GET /api/quiz/CS007.AG/info/ HTTP/1.0***0.723***
[28/May/2024:21:58:23 +0530] GET /api/quiz/CS007.AG/info/ HTTP/1.0***0.768***
[28/May/2024:21:58:23 +0530] GET /api/quiz/CS007.AG/info/ HTTP/1.0***0.777***
[28/May/2024:21:58:23 +0530] GET /api/course/ HTTP/1.0***0.447***
[28/May/2024:21:58:23 +0530] GET /api/course/ HTTP/1.0***0.450***
[28/May/2024:21:58:23 +0530] GET /api/course/ HTTP/1.0***0.453***
[28/May/2024:21:58:23 +0530] GET /api/quiz/CS007/downloadable-quizzes/ HTTP/1.0***0.478***
[28/May/2024:21:58:23 +0530] GET /api/quiz/CS007.AG/info/ HTTP/1.0***0.516***
[28/May/2024:21:58:23 +0530] GET /api/course/ HTTP/1.0***0.466***
[28/May/2024:21:58:23 +0530] POST /api/account/login/ HTTP/1.0***0.956***
[28/May/2024:21:58:23 +0530] GET /api/quiz/CS007.AG/download/ HTTP/1.0***0.320***
[28/May/2024:21:58:23 +0530] GET /api/course/ HTTP/1.0***0.462***
[28/May/2024:21:58:23 +0530] GET /api/quiz/CS007.AG/download/ HTTP/1.0***0.319***
[28/May/2024:21:58:23 +0530] GET /api/quiz/CS007.AG/download/ HTTP/1.0***0.175***
[28/May/2024:21:58:23 +0530] GET /api/quiz/CS007.AG/download/ HTTP/1.0***0.164***
[28/May/2024:21:58:23 +0530] GET /api/quiz/CS007.AG/download/ HTTP/1.0***0.169***
[28/May/2024:21:58:23 +0530] GET /api/quiz/CS007.AG/authenticate/ HTTP/1.0***0.186***
[28/May/2024:21:58:23 +0530] POST /api/account/login/ HTTP/1.0***1.030***
[28/May/2024:21:58:23 +0530] POST /api/account/login/ HTTP/1.0***1.046***
[28/May/2024:21:58:23 +0530] GET /api/quiz/CS007.AG/info/ HTTP/1.0***0.377***
[28/May/2024:21:58:24 +0530] POST /api/quiz/cc1a214aba7349e0a988bc21dde961eb/submit/ HTTP/1.0***0.269***
[28/May/2024:21:58:24 +0530] GET /api/quiz/CS007.AG/authenticate/ HTTP/1.0***0.293***
[28/May/2024:21:58:24 +0530] GET /api/course/ HTTP/1.0***0.321***
[28/May/2024:21:58:24 +0530] GET /api/quiz/CS007.AG/authenticate/ HTTP/1.0***0.343***
[28/May/2024:21:58:24 +0530] GET /api/course/ HTTP/1.0***0.371***
[28/May/2024:21:58:24 +0530] GET /api/quiz/CS007/downloadable-quizzes/ HTTP/1.0***0.395***
[28/May/2024:21:58:24 +0530] POST /api/account/login/ HTTP/1.0***0.553***
[28/May/2024:21:58:24 +0530] POST /api/account/login/ HTTP/1.0***0.568***
[28/May/2024:21:58:24 +0530] POST /api/account/login/ HTTP/1.0***0.563***
[28/May/2024:21:58:24 +0530] POST /api/account/login/ HTTP/1.0***0.578***
[28/May/2024:21:58:24 +0530] GET /api/quiz/CS007.AG/download/ HTTP/1.0***0.490***
[28/May/2024:21:58:24 +0530] GET /api/quiz/CS007/downloadable-quizzes/ HTTP/1.0***0.508***
[28/May/2024:21:58:24 +0530] GET /api/quiz/CS007.AG/authenticate/ HTTP/1.0***0.517***
[28/May/2024:21:58:24 +0530] GET /api/quiz/CS007/downloadable-quizzes/ HTTP/1.0***0.538***
[28/May/2024:21:58:24 +0530] GET /api/quiz/CS007.AG/authenticate/ HTTP/1.0***0.564***
[28/May/2024:21:58:24 +0530] GET /api/quiz/CS007.AG/download/ HTTP/1.0***0.575***
[28/May/2024:21:58:24 +0530] POST /api/quiz/9c55840fa1344a6fa2058348a5e0f376/submit/ HTTP/1.0***0.645***
[28/May/2024:21:58:24 +0530] GET /api/quiz/CS007.AG/info/ HTTP/1.0***0.622***
[28/May/2024:21:58:24 +0530] POST /api/quiz/fdb7e41036134abd883cdb88dc8704e7/submit/ HTTP/1.0***0.785***
[28/May/2024:21:58:24 +0530] POST /api/quiz/f75c637ac3e84c7bace3e476284fd8f7/submit/ HTTP/1.0***0.796***
[28/May/2024:21:58:24 +0530] GET /api/quiz/CS007.AG/info/ HTTP/1.0***0.746***
[28/May/2024:21:58:24 +0530] POST /api/quiz/7e68f285b8c74352a7864f6d9543377d/submit/ HTTP/1.0***0.846***
[28/May/2024:21:58:24 +0530] GET /api/quiz/CS007.AG/info/ HTTP/1.0***0.764***
[28/May/2024:21:58:24 +0530] GET /api/course/ HTTP/1.0***0.342***
[28/May/2024:21:58:24 +0530] GET /api/course/ HTTP/1.0***0.281***
[28/May/2024:21:58:24 +0530] GET /api/quiz/CS007.AG/info/ HTTP/1.0***0.681***
[28/May/2024:21:58:24 +0530] GET /api/quiz/CS007.AG/info/ HTTP/1.0***0.688***
[28/May/2024:21:58:24 +0530] GET /api/course/ HTTP/1.0***0.269***
[28/May/2024:21:58:24 +0530] GET /api/course/ HTTP/1.0***0.276***
[28/May/2024:21:58:24 +0530] GET /api/quiz/CS007.AG/download/ HTTP/1.0***0.199***
[28/May/2024:21:58:24 +0530] GET /api/quiz/CS007.AG/download/ HTTP/1.0***0.184***
[28/May/2024:21:58:24 +0530] GET /api/course/ HTTP/1.0***0.281***
[28/May/2024:21:58:24 +0530] GET /api/quiz/CS007.AG/download/ HTTP/1.0***0.117***
[28/May/2024:21:58:24 +0530] GET /api/quiz/CS007.AG/info/ HTTP/1.0***0.702***
[28/May/2024:21:58:24 +0530] GET /api/quiz/CS007.AG/download/ HTTP/1.0***0.021***
[28/May/2024:21:58:24 +0530] GET /api/quiz/CS007/downloadable-quizzes/ HTTP/1.0***0.035***
[28/May/2024:21:58:24 +0530] GET /api/quiz/CS007/downloadable-quizzes/ HTTP/1.0***0.035***
[28/May/2024:21:58:24 +0530] GET /api/quiz/CS007/downloadable-quizzes/ HTTP/1.0***0.039***
[28/May/2024:21:58:24 +0530] GET /api/quiz/CS007.AG/download/ HTTP/1.0***0.051***
[28/May/2024:21:58:24 +0530] GET /api/quiz/CS007/downloadable-quizzes/ HTTP/1.0***0.067***
[28/May/2024:21:58:24 +0530] GET /api/course/ HTTP/1.0***0.095***
[28/May/2024:21:58:24 +0530] GET /api/quiz/CS007.AG/info/ HTTP/1.0***0.164***
[28/May/2024:21:58:25 +0530] POST /api/account/login/ HTTP/1.0***0.459***
[28/May/2024:21:58:25 +0530] POST /api/account/login/ HTTP/1.0***0.469***
[28/May/2024:21:58:25 +0530] POST /api/account/login/ HTTP/1.0***0.476***
[28/May/2024:21:58:25 +0530] GET /api/quiz/CS007.AG/authenticate/ HTTP/1.0***0.485***
[28/May/2024:21:58:25 +0530] GET /api/quiz/CS007/downloadable-quizzes/ HTTP/1.0***0.499***
[28/May/2024:21:58:25 +0530] GET /api/quiz/CS007.AG/authenticate/ HTTP/1.0***0.501***
[28/May/2024:21:58:25 +0530] GET /api/quiz/CS007.AG/authenticate/ HTTP/1.0***0.497***
[28/May/2024:21:58:25 +0530] GET /api/quiz/CS007.AG/authenticate/ HTTP/1.0***0.494***
[28/May/2024:21:58:25 +0530] GET /api/quiz/CS007.AG/authenticate/ HTTP/1.0***0.509***
[28/May/2024:21:58:25 +0530] POST /api/account/login/ HTTP/1.0***0.550***
[28/May/2024:21:58:25 +0530] GET /api/course/ HTTP/1.0***0.494***
[28/May/2024:21:58:25 +0530] GET /api/course/ HTTP/1.0***0.511***
[28/May/2024:21:58:25 +0530] GET /api/quiz/CS007.AG/download/ HTTP/1.0***0.511***
[28/May/2024:21:58:25 +0530] POST /api/account/login/ HTTP/1.0***0.609***
[28/May/2024:21:58:25 +0530] GET /api/quiz/CS007/downloadable-quizzes/ HTTP/1.0***0.291***
[28/May/2024:21:58:25 +0530] GET /api/quiz/CS007/downloadable-quizzes/ HTTP/1.0***0.273***
[28/May/2024:21:58:25 +0530] GET /api/quiz/CS007.AG/info/ HTTP/1.0***0.327***
[28/May/2024:21:58:25 +0530] POST /api/quiz/ed2a743dfffe4f559ec6d6882610face/submit/ HTTP/1.0***0.726***
[28/May/2024:21:58:25 +0530] GET /api/course/ HTTP/1.0***0.291***
[28/May/2024:21:58:25 +0530] GET /api/course/ HTTP/1.0***0.292***
[28/May/2024:21:58:25 +0530] POST /api/quiz/f36a7f70fda04f14bdcdf2d1acf79bd9/submit/ HTTP/1.0***0.487***
[28/May/2024:21:58:25 +0530] GET /api/course/ HTTP/1.0***0.304***
[28/May/2024:21:58:25 +0530] GET /api/course/ HTTP/1.0***0.317***
[28/May/2024:21:58:25 +0530] GET /api/quiz/CS007.AG/authenticate/ HTTP/1.0***0.308***
[28/May/2024:21:58:25 +0530] POST /api/quiz/56260ca926c941e891f2104147d14fad/submit/ HTTP/1.0***0.469***
[28/May/2024:21:58:25 +0530] POST /api/account/login/ HTTP/1.0***0.916***
[28/May/2024:21:58:25 +0530] GET /api/quiz/CS007.AG/authenticate/ HTTP/1.0***0.322***
[28/May/2024:21:58:25 +0530] GET /api/quiz/CS007.AG/info/ HTTP/1.0***0.402***
[28/May/2024:21:58:25 +0530] GET /api/quiz/CS007.AG/info/ HTTP/1.0***0.376***
[28/May/2024:21:58:25 +0530] GET /api/quiz/CS007.AG/download/ HTTP/1.0***0.094***
[28/May/2024:21:58:25 +0530] GET /api/quiz/CS007.AG/download/ HTTP/1.0***0.255***
[28/May/2024:21:58:25 +0530] POST /api/quiz/48bded63b3194419b4dd96e4a83a7194/submit/ HTTP/1.0***0.522***
[28/May/2024:21:58:25 +0530] POST /api/quiz/2f8be9445ef94646904379fddab9031b/submit/ HTTP/1.0***0.572***
[28/May/2024:21:58:25 +0530] GET /api/quiz/CS007.AG/download/ HTTP/1.0***0.116***
[28/May/2024:21:58:25 +0530] GET /api/quiz/CS007.AG/download/ HTTP/1.0***0.138***
[28/May/2024:21:58:25 +0530] GET /api/quiz/CS007/downloadable-quizzes/ HTTP/1.0***0.169***
[28/May/2024:21:58:25 +0530] GET /api/quiz/CS007/downloadable-quizzes/ HTTP/1.0***0.202***
[28/May/2024:21:58:26 +0530] GET /api/quiz/CS007.AG/download/ HTTP/1.0***0.222***
[28/May/2024:21:58:26 +0530] GET /api/quiz/CS007/downloadable-quizzes/ HTTP/1.0***0.253***
[28/May/2024:21:58:26 +0530] GET /api/quiz/CS007.AG/authenticate/ HTTP/1.0***0.281***
[28/May/2024:21:58:26 +0530] GET /api/quiz/CS007.AG/authenticate/ HTTP/1.0***0.304***
[28/May/2024:21:58:26 +0530] GET /api/quiz/CS007.AG/download/ HTTP/1.0***0.324***
[28/May/2024:21:58:26 +0530] GET /api/quiz/CS007/downloadable-quizzes/ HTTP/1.0***0.353***
[28/May/2024:21:58:26 +0530] GET /api/quiz/CS007/downloadable-quizzes/ HTTP/1.0***0.384***
[28/May/2024:21:58:26 +0530] POST /api/account/login/ HTTP/1.0***0.406***
[28/May/2024:21:58:26 +0530] GET /api/quiz/CS007.AG/authenticate/ HTTP/1.0***0.406***
[28/May/2024:21:58:26 +0530] POST /api/account/login/ HTTP/1.0***0.420***
[28/May/2024:21:58:26 +0530] POST /api/account/login/ HTTP/1.0***0.428***
[28/May/2024:21:58:26 +0530] GET /api/quiz/CS007.AG/authenticate/ HTTP/1.0***0.424***
[28/May/2024:21:58:26 +0530] POST /api/account/login/ HTTP/1.0***0.588***
[28/May/2024:21:58:26 +0530] GET /api/quiz/CS007.AG/info/ HTTP/1.0***0.597***
[28/May/2024:21:58:26 +0530] GET /api/quiz/CS007.AG/info/ HTTP/1.0***0.599***
[28/May/2024:21:58:26 +0530] GET /api/quiz/CS007.AG/authenticate/ HTTP/1.0***0.613***
[28/May/2024:21:58:26 +0530] GET /api/quiz/CS007/downloadable-quizzes/ HTTP/1.0***0.599***
[28/May/2024:21:58:26 +0530] GET /api/quiz/CS007.AG/info/ HTTP/1.0***0.663***
[28/May/2024:21:58:26 +0530] GET /api/quiz/CS007.AG/download/ HTTP/1.0***0.545***
[28/May/2024:21:58:26 +0530] GET /api/quiz/CS007.AG/info/ HTTP/1.0***0.658***
[28/May/2024:21:58:26 +0530] GET /api/course/ HTTP/1.0***0.271***
[28/May/2024:21:58:26 +0530] GET /api/course/ HTTP/1.0***0.270***
[28/May/2024:21:58:26 +0530] GET /api/course/ HTTP/1.0***0.273***
[28/May/2024:21:58:26 +0530] GET /api/quiz/CS007.AG/info/ HTTP/1.0***0.325***
[28/May/2024:21:58:26 +0530] POST /api/account/login/ HTTP/1.0***0.808***
[28/May/2024:21:58:26 +0530] POST /api/account/login/ HTTP/1.0***0.815***
[28/May/2024:21:58:26 +0530] POST /api/quiz/c9d91cb1967747d2af283e92721160c2/submit/ HTTP/1.0***0.467***
[28/May/2024:21:58:26 +0530] POST /api/quiz/90fb7f1a9f2a43b488dfe5356718f957/submit/ HTTP/1.0***0.455***
[28/May/2024:21:58:26 +0530] GET /api/course/ HTTP/1.0***0.425***
[28/May/2024:21:58:26 +0530] GET /api/quiz/CS007/downloadable-quizzes/ HTTP/1.0***0.420***
[28/May/2024:21:58:26 +0530] GET /api/quiz/CS007/downloadable-quizzes/ HTTP/1.0***0.434***
[28/May/2024:21:58:26 +0530] GET /api/quiz/CS007.AG/authenticate/ HTTP/1.0***0.428***
[28/May/2024:21:58:26 +0530] GET /api/course/ HTTP/1.0***0.424***
[28/May/2024:21:58:26 +0530] GET /api/quiz/CS007.AG/info/ HTTP/1.0***0.481***
[28/May/2024:21:58:26 +0530] GET /api/quiz/CS007.AG/info/ HTTP/1.0***0.450***
[28/May/2024:21:58:26 +0530] POST /api/quiz/b08c6d755b21478b890846d7259c8994/submit/ HTTP/1.0***0.606***
[28/May/2024:21:58:26 +0530] GET /api/quiz/CS007.AG/download/ HTTP/1.0***0.386***
[28/May/2024:21:58:26 +0530] POST /api/quiz/65265182e670499aaeba0e0a921c6fbd/submit/ HTTP/1.0***0.626***
[28/May/2024:21:58:26 +0530] GET /api/quiz/CS007/downloadable-quizzes/ HTTP/1.0***0.366***
[28/May/2024:21:58:26 +0530] POST /api/quiz/ad606657a3284d659d15859748c96af2/submit/ HTTP/1.0***0.606***
[28/May/2024:21:58:26 +0530] GET /api/quiz/CS007/downloadable-quizzes/ HTTP/1.0***0.358***
[28/May/2024:21:58:26 +0530] GET /api/quiz/CS007/downloadable-quizzes/ HTTP/1.0***0.344***
[28/May/2024:21:58:26 +0530] GET /api/course/ HTTP/1.0***0.232***
[28/May/2024:21:58:27 +0530] GET /api/quiz/CS007/downloadable-quizzes/ HTTP/1.0***0.470***
[28/May/2024:21:58:27 +0530] POST /api/quiz/9fd84d41419046ebb5530a7f748d49f1/submit/ HTTP/1.0***0.648***
[28/May/2024:21:58:27 +0530] POST /api/account/login/ HTTP/1.0***0.588***
[28/May/2024:21:58:27 +0530] POST /api/account/login/ HTTP/1.0***0.605***
[28/May/2024:21:58:27 +0530] GET /api/quiz/CS007.AG/authenticate/ HTTP/1.0***0.556***
[28/May/2024:21:58:27 +0530] GET /api/quiz/CS007.AG/authenticate/ HTTP/1.0***0.568***
[28/May/2024:21:58:27 +0530] GET /api/quiz/CS007.AG/download/ HTTP/1.0***0.576***
[28/May/2024:21:58:27 +0530] POST /api/account/login/ HTTP/1.0***0.646***
[28/May/2024:21:58:27 +0530] GET /api/quiz/CS007.AG/download/ HTTP/1.0***0.586***
[28/May/2024:21:58:27 +0530] GET /api/quiz/CS007.AG/authenticate/ HTTP/1.0***0.497***
[28/May/2024:21:58:27 +0530] GET /api/quiz/CS007.AG/authenticate/ HTTP/1.0***0.474***
[28/May/2024:21:58:27 +0530] POST /api/account/login/ HTTP/1.0***0.728***
[28/May/2024:21:58:27 +0530] GET /api/quiz/CS007.AG/authenticate/ HTTP/1.0***0.470***
[28/May/2024:21:58:27 +0530] GET /api/quiz/CS007.AG/info/ HTTP/1.0***0.505***
[28/May/2024:21:58:27 +0530] GET /api/quiz/CS007.AG/info/ HTTP/1.0***0.588***
[28/May/2024:21:58:27 +0530] GET /api/quiz/CS007.AG/info/ HTTP/1.0***0.512***
[28/May/2024:21:58:27 +0530] GET /api/quiz/CS007.AG/authenticate/ HTTP/1.0***0.470***
[28/May/2024:21:58:27 +0530] POST /api/quiz/9ee8312aed064ca492b9542a5d85398c/submit/ HTTP/1.0***0.804***
[28/May/2024:21:58:27 +0530] POST /api/account/login/ HTTP/1.0***0.931***
[28/May/2024:21:58:27 +0530] GET /api/quiz/CS007.AG/info/ HTTP/1.0***0.534***
[28/May/2024:21:58:27 +0530] GET /api/course/ HTTP/1.0***0.492***
[28/May/2024:21:58:27 +0530] GET /api/quiz/CS007.AG/info/ HTTP/1.0***0.531***
[28/May/2024:21:58:27 +0530] GET /api/course/ HTTP/1.0***0.507***
[28/May/2024:21:58:27 +0530] POST /api/quiz/59ab9eb91e2848ddbeccff9ae7ee5134/submit/ HTTP/1.0***0.658***
[28/May/2024:21:58:27 +0530] GET /api/course/ HTTP/1.0***0.517***
[28/May/2024:21:58:27 +0530] GET /api/course/ HTTP/1.0***0.376***
[28/May/2024:21:58:27 +0530] GET /api/quiz/CS007.AG/download/ HTTP/1.0***0.365***
[28/May/2024:21:58:27 +0530] GET /api/quiz/CS007.AG/download/ HTTP/1.0***0.381***
[28/May/2024:21:58:27 +0530] GET /api/quiz/CS007.AG/info/ HTTP/1.0***0.435***
[28/May/2024:21:58:27 +0530] POST /api/quiz/2020b1e659fe46659f28e6a58a1443d9/submit/ HTTP/1.0***0.798***
[28/May/2024:21:58:27 +0530] GET /api/quiz/CS007.AG/download/ HTTP/1.0***0.443***
[28/May/2024:21:58:27 +0530] POST /api/quiz/10776dbc7b9f4baab385adf0df6bb5c6/submit/ HTTP/1.0***0.712***
[28/May/2024:21:58:27 +0530] GET /api/quiz/CS007.AG/authenticate/ HTTP/1.0***0.453***
[28/May/2024:21:58:27 +0530] GET /api/quiz/CS007.AG/download/ HTTP/1.0***0.443***
[28/May/2024:21:58:27 +0530] GET /api/quiz/CS007/downloadable-quizzes/ HTTP/1.0***0.458***
[28/May/2024:21:58:27 +0530] GET /api/quiz/CS007/downloadable-quizzes/ HTTP/1.0***0.452***
[28/May/2024:21:58:27 +0530] GET /api/quiz/CS007/downloadable-quizzes/ HTTP/1.0***0.455***
[28/May/2024:21:58:27 +0530] GET /api/quiz/CS007.AG/download/ HTTP/1.0***0.383***
[28/May/2024:21:58:27 +0530] GET /api/course/ HTTP/1.0***0.373***
[28/May/2024:21:58:27 +0530] POST /api/quiz/aeeaeb42af3b4493b9f97d4bd1a808cf/submit/ HTTP/1.0***0.763***
[28/May/2024:21:58:27 +0530] GET /api/course/ HTTP/1.0***0.375***
[28/May/2024:21:58:28 +0530] POST /api/quiz/ca59da1c09134e58b9dc161c8e53c82d/submit/ HTTP/1.0***0.631***
[28/May/2024:21:58:28 +0530] GET /api/quiz/CS007/downloadable-quizzes/ HTTP/1.0***0.346***
[28/May/2024:21:58:28 +0530] POST /api/account/login/ HTTP/1.0***0.650***
[28/May/2024:21:58:28 +0530] POST /api/account/login/ HTTP/1.0***0.706***
[28/May/2024:21:58:28 +0530] POST /api/account/login/ HTTP/1.0***0.709***
[28/May/2024:21:58:28 +0530] POST /api/account/login/ HTTP/1.0***0.725***
[28/May/2024:21:58:28 +0530] GET /api/quiz/CS007.AG/info/ HTTP/1.0***0.717***
[28/May/2024:21:58:28 +0530] GET /api/quiz/CS007/downloadable-quizzes/ HTTP/1.0***0.682***
[28/May/2024:21:58:28 +0530] GET /api/quiz/CS007.AG/download/ HTTP/1.0***0.599***
[28/May/2024:21:58:28 +0530] GET /api/quiz/CS007.AG/download/ HTTP/1.0***0.615***
[28/May/2024:21:58:28 +0530] GET /api/quiz/CS007.AG/authenticate/ HTTP/1.0***0.600***
[28/May/2024:21:58:28 +0530] GET /api/quiz/CS007.AG/info/ HTTP/1.0***0.763***
[28/May/2024:21:58:28 +0530] POST /api/account/login/ HTTP/1.0***0.805***
[28/May/2024:21:58:28 +0530] GET /api/quiz/CS007/downloadable-quizzes/ HTTP/1.0***0.609***
[28/May/2024:21:58:28 +0530] GET /api/quiz/CS007.AG/info/ HTTP/1.0***0.677***
[28/May/2024:21:58:28 +0530] GET /api/quiz/CS007.AG/info/ HTTP/1.0***0.667***
[28/May/2024:21:58:28 +0530] GET /api/quiz/CS007.AG/info/ HTTP/1.0***0.668***
[28/May/2024:21:58:28 +0530] GET /api/course/ HTTP/1.0***0.300***
[28/May/2024:21:58:28 +0530] GET /api/course/ HTTP/1.0***0.295***
[28/May/2024:21:58:28 +0530] GET /api/quiz/CS007.AG/authenticate/ HTTP/1.0***0.288***
[28/May/2024:21:58:28 +0530] GET /api/quiz/CS007.AG/info/ HTTP/1.0***0.629***
[28/May/2024:21:58:28 +0530] GET /api/course/ HTTP/1.0***0.310***
[28/May/2024:21:58:28 +0530] GET /api/quiz/CS007.AG/authenticate/ HTTP/1.0***0.313***
[28/May/2024:21:58:28 +0530] POST /api/quiz/808050495ce2494e849773ab7b048ea2/submit/ HTTP/1.0***0.919***
[28/May/2024:21:58:28 +0530] GET /api/course/ HTTP/1.0***0.280***
[28/May/2024:21:58:28 +0530] POST /api/quiz/b00b519af91e4de29e23dd4aaa02a701/submit/ HTTP/1.0***0.494***
[28/May/2024:21:58:28 +0530] POST /api/quiz/6445b04298494911b597e00f50465242/submit/ HTTP/1.0***0.543***
[28/May/2024:21:58:28 +0530] POST /api/quiz/57c8cb8452fd482b8391629040527c59/submit/ HTTP/1.0***0.556***
[28/May/2024:21:58:28 +0530] GET /api/quiz/CS007.AG/download/ HTTP/1.0***0.423***
[28/May/2024:21:58:28 +0530] GET /api/quiz/CS007.AG/download/ HTTP/1.0***0.376***
[28/May/2024:21:58:28 +0530] GET /api/quiz/CS007.AG/download/ HTTP/1.0***0.364***
[28/May/2024:21:58:28 +0530] POST /api/quiz/321c311e50754ec59adc493b7bd40dee/submit/ HTTP/1.0***0.541***
[28/May/2024:21:58:29 +0530] POST /api/quiz/97186dea986d4078b68d0719e36ebe84/submit/ HTTP/1.0***0.555***
[28/May/2024:21:58:29 +0530] POST /api/quiz/3f12a3fe4c6144cea6c8e0f233ca7569/submit/ HTTP/1.0***0.572***
[28/May/2024:21:58:29 +0530] GET /api/quiz/CS007/downloadable-quizzes/ HTTP/1.0***0.376***
[28/May/2024:21:58:29 +0530] GET /api/quiz/CS007.AG/download/ HTTP/1.0***0.397***
[28/May/2024:21:58:29 +0530] GET /api/quiz/CS007.AG/download/ HTTP/1.0***0.415***
[28/May/2024:21:58:29 +0530] GET /api/course/ HTTP/1.0***0.443***
[28/May/2024:21:58:29 +0530] GET /api/quiz/CS007/downloadable-quizzes/ HTTP/1.0***0.472***
[28/May/2024:21:58:29 +0530] GET /api/quiz/CS007/downloadable-quizzes/ HTTP/1.0***0.500***
[28/May/2024:21:58:29 +0530] GET /api/quiz/CS007/downloadable-quizzes/ HTTP/1.0***0.532***
[28/May/2024:21:58:29 +0530] POST /api/account/login/ HTTP/1.0***0.570***
[28/May/2024:21:58:29 +0530] POST /api/account/login/ HTTP/1.0***0.571***
[28/May/2024:21:58:29 +0530] POST /api/account/login/ HTTP/1.0***0.594***
[28/May/2024:21:58:29 +0530] GET /api/quiz/CS007.AG/authenticate/ HTTP/1.0***0.599***
[28/May/2024:21:58:29 +0530] GET /api/quiz/CS007.AG/authenticate/ HTTP/1.0***0.614***
[28/May/2024:21:58:29 +0530] POST /api/account/login/ HTTP/1.0***0.635***
[28/May/2024:21:58:29 +0530] POST /api/account/login/ HTTP/1.0***0.976***
[28/May/2024:21:58:29 +0530] POST /api/account/login/ HTTP/1.0***0.976***
[28/May/2024:21:58:29 +0530] GET /api/quiz/CS007.AG/download/ HTTP/1.0***0.935***
[28/May/2024:21:58:29 +0530] GET /api/quiz/CS007.AG/authenticate/ HTTP/1.0***0.915***
[28/May/2024:21:58:29 +0530] POST /api/account/login/ HTTP/1.0***1.016***
[28/May/2024:21:58:29 +0530] GET /api/quiz/CS007.AG/authenticate/ HTTP/1.0***0.913***
[28/May/2024:21:58:29 +0530] POST /api/account/login/ HTTP/1.0***1.056***
[28/May/2024:21:58:29 +0530] POST /api/account/login/ HTTP/1.0***1.058***
[28/May/2024:21:58:29 +0530] GET /api/quiz/CS007.AG/authenticate/ HTTP/1.0***0.940***
[28/May/2024:21:58:29 +0530] GET /api/quiz/CS007.AG/info/ HTTP/1.0***0.973***
[28/May/2024:21:58:29 +0530] GET /api/quiz/CS007/downloadable-quizzes/ HTTP/1.0***0.961***
[28/May/2024:21:58:29 +0530] GET /api/quiz/CS007/downloadable-quizzes/ HTTP/1.0***0.970***
[28/May/2024:21:58:29 +0530] GET /api/course/ HTTP/1.0***0.600***
[28/May/2024:21:58:30 +0530] GET /api/quiz/CS007.AG/info/ HTTP/1.0***1.051***
[28/May/2024:21:58:30 +0530] GET /api/course/ HTTP/1.0***0.572***
[28/May/2024:21:58:30 +0530] GET /api/course/ HTTP/1.0***0.586***
[28/May/2024:21:58:30 +0530] GET /api/course/ HTTP/1.0***0.580***
[28/May/2024:21:58:30 +0530] GET /api/quiz/CS007.AG/info/ HTTP/1.0***0.966***
[28/May/2024:21:58:30 +0530] GET /api/quiz/CS007.AG/download/ HTTP/1.0***0.580***
[28/May/2024:21:58:30 +0530] GET /api/quiz/CS007.AG/authenticate/ HTTP/1.0***0.585***
[28/May/2024:21:58:30 +0530] GET /api/quiz/CS007.AG/authenticate/ HTTP/1.0***0.573***
[28/May/2024:21:58:30 +0530] GET /api/quiz/CS007.AG/download/ HTTP/1.0***0.559***
[28/May/2024:21:58:30 +0530] POST /api/quiz/84ba2ef72c8942808f01822f04ecebea/submit/ HTTP/1.0***1.172***
[28/May/2024:21:58:30 +0530] GET /api/course/ HTTP/1.0***0.578***
[28/May/2024:21:58:30 +0530] GET /api/quiz/CS007.AG/info/ HTTP/1.0***0.647***
[28/May/2024:21:58:30 +0530] GET /api/quiz/CS007.AG/download/ HTTP/1.0***0.550***
[28/May/2024:21:58:30 +0530] GET /api/quiz/CS007.AG/download/ HTTP/1.0***0.537***
[28/May/2024:21:58:30 +0530] GET /api/quiz/CS007.AG/download/ HTTP/1.0***0.548***
[28/May/2024:21:58:30 +0530] GET /api/quiz/CS007.AG/info/ HTTP/1.0***0.606***
[28/May/2024:21:58:30 +0530] GET /api/quiz/CS007/downloadable-quizzes/ HTTP/1.0***0.538***
[28/May/2024:21:58:30 +0530] GET /api/quiz/CS007/downloadable-quizzes/ HTTP/1.0***0.557***
[28/May/2024:21:58:30 +0530] POST /api/quiz/1fc2e5b2757c4bacb95a1f1b009146eb/submit/ HTTP/1.0***0.825***
[28/May/2024:21:58:30 +0530] POST /api/account/login/ HTTP/1.0***0.803***
[28/May/2024:21:58:30 +0530] POST /api/account/login/ HTTP/1.0***0.844***
[28/May/2024:21:58:30 +0530] POST /api/account/login/ HTTP/1.0***0.877***
[28/May/2024:21:58:30 +0530] POST /api/account/login/ HTTP/1.0***0.962***
[28/May/2024:21:58:30 +0530] GET /api/quiz/CS007/downloadable-quizzes/ HTTP/1.0***0.953***
[28/May/2024:21:58:31 +0530] POST /api/quiz/0978a772105a42df9d526a7282e4ae55/submit/ HTTP/1.0***1.207***
[28/May/2024:21:58:31 +0530] POST /api/account/login/ HTTP/1.0***1.254***
[28/May/2024:21:58:31 +0530] POST /api/account/login/ HTTP/1.0***1.263***
[28/May/2024:21:58:31 +0530] GET /api/quiz/CS007.AG/download/ HTTP/1.0***1.232***
[28/May/2024:21:58:31 +0530] GET /api/quiz/CS007/downloadable-quizzes/ HTTP/1.0***1.241***
[28/May/2024:21:58:31 +0530] GET /api/quiz/CS007.AG/authenticate/ HTTP/1.0***1.151***
[28/May/2024:21:58:31 +0530] GET /api/quiz/CS007.AG/authenticate/ HTTP/1.0***1.157***
[28/May/2024:21:58:31 +0530] GET /api/quiz/CS007.AG/authenticate/ HTTP/1.0***1.174***
[28/May/2024:21:58:31 +0530] POST /api/account/login/ HTTP/1.0***1.328***
[28/May/2024:21:58:31 +0530] GET /api/quiz/CS007.AG/authenticate/ HTTP/1.0***0.910***
[28/May/2024:21:58:31 +0530] GET /api/quiz/CS007.AG/authenticate/ HTTP/1.0***0.892***
[28/May/2024:21:58:31 +0530] GET /api/quiz/CS007/downloadable-quizzes/ HTTP/1.0***0.896***
[28/May/2024:21:58:31 +0530] POST /api/quiz/4f76f44d35f440fc8a7293331dba21a2/submit/ HTTP/1.0***1.492***
[28/May/2024:21:58:33 +0530] GET /api/quiz/CS007.AG/info/ HTTP/1.0***4.218***
[28/May/2024:21:58:33 +0530] GET /api/course/ HTTP/1.0***2.809***
[28/May/2024:21:58:33 +0530] GET /api/course/ HTTP/1.0***2.838***
[28/May/2024:21:58:33 +0530] GET /api/course/ HTTP/1.0***2.847***
[28/May/2024:21:58:33 +0530] POST /api/quiz/6dfb5b894149468ca7c2c7282a847f44/submit/ HTTP/1.0***3.082***
[28/May/2024:21:58:33 +0530] POST /api/quiz/5f03e0d7f13246549888100024272ba7/submit/ HTTP/1.0***3.322***
[28/May/2024:21:58:33 +0530] GET /api/course/ HTTP/1.0***3.329***
[28/May/2024:21:58:33 +0530] GET /api/course/ HTTP/1.0***3.011***
[28/May/2024:21:58:33 +0530] GET /api/course/ HTTP/1.0***3.038***
[28/May/2024:21:58:34 +0530] POST /api/account/login/ HTTP/1.0***3.371***
[28/May/2024:21:58:34 +0530] GET /api/quiz/CS007.AG/info/ HTTP/1.0***4.091***
[28/May/2024:21:58:34 +0530] GET /api/quiz/CS007.AG/info/ HTTP/1.0***4.011***
[28/May/2024:21:58:34 +0530] GET /api/quiz/CS007.AG/info/ HTTP/1.0***3.983***
[28/May/2024:21:58:34 +0530] GET /api/course/ HTTP/1.0***3.383***
[28/May/2024:21:58:34 +0530] GET /api/quiz/CS007.AG/authenticate/ HTTP/1.0***3.389***
[28/May/2024:21:58:34 +0530] POST /api/quiz/20daacf51789414fb4a8c9904665465b/submit/ HTTP/1.0***3.566***
[28/May/2024:21:58:34 +0530] GET /api/quiz/CS007.AG/info/ HTTP/1.0***4.173***
[28/May/2024:21:58:34 +0530] POST /api/account/login/ HTTP/1.0***3.778***
[28/May/2024:21:58:34 +0530] POST /api/account/login/ HTTP/1.0***3.783***
[28/May/2024:21:58:34 +0530] POST /api/account/login/ HTTP/1.0***3.783***
[28/May/2024:21:58:34 +0530] GET /api/course/ HTTP/1.0***3.803***
[28/May/2024:21:58:34 +0530] GET /api/course/ HTTP/1.0***3.810***
[28/May/2024:21:58:34 +0530] GET /api/quiz/CS007.AG/download/ HTTP/1.0***3.828***
[28/May/2024:21:58:34 +0530] POST /api/account/login/ HTTP/1.0***3.984***
[28/May/2024:21:58:34 +0530] POST /api/account/login/ HTTP/1.0***3.998***
[28/May/2024:21:58:34 +0530] POST /api/quiz/142302a1f35340a78a735bebe349098e/submit/ HTTP/1.0***4.021***
[28/May/2024:21:58:35 +0530] POST /api/quiz/ae6f49bc64df444ea8ce14d63b8916c1/submit/ HTTP/1.0***4.052***
[28/May/2024:21:58:35 +0530] POST /api/account/login/ HTTP/1.0***4.276***
[28/May/2024:21:58:35 +0530] GET /api/quiz/CS007/downloadable-quizzes/ HTTP/1.0***4.261***
[28/May/2024:21:58:35 +0530] GET /api/quiz/CS007.AG/download/ HTTP/1.0***4.275***
[28/May/2024:21:58:35 +0530] GET /api/quiz/CS007/downloadable-quizzes/ HTTP/1.0***4.292***
[28/May/2024:21:58:35 +0530] POST /api/account/login/ HTTP/1.0***4.366***
[28/May/2024:21:58:35 +0530] GET /api/quiz/CS007/downloadable-quizzes/ HTTP/1.0***4.287***
[28/May/2024:21:58:35 +0530] GET /api/quiz/CS007/downloadable-quizzes/ HTTP/1.0***4.291***
[28/May/2024:21:58:35 +0530] GET /api/quiz/CS007.AG/download/ HTTP/1.0***4.301***
[28/May/2024:21:58:35 +0530] GET /api/quiz/CS007.AG/authenticate/ HTTP/1.0***4.304***
[28/May/2024:21:58:35 +0530] POST /api/account/login/ HTTP/1.0***4.425***
[28/May/2024:21:58:35 +0530] GET /api/quiz/CS007.AG/authenticate/ HTTP/1.0***4.300***
[28/May/2024:21:58:35 +0530] GET /api/quiz/CS007.AG/download/ HTTP/1.0***4.274***
[28/May/2024:21:58:35 +0530] GET /api/quiz/CS007/downloadable-quizzes/ HTTP/1.0***4.308***
[28/May/2024:21:58:35 +0530] GET /api/quiz/CS007.AG/authenticate/ HTTP/1.0***4.317***
[28/May/2024:21:58:35 +0530] GET /api/quiz/CS007.AG/authenticate/ HTTP/1.0***4.344***
[28/May/2024:21:58:35 +0530] GET /api/quiz/CS007.AG/authenticate/ HTTP/1.0***4.358***
[28/May/2024:21:58:35 +0530] GET /api/quiz/CS007.AG/download/ HTTP/1.0***4.364***
[28/May/2024:21:58:35 +0530] POST /api/quiz/bcf52604f61f4bb68e16ad4deb35e6d2/submit/ HTTP/1.0***4.523***
[28/May/2024:21:58:35 +0530] POST /api/quiz/249086debc0e45dcb05514f45dd3bf42/submit/ HTTP/1.0***4.534***
[28/May/2024:21:58:35 +0530] GET /api/course/ HTTP/1.0***4.054***
[28/May/2024:21:58:35 +0530] GET /api/course/ HTTP/1.0***4.042***
[28/May/2024:21:58:35 +0530] GET /api/course/ HTTP/1.0***3.967***
[28/May/2024:21:58:36 +0530] POST /api/account/login/ HTTP/1.0***4.366***
[28/May/2024:21:58:36 +0530] POST /api/account/login/ HTTP/1.0***4.776***
[28/May/2024:21:58:36 +0530] POST /api/account/login/ HTTP/1.0***5.201***
[28/May/2024:21:58:37 +0530] POST /api/account/login/ HTTP/1.0***5.572***
[28/May/2024:21:58:37 +0530] GET /api/course/ HTTP/1.0***5.587***
[28/May/2024:21:58:38 +0530] GET /api/quiz/CS007.AG/info/ HTTP/1.0***7.177***
[28/May/2024:21:58:38 +0530] GET /api/course/ HTTP/1.0***6.115***
[28/May/2024:21:58:38 +0530] GET /api/course/ HTTP/1.0***6.134***
[28/May/2024:21:58:38 +0530] GET /api/quiz/CS007.AG/authenticate/ HTTP/1.0***6.149***
[28/May/2024:21:58:38 +0530] GET /api/quiz/CS007.AG/info/ HTTP/1.0***7.401***
[28/May/2024:21:58:38 +0530] POST /api/quiz/9a158a8ea9d745cbba879871037a9e36/submit/ HTTP/1.0***6.489***
[28/May/2024:21:58:38 +0530] GET /api/quiz/CS007.AG/info/ HTTP/1.0***7.426***
[28/May/2024:21:58:38 +0530] GET /api/quiz/CS007.AG/info/ HTTP/1.0***7.451***
[28/May/2024:21:58:38 +0530] GET /api/course/ HTTP/1.0***6.571***
[28/May/2024:21:58:38 +0530] POST /api/quiz/6337eec5019f469cb53a8bc2b3f1469b/submit/ HTTP/1.0***6.715***
[28/May/2024:21:58:38 +0530] POST /api/quiz/4523cb0c575a4fcaae6d0c21ef44eb35/submit/ HTTP/1.0***6.765***
[28/May/2024:21:58:39 +0530] POST /api/quiz/b170be09930e487da01c859a4043b435/submit/ HTTP/1.0***6.960***
[28/May/2024:21:58:39 +0530] POST /api/quiz/2c52dfdc8448418cbf71d9fe91408b4d/submit/ HTTP/1.0***6.985***
[28/May/2024:21:58:39 +0530] POST /api/account/login/ HTTP/1.0***6.798***
[28/May/2024:21:58:39 +0530] POST /api/account/login/ HTTP/1.0***6.806***
[28/May/2024:21:58:39 +0530] POST /api/account/login/ HTTP/1.0***7.207***
[28/May/2024:21:58:39 +0530] POST /api/account/login/ HTTP/1.0***7.212***
[28/May/2024:21:58:40 +0530] POST /api/account/login/ HTTP/1.0***6.602***
[28/May/2024:21:58:40 +0530] POST /api/account/login/ HTTP/1.0***6.612***
[28/May/2024:21:58:40 +0530] GET /api/quiz/CS007.AG/download/ HTTP/1.0***6.148***
[28/May/2024:21:58:40 +0530] GET /api/quiz/CS007/downloadable-quizzes/ HTTP/1.0***6.236***
[28/May/2024:21:58:40 +0530] GET /api/quiz/CS007/downloadable-quizzes/ HTTP/1.0***6.209***
[28/May/2024:21:58:40 +0530] GET /api/quiz/CS007/downloadable-quizzes/ HTTP/1.0***6.209***
[28/May/2024:21:58:40 +0530] GET /api/quiz/CS007.AG/info/ HTTP/1.0***8.722***
[28/May/2024:21:58:40 +0530] POST /api/account/login/ HTTP/1.0***6.082***
[28/May/2024:21:58:40 +0530] POST /api/account/login/ HTTP/1.0***6.105***
[28/May/2024:21:58:40 +0530] GET /api/quiz/CS007/downloadable-quizzes/ HTTP/1.0***6.059***
[28/May/2024:21:58:40 +0530] GET /api/quiz/CS007/downloadable-quizzes/ HTTP/1.0***6.057***
[28/May/2024:21:58:40 +0530] GET /api/quiz/CS007/downloadable-quizzes/ HTTP/1.0***6.028***
[28/May/2024:21:58:40 +0530] GET /api/quiz/CS007.AG/download/ HTTP/1.0***5.601***
[28/May/2024:21:58:40 +0530] GET /api/course/ HTTP/1.0***5.646***
[28/May/2024:21:58:40 +0530] GET /api/quiz/CS007.AG/download/ HTTP/1.0***5.610***
[28/May/2024:21:58:40 +0530] GET /api/quiz/CS007.AG/download/ HTTP/1.0***5.613***
[28/May/2024:21:58:40 +0530] POST /api/account/login/ HTTP/1.0***6.187***
[28/May/2024:21:58:40 +0530] GET /api/quiz/CS007.AG/download/ HTTP/1.0***5.416***
[28/May/2024:21:58:40 +0530] GET /api/course/ HTTP/1.0***5.206***
[28/May/2024:21:58:41 +0530] GET /api/quiz/CS007/downloadable-quizzes/ HTTP/1.0***5.659***
[28/May/2024:21:58:41 +0530] GET /api/quiz/CS007/downloadable-quizzes/ HTTP/1.0***5.233***
[28/May/2024:21:58:41 +0530] GET /api/course/ HTTP/1.0***5.263***
[28/May/2024:21:58:41 +0530] GET /api/quiz/CS007/downloadable-quizzes/ HTTP/1.0***5.278***
[28/May/2024:21:58:41 +0530] GET /api/course/ HTTP/1.0***5.289***
[28/May/2024:21:58:41 +0530] POST /api/quiz/6aa20d96cce24c2592217032aa88bdaa/submit/ HTTP/1.0***5.823***
[28/May/2024:21:58:41 +0530] GET /api/quiz/CS007.AG/info/ HTTP/1.0***9.215***
[28/May/2024:21:58:41 +0530] POST /api/account/login/ HTTP/1.0***5.660***
[28/May/2024:21:58:41 +0530] GET /api/quiz/CS007.AG/authenticate/ HTTP/1.0***5.677***
[28/May/2024:21:58:41 +0530] GET /api/course/ HTTP/1.0***5.545***
[28/May/2024:21:58:41 +0530] POST /api/account/login/ HTTP/1.0***5.710***
[28/May/2024:21:58:41 +0530] GET /api/course/ HTTP/1.0***5.276***
[28/May/2024:21:58:41 +0530] GET /api/course/ HTTP/1.0***5.556***
[28/May/2024:21:58:41 +0530] GET /api/quiz/CS007.AG/authenticate/ HTTP/1.0***5.238***
[28/May/2024:21:58:41 +0530] POST /api/account/login/ HTTP/1.0***5.846***
[28/May/2024:21:58:41 +0530] GET /api/course/ HTTP/1.0***5.308***
[28/May/2024:21:58:41 +0530] POST /api/account/login/ HTTP/1.0***5.921***
[28/May/2024:21:58:42 +0530] GET /api/quiz/CS007.AG/info/ HTTP/1.0***9.986***
[28/May/2024:21:58:42 +0530] GET /api/quiz/CS007.AG/authenticate/ HTTP/1.0***5.819***
[28/May/2024:21:58:42 +0530] GET /api/course/ HTTP/1.0***5.826***
[28/May/2024:21:58:42 +0530] POST /api/quiz/a7d43a99062b411db07ea4fd60c7a345/submit/ HTTP/1.0***6.119***
[28/May/2024:21:58:42 +0530] POST /api/quiz/b76bbae326e948b4a806052cdbe9dd74/submit/ HTTP/1.0***6.351***
[28/May/2024:21:58:42 +0530] GET /api/quiz/CS007.AG/authenticate/ HTTP/1.0***6.365***
[28/May/2024:21:58:44 +0530] GET /api/quiz/CS007.AG/info/ HTTP/1.0***8.274***
[28/May/2024:21:58:44 +0530] GET /api/quiz/CS007.AG/info/ HTTP/1.0***8.348***
[28/May/2024:21:58:44 +0530] GET /api/quiz/CS007.AG/info/ HTTP/1.0***8.408***
[28/May/2024:21:58:44 +0530] GET /api/quiz/CS007.AG/info/ HTTP/1.0***8.502***
[28/May/2024:21:58:44 +0530] GET /api/quiz/CS007.AG/authenticate/ HTTP/1.0***8.334***
[28/May/2024:21:58:44 +0530] POST /api/quiz/83203f515e8a42a6a840c33d5a68b658/submit/ HTTP/1.0***8.423***
[28/May/2024:21:58:44 +0530] POST /api/quiz/1711376d33de4f9fa930fb1efc81da14/submit/ HTTP/1.0***8.404***
[28/May/2024:21:58:44 +0530] GET /api/quiz/CS007/downloadable-quizzes/ HTTP/1.0***8.299***
[28/May/2024:21:58:44 +0530] GET /api/quiz/CS007/downloadable-quizzes/ HTTP/1.0***8.271***
[28/May/2024:21:58:45 +0530] GET /api/quiz/CS007/downloadable-quizzes/ HTTP/1.0***8.163***
[28/May/2024:21:58:45 +0530] POST /api/quiz/90d31cb5b6a74eccb89942bdb98d04e0/submit/ HTTP/1.0***8.462***
[28/May/2024:21:58:45 +0530] POST /api/account/login/ HTTP/1.0***8.536***
[28/May/2024:21:58:45 +0530] POST /api/account/login/ HTTP/1.0***8.545***
[28/May/2024:21:58:45 +0530] POST /api/account/login/ HTTP/1.0***8.579***
[28/May/2024:21:58:45 +0530] POST /api/account/login/ HTTP/1.0***8.587***
[28/May/2024:21:58:45 +0530] GET /api/course/ HTTP/1.0***8.318***
[28/May/2024:21:58:45 +0530] GET /api/course/ HTTP/1.0***7.918***
[28/May/2024:21:58:45 +0530] POST /api/account/login/ HTTP/1.0***9.003***
[28/May/2024:21:58:45 +0530] POST /api/account/login/ HTTP/1.0***9.004***
[28/May/2024:21:58:45 +0530] GET /api/course/ HTTP/1.0***7.538***
[28/May/2024:21:58:45 +0530] GET /api/course/ HTTP/1.0***7.915***
[28/May/2024:21:58:45 +0530] POST /api/account/login/ HTTP/1.0***8.107***
[28/May/2024:21:58:45 +0530] POST /api/account/login/ HTTP/1.0***8.116***
[28/May/2024:21:58:45 +0530] GET /api/quiz/CS007.AG/download/ HTTP/1.0***6.752***
[28/May/2024:21:58:45 +0530] GET /api/quiz/CS007/downloadable-quizzes/ HTTP/1.0***7.576***
[28/May/2024:21:58:45 +0530] GET /api/quiz/CS007.AG/info/ HTTP/1.0***9.469***
[28/May/2024:21:58:45 +0530] GET /api/quiz/CS007/downloadable-quizzes/ HTTP/1.0***6.794***
[28/May/2024:21:58:45 +0530] GET /api/quiz/CS007.AG/download/ HTTP/1.0***6.612***
[28/May/2024:21:58:46 +0530] GET /api/quiz/CS007/downloadable-quizzes/ HTTP/1.0***6.793***
[28/May/2024:21:58:46 +0530] GET /api/quiz/CS007.AG/download/ HTTP/1.0***6.379***
[28/May/2024:21:58:46 +0530] GET /api/quiz/CS007.AG/download/ HTTP/1.0***6.343***
[28/May/2024:21:58:46 +0530] GET /api/quiz/CS007/downloadable-quizzes/ HTTP/1.0***6.367***
[28/May/2024:21:58:46 +0530] POST /api/quiz/27eff5f3b92747c2ab4293f99c89c1a4/submit/ HTTP/1.0***6.932***
[28/May/2024:21:58:46 +0530] POST /api/account/login/ HTTP/1.0***7.477***
[28/May/2024:21:58:46 +0530] POST /api/account/login/ HTTP/1.0***7.501***
[28/May/2024:21:58:46 +0530] GET /api/course/ HTTP/1.0***5.720***
[28/May/2024:21:58:46 +0530] GET /api/course/ HTTP/1.0***5.731***
[28/May/2024:21:58:46 +0530] POST /api/account/login/ HTTP/1.0***6.612***
[28/May/2024:21:58:46 +0530] POST /api/account/login/ HTTP/1.0***6.661***
[28/May/2024:21:58:46 +0530] POST /api/account/login/ HTTP/1.0***6.818***
[28/May/2024:21:58:46 +0530] POST /api/account/login/ HTTP/1.0***5.841***
[28/May/2024:21:58:46 +0530] POST /api/account/login/ HTTP/1.0***5.842***
[28/May/2024:21:58:46 +0530] GET /api/course/ HTTP/1.0***5.760***
[28/May/2024:21:58:46 +0530] GET /api/course/ HTTP/1.0***5.777***
[28/May/2024:21:58:46 +0530] GET /api/course/ HTTP/1.0***5.444***
[28/May/2024:21:58:46 +0530] GET /api/course/ HTTP/1.0***5.457***
[28/May/2024:21:58:46 +0530] POST /api/account/login/ HTTP/1.0***5.960***
[28/May/2024:21:58:46 +0530] GET /api/quiz/CS007.AG/authenticate/ HTTP/1.0***5.480***
[28/May/2024:21:58:46 +0530] POST /api/account/login/ HTTP/1.0***6.126***
[28/May/2024:21:58:47 +0530] POST /api/account/login/ HTTP/1.0***6.149***
[28/May/2024:21:58:47 +0530] GET /api/quiz/CS007.AG/download/ HTTP/1.0***5.483***
[28/May/2024:21:58:47 +0530] POST /api/account/login/ HTTP/1.0***6.238***
[28/May/2024:21:58:47 +0530] POST /api/account/login/ HTTP/1.0***5.696***
[28/May/2024:21:58:47 +0530] GET /api/course/ HTTP/1.0***5.653***
[28/May/2024:21:58:47 +0530] GET /api/course/ HTTP/1.0***5.677***
[28/May/2024:21:58:47 +0530] POST /api/account/login/ HTTP/1.0***5.791***
[28/May/2024:21:58:53 +0530] GET /api/quiz/CS007.AG/info/ HTTP/1.0***12.340***
[28/May/2024:21:58:53 +0530] GET /api/quiz/CS007.AG/info/ HTTP/1.0***12.344***
[28/May/2024:21:58:53 +0530] GET /api/quiz/CS007.AG/info/ HTTP/1.0***12.309***
[28/May/2024:21:58:53 +0530] GET /api/quiz/CS007.AG/authenticate/ HTTP/1.0***11.920***
[28/May/2024:21:58:53 +0530] GET /api/quiz/CS007.AG/authenticate/ HTTP/1.0***11.927***
[28/May/2024:21:58:53 +0530] GET /api/quiz/CS007.AG/authenticate/ HTTP/1.0***11.948***
[28/May/2024:21:58:53 +0530] GET /api/course/ HTTP/1.0***11.977***
[28/May/2024:21:58:53 +0530] GET /api/quiz/CS007/downloadable-quizzes/ HTTP/1.0***12.021***
[28/May/2024:21:58:53 +0530] GET /api/quiz/CS007.AG/authenticate/ HTTP/1.0***11.982***
[28/May/2024:21:58:54 +0530] GET /api/quiz/CS007.AG/info/ HTTP/1.0***12.147***
[28/May/2024:21:58:54 +0530] GET /api/quiz/CS007/downloadable-quizzes/ HTTP/1.0***12.040***
[28/May/2024:21:58:54 +0530] GET /api/quiz/CS007.AG/info/ HTTP/1.0***12.147***
[28/May/2024:21:58:54 +0530] GET /api/quiz/CS007/downloadable-quizzes/ HTTP/1.0***12.052***
[28/May/2024:21:58:54 +0530] GET /api/quiz/CS007/downloadable-quizzes/ HTTP/1.0***12.092***
[28/May/2024:21:58:54 +0530] GET /api/quiz/CS007.AG/download/ HTTP/1.0***11.884***
[28/May/2024:21:58:54 +0530] GET /api/course/ HTTP/1.0***11.763***
[28/May/2024:21:58:54 +0530] POST /api/quiz/1ca5ced9340045e6bdfdefff05721d16/submit/ HTTP/1.0***12.008***
[28/May/2024:21:58:54 +0530] GET /api/course/ HTTP/1.0***12.010***
[28/May/2024:21:58:54 +0530] GET /api/quiz/CS007/downloadable-quizzes/ HTTP/1.0***12.070***
[28/May/2024:21:58:54 +0530] GET /api/quiz/CS007/downloadable-quizzes/ HTTP/1.0***12.120***
[28/May/2024:21:58:54 +0530] GET /api/quiz/CS007/downloadable-quizzes/ HTTP/1.0***12.182***
[28/May/2024:21:58:54 +0530] POST /api/quiz/b41dbef591104176a78ae9041ac4f15e/submit/ HTTP/1.0***12.390***
[28/May/2024:21:58:54 +0530] GET /api/course/ HTTP/1.0***12.339***
[28/May/2024:21:58:55 +0530] GET /api/quiz/CS007/downloadable-quizzes/ HTTP/1.0***12.376***
[28/May/2024:21:58:55 +0530] GET /api/course/ HTTP/1.0***12.352***
[28/May/2024:21:58:55 +0530] POST /api/account/login/ HTTP/1.0***12.644***
[28/May/2024:21:58:55 +0530] GET /api/course/ HTTP/1.0***8.732***
[28/May/2024:21:58:55 +0530] GET /api/quiz/CS007.AG/download/ HTTP/1.0***0.802***
[28/May/2024:21:58:55 +0530] POST /api/quiz/6f6ac7f1385840d2a45eb958d4cb3a5b/submit/ HTTP/1.0***0.742***
[28/May/2024:21:58:55 +0530] POST /api/account/login/ HTTP/1.0***9.795***
[28/May/2024:21:58:55 +0530] POST /api/account/login/ HTTP/1.0***10.791***
[28/May/2024:21:58:55 +0530] GET /api/course/ HTTP/1.0***9.199***
[28/May/2024:21:58:55 +0530] POST /api/quiz/505e10b723544dc18656b8430d286cb1/submit/ HTTP/1.0***0.715***
[28/May/2024:21:58:55 +0530] POST /api/account/login/ HTTP/1.0***11.792***
[28/May/2024:21:58:55 +0530] GET /api/quiz/CS007/downloadable-quizzes/ HTTP/1.0***7.809***
[28/May/2024:21:58:55 +0530] GET /api/quiz/CS007.AG/authenticate/ HTTP/1.0***8.716***
[28/May/2024:21:58:55 +0530] GET /api/quiz/CS007/downloadable-quizzes/ HTTP/1.0***7.072***
[28/May/2024:21:58:55 +0530] GET /api/quiz/CS007.AG/info/ HTTP/1.0***0.034***
[28/May/2024:21:58:55 +0530] POST /api/account/login/ HTTP/1.0***12.792***
[28/May/2024:21:58:55 +0530] GET /api/quiz/CS007/downloadable-quizzes/ HTTP/1.0***7.832***
[28/May/2024:21:58:55 +0530] GET /api/course/ HTTP/1.0***8.776***
[28/May/2024:21:58:55 +0530] GET /api/quiz/CS007.AG/authenticate/ HTTP/1.0***7.582***
[28/May/2024:21:58:55 +0530] POST /api/quiz/53388d8d96e344e899f8d46abd15ef6a/submit/ HTTP/1.0***9.711***
[28/May/2024:21:58:55 +0530] POST /api/account/login/ HTTP/1.0***11.793***
[28/May/2024:21:58:55 +0530] GET /api/quiz/CS007.AG/info/ HTTP/1.0***0.510***
[28/May/2024:21:58:55 +0530] GET /api/course/ HTTP/1.0***9.244***
[28/May/2024:21:58:55 +0530] POST /api/quiz/0e817b9eee2d414bb2753fd5cf5e0c06/submit/ HTTP/1.0***11.795***
[28/May/2024:21:58:55 +0530] GET /api/quiz/CS007.AG/authenticate/ HTTP/1.0***8.603***
[28/May/2024:21:58:55 +0530] GET /api/quiz/CS007/downloadable-quizzes/ HTTP/1.0***8.318***
[28/May/2024:21:58:55 +0530] GET /api/course/ HTTP/1.0***8.780***
[28/May/2024:21:58:55 +0530] POST /api/account/login/ HTTP/1.0***11.793***
[28/May/2024:21:58:55 +0530] GET /api/quiz/CS007/downloadable-quizzes/ HTTP/1.0***8.341***
[28/May/2024:21:58:55 +0530] GET /api/quiz/CS007.AG/authenticate/ HTTP/1.0***8.597***
[28/May/2024:21:58:55 +0530] GET /api/quiz/CS007.AG/download/ HTTP/1.0***12.449***
[28/May/2024:21:58:55 +0530] POST /api/account/login/ HTTP/1.0***12.792***
[28/May/2024:21:58:55 +0530] GET /api/quiz/CS007/downloadable-quizzes/ HTTP/1.0***7.863***
[28/May/2024:21:58:55 +0530] GET /api/quiz/CS007.AG/info/ HTTP/1.0***0.447***
[28/May/2024:21:58:55 +0530] POST /api/quiz/0248427f2cb044c09c1b8754ce7a57db/submit/ HTTP/1.0***12.422***
[28/May/2024:21:58:55 +0530] GET /api/quiz/CS007/downloadable-quizzes/ HTTP/1.0***7.890***
[28/May/2024:21:58:55 +0530] GET /api/quiz/CS007/downloadable-quizzes/ HTTP/1.0***0.092***
[28/May/2024:21:58:55 +0530] GET /api/quiz/CS007/downloadable-quizzes/ HTTP/1.0***8.750***
[28/May/2024:21:58:55 +0530] POST /api/quiz/2a6ad32304d443f6995f9ef8a8f93fac/submit/ HTTP/1.0***7.787***
[28/May/2024:21:58:55 +0530] POST /api/account/login/ HTTP/1.0***10.796***
[28/May/2024:21:58:55 +0530] GET /api/quiz/CS007.AG/download/ HTTP/1.0***9.850***
[28/May/2024:21:58:55 +0530] GET /api/course/ HTTP/1.0***7.030***
[28/May/2024:21:58:55 +0530] GET /api/quiz/CS007/downloadable-quizzes/ HTTP/1.0***8.752***
[28/May/2024:21:58:55 +0530] POST /api/account/login/ HTTP/1.0***10.794***
[28/May/2024:21:58:55 +0530] GET /api/quiz/CS007.AG/download/ HTTP/1.0***9.999***
[28/May/2024:21:58:55 +0530] GET /api/course/ HTTP/1.0***9.197***
[28/May/2024:21:58:55 +0530] GET /api/quiz/CS007/downloadable-quizzes/ HTTP/1.0***9.166***
[28/May/2024:21:58:55 +0530] GET /api/quiz/CS007.AG/download/ HTTP/1.0***8.684***
[28/May/2024:21:58:55 +0530] GET /api/quiz/CS007/downloadable-quizzes/ HTTP/1.0***9.170***
[28/May/2024:21:58:55 +0530] GET /api/quiz/CS007.AG/authenticate/ HTTP/1.0***8.630***
[28/May/2024:21:58:55 +0530] POST /api/quiz/8d075620a02d4f6d908ad9f204fde1b7/submit/ HTTP/1.0***0.667***
[28/May/2024:21:58:55 +0530] GET /api/quiz/CS007.AG/info/ HTTP/1.0***0.677***
[28/May/2024:21:58:55 +0530] GET /api/quiz/CS007.AG/info/ HTTP/1.0***0.582***
[28/May/2024:21:58:55 +0530] GET /api/course/ HTTP/1.0***8.202***
[28/May/2024:21:58:55 +0530] GET /api/quiz/CS007.AG/download/ HTTP/1.0***9.996***
[28/May/2024:21:58:55 +0530] GET /api/quiz/CS007/downloadable-quizzes/ HTTP/1.0***0.406***
[28/May/2024:21:58:55 +0530] GET /api/quiz/CS007.AG/download/ HTTP/1.0***9.750***
[28/May/2024:21:58:55 +0530] GET /api/quiz/CS007.AG/info/ HTTP/1.0***13.565***
[28/May/2024:21:58:55 +0530] GET /api/quiz/CS007.AG/download/ HTTP/1.0***0.810***
[28/May/2024:21:58:55 +0530] POST /api/quiz/cac8c875eebd4d0ca0d8235ff611fafd/submit/ HTTP/1.0***0.781***
[28/May/2024:21:58:55 +0530] GET /api/quiz/CS007.AG/info/ HTTP/1.0***8.552***
[28/May/2024:21:58:55 +0530] GET /api/quiz/CS007/downloadable-quizzes/ HTTP/1.0***0.699***
[28/May/2024:21:58:55 +0530] GET /api/quiz/CS007.AG/download/ HTTP/1.0***0.577***
[28/May/2024:21:58:55 +0530] GET /api/quiz/CS007.AG/info/ HTTP/1.0***13.733***
[28/May/2024:21:58:55 +0530] GET /api/quiz/CS007.AG/info/ HTTP/1.0***8.654***
[28/May/2024:21:58:55 +0530] GET /api/quiz/CS007.AG/info/ HTTP/1.0***9.647***
[28/May/2024:21:58:55 +0530] GET /api/quiz/CS007.AG/info/ HTTP/1.0***9.630***
[28/May/2024:21:58:55 +0530] GET /api/quiz/CS007.AG/download/ HTTP/1.0***0.607***
[28/May/2024:21:58:55 +0530] POST /api/account/login/ HTTP/1.0***9.804***
[28/May/2024:21:58:55 +0530] GET /api/quiz/CS007.AG/info/ HTTP/1.0***13.607***
[28/May/2024:21:58:55 +0530] GET /api/course/ HTTP/1.0***7.919***
[28/May/2024:21:58:55 +0530] GET /api/quiz/CS007.AG/download/ HTTP/1.0***0.811***
[28/May/2024:21:58:55 +0530] GET /api/quiz/CS007.AG/info/ HTTP/1.0***8.695***
[28/May/2024:21:58:55 +0530] GET /api/quiz/CS007.AG/info/ HTTP/1.0***8.626***
[28/May/2024:21:58:55 +0530] GET /api/course/ HTTP/1.0***7.522***
[28/May/2024:21:58:55 +0530] GET /api/course/ HTTP/1.0***7.802***
[28/May/2024:21:58:55 +0530] GET /api/course/ HTTP/1.0***7.610***
[28/May/2024:21:58:55 +0530] GET /api/course/ HTTP/1.0***7.919***
[28/May/2024:21:58:55 +0530] GET /api/course/ HTTP/1.0***7.634***
[28/May/2024:21:58:55 +0530] GET /api/quiz/CS007/downloadable-quizzes/ HTTP/1.0***12.402***
[28/May/2024:21:58:55 +0530] GET /api/course/ HTTP/1.0***7.995***
[28/May/2024:21:58:55 +0530] GET /api/quiz/CS007.AG/info/ HTTP/1.0***9.663***
[28/May/2024:21:58:55 +0530] GET /api/quiz/CS007/downloadable-quizzes/ HTTP/1.0***7.107***
[28/May/2024:21:58:55 +0530] GET /api/course/ HTTP/1.0***8.154***
[28/May/2024:21:58:55 +0530] GET /api/quiz/CS007.AG/info/ HTTP/1.0***13.628***
[28/May/2024:21:58:55 +0530] GET /api/course/ HTTP/1.0***9.253***
[28/May/2024:21:58:55 +0530] GET /api/course/ HTTP/1.0***8.377***
[28/May/2024:21:58:55 +0530] GET /api/quiz/CS007.AG/authenticate/ HTTP/1.0***0.440***
[28/May/2024:21:58:55 +0530] GET /api/course/ HTTP/1.0***8.755***
[28/May/2024:21:58:55 +0530] GET /api/course/ HTTP/1.0***8.360***
[28/May/2024:21:58:55 +0530] GET /api/course/ HTTP/1.0***7.141***
[28/May/2024:21:59:04 +0530] GET /sys_perf_check/2024-05-28_16-27-54-end/100/ HTTP/1.0***8.828***
[28/May/2024:21:59:04 +0530] GET /sys_perf_check/2024-05-28_16-27-54-END/0/ HTTP/1.0***0.014***
