[11/Mar/2024:14:51:43 +0530] GET /sys_perf_check/2024-03-11_09-21-39-START/0/ HTTP/1.0***0.016***
[11/Mar/2024:14:51:43 +0530] GET /sys_perf_check/2024-03-11_09-21-39-start/100/ HTTP/1.0***0.017***
[11/Mar/2024:14:51:45 +0530] POST /api/account/login/ HTTP/1.0***0.434***
[11/Mar/2024:14:51:45 +0530] POST /api/account/login/ HTTP/1.0***0.443***
[11/Mar/2024:14:51:46 +0530] POST /api/account/login/ HTTP/1.0***0.376***
[11/Mar/2024:14:51:46 +0530] POST /api/account/login/ HTTP/1.0***0.391***
[11/Mar/2024:14:51:46 +0530] GET /api/course/ HTTP/1.0***0.030***
[11/Mar/2024:14:51:46 +0530] GET /api/course/ HTTP/1.0***0.035***
[11/Mar/2024:14:51:47 +0530] POST /api/account/login/ HTTP/1.0***0.405***
[11/Mar/2024:14:51:47 +0530] POST /api/account/login/ HTTP/1.0***0.405***
[11/Mar/2024:14:51:47 +0530] GET /api/course/ HTTP/1.0***0.033***
[11/Mar/2024:14:51:47 +0530] GET /api/course/ HTTP/1.0***0.031***
[11/Mar/2024:14:51:47 +0530] GET /api/quiz/CS007/downloadable-quizzes/ HTTP/1.0***0.073***
[11/Mar/2024:14:51:47 +0530] GET /api/quiz/CS007/downloadable-quizzes/ HTTP/1.0***0.073***
[11/Mar/2024:14:51:48 +0530] POST /api/account/login/ HTTP/1.0***0.406***
[11/Mar/2024:14:51:48 +0530] POST /api/account/login/ HTTP/1.0***0.419***
[11/Mar/2024:14:51:48 +0530] GET /api/course/ HTTP/1.0***0.029***
[11/Mar/2024:14:51:48 +0530] GET /api/course/ HTTP/1.0***0.028***
[11/Mar/2024:14:51:48 +0530] GET /api/quiz/CS007/downloadable-quizzes/ HTTP/1.0***0.079***
[11/Mar/2024:14:51:48 +0530] GET /api/quiz/CS007/downloadable-quizzes/ HTTP/1.0***0.077***
[11/Mar/2024:14:51:49 +0530] GET /api/course/ HTTP/1.0***0.030***
[11/Mar/2024:14:51:49 +0530] GET /api/course/ HTTP/1.0***0.032***
[11/Mar/2024:14:51:49 +0530] POST /api/account/login/ HTTP/1.0***0.384***
[11/Mar/2024:14:51:49 +0530] GET /api/quiz/CS007/downloadable-quizzes/ HTTP/1.0***0.084***
[11/Mar/2024:14:51:49 +0530] GET /api/quiz/CS007/downloadable-quizzes/ HTTP/1.0***0.090***
[11/Mar/2024:14:51:49 +0530] POST /api/account/login/ HTTP/1.0***0.412***
[11/Mar/2024:14:51:50 +0530] POST /api/account/login/ HTTP/1.0***0.492***
[11/Mar/2024:14:51:50 +0530] POST /api/account/login/ HTTP/1.0***0.488***
[11/Mar/2024:14:51:50 +0530] GET /api/course/ HTTP/1.0***0.032***
[11/Mar/2024:14:51:50 +0530] GET /api/course/ HTTP/1.0***0.035***
[11/Mar/2024:14:51:50 +0530] GET /api/quiz/CS007/downloadable-quizzes/ HTTP/1.0***0.217***
[11/Mar/2024:14:51:50 +0530] GET /api/quiz/CS007/downloadable-quizzes/ HTTP/1.0***0.218***
[11/Mar/2024:14:51:51 +0530] POST /api/account/login/ HTTP/1.0***0.405***
[11/Mar/2024:14:51:51 +0530] POST /api/account/login/ HTTP/1.0***0.433***
[11/Mar/2024:14:51:51 +0530] GET /api/course/ HTTP/1.0***0.032***
[11/Mar/2024:14:51:51 +0530] GET /api/course/ HTTP/1.0***0.035***
[11/Mar/2024:14:51:51 +0530] GET /api/quiz/CS007/downloadable-quizzes/ HTTP/1.0***0.078***
[11/Mar/2024:14:51:51 +0530] GET /api/quiz/CS007/downloadable-quizzes/ HTTP/1.0***0.080***
[11/Mar/2024:14:51:52 +0530] POST /api/account/login/ HTTP/1.0***0.489***
[11/Mar/2024:14:51:52 +0530] POST /api/account/login/ HTTP/1.0***0.494***
[11/Mar/2024:14:51:52 +0530] GET /api/quiz/CS007.QB/info/ HTTP/1.0***3.857***
[11/Mar/2024:14:51:52 +0530] GET /api/course/ HTTP/1.0***0.032***
[11/Mar/2024:14:51:52 +0530] GET /api/course/ HTTP/1.0***0.035***
[11/Mar/2024:14:51:52 +0530] GET /api/quiz/CS007.QB/info/ HTTP/1.0***3.999***
[11/Mar/2024:14:51:52 +0530] GET /api/quiz/CS007/downloadable-quizzes/ HTTP/1.0***0.124***
[11/Mar/2024:14:51:52 +0530] GET /api/quiz/CS007/downloadable-quizzes/ HTTP/1.0***0.127***
[11/Mar/2024:14:51:53 +0530] POST /api/account/login/ HTTP/1.0***0.503***
[11/Mar/2024:14:51:53 +0530] POST /api/account/login/ HTTP/1.0***0.482***
[11/Mar/2024:14:51:53 +0530] GET /api/course/ HTTP/1.0***0.029***
[11/Mar/2024:14:51:53 +0530] GET /api/course/ HTTP/1.0***0.036***
[11/Mar/2024:14:51:53 +0530] GET /api/quiz/CS007.QB/download/ HTTP/1.0***0.027***
[11/Mar/2024:14:51:53 +0530] GET /api/quiz/CS007/downloadable-quizzes/ HTTP/1.0***0.169***
[11/Mar/2024:14:51:53 +0530] GET /api/quiz/CS007/downloadable-quizzes/ HTTP/1.0***0.170***
[11/Mar/2024:14:51:53 +0530] GET /api/quiz/CS007.QB/download/ HTTP/1.0***0.026***
[11/Mar/2024:14:51:54 +0530] GET /api/course/ HTTP/1.0***0.033***
[11/Mar/2024:14:51:54 +0530] GET /api/course/ HTTP/1.0***0.036***
[11/Mar/2024:14:51:54 +0530] POST /api/account/login/ HTTP/1.0***0.854***
[11/Mar/2024:14:51:54 +0530] POST /api/account/login/ HTTP/1.0***0.858***
[11/Mar/2024:14:51:54 +0530] GET /api/quiz/CS007/downloadable-quizzes/ HTTP/1.0***0.360***
[11/Mar/2024:14:51:55 +0530] GET /api/quiz/CS007.QB/authenticate/ HTTP/1.0***0.497***
[11/Mar/2024:14:51:55 +0530] GET /api/quiz/CS007/downloadable-quizzes/ HTTP/1.0***0.541***
[11/Mar/2024:14:51:55 +0530] GET /api/quiz/CS007.QB/authenticate/ HTTP/1.0***0.327***
[11/Mar/2024:14:51:55 +0530] GET /api/quiz/CS007.QB/info/ HTTP/1.0***5.891***
[11/Mar/2024:14:51:55 +0530] GET /api/quiz/CS007.QB/info/ HTTP/1.0***5.892***
[11/Mar/2024:14:51:55 +0530] POST /api/account/login/ HTTP/1.0***0.698***
[11/Mar/2024:14:51:55 +0530] POST /api/account/login/ HTTP/1.0***0.695***
[11/Mar/2024:14:51:55 +0530] GET /api/quiz/CS007/downloadable-quizzes/ HTTP/1.0***0.140***
[11/Mar/2024:14:51:55 +0530] GET /api/quiz/CS007/downloadable-quizzes/ HTTP/1.0***0.139***
[11/Mar/2024:14:51:55 +0530] GET /api/course/ HTTP/1.0***0.036***
[11/Mar/2024:14:51:55 +0530] GET /api/course/ HTTP/1.0***0.036***
[11/Mar/2024:14:51:56 +0530] GET /api/quiz/CS007.QB/info/ HTTP/1.0***5.558***
[11/Mar/2024:14:51:56 +0530] GET /api/quiz/CS007.QB/info/ HTTP/1.0***5.564***
[11/Mar/2024:14:51:56 +0530] POST /api/account/login/ HTTP/1.0***0.402***
[11/Mar/2024:14:51:56 +0530] POST /api/account/login/ HTTP/1.0***0.462***
[11/Mar/2024:14:51:56 +0530] GET /api/quiz/CS007.QB/download/ HTTP/1.0***0.023***
[11/Mar/2024:14:51:56 +0530] GET /api/quiz/CS007.QB/download/ HTTP/1.0***0.023***
[11/Mar/2024:14:51:56 +0530] GET /api/course/ HTTP/1.0***0.034***
[11/Mar/2024:14:51:56 +0530] GET /api/course/ HTTP/1.0***0.035***
[11/Mar/2024:14:51:56 +0530] POST /api/quiz/e89920d4c0654a6db9140ad42d0ae2c0/submit/ HTTP/1.0***0.944***
[11/Mar/2024:14:51:57 +0530] GET /api/quiz/CS007/downloadable-quizzes/ HTTP/1.0***0.088***
[11/Mar/2024:14:51:57 +0530] GET /api/quiz/CS007.QB/download/ HTTP/1.0***0.023***
[11/Mar/2024:14:51:57 +0530] GET /api/quiz/CS007.QB/download/ HTTP/1.0***0.028***
[11/Mar/2024:14:51:57 +0530] GET /api/quiz/CS007/downloadable-quizzes/ HTTP/1.0***0.094***
[11/Mar/2024:14:51:57 +0530] POST /api/quiz/6555700b11864907941d0593a86da212/submit/ HTTP/1.0***0.921***
[11/Mar/2024:14:51:57 +0530] GET /api/quiz/CS007.QB/info/ HTTP/1.0***5.456***
[11/Mar/2024:14:51:57 +0530] GET /api/quiz/CS007.QB/info/ HTTP/1.0***5.464***
[11/Mar/2024:14:51:57 +0530] GET /api/course/ HTTP/1.0***0.031***
[11/Mar/2024:14:51:57 +0530] GET /api/course/ HTTP/1.0***0.028***
[11/Mar/2024:14:51:57 +0530] POST /api/account/login/ HTTP/1.0***0.473***
[11/Mar/2024:14:51:57 +0530] POST /api/account/login/ HTTP/1.0***0.482***
[11/Mar/2024:14:51:57 +0530] GET /api/quiz/CS007.QB/authenticate/ HTTP/1.0***0.148***
[11/Mar/2024:14:51:57 +0530] GET /api/quiz/CS007.QB/authenticate/ HTTP/1.0***0.150***
[11/Mar/2024:14:51:57 +0530] GET /api/quiz/CS007/downloadable-quizzes/ HTTP/1.0***0.138***
[11/Mar/2024:14:51:57 +0530] GET /api/quiz/CS007/downloadable-quizzes/ HTTP/1.0***0.139***
[11/Mar/2024:14:51:57 +0530] GET /api/quiz/CS007.QB/info/ HTTP/1.0***5.318***
[11/Mar/2024:14:51:57 +0530] GET /api/quiz/CS007.QB/info/ HTTP/1.0***5.359***
[11/Mar/2024:14:51:58 +0530] GET /api/quiz/CS007.QB/authenticate/ HTTP/1.0***0.146***
[11/Mar/2024:14:51:58 +0530] GET /api/quiz/CS007.QB/authenticate/ HTTP/1.0***0.157***
[11/Mar/2024:14:51:58 +0530] GET /api/quiz/CS007.QB/download/ HTTP/1.0***0.020***
[11/Mar/2024:14:51:58 +0530] GET /api/quiz/CS007.QB/download/ HTTP/1.0***0.025***
[11/Mar/2024:14:51:58 +0530] POST /api/account/login/ HTTP/1.0***0.412***
[11/Mar/2024:14:51:58 +0530] POST /api/account/login/ HTTP/1.0***0.412***
[11/Mar/2024:14:51:58 +0530] GET /api/quiz/CS007/downloadable-quizzes/ HTTP/1.0***0.085***
[11/Mar/2024:14:51:58 +0530] GET /api/course/ HTTP/1.0***0.037***
[11/Mar/2024:14:51:58 +0530] GET /api/course/ HTTP/1.0***0.034***
[11/Mar/2024:14:51:58 +0530] GET /api/quiz/CS007/downloadable-quizzes/ HTTP/1.0***0.085***
[11/Mar/2024:14:51:58 +0530] GET /api/quiz/CS007.QB/info/ HTTP/1.0***4.751***
[11/Mar/2024:14:51:58 +0530] GET /api/quiz/CS007.QB/info/ HTTP/1.0***4.753***
[11/Mar/2024:14:51:58 +0530] GET /api/quiz/CS007.QB/info/ HTTP/1.0***3.785***
[11/Mar/2024:14:51:58 +0530] GET /api/quiz/CS007.QB/info/ HTTP/1.0***3.785***
[11/Mar/2024:14:51:59 +0530] GET /api/quiz/CS007.QB/download/ HTTP/1.0***0.023***
[11/Mar/2024:14:51:59 +0530] GET /api/quiz/CS007.QB/download/ HTTP/1.0***0.026***
[11/Mar/2024:14:51:59 +0530] GET /api/quiz/CS007.QB/info/ HTTP/1.0***3.262***
[11/Mar/2024:14:51:59 +0530] GET /api/quiz/CS007.QB/authenticate/ HTTP/1.0***0.100***
[11/Mar/2024:14:51:59 +0530] GET /api/quiz/CS007.QB/authenticate/ HTTP/1.0***0.106***
[11/Mar/2024:14:51:59 +0530] POST /api/account/login/ HTTP/1.0***0.418***
[11/Mar/2024:14:51:59 +0530] POST /api/account/login/ HTTP/1.0***0.423***
[11/Mar/2024:14:51:59 +0530] POST /api/account/login/ HTTP/1.0***0.418***
[11/Mar/2024:14:51:59 +0530] GET /api/quiz/CS007.QB/info/ HTTP/1.0***3.270***
[11/Mar/2024:14:51:59 +0530] GET /api/course/ HTTP/1.0***0.030***
[11/Mar/2024:14:51:59 +0530] GET /api/course/ HTTP/1.0***0.032***
[11/Mar/2024:14:51:59 +0530] POST /api/account/login/ HTTP/1.0***0.444***
[11/Mar/2024:14:51:59 +0530] GET /api/quiz/CS007/downloadable-quizzes/ HTTP/1.0***0.079***
[11/Mar/2024:14:51:59 +0530] GET /api/quiz/CS007.QB/download/ HTTP/1.0***0.021***
[11/Mar/2024:14:51:59 +0530] GET /api/quiz/CS007.QB/download/ HTTP/1.0***0.023***
[11/Mar/2024:14:51:59 +0530] GET /api/quiz/CS007.QB/download/ HTTP/1.0***0.025***
[11/Mar/2024:14:51:59 +0530] GET /api/quiz/CS007.QB/download/ HTTP/1.0***0.027***
[11/Mar/2024:14:51:59 +0530] POST /api/quiz/dd158f5b02a348d2a591fd7a02407a91/submit/ HTTP/1.0***0.990***
[11/Mar/2024:14:51:59 +0530] GET /api/quiz/CS007/downloadable-quizzes/ HTTP/1.0***0.116***
[11/Mar/2024:14:51:59 +0530] POST /api/quiz/a283ff54f3de4e59975061ab54b5872e/submit/ HTTP/1.0***1.104***
[11/Mar/2024:14:51:59 +0530] GET /api/quiz/CS007.QB/info/ HTTP/1.0***3.263***
[11/Mar/2024:14:52:00 +0530] GET /api/quiz/CS007.QB/authenticate/ HTTP/1.0***0.110***
[11/Mar/2024:14:52:00 +0530] GET /api/quiz/CS007.QB/authenticate/ HTTP/1.0***0.111***
[11/Mar/2024:14:52:00 +0530] GET /api/quiz/CS007.QB/info/ HTTP/1.0***3.481***
[11/Mar/2024:14:52:00 +0530] GET /api/quiz/CS007.QB/download/ HTTP/1.0***0.022***
[11/Mar/2024:14:52:00 +0530] POST /api/quiz/ab0e2e58a3fb42ff9be03597eafbb7e8/submit/ HTTP/1.0***0.910***
[11/Mar/2024:14:52:00 +0530] POST /api/account/login/ HTTP/1.0***0.443***
[11/Mar/2024:14:52:00 +0530] POST /api/account/login/ HTTP/1.0***0.439***
[11/Mar/2024:14:52:00 +0530] POST /api/quiz/ce25cc9590624661bc2ae33d22ba132f/submit/ HTTP/1.0***1.099***
[11/Mar/2024:14:52:00 +0530] GET /api/quiz/CS007.QB/download/ HTTP/1.0***0.021***
[11/Mar/2024:14:52:00 +0530] GET /api/course/ HTTP/1.0***0.033***
[11/Mar/2024:14:52:00 +0530] GET /api/course/ HTTP/1.0***0.033***
[11/Mar/2024:14:52:00 +0530] GET /api/course/ HTTP/1.0***0.035***
[11/Mar/2024:14:52:00 +0530] GET /api/course/ HTTP/1.0***0.030***
[11/Mar/2024:14:52:00 +0530] GET /api/quiz/CS007/downloadable-quizzes/ HTTP/1.0***0.081***
[11/Mar/2024:14:52:00 +0530] GET /api/quiz/CS007/downloadable-quizzes/ HTTP/1.0***0.081***
[11/Mar/2024:14:52:00 +0530] GET /api/quiz/CS007.QB/authenticate/ HTTP/1.0***0.124***
[11/Mar/2024:14:52:00 +0530] GET /api/quiz/CS007.QB/authenticate/ HTTP/1.0***0.133***
[11/Mar/2024:14:52:00 +0530] GET /api/quiz/CS007.QB/authenticate/ HTTP/1.0***0.131***
[11/Mar/2024:14:52:00 +0530] GET /api/quiz/CS007.QB/authenticate/ HTTP/1.0***0.130***
[11/Mar/2024:14:52:01 +0530] GET /api/quiz/CS007.QB/download/ HTTP/1.0***0.023***
[11/Mar/2024:14:52:01 +0530] GET /api/quiz/CS007.QB/download/ HTTP/1.0***0.022***
[11/Mar/2024:14:52:01 +0530] GET /api/quiz/CS007.QB/authenticate/ HTTP/1.0***0.104***
[11/Mar/2024:14:52:01 +0530] POST /api/account/login/ HTTP/1.0***0.379***
[11/Mar/2024:14:52:01 +0530] GET /api/quiz/CS007.QB/info/ HTTP/1.0***3.306***
[11/Mar/2024:14:52:01 +0530] POST /api/account/login/ HTTP/1.0***0.403***
[11/Mar/2024:14:52:01 +0530] POST /api/account/login/ HTTP/1.0***0.430***
[11/Mar/2024:14:52:01 +0530] GET /api/course/ HTTP/1.0***0.028***
[11/Mar/2024:14:52:01 +0530] GET /api/course/ HTTP/1.0***0.030***
[11/Mar/2024:14:52:01 +0530] POST /api/quiz/22f3c29b994742bbbc0300b79d7efadd/submit/ HTTP/1.0***0.961***
[11/Mar/2024:14:52:01 +0530] GET /api/quiz/CS007.QB/info/ HTTP/1.0***3.462***
[11/Mar/2024:14:52:01 +0530] GET /api/quiz/CS007.QB/authenticate/ HTTP/1.0***0.122***
[11/Mar/2024:14:52:01 +0530] POST /api/quiz/090510e9fa524bf2a20eb4cea3d17f36/submit/ HTTP/1.0***1.191***
[11/Mar/2024:14:52:01 +0530] GET /api/quiz/CS007/downloadable-quizzes/ HTTP/1.0***0.144***
[11/Mar/2024:14:52:01 +0530] GET /api/quiz/CS007/downloadable-quizzes/ HTTP/1.0***0.146***
[11/Mar/2024:14:52:01 +0530] GET /api/quiz/CS007/downloadable-quizzes/ HTTP/1.0***0.148***
[11/Mar/2024:14:52:01 +0530] GET /api/quiz/CS007/downloadable-quizzes/ HTTP/1.0***0.137***
[11/Mar/2024:14:52:02 +0530] GET /api/quiz/CS007.QB/info/ HTTP/1.0***3.251***
[11/Mar/2024:14:52:02 +0530] GET /api/quiz/CS007.QB/info/ HTTP/1.0***3.261***
[11/Mar/2024:14:52:02 +0530] GET /api/quiz/CS007.QB/authenticate/ HTTP/1.0***0.064***
[11/Mar/2024:14:52:02 +0530] POST /api/quiz/6a675a4096724ccaad589ff171ce62bb/submit/ HTTP/1.0***0.975***
[11/Mar/2024:14:52:02 +0530] POST /api/quiz/46aad1d23de94adab1563fd0da1b39f4/submit/ HTTP/1.0***1.021***
[11/Mar/2024:14:52:02 +0530] GET /api/quiz/CS007.QB/authenticate/ HTTP/1.0***0.065***
[11/Mar/2024:14:52:02 +0530] GET /api/course/ HTTP/1.0***0.031***
[11/Mar/2024:14:52:02 +0530] GET /api/quiz/CS007.QB/download/ HTTP/1.0***0.024***
[11/Mar/2024:14:52:02 +0530] GET /api/course/ HTTP/1.0***0.024***
[11/Mar/2024:14:52:02 +0530] GET /api/course/ HTTP/1.0***0.027***
[11/Mar/2024:14:52:02 +0530] POST /api/account/login/ HTTP/1.0***0.397***
[11/Mar/2024:14:52:02 +0530] POST /api/account/login/ HTTP/1.0***0.456***
[11/Mar/2024:14:52:02 +0530] POST /api/account/login/ HTTP/1.0***0.455***
[11/Mar/2024:14:52:02 +0530] POST /api/account/login/ HTTP/1.0***0.463***
[11/Mar/2024:14:52:02 +0530] POST /api/account/login/ HTTP/1.0***0.474***
[11/Mar/2024:14:52:02 +0530] GET /api/quiz/CS007/downloadable-quizzes/ HTTP/1.0***0.078***
[11/Mar/2024:14:52:02 +0530] GET /api/quiz/CS007.QB/download/ HTTP/1.0***0.022***
[11/Mar/2024:14:52:02 +0530] GET /api/quiz/CS007/downloadable-quizzes/ HTTP/1.0***0.241***
[11/Mar/2024:14:52:02 +0530] GET /api/quiz/CS007.QB/info/ HTTP/1.0***3.196***
[11/Mar/2024:14:52:02 +0530] POST /api/quiz/71a88d0dfc534c86a8a46e1c485e8bc1/submit/ HTTP/1.0***1.032***
[11/Mar/2024:14:52:02 +0530] POST /api/quiz/f3fe83c4338647b3808592a7c377d9fe/submit/ HTTP/1.0***1.044***
[11/Mar/2024:14:52:02 +0530] POST /api/quiz/5cece7a4824949638f30852b70cfd994/submit/ HTTP/1.0***1.042***
[11/Mar/2024:14:52:02 +0530] POST /api/quiz/8270c94449814159af5f950bfe5f5fbf/submit/ HTTP/1.0***1.043***
[11/Mar/2024:14:52:03 +0530] GET /api/quiz/CS007.QB/info/ HTTP/1.0***3.324***
[11/Mar/2024:14:52:03 +0530] GET /api/quiz/CS007.QB/download/ HTTP/1.0***0.022***
[11/Mar/2024:14:52:03 +0530] GET /api/quiz/CS007.QB/download/ HTTP/1.0***0.025***
[11/Mar/2024:14:52:03 +0530] POST /api/quiz/33b8375d64754c9f87e81787b919fd4a/submit/ HTTP/1.0***1.003***
[11/Mar/2024:14:52:03 +0530] POST /api/account/login/ HTTP/1.0***0.419***
[11/Mar/2024:14:52:03 +0530] POST /api/account/login/ HTTP/1.0***0.433***
[11/Mar/2024:14:52:03 +0530] POST /api/account/login/ HTTP/1.0***0.433***
[11/Mar/2024:14:52:03 +0530] POST /api/account/login/ HTTP/1.0***0.436***
[11/Mar/2024:14:52:03 +0530] GET /api/quiz/CS007.QB/authenticate/ HTTP/1.0***0.060***
[11/Mar/2024:14:52:03 +0530] GET /api/course/ HTTP/1.0***0.033***
[11/Mar/2024:14:52:03 +0530] GET /api/quiz/CS007/downloadable-quizzes/ HTTP/1.0***0.090***
[11/Mar/2024:14:52:03 +0530] GET /api/quiz/CS007/downloadable-quizzes/ HTTP/1.0***0.079***
[11/Mar/2024:14:52:03 +0530] GET /api/course/ HTTP/1.0***0.029***
[11/Mar/2024:14:52:03 +0530] GET /api/course/ HTTP/1.0***0.034***
[11/Mar/2024:14:52:03 +0530] GET /api/course/ HTTP/1.0***0.028***
[11/Mar/2024:14:52:03 +0530] GET /api/quiz/CS007/downloadable-quizzes/ HTTP/1.0***0.090***
[11/Mar/2024:14:52:03 +0530] GET /api/course/ HTTP/1.0***0.031***
[11/Mar/2024:14:52:03 +0530] GET /api/quiz/CS007.QB/authenticate/ HTTP/1.0***0.068***
[11/Mar/2024:14:52:03 +0530] POST /api/quiz/257b88ed0c92402f86feeaf0d091c169/submit/ HTTP/1.0***0.992***
[11/Mar/2024:14:52:03 +0530] GET /api/quiz/CS007.QB/download/ HTTP/1.0***0.025***
[11/Mar/2024:14:52:03 +0530] GET /api/quiz/CS007.QB/info/ HTTP/1.0***3.201***
[11/Mar/2024:14:52:03 +0530] GET /api/quiz/CS007.QB/info/ HTTP/1.0***3.054***
[11/Mar/2024:14:52:04 +0530] POST /api/quiz/9bb6d7e7c9b74c05be6240f27b7b2520/submit/ HTTP/1.0***0.963***
[11/Mar/2024:14:52:04 +0530] GET /api/quiz/CS007.QB/download/ HTTP/1.0***0.025***
[11/Mar/2024:14:52:04 +0530] GET /api/quiz/CS007.QB/authenticate/ HTTP/1.0***0.124***
[11/Mar/2024:14:52:04 +0530] GET /api/quiz/CS007.QB/authenticate/ HTTP/1.0***0.131***
[11/Mar/2024:14:52:04 +0530] POST /api/quiz/46f547ec6f1c45ffa7bc0f55c7c912a4/submit/ HTTP/1.0***0.998***
[11/Mar/2024:14:52:04 +0530] POST /api/account/login/ HTTP/1.0***0.386***
[11/Mar/2024:14:52:04 +0530] POST /api/account/login/ HTTP/1.0***0.420***
[11/Mar/2024:14:52:04 +0530] POST /api/account/login/ HTTP/1.0***0.423***
[11/Mar/2024:14:52:04 +0530] POST /api/account/login/ HTTP/1.0***0.425***
[11/Mar/2024:14:52:04 +0530] GET /api/course/ HTTP/1.0***0.030***
[11/Mar/2024:14:52:04 +0530] GET /api/course/ HTTP/1.0***0.031***
[11/Mar/2024:14:52:04 +0530] GET /api/course/ HTTP/1.0***0.031***
[11/Mar/2024:14:52:04 +0530] GET /api/course/ HTTP/1.0***0.032***
[11/Mar/2024:14:52:04 +0530] GET /api/quiz/CS007/downloadable-quizzes/ HTTP/1.0***0.076***
[11/Mar/2024:14:52:04 +0530] GET /api/quiz/CS007/downloadable-quizzes/ HTTP/1.0***0.080***
[11/Mar/2024:14:52:04 +0530] GET /api/quiz/CS007/downloadable-quizzes/ HTTP/1.0***0.087***
[11/Mar/2024:14:52:04 +0530] GET /api/quiz/CS007/downloadable-quizzes/ HTTP/1.0***0.086***
[11/Mar/2024:14:52:04 +0530] GET /api/quiz/CS007/downloadable-quizzes/ HTTP/1.0***0.076***
[11/Mar/2024:14:52:04 +0530] GET /api/quiz/CS007.QB/info/ HTTP/1.0***3.015***
[11/Mar/2024:14:52:04 +0530] GET /api/quiz/CS007.QB/info/ HTTP/1.0***3.022***
[11/Mar/2024:14:52:04 +0530] GET /api/quiz/CS007.QB/authenticate/ HTTP/1.0***0.071***
[11/Mar/2024:14:52:05 +0530] GET /api/quiz/CS007.QB/download/ HTTP/1.0***0.024***
[11/Mar/2024:14:52:05 +0530] GET /api/quiz/CS007.QB/download/ HTTP/1.0***0.025***
[11/Mar/2024:14:52:05 +0530] GET /api/quiz/CS007.QB/authenticate/ HTTP/1.0***0.068***
[11/Mar/2024:14:52:05 +0530] GET /api/course/ HTTP/1.0***0.029***
[11/Mar/2024:14:52:05 +0530] GET /api/course/ HTTP/1.0***0.028***
[11/Mar/2024:14:52:05 +0530] GET /api/course/ HTTP/1.0***0.029***
[11/Mar/2024:14:52:05 +0530] GET /api/course/ HTTP/1.0***0.032***
[11/Mar/2024:14:52:05 +0530] POST /api/quiz/c6b7ec882ab647c6afcd4a4c52e1d1c4/submit/ HTTP/1.0***1.008***
[11/Mar/2024:14:52:05 +0530] GET /api/quiz/CS007/downloadable-quizzes/ HTTP/1.0***0.080***
[11/Mar/2024:14:52:05 +0530] GET /api/quiz/CS007/downloadable-quizzes/ HTTP/1.0***0.099***
[11/Mar/2024:14:52:05 +0530] GET /api/quiz/CS007/downloadable-quizzes/ HTTP/1.0***0.104***
[11/Mar/2024:14:52:05 +0530] GET /api/quiz/CS007/downloadable-quizzes/ HTTP/1.0***0.105***
[11/Mar/2024:14:52:05 +0530] POST /api/account/login/ HTTP/1.0***0.456***
[11/Mar/2024:14:52:05 +0530] POST /api/account/login/ HTTP/1.0***0.491***
[11/Mar/2024:14:52:05 +0530] POST /api/account/login/ HTTP/1.0***0.498***
[11/Mar/2024:14:52:05 +0530] POST /api/account/login/ HTTP/1.0***0.476***
[11/Mar/2024:14:52:05 +0530] POST /api/account/login/ HTTP/1.0***0.474***
[11/Mar/2024:14:52:05 +0530] POST /api/account/login/ HTTP/1.0***0.498***
[11/Mar/2024:14:52:05 +0530] GET /api/quiz/CS007.QB/download/ HTTP/1.0***0.025***
[11/Mar/2024:14:52:05 +0530] GET /api/quiz/CS007.QB/download/ HTTP/1.0***0.021***
[11/Mar/2024:14:52:05 +0530] POST /api/quiz/89d3f337b91b490dbb7c06d2ad48e191/submit/ HTTP/1.0***1.075***
[11/Mar/2024:14:52:05 +0530] POST /api/account/login/ HTTP/1.0***0.593***
[11/Mar/2024:14:52:05 +0530] GET /api/quiz/CS007.QB/info/ HTTP/1.0***3.039***
[11/Mar/2024:14:52:05 +0530] POST /api/account/login/ HTTP/1.0***0.633***
[11/Mar/2024:14:52:05 +0530] GET /api/quiz/CS007.QB/info/ HTTP/1.0***3.039***
[11/Mar/2024:14:52:05 +0530] GET /api/quiz/CS007.QB/info/ HTTP/1.0***3.054***
[11/Mar/2024:14:52:05 +0530] GET /api/quiz/CS007.QB/info/ HTTP/1.0***3.068***
[11/Mar/2024:14:52:06 +0530] GET /api/quiz/CS007.QB/authenticate/ HTTP/1.0***0.062***
[11/Mar/2024:14:52:06 +0530] GET /api/quiz/CS007.QB/authenticate/ HTTP/1.0***0.066***
[11/Mar/2024:14:52:06 +0530] POST /api/quiz/e2e802f3b5a24c2ea7c46886025aa425/submit/ HTTP/1.0***0.976***
[11/Mar/2024:14:52:06 +0530] POST /api/quiz/818e7bf1cf624caab1443cb46cd450c2/submit/ HTTP/1.0***1.027***
[11/Mar/2024:14:52:06 +0530] POST /api/account/login/ HTTP/1.0***0.389***
[11/Mar/2024:14:52:06 +0530] POST /api/account/login/ HTTP/1.0***0.413***
[11/Mar/2024:14:52:06 +0530] POST /api/account/login/ HTTP/1.0***0.426***
[11/Mar/2024:14:52:06 +0530] GET /api/quiz/CS007.QB/info/ HTTP/1.0***2.953***
[11/Mar/2024:14:52:06 +0530] POST /api/account/login/ HTTP/1.0***0.474***
[11/Mar/2024:14:52:06 +0530] GET /api/quiz/CS007/downloadable-quizzes/ HTTP/1.0***0.079***
[11/Mar/2024:14:52:06 +0530] GET /api/quiz/CS007/downloadable-quizzes/ HTTP/1.0***0.081***
[11/Mar/2024:14:52:06 +0530] GET /api/quiz/CS007/downloadable-quizzes/ HTTP/1.0***0.083***
[11/Mar/2024:14:52:06 +0530] GET /api/quiz/CS007/downloadable-quizzes/ HTTP/1.0***0.085***
[11/Mar/2024:14:52:06 +0530] GET /api/course/ HTTP/1.0***0.031***
[11/Mar/2024:14:52:06 +0530] GET /api/course/ HTTP/1.0***0.033***
[11/Mar/2024:14:52:06 +0530] GET /api/course/ HTTP/1.0***0.027***
[11/Mar/2024:14:52:06 +0530] GET /api/course/ HTTP/1.0***0.029***
[11/Mar/2024:14:52:06 +0530] GET /api/course/ HTTP/1.0***0.027***
[11/Mar/2024:14:52:06 +0530] GET /api/course/ HTTP/1.0***0.032***
[11/Mar/2024:14:52:06 +0530] GET /api/quiz/CS007.QB/info/ HTTP/1.0***2.976***
[11/Mar/2024:14:52:06 +0530] GET /api/quiz/CS007.QB/authenticate/ HTTP/1.0***0.061***
[11/Mar/2024:14:52:06 +0530] GET /api/quiz/CS007.QB/authenticate/ HTTP/1.0***0.070***
[11/Mar/2024:14:52:06 +0530] GET /api/course/ HTTP/1.0***0.030***
[11/Mar/2024:14:52:06 +0530] GET /api/quiz/CS007.QB/download/ HTTP/1.0***0.020***
[11/Mar/2024:14:52:06 +0530] GET /api/quiz/CS007.QB/download/ HTTP/1.0***0.021***
[11/Mar/2024:14:52:06 +0530] GET /api/quiz/CS007.QB/download/ HTTP/1.0***0.016***
[11/Mar/2024:14:52:06 +0530] GET /api/course/ HTTP/1.0***0.031***
[11/Mar/2024:14:52:06 +0530] GET /api/quiz/CS007.QB/download/ HTTP/1.0***0.018***
[11/Mar/2024:14:52:06 +0530] POST /api/quiz/9b22236b8afc468081280f46cca05b5e/submit/ HTTP/1.0***1.016***
[11/Mar/2024:14:52:07 +0530] POST /api/quiz/98abfd4b052f4c7abd3661bac6cec109/submit/ HTTP/1.0***1.023***
[11/Mar/2024:14:52:07 +0530] GET /api/course/ HTTP/1.0***0.030***
[11/Mar/2024:14:52:07 +0530] POST /api/account/login/ HTTP/1.0***0.455***
[11/Mar/2024:14:52:07 +0530] POST /api/account/login/ HTTP/1.0***0.452***
[11/Mar/2024:14:52:07 +0530] POST /api/account/login/ HTTP/1.0***0.454***
[11/Mar/2024:14:52:07 +0530] POST /api/account/login/ HTTP/1.0***0.455***
[11/Mar/2024:14:52:07 +0530] GET /api/course/ HTTP/1.0***0.032***
[11/Mar/2024:14:52:07 +0530] GET /api/course/ HTTP/1.0***0.035***
[11/Mar/2024:14:52:07 +0530] GET /api/quiz/CS007.QB/download/ HTTP/1.0***0.022***
[11/Mar/2024:14:52:07 +0530] GET /api/course/ HTTP/1.0***0.033***
[11/Mar/2024:14:52:07 +0530] GET /api/quiz/CS007.QB/info/ HTTP/1.0***3.222***
[11/Mar/2024:14:52:07 +0530] GET /api/quiz/CS007/downloadable-quizzes/ HTTP/1.0***0.078***
[11/Mar/2024:14:52:07 +0530] GET /api/quiz/CS007/downloadable-quizzes/ HTTP/1.0***0.075***
[11/Mar/2024:14:52:07 +0530] GET /api/quiz/CS007/downloadable-quizzes/ HTTP/1.0***0.077***
[11/Mar/2024:14:52:07 +0530] GET /api/quiz/CS007/downloadable-quizzes/ HTTP/1.0***0.081***
[11/Mar/2024:14:52:07 +0530] GET /api/quiz/CS007/downloadable-quizzes/ HTTP/1.0***0.084***
[11/Mar/2024:14:52:07 +0530] GET /api/quiz/CS007/downloadable-quizzes/ HTTP/1.0***0.090***
[11/Mar/2024:14:52:07 +0530] GET /api/quiz/CS007.QB/download/ HTTP/1.0***0.072***
[11/Mar/2024:14:52:07 +0530] GET /api/quiz/CS007.QB/info/ HTTP/1.0***3.202***
[11/Mar/2024:14:52:07 +0530] GET /api/quiz/CS007.QB/info/ HTTP/1.0***3.343***
[11/Mar/2024:14:52:07 +0530] GET /api/quiz/CS007/downloadable-quizzes/ HTTP/1.0***0.080***
[11/Mar/2024:14:52:07 +0530] GET /api/quiz/CS007.QB/authenticate/ HTTP/1.0***0.061***
[11/Mar/2024:14:52:07 +0530] GET /api/quiz/CS007.QB/authenticate/ HTTP/1.0***0.061***
[11/Mar/2024:14:52:07 +0530] GET /api/quiz/CS007.QB/authenticate/ HTTP/1.0***0.062***
[11/Mar/2024:14:52:07 +0530] GET /api/quiz/CS007/downloadable-quizzes/ HTTP/1.0***0.074***
[11/Mar/2024:14:52:07 +0530] GET /api/quiz/CS007.QB/authenticate/ HTTP/1.0***0.070***
[11/Mar/2024:14:52:08 +0530] POST /api/quiz/c3f2f95769a44c92bfd9fa0eb9b9a194/submit/ HTTP/1.0***0.922***
[11/Mar/2024:14:52:08 +0530] POST /api/quiz/022d8914e8bd45d985ffe4cfe79c7a8b/submit/ HTTP/1.0***1.103***
[11/Mar/2024:14:52:08 +0530] POST /api/account/login/ HTTP/1.0***0.409***
[11/Mar/2024:14:52:08 +0530] POST /api/account/login/ HTTP/1.0***0.415***
[11/Mar/2024:14:52:08 +0530] POST /api/account/login/ HTTP/1.0***0.418***
[11/Mar/2024:14:52:08 +0530] POST /api/account/login/ HTTP/1.0***0.426***
[11/Mar/2024:14:52:08 +0530] POST /api/account/login/ HTTP/1.0***0.456***
[11/Mar/2024:14:52:08 +0530] GET /api/course/ HTTP/1.0***0.027***
[11/Mar/2024:14:52:08 +0530] GET /api/course/ HTTP/1.0***0.034***
[11/Mar/2024:14:52:08 +0530] GET /api/course/ HTTP/1.0***0.031***
[11/Mar/2024:14:52:08 +0530] GET /api/course/ HTTP/1.0***0.036***
[11/Mar/2024:14:52:08 +0530] GET /api/quiz/CS007/downloadable-quizzes/ HTTP/1.0***0.074***
[11/Mar/2024:14:52:08 +0530] GET /api/quiz/CS007/downloadable-quizzes/ HTTP/1.0***0.082***
[11/Mar/2024:14:52:08 +0530] GET /api/quiz/CS007/downloadable-quizzes/ HTTP/1.0***0.082***
[11/Mar/2024:14:52:08 +0530] GET /api/quiz/CS007.QB/authenticate/ HTTP/1.0***0.068***
[11/Mar/2024:14:52:08 +0530] GET /api/quiz/CS007/downloadable-quizzes/ HTTP/1.0***0.083***
[11/Mar/2024:14:52:08 +0530] POST /api/quiz/d0489978d7564e398382d24c6cd137dc/submit/ HTTP/1.0***0.953***
[11/Mar/2024:14:52:08 +0530] POST /api/quiz/f9dc4515c74d42ea831aa2bf4ef99266/submit/ HTTP/1.0***0.993***
[11/Mar/2024:14:52:08 +0530] GET /api/quiz/CS007.QB/download/ HTTP/1.0***0.025***
[11/Mar/2024:14:52:08 +0530] GET /api/quiz/CS007.QB/download/ HTTP/1.0***0.017***
[11/Mar/2024:14:52:08 +0530] GET /api/quiz/CS007.QB/download/ HTTP/1.0***0.029***
[11/Mar/2024:14:52:08 +0530] GET /api/quiz/CS007.QB/authenticate/ HTTP/1.0***0.149***
[11/Mar/2024:14:52:08 +0530] GET /api/quiz/CS007.QB/info/ HTTP/1.0***3.362***
[11/Mar/2024:14:52:09 +0530] GET /api/quiz/CS007.QB/info/ HTTP/1.0***3.423***
[11/Mar/2024:14:52:09 +0530] GET /api/quiz/CS007.QB/info/ HTTP/1.0***3.429***
[11/Mar/2024:14:52:09 +0530] GET /api/quiz/CS007.QB/info/ HTTP/1.0***3.440***
[11/Mar/2024:14:52:09 +0530] GET /api/quiz/CS007.QB/info/ HTTP/1.0***3.574***
[11/Mar/2024:14:52:09 +0530] GET /api/course/ HTTP/1.0***0.031***
[11/Mar/2024:14:52:09 +0530] GET /api/course/ HTTP/1.0***0.050***
[11/Mar/2024:14:52:09 +0530] GET /api/course/ HTTP/1.0***0.073***
[11/Mar/2024:14:52:09 +0530] GET /api/course/ HTTP/1.0***0.071***
[11/Mar/2024:14:52:09 +0530] GET /api/course/ HTTP/1.0***0.086***
[11/Mar/2024:14:52:09 +0530] POST /api/account/login/ HTTP/1.0***0.621***
[11/Mar/2024:14:52:09 +0530] POST /api/account/login/ HTTP/1.0***0.623***
[11/Mar/2024:14:52:09 +0530] POST /api/account/login/ HTTP/1.0***0.624***
[11/Mar/2024:14:52:09 +0530] GET /api/quiz/CS007/downloadable-quizzes/ HTTP/1.0***0.129***
[11/Mar/2024:14:52:09 +0530] GET /api/quiz/CS007/downloadable-quizzes/ HTTP/1.0***0.207***
[11/Mar/2024:14:52:09 +0530] GET /api/quiz/CS007/downloadable-quizzes/ HTTP/1.0***0.217***
[11/Mar/2024:14:52:09 +0530] GET /api/quiz/CS007/downloadable-quizzes/ HTTP/1.0***0.219***
[11/Mar/2024:14:52:09 +0530] POST /api/quiz/e6d0f22e4a1b4a0a9b89b7f7f485f3dc/submit/ HTTP/1.0***0.985***
[11/Mar/2024:14:52:09 +0530] POST /api/quiz/fe2c5183f4a1463e99519d0300602ea1/submit/ HTTP/1.0***1.005***
[11/Mar/2024:14:52:09 +0530] POST /api/quiz/ad654f5f28744337860683cdeb55c001/submit/ HTTP/1.0***1.063***
[11/Mar/2024:14:52:09 +0530] POST /api/quiz/27b2268bda934b5686c070b2c42df467/submit/ HTTP/1.0***1.085***
[11/Mar/2024:14:52:09 +0530] GET /api/quiz/CS007.QB/authenticate/ HTTP/1.0***0.215***
[11/Mar/2024:14:52:10 +0530] GET /api/quiz/CS007.QB/authenticate/ HTTP/1.0***0.127***
[11/Mar/2024:14:52:10 +0530] GET /api/quiz/CS007.QB/authenticate/ HTTP/1.0***0.254***
[11/Mar/2024:14:52:10 +0530] GET /api/quiz/CS007.QB/download/ HTTP/1.0***0.082***
[11/Mar/2024:14:52:10 +0530] GET /api/quiz/CS007.QB/info/ HTTP/1.0***3.683***
[11/Mar/2024:14:52:10 +0530] GET /api/quiz/CS007.QB/info/ HTTP/1.0***3.645***
[11/Mar/2024:14:52:10 +0530] GET /api/quiz/CS007.QB/info/ HTTP/1.0***3.646***
[11/Mar/2024:14:52:10 +0530] GET /api/quiz/CS007.QB/info/ HTTP/1.0***3.648***
[11/Mar/2024:14:52:10 +0530] GET /api/quiz/CS007.QB/download/ HTTP/1.0***0.177***
[11/Mar/2024:14:52:10 +0530] GET /api/quiz/CS007.QB/download/ HTTP/1.0***0.190***
[11/Mar/2024:14:52:10 +0530] GET /api/quiz/CS007.QB/download/ HTTP/1.0***0.208***
[11/Mar/2024:14:52:10 +0530] POST /api/account/login/ HTTP/1.0***0.414***
[11/Mar/2024:14:52:10 +0530] POST /api/account/login/ HTTP/1.0***0.433***
[11/Mar/2024:14:52:10 +0530] GET /api/quiz/CS007.QB/download/ HTTP/1.0***0.298***
[11/Mar/2024:14:52:10 +0530] GET /api/quiz/CS007/downloadable-quizzes/ HTTP/1.0***0.096***
[11/Mar/2024:14:52:10 +0530] GET /api/quiz/CS007/downloadable-quizzes/ HTTP/1.0***0.082***
[11/Mar/2024:14:52:10 +0530] GET /api/quiz/CS007/downloadable-quizzes/ HTTP/1.0***0.115***
[11/Mar/2024:14:52:10 +0530] POST /api/account/login/ HTTP/1.0***0.596***
[11/Mar/2024:14:52:10 +0530] POST /api/account/login/ HTTP/1.0***0.612***
[11/Mar/2024:14:52:10 +0530] POST /api/account/login/ HTTP/1.0***0.615***
[11/Mar/2024:14:52:10 +0530] GET /api/course/ HTTP/1.0***0.059***
[11/Mar/2024:14:52:10 +0530] POST /api/quiz/b68cb5310a2045b7a91686cce7606364/submit/ HTTP/1.0***1.100***
[11/Mar/2024:14:52:10 +0530] GET /api/quiz/CS007/downloadable-quizzes/ HTTP/1.0***0.145***
[11/Mar/2024:14:52:10 +0530] GET /api/course/ HTTP/1.0***0.074***
[11/Mar/2024:14:52:10 +0530] GET /api/course/ HTTP/1.0***0.079***
[11/Mar/2024:14:52:10 +0530] POST /api/account/login/ HTTP/1.0***0.869***
[11/Mar/2024:14:52:10 +0530] GET /api/quiz/CS007/downloadable-quizzes/ HTTP/1.0***0.363***
[11/Mar/2024:14:52:11 +0530] POST /api/quiz/bdc6cab9d9ad448daaf03029b635bd95/submit/ HTTP/1.0***1.154***
[11/Mar/2024:14:52:11 +0530] GET /api/quiz/CS007.QB/info/ HTTP/1.0***3.662***
[11/Mar/2024:14:52:11 +0530] GET /api/quiz/CS007.QB/info/ HTTP/1.0***3.669***
[11/Mar/2024:14:52:11 +0530] GET /api/quiz/CS007.QB/info/ HTTP/1.0***3.698***
[11/Mar/2024:14:52:11 +0530] GET /api/quiz/CS007.QB/info/ HTTP/1.0***3.708***
[11/Mar/2024:14:52:11 +0530] GET /api/quiz/CS007.QB/authenticate/ HTTP/1.0***0.217***
[11/Mar/2024:14:52:11 +0530] GET /api/quiz/CS007.QB/download/ HTTP/1.0***0.083***
[11/Mar/2024:14:52:11 +0530] GET /api/quiz/CS007.QB/download/ HTTP/1.0***0.090***
[11/Mar/2024:14:52:11 +0530] GET /api/quiz/CS007.QB/download/ HTTP/1.0***0.110***
[11/Mar/2024:14:52:11 +0530] GET /api/quiz/CS007.QB/download/ HTTP/1.0***0.130***
[11/Mar/2024:14:52:11 +0530] GET /api/quiz/CS007.QB/authenticate/ HTTP/1.0***0.187***
[11/Mar/2024:14:52:11 +0530] POST /api/account/login/ HTTP/1.0***0.447***
[11/Mar/2024:14:52:11 +0530] POST /api/account/login/ HTTP/1.0***0.465***
[11/Mar/2024:14:52:11 +0530] POST /api/account/login/ HTTP/1.0***0.472***
[11/Mar/2024:14:52:11 +0530] GET /api/quiz/CS007.QB/authenticate/ HTTP/1.0***0.245***
[11/Mar/2024:14:52:11 +0530] GET /api/course/ HTTP/1.0***0.040***
[11/Mar/2024:14:52:11 +0530] GET /api/quiz/CS007.QB/authenticate/ HTTP/1.0***0.254***
[11/Mar/2024:14:52:11 +0530] GET /api/course/ HTTP/1.0***0.031***
[11/Mar/2024:14:52:11 +0530] POST /api/account/login/ HTTP/1.0***0.529***
[11/Mar/2024:14:52:11 +0530] GET /api/quiz/CS007.QB/authenticate/ HTTP/1.0***0.066***
[11/Mar/2024:14:52:11 +0530] GET /api/course/ HTTP/1.0***0.031***
[11/Mar/2024:14:52:11 +0530] GET /api/course/ HTTP/1.0***0.026***
[11/Mar/2024:14:52:11 +0530] GET /api/course/ HTTP/1.0***0.041***
[11/Mar/2024:14:52:11 +0530] GET /api/quiz/CS007/downloadable-quizzes/ HTTP/1.0***0.086***
[11/Mar/2024:14:52:11 +0530] GET /api/quiz/CS007/downloadable-quizzes/ HTTP/1.0***0.156***
[11/Mar/2024:14:52:11 +0530] GET /api/quiz/CS007/downloadable-quizzes/ HTTP/1.0***0.233***
[11/Mar/2024:14:52:12 +0530] GET /api/course/ HTTP/1.0***0.031***
[11/Mar/2024:14:52:12 +0530] POST /api/quiz/b6b56343c5084027aa54a97be7959e3a/submit/ HTTP/1.0***1.207***
[11/Mar/2024:14:52:12 +0530] POST /api/quiz/8c9fa4d08f8f40618c0a98c46f6a4a14/submit/ HTTP/1.0***1.207***
[11/Mar/2024:14:52:12 +0530] POST /api/quiz/6de859bc8eeb4e71af63c8ae2fdb5bcf/submit/ HTTP/1.0***1.227***
[11/Mar/2024:14:52:12 +0530] GET /api/quiz/CS007.QB/info/ HTTP/1.0***3.643***
[11/Mar/2024:14:52:12 +0530] GET /api/quiz/CS007.QB/info/ HTTP/1.0***3.629***
[11/Mar/2024:14:52:12 +0530] GET /api/quiz/CS007.QB/info/ HTTP/1.0***3.642***
[11/Mar/2024:14:52:12 +0530] GET /api/quiz/CS007.QB/info/ HTTP/1.0***3.537***
[11/Mar/2024:14:52:12 +0530] GET /api/quiz/CS007.QB/info/ HTTP/1.0***3.649***
[11/Mar/2024:14:52:12 +0530] GET /api/quiz/CS007.QB/info/ HTTP/1.0***3.657***
[11/Mar/2024:14:52:12 +0530] GET /api/quiz/CS007.QB/download/ HTTP/1.0***0.160***
[11/Mar/2024:14:52:12 +0530] GET /api/quiz/CS007.QB/download/ HTTP/1.0***0.165***
[11/Mar/2024:14:52:12 +0530] GET /api/quiz/CS007.QB/download/ HTTP/1.0***0.170***
[11/Mar/2024:14:52:12 +0530] GET /api/quiz/CS007.QB/download/ HTTP/1.0***0.071***
[11/Mar/2024:14:52:12 +0530] GET /api/quiz/CS007.QB/info/ HTTP/1.0***3.536***
[11/Mar/2024:14:52:12 +0530] GET /api/quiz/CS007.QB/authenticate/ HTTP/1.0***0.116***
[11/Mar/2024:14:52:12 +0530] GET /api/quiz/CS007.QB/authenticate/ HTTP/1.0***0.123***
[11/Mar/2024:14:52:12 +0530] GET /api/quiz/CS007.QB/authenticate/ HTTP/1.0***0.113***
[11/Mar/2024:14:52:12 +0530] GET /api/quiz/CS007.QB/authenticate/ HTTP/1.0***0.096***
[11/Mar/2024:14:52:12 +0530] GET /api/quiz/CS007.QB/info/ HTTP/1.0***3.797***
[11/Mar/2024:14:52:12 +0530] GET /api/course/ HTTP/1.0***0.034***
[11/Mar/2024:14:52:12 +0530] GET /api/course/ HTTP/1.0***0.032***
[11/Mar/2024:14:52:12 +0530] GET /api/course/ HTTP/1.0***0.028***
[11/Mar/2024:14:52:12 +0530] GET /api/quiz/CS007/downloadable-quizzes/ HTTP/1.0***0.073***
[11/Mar/2024:14:52:12 +0530] GET /api/quiz/CS007/downloadable-quizzes/ HTTP/1.0***0.078***
[11/Mar/2024:14:52:12 +0530] GET /api/course/ HTTP/1.0***0.062***
[11/Mar/2024:14:52:12 +0530] POST /api/account/login/ HTTP/1.0***0.654***
[11/Mar/2024:14:52:12 +0530] POST /api/account/login/ HTTP/1.0***0.669***
[11/Mar/2024:14:52:12 +0530] GET /api/quiz/CS007/downloadable-quizzes/ HTTP/1.0***0.081***
[11/Mar/2024:14:52:12 +0530] POST /api/account/login/ HTTP/1.0***0.738***
[11/Mar/2024:14:52:12 +0530] GET /api/quiz/CS007/downloadable-quizzes/ HTTP/1.0***0.079***
[11/Mar/2024:14:52:12 +0530] GET /api/quiz/CS007/downloadable-quizzes/ HTTP/1.0***0.080***
[11/Mar/2024:14:52:12 +0530] POST /api/account/login/ HTTP/1.0***0.760***
[11/Mar/2024:14:52:12 +0530] POST /api/account/login/ HTTP/1.0***0.804***
[11/Mar/2024:14:52:12 +0530] GET /api/quiz/CS007.QB/info/ HTTP/1.0***3.435***
[11/Mar/2024:14:52:13 +0530] GET /api/quiz/CS007.QB/info/ HTTP/1.0***3.417***
[11/Mar/2024:14:52:13 +0530] GET /api/quiz/CS007.QB/info/ HTTP/1.0***3.501***
[11/Mar/2024:14:52:13 +0530] GET /api/quiz/CS007.QB/info/ HTTP/1.0***3.517***
[11/Mar/2024:14:52:13 +0530] GET /api/quiz/CS007/downloadable-quizzes/ HTTP/1.0***0.079***
[11/Mar/2024:14:52:13 +0530] GET /api/quiz/CS007.QB/download/ HTTP/1.0***0.027***
[11/Mar/2024:14:52:13 +0530] GET /api/quiz/CS007.QB/download/ HTTP/1.0***0.027***
[11/Mar/2024:14:52:13 +0530] GET /api/quiz/CS007.QB/download/ HTTP/1.0***0.027***
[11/Mar/2024:14:52:13 +0530] GET /api/quiz/CS007.QB/download/ HTTP/1.0***0.026***
[11/Mar/2024:14:52:13 +0530] POST /api/quiz/c1c8f993765e4c67a9c5eeb9132d88f0/submit/ HTTP/1.0***1.077***
[11/Mar/2024:14:52:13 +0530] GET /api/quiz/CS007.QB/download/ HTTP/1.0***0.026***
[11/Mar/2024:14:52:13 +0530] GET /api/quiz/CS007.QB/download/ HTTP/1.0***0.029***
[11/Mar/2024:14:52:13 +0530] GET /api/quiz/CS007.QB/download/ HTTP/1.0***0.022***
[11/Mar/2024:14:52:13 +0530] GET /api/quiz/CS007.QB/authenticate/ HTTP/1.0***0.073***
[11/Mar/2024:14:52:13 +0530] GET /api/quiz/CS007.QB/authenticate/ HTTP/1.0***0.063***
[11/Mar/2024:14:52:13 +0530] GET /api/quiz/CS007.QB/authenticate/ HTTP/1.0***0.069***
[11/Mar/2024:14:52:13 +0530] GET /api/quiz/CS007.QB/authenticate/ HTTP/1.0***0.073***
[11/Mar/2024:14:52:13 +0530] POST /api/account/login/ HTTP/1.0***0.461***
[11/Mar/2024:14:52:13 +0530] POST /api/quiz/78e56b7599ae4fc9944f2933370cbf97/submit/ HTTP/1.0***1.051***
[11/Mar/2024:14:52:13 +0530] POST /api/account/login/ HTTP/1.0***0.477***
[11/Mar/2024:14:52:13 +0530] POST /api/account/login/ HTTP/1.0***0.483***
[11/Mar/2024:14:52:13 +0530] POST /api/quiz/6742576eb9514635b1602e18266db4d9/submit/ HTTP/1.0***0.989***
[11/Mar/2024:14:52:13 +0530] POST /api/quiz/962e34f46169434d835db8c110cae5b5/submit/ HTTP/1.0***0.970***
[11/Mar/2024:14:52:13 +0530] GET /api/quiz/CS007.QB/download/ HTTP/1.0***0.018***
[11/Mar/2024:14:52:13 +0530] POST /api/quiz/ed4966eb9b494814a1ea793d1ecf3362/submit/ HTTP/1.0***0.995***
[11/Mar/2024:14:52:13 +0530] GET /api/quiz/CS007/downloadable-quizzes/ HTTP/1.0***0.076***
[11/Mar/2024:14:52:13 +0530] GET /api/quiz/CS007/downloadable-quizzes/ HTTP/1.0***0.079***
[11/Mar/2024:14:52:13 +0530] GET /api/quiz/CS007/downloadable-quizzes/ HTTP/1.0***0.083***
[11/Mar/2024:14:52:13 +0530] GET /api/course/ HTTP/1.0***0.035***
[11/Mar/2024:14:52:13 +0530] GET /api/quiz/CS007/downloadable-quizzes/ HTTP/1.0***0.122***
[11/Mar/2024:14:52:13 +0530] GET /api/course/ HTTP/1.0***0.032***
[11/Mar/2024:14:52:13 +0530] GET /api/course/ HTTP/1.0***0.036***
[11/Mar/2024:14:52:13 +0530] GET /api/course/ HTTP/1.0***0.025***
[11/Mar/2024:14:52:13 +0530] GET /api/course/ HTTP/1.0***0.033***
[11/Mar/2024:14:52:14 +0530] GET /api/quiz/CS007.QB/download/ HTTP/1.0***0.021***
[11/Mar/2024:14:52:14 +0530] GET /api/quiz/CS007.QB/info/ HTTP/1.0***3.279***
[11/Mar/2024:14:52:14 +0530] GET /api/quiz/CS007.QB/download/ HTTP/1.0***0.024***
[11/Mar/2024:14:52:14 +0530] GET /api/quiz/CS007.QB/info/ HTTP/1.0***3.540***
[11/Mar/2024:14:52:14 +0530] GET /api/quiz/CS007.QB/info/ HTTP/1.0***3.463***
[11/Mar/2024:14:52:14 +0530] GET /api/quiz/CS007.QB/info/ HTTP/1.0***3.464***
[11/Mar/2024:14:52:14 +0530] GET /api/quiz/CS007.QB/download/ HTTP/1.0***0.149***
[11/Mar/2024:14:52:14 +0530] GET /api/quiz/CS007.QB/download/ HTTP/1.0***0.092***
[11/Mar/2024:14:52:14 +0530] POST /api/quiz/032975e4ceb845cc90bcb161f6a01690/submit/ HTTP/1.0***1.280***
[11/Mar/2024:14:52:14 +0530] GET /api/quiz/CS007.QB/authenticate/ HTTP/1.0***0.359***
[11/Mar/2024:14:52:14 +0530] POST /api/quiz/b67ffaf00e05417f9ae8c8b7e3b80b97/submit/ HTTP/1.0***1.318***
[11/Mar/2024:14:52:14 +0530] POST /api/quiz/13f2cb64bbe74e43b9a3ee4697a7f636/submit/ HTTP/1.0***1.296***
[11/Mar/2024:14:52:14 +0530] POST /api/quiz/afa50e17b6fb4731aaa5ef74bf628683/submit/ HTTP/1.0***1.296***
[11/Mar/2024:14:52:14 +0530] POST /api/account/login/ HTTP/1.0***0.746***
[11/Mar/2024:14:52:14 +0530] POST /api/account/login/ HTTP/1.0***0.746***
[11/Mar/2024:14:52:14 +0530] POST /api/account/login/ HTTP/1.0***0.745***
[11/Mar/2024:14:52:14 +0530] POST /api/account/login/ HTTP/1.0***0.747***
[11/Mar/2024:14:52:14 +0530] POST /api/account/login/ HTTP/1.0***0.747***
[11/Mar/2024:14:52:14 +0530] GET /api/quiz/CS007.QB/authenticate/ HTTP/1.0***0.457***
[11/Mar/2024:14:52:14 +0530] GET /api/course/ HTTP/1.0***0.399***
[11/Mar/2024:14:52:14 +0530] GET /api/quiz/CS007.QB/authenticate/ HTTP/1.0***0.493***
[11/Mar/2024:14:52:14 +0530] GET /api/course/ HTTP/1.0***0.417***
[11/Mar/2024:14:52:14 +0530] GET /api/course/ HTTP/1.0***0.420***
[11/Mar/2024:14:52:14 +0530] GET /api/quiz/CS007.QB/authenticate/ HTTP/1.0***0.518***
[11/Mar/2024:14:52:14 +0530] GET /api/quiz/CS007.QB/authenticate/ HTTP/1.0***0.519***
[11/Mar/2024:14:52:14 +0530] GET /api/quiz/CS007.QB/authenticate/ HTTP/1.0***0.529***
[11/Mar/2024:14:52:15 +0530] GET /api/quiz/CS007.QB/authenticate/ HTTP/1.0***0.534***
[11/Mar/2024:14:52:15 +0530] GET /api/quiz/CS007.QB/authenticate/ HTTP/1.0***0.517***
[11/Mar/2024:14:52:15 +0530] GET /api/quiz/CS007/downloadable-quizzes/ HTTP/1.0***0.315***
[11/Mar/2024:14:52:15 +0530] GET /api/quiz/CS007/downloadable-quizzes/ HTTP/1.0***0.363***
[11/Mar/2024:14:52:15 +0530] GET /api/quiz/CS007/downloadable-quizzes/ HTTP/1.0***0.304***
[11/Mar/2024:14:52:15 +0530] GET /api/quiz/CS007/downloadable-quizzes/ HTTP/1.0***0.361***
[11/Mar/2024:14:52:15 +0530] GET /api/quiz/CS007/downloadable-quizzes/ HTTP/1.0***0.319***
[11/Mar/2024:14:52:15 +0530] GET /api/quiz/CS007.QB/info/ HTTP/1.0***3.715***
[11/Mar/2024:14:52:15 +0530] GET /api/quiz/CS007.QB/info/ HTTP/1.0***3.679***
[11/Mar/2024:14:52:15 +0530] GET /api/quiz/CS007.QB/info/ HTTP/1.0***3.656***
[11/Mar/2024:14:52:15 +0530] GET /api/quiz/CS007.QB/download/ HTTP/1.0***0.171***
[11/Mar/2024:14:52:15 +0530] GET /api/quiz/CS007.QB/info/ HTTP/1.0***3.693***
[11/Mar/2024:14:52:15 +0530] GET /api/quiz/CS007.QB/authenticate/ HTTP/1.0***0.265***
[11/Mar/2024:14:52:15 +0530] GET /api/quiz/CS007.QB/authenticate/ HTTP/1.0***0.265***
[11/Mar/2024:14:52:15 +0530] POST /api/account/login/ HTTP/1.0***0.605***
[11/Mar/2024:14:52:15 +0530] POST /api/quiz/3c13f79963b34838925614e51767fee0/submit/ HTTP/1.0***1.301***
[11/Mar/2024:14:52:15 +0530] POST /api/quiz/bffbfcfb511547f0bf8eab5fa5283ad3/submit/ HTTP/1.0***1.304***
[11/Mar/2024:14:52:15 +0530] POST /api/quiz/3a27a05a7ac3466085c9cc6b024d4c2e/submit/ HTTP/1.0***1.327***
[11/Mar/2024:14:52:15 +0530] POST /api/quiz/2c5b81edf2b542c39248184dbc93f7c3/submit/ HTTP/1.0***1.324***
[11/Mar/2024:14:52:15 +0530] GET /api/quiz/CS007.QB/download/ HTTP/1.0***0.610***
[11/Mar/2024:14:52:15 +0530] GET /api/quiz/CS007.QB/download/ HTTP/1.0***0.586***
[11/Mar/2024:14:52:15 +0530] POST /api/account/login/ HTTP/1.0***0.665***
[11/Mar/2024:14:52:15 +0530] GET /api/quiz/CS007.QB/info/ HTTP/1.0***3.763***
[11/Mar/2024:14:52:15 +0530] GET /api/quiz/CS007.QB/download/ HTTP/1.0***0.593***
[11/Mar/2024:14:52:15 +0530] POST /api/account/login/ HTTP/1.0***0.691***
[11/Mar/2024:14:52:15 +0530] POST /api/account/login/ HTTP/1.0***0.700***
[11/Mar/2024:14:52:15 +0530] GET /api/course/ HTTP/1.0***0.030***
[11/Mar/2024:14:52:15 +0530] GET /api/course/ HTTP/1.0***0.028***
[11/Mar/2024:14:52:15 +0530] GET /api/course/ HTTP/1.0***0.030***
[11/Mar/2024:14:52:15 +0530] GET /api/quiz/CS007.QB/authenticate/ HTTP/1.0***0.631***
[11/Mar/2024:14:52:15 +0530] GET /api/quiz/CS007.QB/authenticate/ HTTP/1.0***0.633***
[11/Mar/2024:14:52:15 +0530] GET /api/course/ HTTP/1.0***0.035***
[11/Mar/2024:14:52:15 +0530] GET /api/course/ HTTP/1.0***0.041***
[11/Mar/2024:14:52:15 +0530] POST /api/account/login/ HTTP/1.0***0.750***
[11/Mar/2024:14:52:15 +0530] POST /api/account/login/ HTTP/1.0***0.759***
[11/Mar/2024:14:52:16 +0530] GET /api/quiz/CS007/downloadable-quizzes/ HTTP/1.0***0.164***
[11/Mar/2024:14:52:16 +0530] GET /api/quiz/CS007/downloadable-quizzes/ HTTP/1.0***0.135***
[11/Mar/2024:14:52:16 +0530] GET /api/quiz/CS007/downloadable-quizzes/ HTTP/1.0***0.143***
[11/Mar/2024:14:52:16 +0530] POST /api/account/login/ HTTP/1.0***1.051***
[11/Mar/2024:14:52:16 +0530] GET /api/quiz/CS007.QB/info/ HTTP/1.0***3.708***
[11/Mar/2024:14:52:16 +0530] POST /api/account/login/ HTTP/1.0***0.462***
[11/Mar/2024:14:52:16 +0530] POST /api/account/login/ HTTP/1.0***0.473***
[11/Mar/2024:14:52:16 +0530] POST /api/account/login/ HTTP/1.0***0.481***
[11/Mar/2024:14:52:16 +0530] POST /api/account/login/ HTTP/1.0***0.496***
[11/Mar/2024:14:52:16 +0530] GET /api/quiz/CS007.QB/info/ HTTP/1.0***3.737***
[11/Mar/2024:14:52:16 +0530] POST /api/account/login/ HTTP/1.0***0.571***
[11/Mar/2024:14:52:16 +0530] GET /api/quiz/CS007.QB/info/ HTTP/1.0***3.783***
[11/Mar/2024:14:52:16 +0530] POST /api/quiz/26f6a6e1e9d64eb08cbe6013bb4bb068/submit/ HTTP/1.0***1.037***
[11/Mar/2024:14:52:16 +0530] GET /api/quiz/CS007.QB/download/ HTTP/1.0***0.534***
[11/Mar/2024:14:52:16 +0530] GET /api/quiz/CS007.QB/download/ HTTP/1.0***0.550***
[11/Mar/2024:14:52:16 +0530] POST /api/quiz/a4579e08fa0c47f9aa48b09789725eb6/submit/ HTTP/1.0***0.990***
[11/Mar/2024:14:52:16 +0530] GET /api/quiz/CS007.QB/download/ HTTP/1.0***0.558***
[11/Mar/2024:14:52:16 +0530] POST /api/quiz/5de63d2b9634487180fd0a38980303ee/submit/ HTTP/1.0***0.987***
[11/Mar/2024:14:52:16 +0530] GET /api/quiz/CS007.QB/download/ HTTP/1.0***0.495***
[11/Mar/2024:14:52:16 +0530] POST /api/quiz/b1e7684b606c4d93bca44634cf347164/submit/ HTTP/1.0***0.968***
[11/Mar/2024:14:52:16 +0530] GET /api/quiz/CS007.QB/authenticate/ HTTP/1.0***0.604***
[11/Mar/2024:14:52:16 +0530] POST /api/quiz/de7543a7e18f491c96066c208e66cfa5/submit/ HTTP/1.0***0.973***
[11/Mar/2024:14:52:16 +0530] POST /api/account/login/ HTTP/1.0***0.846***
[11/Mar/2024:14:52:16 +0530] POST /api/quiz/36c9377a5512455e9ec4c185714ff78c/submit/ HTTP/1.0***0.994***
[11/Mar/2024:14:52:16 +0530] GET /api/course/ HTTP/1.0***0.195***
[11/Mar/2024:14:52:16 +0530] GET /api/quiz/CS007.QB/download/ HTTP/1.0***0.143***
[11/Mar/2024:14:52:16 +0530] GET /api/course/ HTTP/1.0***0.148***
[11/Mar/2024:14:52:17 +0530] GET /api/course/ HTTP/1.0***0.147***
[11/Mar/2024:14:52:17 +0530] GET /api/quiz/CS007.QB/authenticate/ HTTP/1.0***0.181***
[11/Mar/2024:14:52:17 +0530] GET /api/course/ HTTP/1.0***0.143***
[11/Mar/2024:14:52:17 +0530] GET /api/quiz/CS007.QB/authenticate/ HTTP/1.0***0.181***
[11/Mar/2024:14:52:17 +0530] GET /api/quiz/CS007.QB/authenticate/ HTTP/1.0***0.196***
[11/Mar/2024:14:52:17 +0530] GET /api/quiz/CS007/downloadable-quizzes/ HTTP/1.0***0.206***
[11/Mar/2024:14:52:17 +0530] GET /api/quiz/CS007/downloadable-quizzes/ HTTP/1.0***0.216***
[11/Mar/2024:14:52:17 +0530] GET /api/quiz/CS007/downloadable-quizzes/ HTTP/1.0***0.206***
[11/Mar/2024:14:52:17 +0530] GET /api/quiz/CS007/downloadable-quizzes/ HTTP/1.0***0.227***
[11/Mar/2024:14:52:17 +0530] GET /api/course/ HTTP/1.0***0.199***
[11/Mar/2024:14:52:17 +0530] GET /api/course/ HTTP/1.0***0.213***
[11/Mar/2024:14:52:17 +0530] GET /api/quiz/CS007/downloadable-quizzes/ HTTP/1.0***0.278***
[11/Mar/2024:14:52:17 +0530] GET /api/quiz/CS007.QB/info/ HTTP/1.0***3.862***
[11/Mar/2024:14:52:17 +0530] GET /api/quiz/CS007.QB/info/ HTTP/1.0***3.869***
[11/Mar/2024:14:52:17 +0530] POST /api/quiz/4d973c1c91e645858d5f178a206bc64f/submit/ HTTP/1.0***1.435***
[11/Mar/2024:14:52:17 +0530] POST /api/quiz/fb9b4ccd113e4f83a95871d0c9b5bf58/submit/ HTTP/1.0***1.414***
[11/Mar/2024:14:52:17 +0530] POST /api/account/login/ HTTP/1.0***0.474***
[11/Mar/2024:14:52:17 +0530] POST /api/account/login/ HTTP/1.0***0.547***
[11/Mar/2024:14:52:17 +0530] GET /api/quiz/CS007.QB/info/ HTTP/1.0***3.874***
[11/Mar/2024:14:52:17 +0530] GET /api/quiz/CS007.QB/info/ HTTP/1.0***3.881***
[11/Mar/2024:14:52:17 +0530] GET /api/course/ HTTP/1.0***0.501***
[11/Mar/2024:14:52:17 +0530] GET /api/quiz/CS007.QB/info/ HTTP/1.0***3.919***
[11/Mar/2024:14:52:17 +0530] GET /api/quiz/CS007.QB/download/ HTTP/1.0***0.215***
[11/Mar/2024:14:52:17 +0530] GET /api/course/ HTTP/1.0***0.173***
[11/Mar/2024:14:52:17 +0530] GET /api/course/ HTTP/1.0***0.163***
[11/Mar/2024:14:52:17 +0530] GET /api/course/ HTTP/1.0***0.162***
[11/Mar/2024:14:52:17 +0530] GET /api/quiz/CS007.QB/download/ HTTP/1.0***0.138***
[11/Mar/2024:14:52:17 +0530] GET /api/course/ HTTP/1.0***0.166***
[11/Mar/2024:14:52:17 +0530] GET /api/course/ HTTP/1.0***0.099***
[11/Mar/2024:14:52:17 +0530] GET /api/quiz/CS007.QB/download/ HTTP/1.0***0.036***
[11/Mar/2024:14:52:17 +0530] POST /api/quiz/5835e04310354185aaa2c5ccf762f53c/submit/ HTTP/1.0***1.424***
[11/Mar/2024:14:52:17 +0530] POST /api/quiz/bb4d57a46deb4404850096236a41c6bb/submit/ HTTP/1.0***1.452***
[11/Mar/2024:14:52:17 +0530] GET /api/quiz/CS007.QB/authenticate/ HTTP/1.0***0.073***
[11/Mar/2024:14:52:17 +0530] GET /api/quiz/CS007.QB/authenticate/ HTTP/1.0***0.069***
[11/Mar/2024:14:52:17 +0530] POST /api/quiz/9b94bc010cb94d9bbafce94445cefb53/submit/ HTTP/1.0***1.063***
[11/Mar/2024:14:52:17 +0530] GET /api/quiz/CS007.QB/authenticate/ HTTP/1.0***0.074***
[11/Mar/2024:14:52:18 +0530] GET /api/quiz/CS007.QB/authenticate/ HTTP/1.0***0.071***
[11/Mar/2024:14:52:18 +0530] GET /api/course/ HTTP/1.0***0.030***
[11/Mar/2024:14:52:18 +0530] GET /api/quiz/CS007.QB/info/ HTTP/1.0***3.847***
[11/Mar/2024:14:52:18 +0530] POST /api/account/login/ HTTP/1.0***0.888***
[11/Mar/2024:14:52:18 +0530] POST /api/quiz/f1c2ae263c7847e7beba0cc94dbb95ae/submit/ HTTP/1.0***1.171***
[11/Mar/2024:14:52:18 +0530] GET /api/quiz/CS007/downloadable-quizzes/ HTTP/1.0***0.085***
[11/Mar/2024:14:52:18 +0530] GET /api/quiz/CS007.QB/authenticate/ HTTP/1.0***0.070***
[11/Mar/2024:14:52:18 +0530] POST /api/account/login/ HTTP/1.0***0.964***
[11/Mar/2024:14:52:18 +0530] GET /api/quiz/CS007/downloadable-quizzes/ HTTP/1.0***0.081***
[11/Mar/2024:14:52:18 +0530] POST /api/account/login/ HTTP/1.0***1.066***
[11/Mar/2024:14:52:18 +0530] POST /api/account/login/ HTTP/1.0***1.072***
[11/Mar/2024:14:52:18 +0530] GET /api/quiz/CS007.QB/info/ HTTP/1.0***3.652***
[11/Mar/2024:14:52:18 +0530] GET /api/quiz/CS007/downloadable-quizzes/ HTTP/1.0***0.081***
[11/Mar/2024:14:52:18 +0530] GET /api/quiz/CS007/downloadable-quizzes/ HTTP/1.0***0.086***
[11/Mar/2024:14:52:18 +0530] GET /api/quiz/CS007.QB/info/ HTTP/1.0***3.682***
[11/Mar/2024:14:52:18 +0530] GET /api/quiz/CS007.QB/info/ HTTP/1.0***3.667***
[11/Mar/2024:14:52:18 +0530] GET /api/quiz/CS007.QB/info/ HTTP/1.0***3.547***
[11/Mar/2024:14:52:18 +0530] GET /api/quiz/CS007/downloadable-quizzes/ HTTP/1.0***0.213***
[11/Mar/2024:14:52:18 +0530] GET /api/quiz/CS007/downloadable-quizzes/ HTTP/1.0***0.287***
[11/Mar/2024:14:52:18 +0530] POST /api/account/login/ HTTP/1.0***0.546***
[11/Mar/2024:14:52:18 +0530] POST /api/account/login/ HTTP/1.0***0.561***
[11/Mar/2024:14:52:18 +0530] POST /api/account/login/ HTTP/1.0***0.557***
[11/Mar/2024:14:52:18 +0530] POST /api/account/login/ HTTP/1.0***0.573***
[11/Mar/2024:14:52:18 +0530] POST /api/account/login/ HTTP/1.0***0.567***
[11/Mar/2024:14:52:18 +0530] POST /api/account/login/ HTTP/1.0***0.566***
[11/Mar/2024:14:52:18 +0530] GET /api/quiz/CS007.QB/download/ HTTP/1.0***0.296***
[11/Mar/2024:14:52:18 +0530] GET /api/quiz/CS007.QB/download/ HTTP/1.0***0.280***
[11/Mar/2024:14:52:18 +0530] GET /api/course/ HTTP/1.0***0.200***
[11/Mar/2024:14:52:18 +0530] GET /api/quiz/CS007.QB/download/ HTTP/1.0***0.106***
[11/Mar/2024:14:52:18 +0530] GET /api/quiz/CS007.QB/download/ HTTP/1.0***0.086***
[11/Mar/2024:14:52:18 +0530] GET /api/course/ HTTP/1.0***0.133***
[11/Mar/2024:14:52:18 +0530] GET /api/quiz/CS007.QB/download/ HTTP/1.0***0.094***
[11/Mar/2024:14:52:18 +0530] GET /api/quiz/CS007.QB/authenticate/ HTTP/1.0***0.128***
[11/Mar/2024:14:52:18 +0530] GET /api/quiz/CS007/downloadable-quizzes/ HTTP/1.0***0.143***
[11/Mar/2024:14:52:18 +0530] GET /api/quiz/CS007/downloadable-quizzes/ HTTP/1.0***0.120***
[11/Mar/2024:14:52:18 +0530] GET /api/quiz/CS007/downloadable-quizzes/ HTTP/1.0***0.127***
[11/Mar/2024:14:52:18 +0530] GET /api/quiz/CS007/downloadable-quizzes/ HTTP/1.0***0.138***
[11/Mar/2024:14:52:18 +0530] POST /api/account/login/ HTTP/1.0***0.720***
[11/Mar/2024:14:52:18 +0530] GET /api/quiz/CS007.QB/authenticate/ HTTP/1.0***0.136***
[11/Mar/2024:14:52:18 +0530] GET /api/quiz/CS007.QB/authenticate/ HTTP/1.0***0.136***
[11/Mar/2024:14:52:18 +0530] GET /api/quiz/CS007/downloadable-quizzes/ HTTP/1.0***0.140***
[11/Mar/2024:14:52:18 +0530] GET /api/quiz/CS007/downloadable-quizzes/ HTTP/1.0***0.141***
[11/Mar/2024:14:52:18 +0530] POST /api/quiz/04fb199bdbc647599a8e7230fe0202ca/submit/ HTTP/1.0***1.005***
[11/Mar/2024:14:52:19 +0530] GET /api/quiz/CS007.QB/download/ HTTP/1.0***0.025***
[11/Mar/2024:14:52:19 +0530] GET /api/course/ HTTP/1.0***0.027***
[11/Mar/2024:14:52:19 +0530] GET /api/quiz/CS007/downloadable-quizzes/ HTTP/1.0***0.078***
[11/Mar/2024:14:52:19 +0530] POST /api/quiz/e155e9b0cbaa4d5db866696b81d61d50/submit/ HTTP/1.0***0.991***
[11/Mar/2024:14:52:19 +0530] POST /api/account/login/ HTTP/1.0***0.989***
[11/Mar/2024:14:52:19 +0530] GET /api/course/ HTTP/1.0***0.078***
[11/Mar/2024:14:52:19 +0530] POST /api/quiz/9e0679ed33e8458c85d9a406baeb7b88/submit/ HTTP/1.0***1.091***
[11/Mar/2024:14:52:19 +0530] POST /api/quiz/eae0daaf8ac84b6cb7c1e2cc12e7950a/submit/ HTTP/1.0***1.244***
[11/Mar/2024:14:52:19 +0530] POST /api/account/login/ HTTP/1.0***0.430***
[11/Mar/2024:14:52:19 +0530] POST /api/account/login/ HTTP/1.0***0.491***
[11/Mar/2024:14:52:19 +0530] POST /api/account/login/ HTTP/1.0***0.501***
[11/Mar/2024:14:52:19 +0530] GET /api/course/ HTTP/1.0***0.471***
[11/Mar/2024:14:52:19 +0530] POST /api/account/login/ HTTP/1.0***0.530***
[11/Mar/2024:14:52:19 +0530] GET /api/course/ HTTP/1.0***0.496***
[11/Mar/2024:14:52:19 +0530] GET /api/quiz/CS007.QB/download/ HTTP/1.0***0.439***
[11/Mar/2024:14:52:19 +0530] GET /api/quiz/CS007.QB/info/ HTTP/1.0***3.569***
[11/Mar/2024:14:52:19 +0530] GET /api/quiz/CS007.QB/info/ HTTP/1.0***3.622***
[11/Mar/2024:14:52:19 +0530] GET /api/quiz/CS007.QB/info/ HTTP/1.0***3.632***
[11/Mar/2024:14:52:19 +0530] GET /api/quiz/CS007.QB/download/ HTTP/1.0***0.508***
[11/Mar/2024:14:52:19 +0530] GET /api/quiz/CS007.QB/download/ HTTP/1.0***0.515***
[11/Mar/2024:14:52:19 +0530] GET /api/quiz/CS007.QB/info/ HTTP/1.0***3.584***
[11/Mar/2024:14:52:19 +0530] GET /api/quiz/CS007.QB/download/ HTTP/1.0***0.519***
[11/Mar/2024:14:52:19 +0530] GET /api/course/ HTTP/1.0***0.121***
[11/Mar/2024:14:52:19 +0530] GET /api/course/ HTTP/1.0***0.147***
[11/Mar/2024:14:52:19 +0530] POST /api/quiz/9043cc9bc6924f81b35a12eab193bb03/submit/ HTTP/1.0***1.004***
[11/Mar/2024:14:52:19 +0530] GET /api/course/ HTTP/1.0***0.168***
[11/Mar/2024:14:52:19 +0530] POST /api/account/login/ HTTP/1.0***0.790***
[11/Mar/2024:14:52:19 +0530] GET /api/course/ HTTP/1.0***0.182***
[11/Mar/2024:14:52:19 +0530] GET /api/course/ HTTP/1.0***0.186***
[11/Mar/2024:14:52:19 +0530] GET /api/course/ HTTP/1.0***0.191***
[11/Mar/2024:14:52:20 +0530] GET /api/quiz/CS007.QB/info/ HTTP/1.0***3.754***
[11/Mar/2024:14:52:20 +0530] POST /api/quiz/04bf8ce1812c40ec89c1d2e660389511/submit/ HTTP/1.0***1.007***
[11/Mar/2024:14:52:20 +0530] POST /api/quiz/e7fc07e24413438ca2a22593790c1002/submit/ HTTP/1.0***1.070***
[11/Mar/2024:14:52:20 +0530] POST /api/quiz/1c0ba7be99404729beb18dde002e0763/submit/ HTTP/1.0***1.049***
[11/Mar/2024:14:52:20 +0530] GET /api/quiz/CS007.QB/authenticate/ HTTP/1.0***0.235***
[11/Mar/2024:14:52:20 +0530] GET /api/quiz/CS007.QB/authenticate/ HTTP/1.0***0.248***
[11/Mar/2024:14:52:20 +0530] GET /api/quiz/CS007.QB/authenticate/ HTTP/1.0***0.233***
[11/Mar/2024:14:52:20 +0530] POST /api/account/login/ HTTP/1.0***0.899***
[11/Mar/2024:14:52:20 +0530] GET /api/quiz/CS007.QB/authenticate/ HTTP/1.0***0.276***
[11/Mar/2024:14:52:20 +0530] GET /api/quiz/CS007/downloadable-quizzes/ HTTP/1.0***0.279***
[11/Mar/2024:14:52:20 +0530] GET /api/quiz/CS007.QB/authenticate/ HTTP/1.0***0.284***
[11/Mar/2024:14:52:20 +0530] GET /api/course/ HTTP/1.0***0.170***
[11/Mar/2024:14:52:20 +0530] GET /api/quiz/CS007/downloadable-quizzes/ HTTP/1.0***0.312***
[11/Mar/2024:14:52:20 +0530] POST /api/account/login/ HTTP/1.0***1.005***
[11/Mar/2024:14:52:20 +0530] POST /api/quiz/65c6d878883e459a9e700d2dd077f16a/submit/ HTTP/1.0***1.086***
[11/Mar/2024:14:52:20 +0530] GET /api/quiz/CS007.QB/info/ HTTP/1.0***3.392***
[11/Mar/2024:14:52:20 +0530] GET /api/quiz/CS007.QB/info/ HTTP/1.0***3.495***
[11/Mar/2024:14:52:20 +0530] GET /api/quiz/CS007.QB/info/ HTTP/1.0***3.498***
[11/Mar/2024:14:52:20 +0530] POST /api/account/login/ HTTP/1.0***0.590***
[11/Mar/2024:14:52:20 +0530] POST /api/account/login/ HTTP/1.0***0.842***
[11/Mar/2024:14:52:21 +0530] POST /api/account/login/ HTTP/1.0***0.921***
[11/Mar/2024:14:52:21 +0530] GET /api/quiz/CS007/downloadable-quizzes/ HTTP/1.0***0.864***
[11/Mar/2024:14:52:21 +0530] POST /api/quiz/2049ebec0dec4c1e99f11656a1b04dcc/submit/ HTTP/1.0***1.155***
[11/Mar/2024:14:52:21 +0530] GET /api/course/ HTTP/1.0***0.836***
[11/Mar/2024:14:52:21 +0530] POST /api/quiz/af49b2e2cc3f457b8e6171f566153ef9/submit/ HTTP/1.0***1.113***
[11/Mar/2024:14:52:21 +0530] POST /api/account/login/ HTTP/1.0***0.980***
[11/Mar/2024:14:52:21 +0530] GET /api/course/ HTTP/1.0***0.490***
[11/Mar/2024:14:52:21 +0530] GET /api/quiz/CS007.QB/authenticate/ HTTP/1.0***0.932***
[11/Mar/2024:14:52:21 +0530] GET /api/course/ HTTP/1.0***0.442***
[11/Mar/2024:14:52:21 +0530] POST /api/quiz/5f02c8546fa64007a61d7687f1109fbe/submit/ HTTP/1.0***1.139***
[11/Mar/2024:14:52:21 +0530] GET /api/quiz/CS007/downloadable-quizzes/ HTTP/1.0***0.863***
[11/Mar/2024:14:52:21 +0530] GET /api/course/ HTTP/1.0***0.446***
[11/Mar/2024:14:52:21 +0530] GET /api/course/ HTTP/1.0***0.427***
[11/Mar/2024:14:52:21 +0530] GET /api/quiz/CS007.QB/download/ HTTP/1.0***0.374***
[11/Mar/2024:14:52:21 +0530] GET /api/quiz/CS007.QB/download/ HTTP/1.0***0.328***
[11/Mar/2024:14:52:21 +0530] GET /api/quiz/CS007.QB/download/ HTTP/1.0***0.328***
[11/Mar/2024:14:52:21 +0530] GET /api/quiz/CS007.QB/authenticate/ HTTP/1.0***0.417***
[11/Mar/2024:14:52:21 +0530] GET /api/quiz/CS007/downloadable-quizzes/ HTTP/1.0***0.469***
[11/Mar/2024:14:52:21 +0530] GET /api/quiz/CS007.QB/download/ HTTP/1.0***0.319***
[11/Mar/2024:14:52:21 +0530] GET /api/quiz/CS007/downloadable-quizzes/ HTTP/1.0***0.459***
[11/Mar/2024:14:52:21 +0530] GET /api/quiz/CS007.QB/authenticate/ HTTP/1.0***0.357***
[11/Mar/2024:14:52:21 +0530] GET /api/quiz/CS007.QB/authenticate/ HTTP/1.0***0.366***
[11/Mar/2024:14:52:21 +0530] GET /api/course/ HTTP/1.0***0.252***
[11/Mar/2024:14:52:21 +0530] GET /api/quiz/CS007.QB/authenticate/ HTTP/1.0***0.382***
[11/Mar/2024:14:52:21 +0530] GET /api/quiz/CS007/downloadable-quizzes/ HTTP/1.0***0.347***
[11/Mar/2024:14:52:21 +0530] GET /api/quiz/CS007/downloadable-quizzes/ HTTP/1.0***0.317***
[11/Mar/2024:14:52:21 +0530] GET /api/quiz/CS007/downloadable-quizzes/ HTTP/1.0***0.299***
[11/Mar/2024:14:52:21 +0530] GET /api/quiz/CS007.QB/download/ HTTP/1.0***0.228***
[11/Mar/2024:14:52:21 +0530] GET /api/quiz/CS007.QB/info/ HTTP/1.0***3.095***
[11/Mar/2024:14:52:21 +0530] GET /api/quiz/CS007/downloadable-quizzes/ HTTP/1.0***0.346***
[11/Mar/2024:14:52:21 +0530] GET /api/quiz/CS007/downloadable-quizzes/ HTTP/1.0***0.344***
[11/Mar/2024:14:52:21 +0530] GET /api/quiz/CS007.QB/info/ HTTP/1.0***3.115***
[11/Mar/2024:14:52:21 +0530] GET /api/quiz/CS007/downloadable-quizzes/ HTTP/1.0***0.359***
[11/Mar/2024:14:52:21 +0530] GET /api/course/ HTTP/1.0***0.192***
[11/Mar/2024:14:52:21 +0530] GET /api/quiz/CS007.QB/info/ HTTP/1.0***3.281***
[11/Mar/2024:14:52:21 +0530] GET /api/quiz/CS007.QB/info/ HTTP/1.0***3.302***
[11/Mar/2024:14:52:21 +0530] GET /api/quiz/CS007.QB/info/ HTTP/1.0***3.307***
[11/Mar/2024:14:52:21 +0530] GET /api/quiz/CS007/downloadable-quizzes/ HTTP/1.0***0.436***
[11/Mar/2024:14:52:21 +0530] POST /api/account/login/ HTTP/1.0***0.523***
[11/Mar/2024:14:52:21 +0530] POST /api/account/login/ HTTP/1.0***0.556***
[11/Mar/2024:14:52:21 +0530] POST /api/account/login/ HTTP/1.0***0.573***
[11/Mar/2024:14:52:21 +0530] GET /api/course/ HTTP/1.0***0.564***
[11/Mar/2024:14:52:21 +0530] GET /api/quiz/CS007.QB/download/ HTTP/1.0***0.255***
[11/Mar/2024:14:52:21 +0530] GET /api/quiz/CS007.QB/download/ HTTP/1.0***0.175***
[11/Mar/2024:14:52:21 +0530] GET /api/quiz/CS007.QB/download/ HTTP/1.0***0.188***
[11/Mar/2024:14:52:21 +0530] GET /api/course/ HTTP/1.0***0.140***
[11/Mar/2024:14:52:21 +0530] POST /api/account/login/ HTTP/1.0***0.816***
[11/Mar/2024:14:52:21 +0530] GET /api/course/ HTTP/1.0***0.029***
[11/Mar/2024:14:52:22 +0530] GET /api/course/ HTTP/1.0***0.028***
[11/Mar/2024:14:52:22 +0530] POST /api/account/login/ HTTP/1.0***0.916***
[11/Mar/2024:14:52:22 +0530] POST /api/account/login/ HTTP/1.0***1.001***
[11/Mar/2024:14:52:22 +0530] POST /api/quiz/96780d232e924cb59965aead199f46f8/submit/ HTTP/1.0***1.148***
[11/Mar/2024:14:52:22 +0530] POST /api/quiz/510495ce25fb45efaedd4a00c6976b29/submit/ HTTP/1.0***1.149***
[11/Mar/2024:14:52:22 +0530] POST /api/quiz/d6dda9236c1f4ca7a08e0c89173e4074/submit/ HTTP/1.0***1.163***
[11/Mar/2024:14:52:22 +0530] GET /api/quiz/CS007.QB/info/ HTTP/1.0***3.178***
[11/Mar/2024:14:52:22 +0530] POST /api/quiz/cf0c1c7fa7194232b0856eda60cd340b/submit/ HTTP/1.0***1.187***
[11/Mar/2024:14:52:22 +0530] GET /api/quiz/CS007.QB/authenticate/ HTTP/1.0***0.227***
[11/Mar/2024:14:52:22 +0530] GET /api/quiz/CS007.QB/authenticate/ HTTP/1.0***0.252***
[11/Mar/2024:14:52:22 +0530] GET /api/quiz/CS007/downloadable-quizzes/ HTTP/1.0***0.312***
[11/Mar/2024:14:52:22 +0530] GET /api/quiz/CS007/downloadable-quizzes/ HTTP/1.0***0.333***
[11/Mar/2024:14:52:22 +0530] GET /api/quiz/CS007/downloadable-quizzes/ HTTP/1.0***0.408***
[11/Mar/2024:14:52:22 +0530] POST /api/account/login/ HTTP/1.0***0.460***
[11/Mar/2024:14:52:22 +0530] POST /api/account/login/ HTTP/1.0***0.467***
[11/Mar/2024:14:52:22 +0530] GET /api/quiz/CS007/downloadable-quizzes/ HTTP/1.0***0.483***
[11/Mar/2024:14:52:22 +0530] POST /api/quiz/8d4fde97123146f79c0f29bb44179f55/submit/ HTTP/1.0***1.492***
[11/Mar/2024:14:52:22 +0530] POST /api/account/login/ HTTP/1.0***0.501***
[11/Mar/2024:14:52:22 +0530] GET /api/course/ HTTP/1.0***0.516***
[11/Mar/2024:14:52:22 +0530] GET /api/quiz/CS007.QB/authenticate/ HTTP/1.0***0.518***
[11/Mar/2024:14:52:22 +0530] GET /api/quiz/CS007/downloadable-quizzes/ HTTP/1.0***0.538***
[11/Mar/2024:14:52:22 +0530] GET /api/quiz/CS007.QB/info/ HTTP/1.0***3.492***
[11/Mar/2024:14:52:22 +0530] GET /api/quiz/CS007.QB/info/ HTTP/1.0***3.407***
[11/Mar/2024:14:52:22 +0530] GET /api/quiz/CS007.QB/info/ HTTP/1.0***3.409***
[11/Mar/2024:14:52:22 +0530] POST /api/account/login/ HTTP/1.0***0.604***
[11/Mar/2024:14:52:22 +0530] POST /api/account/login/ HTTP/1.0***0.604***
[11/Mar/2024:14:52:22 +0530] GET /api/quiz/CS007.QB/authenticate/ HTTP/1.0***0.600***
[11/Mar/2024:14:52:22 +0530] POST /api/account/login/ HTTP/1.0***0.612***
[11/Mar/2024:14:52:22 +0530] GET /api/quiz/CS007.QB/info/ HTTP/1.0***3.349***
[11/Mar/2024:14:52:22 +0530] GET /api/quiz/CS007.QB/info/ HTTP/1.0***3.442***
[11/Mar/2024:14:52:22 +0530] GET /api/quiz/CS007/downloadable-quizzes/ HTTP/1.0***0.674***
[11/Mar/2024:14:52:22 +0530] GET /api/quiz/CS007.QB/download/ HTTP/1.0***0.582***
[11/Mar/2024:14:52:22 +0530] GET /api/quiz/CS007.QB/authenticate/ HTTP/1.0***0.645***
[11/Mar/2024:14:52:22 +0530] GET /api/quiz/CS007.QB/download/ HTTP/1.0***0.610***
[11/Mar/2024:14:52:23 +0530] GET /api/quiz/CS007.QB/info/ HTTP/1.0***3.140***
[11/Mar/2024:14:52:23 +0530] GET /api/quiz/CS007.QB/info/ HTTP/1.0***3.158***
[11/Mar/2024:14:52:23 +0530] GET /api/quiz/CS007.QB/info/ HTTP/1.0***3.160***
[11/Mar/2024:14:52:23 +0530] GET /api/quiz/CS007.QB/download/ HTTP/1.0***0.547***
[11/Mar/2024:14:52:23 +0530] GET /api/quiz/CS007.QB/download/ HTTP/1.0***0.537***
[11/Mar/2024:14:52:23 +0530] GET /api/quiz/CS007.QB/download/ HTTP/1.0***0.541***
[11/Mar/2024:14:52:23 +0530] GET /api/quiz/CS007.QB/info/ HTTP/1.0***3.181***
[11/Mar/2024:14:52:23 +0530] GET /api/course/ HTTP/1.0***0.412***
[11/Mar/2024:14:52:23 +0530] GET /api/quiz/CS007/downloadable-quizzes/ HTTP/1.0***0.749***
[11/Mar/2024:14:52:23 +0530] GET /api/course/ HTTP/1.0***0.399***
[11/Mar/2024:14:52:23 +0530] GET /api/quiz/CS007.QB/info/ HTTP/1.0***3.164***
[11/Mar/2024:14:52:23 +0530] GET /api/course/ HTTP/1.0***0.393***
[11/Mar/2024:14:52:23 +0530] GET /api/quiz/CS007.QB/authenticate/ HTTP/1.0***0.410***
[11/Mar/2024:14:52:23 +0530] GET /api/quiz/CS007.QB/authenticate/ HTTP/1.0***0.381***
[11/Mar/2024:14:52:23 +0530] GET /api/quiz/CS007/downloadable-quizzes/ HTTP/1.0***0.432***
[11/Mar/2024:14:52:23 +0530] GET /api/quiz/CS007.QB/authenticate/ HTTP/1.0***0.381***
[11/Mar/2024:14:52:23 +0530] GET /api/course/ HTTP/1.0***0.230***
[11/Mar/2024:14:52:23 +0530] GET /api/quiz/CS007.QB/info/ HTTP/1.0***3.337***
[11/Mar/2024:14:52:23 +0530] GET /api/quiz/CS007/downloadable-quizzes/ HTTP/1.0***0.482***
[11/Mar/2024:14:52:23 +0530] GET /api/quiz/CS007/downloadable-quizzes/ HTTP/1.0***0.356***
[11/Mar/2024:14:52:23 +0530] GET /api/quiz/CS007.QB/info/ HTTP/1.0***3.492***
[11/Mar/2024:14:52:23 +0530] POST /api/quiz/e36f1985d90b4bb1af70c8a03e639ffd/submit/ HTTP/1.0***1.491***
[11/Mar/2024:14:52:23 +0530] POST /api/account/login/ HTTP/1.0***0.524***
[11/Mar/2024:14:52:23 +0530] POST /api/quiz/d13bd7b02f414ae5839d8327a9d1b617/submit/ HTTP/1.0***1.509***
[11/Mar/2024:14:52:23 +0530] GET /api/course/ HTTP/1.0***0.525***
[11/Mar/2024:14:52:23 +0530] GET /api/quiz/CS007.QB/download/ HTTP/1.0***0.350***
[11/Mar/2024:14:52:23 +0530] GET /api/course/ HTTP/1.0***0.530***
[11/Mar/2024:14:52:23 +0530] POST /api/quiz/a020d9aba5394674ba772e8e605a2942/submit/ HTTP/1.0***1.496***
[11/Mar/2024:14:52:23 +0530] POST /api/account/login/ HTTP/1.0***0.575***
[11/Mar/2024:14:52:23 +0530] POST /api/quiz/0b374d084e174fa998a507776667a87b/submit/ HTTP/1.0***1.529***
[11/Mar/2024:14:52:23 +0530] POST /api/account/login/ HTTP/1.0***0.629***
[11/Mar/2024:14:52:23 +0530] POST /api/account/login/ HTTP/1.0***0.642***
[11/Mar/2024:14:52:23 +0530] GET /api/course/ HTTP/1.0***0.131***
[11/Mar/2024:14:52:23 +0530] GET /api/course/ HTTP/1.0***0.123***
[11/Mar/2024:14:52:23 +0530] GET /api/quiz/CS007/downloadable-quizzes/ HTTP/1.0***0.664***
[11/Mar/2024:14:52:23 +0530] POST /api/account/login/ HTTP/1.0***0.694***
[11/Mar/2024:14:52:23 +0530] POST /api/quiz/1ff2746c23a947dcb325ee8dd19146ff/submit/ HTTP/1.0***1.665***
[11/Mar/2024:14:52:23 +0530] GET /api/quiz/CS007.QB/download/ HTTP/1.0***0.140***
[11/Mar/2024:14:52:23 +0530] GET /api/quiz/CS007.QB/download/ HTTP/1.0***0.163***
[11/Mar/2024:14:52:23 +0530] GET /api/quiz/CS007.QB/download/ HTTP/1.0***0.157***
[11/Mar/2024:14:52:23 +0530] GET /api/course/ HTTP/1.0***0.154***
[11/Mar/2024:14:52:23 +0530] GET /api/course/ HTTP/1.0***0.145***
[11/Mar/2024:14:52:23 +0530] GET /api/course/ HTTP/1.0***0.175***
[11/Mar/2024:14:52:23 +0530] GET /api/course/ HTTP/1.0***0.195***
[11/Mar/2024:14:52:24 +0530] GET /api/quiz/CS007/downloadable-quizzes/ HTTP/1.0***0.294***
[11/Mar/2024:14:52:24 +0530] GET /api/quiz/CS007.QB/download/ HTTP/1.0***0.129***
[11/Mar/2024:14:52:24 +0530] GET /api/quiz/CS007.QB/info/ HTTP/1.0***1.751***
[11/Mar/2024:14:52:24 +0530] GET /api/quiz/CS007.QB/info/ HTTP/1.0***1.963***
[11/Mar/2024:14:52:24 +0530] GET /api/quiz/CS007.QB/info/ HTTP/1.0***1.840***
[11/Mar/2024:14:52:24 +0530] GET /api/quiz/CS007.QB/info/ HTTP/1.0***0.423***
[11/Mar/2024:14:52:24 +0530] GET /api/quiz/CS007.QB/info/ HTTP/1.0***1.806***
[11/Mar/2024:14:52:24 +0530] GET /api/quiz/CS007.QB/info/ HTTP/1.0***0.313***
[11/Mar/2024:14:52:24 +0530] GET /api/quiz/CS007.QB/info/ HTTP/1.0***2.846***
[11/Mar/2024:14:52:24 +0530] POST /api/quiz/e806799157bd4f2288bcd745da1f99ba/submit/ HTTP/1.0***0.228***
[11/Mar/2024:14:52:24 +0530] GET /api/quiz/CS007.QB/info/ HTTP/1.0***1.836***
[11/Mar/2024:14:52:24 +0530] POST /api/quiz/736dbc4cdbe545599a28fc852685b82c/submit/ HTTP/1.0***0.070***
[11/Mar/2024:14:52:24 +0530] GET /api/quiz/CS007.QB/info/ HTTP/1.0***0.288***
[11/Mar/2024:14:52:24 +0530] GET /api/quiz/CS007.QB/info/ HTTP/1.0***2.842***
[11/Mar/2024:14:52:24 +0530] GET /api/quiz/CS007.QB/download/ HTTP/1.0***0.117***
[11/Mar/2024:14:52:24 +0530] POST /api/quiz/d46cca1c727344768123f056c3831848/submit/ HTTP/1.0***0.609***
[11/Mar/2024:14:52:24 +0530] GET /api/quiz/CS007.QB/info/ HTTP/1.0***1.399***
[11/Mar/2024:14:52:24 +0530] GET /api/quiz/CS007.QB/info/ HTTP/1.0***1.655***
[11/Mar/2024:14:52:24 +0530] POST /api/quiz/a8fcd4729184452785a6a117c0d127f8/submit/ HTTP/1.0***0.585***
[11/Mar/2024:14:52:24 +0530] GET /api/quiz/CS007.QB/info/ HTTP/1.0***1.679***
[11/Mar/2024:14:52:24 +0530] POST /api/quiz/f29b844b6d7f4fb1aeee87740a762248/submit/ HTTP/1.0***0.311***
[11/Mar/2024:14:52:24 +0530] GET /api/quiz/CS007.QB/info/ HTTP/1.0***1.730***
[11/Mar/2024:14:52:24 +0530] GET /api/quiz/CS007.QB/authenticate/ HTTP/1.0***0.102***
[11/Mar/2024:14:52:24 +0530] GET /api/quiz/CS007.QB/info/ HTTP/1.0***0.111***
[11/Mar/2024:14:52:24 +0530] GET /api/quiz/CS007.QB/info/ HTTP/1.0***1.761***
[11/Mar/2024:14:52:24 +0530] GET /api/quiz/CS007.QB/info/ HTTP/1.0***0.529***
[11/Mar/2024:14:52:24 +0530] GET /api/quiz/CS007.QB/authenticate/ HTTP/1.0***0.056***
[11/Mar/2024:14:52:24 +0530] GET /api/quiz/CS007.QB/info/ HTTP/1.0***1.686***
[11/Mar/2024:14:52:24 +0530] GET /api/quiz/CS007.QB/info/ HTTP/1.0***0.508***
[11/Mar/2024:14:52:24 +0530] GET /sys_perf_check/2024-03-11_09-21-39-end/100/ HTTP/1.0***0.166***
[11/Mar/2024:14:52:25 +0530] GET /sys_perf_check/2024-03-11_09-21-39-END/0/ HTTP/1.0***0.067***
