[11/Mar/2024:14:42:42 +0530] GET /sys_perf_check/2024-03-11_09-12-38-START/0/ HTTP/1.0***0.013***
[11/Mar/2024:14:42:42 +0530] GET /sys_perf_check/2024-03-11_09-12-38-start/100/ HTTP/1.0***0.013***
[11/Mar/2024:14:42:44 +0530] POST /api/account/login/ HTTP/1.0***0.364***
[11/Mar/2024:14:42:44 +0530] POST /api/account/login/ HTTP/1.0***0.377***
[11/Mar/2024:14:42:45 +0530] GET /api/course/ HTTP/1.0***0.031***
[11/Mar/2024:14:42:45 +0530] POST /api/account/login/ HTTP/1.0***0.396***
[11/Mar/2024:14:42:45 +0530] GET /api/course/ HTTP/1.0***0.027***
[11/Mar/2024:14:42:45 +0530] POST /api/account/login/ HTTP/1.0***0.403***
[11/Mar/2024:14:42:46 +0530] POST /api/account/login/ HTTP/1.0***0.371***
[11/Mar/2024:14:42:46 +0530] POST /api/account/login/ HTTP/1.0***0.377***
[11/Mar/2024:14:42:46 +0530] GET /api/course/ HTTP/1.0***0.029***
[11/Mar/2024:14:42:46 +0530] GET /api/course/ HTTP/1.0***0.030***
[11/Mar/2024:14:42:46 +0530] GET /api/quiz/CS007/downloadable-quizzes/ HTTP/1.0***0.072***
[11/Mar/2024:14:42:46 +0530] GET /api/quiz/CS007/downloadable-quizzes/ HTTP/1.0***0.077***
[11/Mar/2024:14:42:47 +0530] POST /api/account/login/ HTTP/1.0***0.378***
[11/Mar/2024:14:42:47 +0530] POST /api/account/login/ HTTP/1.0***0.388***
[11/Mar/2024:14:42:47 +0530] GET /api/course/ HTTP/1.0***0.026***
[11/Mar/2024:14:42:47 +0530] GET /api/course/ HTTP/1.0***0.027***
[11/Mar/2024:14:42:47 +0530] GET /api/quiz/CS007/downloadable-quizzes/ HTTP/1.0***0.075***
[11/Mar/2024:14:42:47 +0530] GET /api/quiz/CS007/downloadable-quizzes/ HTTP/1.0***0.075***
[11/Mar/2024:14:42:48 +0530] POST /api/account/login/ HTTP/1.0***0.378***
[11/Mar/2024:14:42:48 +0530] POST /api/account/login/ HTTP/1.0***0.400***
[11/Mar/2024:14:42:48 +0530] GET /api/course/ HTTP/1.0***0.029***
[11/Mar/2024:14:42:48 +0530] GET /api/course/ HTTP/1.0***0.028***
[11/Mar/2024:14:42:48 +0530] GET /api/quiz/CS007/downloadable-quizzes/ HTTP/1.0***0.076***
[11/Mar/2024:14:42:48 +0530] GET /api/quiz/CS007/downloadable-quizzes/ HTTP/1.0***0.071***
[11/Mar/2024:14:42:49 +0530] POST /api/account/login/ HTTP/1.0***0.395***
[11/Mar/2024:14:42:49 +0530] POST /api/account/login/ HTTP/1.0***0.748***
[11/Mar/2024:14:42:49 +0530] GET /api/course/ HTTP/1.0***0.389***
[11/Mar/2024:14:42:49 +0530] GET /api/course/ HTTP/1.0***0.391***
[11/Mar/2024:14:42:49 +0530] GET /api/quiz/CS007/downloadable-quizzes/ HTTP/1.0***0.452***
[11/Mar/2024:14:42:49 +0530] GET /api/quiz/CS007/downloadable-quizzes/ HTTP/1.0***0.511***
[11/Mar/2024:14:42:50 +0530] GET /api/quiz/CS007.WF/info/ HTTP/1.0***2.741***
[11/Mar/2024:14:42:50 +0530] GET /api/quiz/CS007.WF/info/ HTTP/1.0***2.884***
[11/Mar/2024:14:42:50 +0530] POST /api/account/login/ HTTP/1.0***0.761***
[11/Mar/2024:14:42:51 +0530] POST /api/account/login/ HTTP/1.0***1.158***
[11/Mar/2024:14:42:51 +0530] GET /api/course/ HTTP/1.0***0.781***
[11/Mar/2024:14:42:51 +0530] GET /api/course/ HTTP/1.0***0.452***
[11/Mar/2024:14:42:51 +0530] GET /api/quiz/CS007/downloadable-quizzes/ HTTP/1.0***0.498***
[11/Mar/2024:14:42:51 +0530] GET /api/quiz/CS007.WF/info/ HTTP/1.0***2.756***
[11/Mar/2024:14:42:51 +0530] GET /api/quiz/CS007/downloadable-quizzes/ HTTP/1.0***0.574***
[11/Mar/2024:14:42:51 +0530] GET /api/quiz/CS007.WF/info/ HTTP/1.0***2.935***
[11/Mar/2024:14:42:51 +0530] POST /api/account/login/ HTTP/1.0***0.978***
[11/Mar/2024:14:42:52 +0530] POST /api/account/login/ HTTP/1.0***1.380***
[11/Mar/2024:14:42:52 +0530] GET /api/quiz/CS007.WF/download/ HTTP/1.0***1.167***
[11/Mar/2024:14:42:52 +0530] GET /api/quiz/CS007.WF/download/ HTTP/1.0***1.062***
[11/Mar/2024:14:42:52 +0530] GET /api/course/ HTTP/1.0***0.684***
[11/Mar/2024:14:42:52 +0530] POST /api/account/login/ HTTP/1.0***0.868***
[11/Mar/2024:14:42:52 +0530] GET /api/quiz/CS007.WF/info/ HTTP/1.0***3.433***
[11/Mar/2024:14:42:52 +0530] GET /api/course/ HTTP/1.0***0.783***
[11/Mar/2024:14:42:52 +0530] GET /api/quiz/CS007/downloadable-quizzes/ HTTP/1.0***0.829***
[11/Mar/2024:14:42:52 +0530] GET /api/quiz/CS007/downloadable-quizzes/ HTTP/1.0***0.881***
[11/Mar/2024:14:42:53 +0530] GET /api/quiz/CS007.WF/info/ HTTP/1.0***3.742***
[11/Mar/2024:14:42:53 +0530] GET /api/quiz/CS007.WF/download/ HTTP/1.0***0.964***
[11/Mar/2024:14:42:53 +0530] POST /api/account/login/ HTTP/1.0***1.256***
[11/Mar/2024:14:42:53 +0530] GET /api/quiz/CS007.WF/download/ HTTP/1.0***0.821***
[11/Mar/2024:14:42:53 +0530] GET /api/course/ HTTP/1.0***0.293***
[11/Mar/2024:14:42:53 +0530] POST /api/account/login/ HTTP/1.0***0.670***
[11/Mar/2024:14:42:53 +0530] POST /api/account/login/ HTTP/1.0***1.067***
[11/Mar/2024:14:42:53 +0530] GET /api/course/ HTTP/1.0***0.711***
[11/Mar/2024:14:42:54 +0530] GET /api/quiz/CS007.WF/authenticate/ HTTP/1.0***0.787***
[11/Mar/2024:14:42:54 +0530] GET /api/quiz/CS007.WF/authenticate/ HTTP/1.0***0.869***
[11/Mar/2024:14:42:54 +0530] GET /api/quiz/CS007.WF/info/ HTTP/1.0***3.434***
[11/Mar/2024:14:42:54 +0530] GET /api/course/ HTTP/1.0***0.460***
[11/Mar/2024:14:42:54 +0530] GET /api/quiz/CS007.WF/info/ HTTP/1.0***3.400***
[11/Mar/2024:14:42:54 +0530] GET /api/quiz/CS007.WF/download/ HTTP/1.0***0.427***
[11/Mar/2024:14:42:54 +0530] GET /api/quiz/CS007/downloadable-quizzes/ HTTP/1.0***0.923***
[11/Mar/2024:14:42:54 +0530] GET /api/quiz/CS007/downloadable-quizzes/ HTTP/1.0***0.470***
[11/Mar/2024:14:42:54 +0530] POST /api/account/login/ HTTP/1.0***0.741***
[11/Mar/2024:14:42:54 +0530] POST /api/account/login/ HTTP/1.0***0.746***
[11/Mar/2024:14:42:54 +0530] GET /api/quiz/CS007.WF/download/ HTTP/1.0***0.536***
[11/Mar/2024:14:42:54 +0530] GET /api/quiz/CS007.WF/authenticate/ HTTP/1.0***0.608***
[11/Mar/2024:14:42:54 +0530] GET /api/course/ HTTP/1.0***0.627***
[11/Mar/2024:14:42:54 +0530] GET /api/quiz/CS007.WF/authenticate/ HTTP/1.0***0.708***
[11/Mar/2024:14:42:54 +0530] GET /api/quiz/CS007/downloadable-quizzes/ HTTP/1.0***0.749***
[11/Mar/2024:14:42:54 +0530] GET /api/course/ HTTP/1.0***0.403***
[11/Mar/2024:14:42:55 +0530] POST /api/account/login/ HTTP/1.0***0.461***
[11/Mar/2024:14:42:55 +0530] POST /api/account/login/ HTTP/1.0***0.858***
[11/Mar/2024:14:42:55 +0530] GET /api/course/ HTTP/1.0***0.837***
[11/Mar/2024:14:42:55 +0530] GET /api/quiz/CS007/downloadable-quizzes/ HTTP/1.0***0.885***
[11/Mar/2024:14:42:55 +0530] GET /api/quiz/CS007.WF/info/ HTTP/1.0***3.725***
[11/Mar/2024:14:42:56 +0530] GET /api/quiz/CS007.WF/info/ HTTP/1.0***3.800***
[11/Mar/2024:14:42:56 +0530] GET /api/quiz/CS007.WF/download/ HTTP/1.0***0.882***
[11/Mar/2024:14:42:56 +0530] GET /api/quiz/CS007/downloadable-quizzes/ HTTP/1.0***0.938***
[11/Mar/2024:14:42:56 +0530] GET /api/quiz/CS007.WF/download/ HTTP/1.0***0.942***
[11/Mar/2024:14:42:56 +0530] GET /api/quiz/CS007.WF/authenticate/ HTTP/1.0***1.029***
[11/Mar/2024:14:42:56 +0530] POST /api/quiz/5a8f131ce59b4e8abaebcce875d1c3fc/submit/ HTTP/1.0***1.638***
[11/Mar/2024:14:42:56 +0530] POST /api/quiz/a62157fbe34d4c7f87737fe5ba7a62e8/submit/ HTTP/1.0***1.584***
[11/Mar/2024:14:42:56 +0530] GET /api/course/ HTTP/1.0***1.196***
[11/Mar/2024:14:42:56 +0530] GET /api/course/ HTTP/1.0***1.220***
[11/Mar/2024:14:42:56 +0530] GET /api/quiz/CS007.WF/authenticate/ HTTP/1.0***1.288***
[11/Mar/2024:14:42:57 +0530] GET /api/quiz/CS007.WF/info/ HTTP/1.0***3.371***
[11/Mar/2024:14:42:57 +0530] GET /api/quiz/CS007/downloadable-quizzes/ HTTP/1.0***1.574***
[11/Mar/2024:14:42:57 +0530] GET /api/quiz/CS007.WF/info/ HTTP/1.0***3.519***
[11/Mar/2024:14:42:57 +0530] POST /api/quiz/4a402a8179c4486f8f87d6cfddf707e7/submit/ HTTP/1.0***2.143***
[11/Mar/2024:14:42:57 +0530] POST /api/account/login/ HTTP/1.0***2.000***
[11/Mar/2024:14:42:58 +0530] POST /api/quiz/a48ebbbee1054671a911ffb791351d53/submit/ HTTP/1.0***2.361***
[11/Mar/2024:14:42:58 +0530] POST /api/account/login/ HTTP/1.0***2.391***
[11/Mar/2024:14:42:58 +0530] GET /api/course/ HTTP/1.0***1.944***
[11/Mar/2024:14:42:58 +0530] GET /api/quiz/CS007/downloadable-quizzes/ HTTP/1.0***2.366***
[11/Mar/2024:14:42:58 +0530] GET /api/course/ HTTP/1.0***1.567***
[11/Mar/2024:14:42:58 +0530] GET /api/quiz/CS007/downloadable-quizzes/ HTTP/1.0***1.608***
[11/Mar/2024:14:42:58 +0530] GET /api/quiz/CS007.WF/download/ HTTP/1.0***1.527***
[11/Mar/2024:14:42:58 +0530] POST /api/account/login/ HTTP/1.0***1.931***
[11/Mar/2024:14:42:59 +0530] POST /api/account/login/ HTTP/1.0***2.335***
[11/Mar/2024:14:42:59 +0530] GET /api/quiz/CS007.WF/download/ HTTP/1.0***2.193***
[11/Mar/2024:14:42:59 +0530] GET /api/quiz/CS007.WF/authenticate/ HTTP/1.0***2.291***
[11/Mar/2024:14:42:59 +0530] GET /api/quiz/CS007.WF/info/ HTTP/1.0***4.155***
[11/Mar/2024:14:42:59 +0530] GET /api/quiz/CS007.WF/authenticate/ HTTP/1.0***2.344***
[11/Mar/2024:14:42:59 +0530] GET /api/quiz/CS007.WF/info/ HTTP/1.0***4.554***
[11/Mar/2024:14:42:59 +0530] GET /api/quiz/CS007/downloadable-quizzes/ HTTP/1.0***2.109***
[11/Mar/2024:14:43:00 +0530] GET /api/quiz/CS007/downloadable-quizzes/ HTTP/1.0***2.078***
[11/Mar/2024:14:43:00 +0530] POST /api/account/login/ HTTP/1.0***2.483***
[11/Mar/2024:14:43:00 +0530] POST /api/quiz/68d27c20d3374a008af9faa12329d30b/submit/ HTTP/1.0***3.195***
[11/Mar/2024:14:43:00 +0530] POST /api/account/login/ HTTP/1.0***2.884***
[11/Mar/2024:14:43:00 +0530] POST /api/account/login/ HTTP/1.0***2.943***
[11/Mar/2024:14:43:01 +0530] GET /api/quiz/CS007.WF/info/ HTTP/1.0***5.065***
[11/Mar/2024:14:43:01 +0530] GET /api/quiz/CS007.WF/download/ HTTP/1.0***2.754***
[11/Mar/2024:14:43:01 +0530] POST /api/account/login/ HTTP/1.0***3.293***
[11/Mar/2024:14:43:01 +0530] GET /api/quiz/CS007.WF/download/ HTTP/1.0***2.759***
[11/Mar/2024:14:43:01 +0530] GET /api/quiz/CS007.WF/info/ HTTP/1.0***4.400***
[11/Mar/2024:14:43:01 +0530] POST /api/account/login/ HTTP/1.0***2.760***
[11/Mar/2024:14:43:01 +0530] GET /api/course/ HTTP/1.0***2.753***
[11/Mar/2024:14:43:01 +0530] POST /api/account/login/ HTTP/1.0***2.792***
[11/Mar/2024:14:43:01 +0530] GET /api/course/ HTTP/1.0***2.426***
[11/Mar/2024:14:43:01 +0530] GET /api/quiz/CS007/downloadable-quizzes/ HTTP/1.0***2.488***
[11/Mar/2024:14:43:01 +0530] POST /api/quiz/84d5d0ab1f9342c483b3c7b09039134f/submit/ HTTP/1.0***3.882***
[11/Mar/2024:14:43:01 +0530] GET /api/quiz/CS007/downloadable-quizzes/ HTTP/1.0***2.564***
[11/Mar/2024:14:43:02 +0530] GET /api/quiz/CS007.WF/authenticate/ HTTP/1.0***2.573***
[11/Mar/2024:14:43:02 +0530] GET /api/course/ HTTP/1.0***2.194***
[11/Mar/2024:14:43:02 +0530] GET /api/quiz/CS007.WF/info/ HTTP/1.0***5.192***
[11/Mar/2024:14:43:02 +0530] POST /api/account/login/ HTTP/1.0***2.501***
[11/Mar/2024:14:43:02 +0530] POST /api/account/login/ HTTP/1.0***2.807***
[11/Mar/2024:14:43:02 +0530] POST /api/account/login/ HTTP/1.0***2.894***
[11/Mar/2024:14:43:02 +0530] GET /api/course/ HTTP/1.0***2.628***
[11/Mar/2024:14:43:02 +0530] GET /api/quiz/CS007.WF/authenticate/ HTTP/1.0***2.671***
[11/Mar/2024:14:43:03 +0530] POST /api/account/login/ HTTP/1.0***3.202***
[11/Mar/2024:14:43:03 +0530] GET /api/quiz/CS007.WF/download/ HTTP/1.0***2.737***
[11/Mar/2024:14:43:03 +0530] POST /api/quiz/4fa8fd25b4e7413aad2c25fa7f8a0884/submit/ HTTP/1.0***3.537***
[11/Mar/2024:14:43:03 +0530] GET /api/quiz/CS007.WF/download/ HTTP/1.0***3.070***
[11/Mar/2024:14:43:04 +0530] POST /api/quiz/891469f432af4b6eb41f92d74196cdef/submit/ HTTP/1.0***3.554***
[11/Mar/2024:14:43:04 +0530] GET /api/quiz/CS007.WF/info/ HTTP/1.0***5.835***
[11/Mar/2024:14:43:04 +0530] POST /api/account/login/ HTTP/1.0***3.393***
[11/Mar/2024:14:43:04 +0530] POST /api/account/login/ HTTP/1.0***3.559***
[11/Mar/2024:14:43:04 +0530] GET /api/course/ HTTP/1.0***3.077***
[11/Mar/2024:14:43:04 +0530] GET /api/course/ HTTP/1.0***2.696***
[11/Mar/2024:14:43:04 +0530] GET /api/course/ HTTP/1.0***2.614***
[11/Mar/2024:14:43:04 +0530] GET /api/quiz/CS007.WF/info/ HTTP/1.0***5.482***
[11/Mar/2024:14:43:04 +0530] GET /api/quiz/CS007.WF/info/ HTTP/1.0***5.516***
[11/Mar/2024:14:43:04 +0530] POST /api/account/login/ HTTP/1.0***3.014***
[11/Mar/2024:14:43:05 +0530] GET /api/quiz/CS007.WF/download/ HTTP/1.0***2.969***
[11/Mar/2024:14:43:05 +0530] GET /api/quiz/CS007.WF/authenticate/ HTTP/1.0***3.036***
[11/Mar/2024:14:43:05 +0530] GET /api/course/ HTTP/1.0***2.855***
[11/Mar/2024:14:43:05 +0530] GET /api/quiz/CS007.WF/authenticate/ HTTP/1.0***2.933***
[11/Mar/2024:14:43:05 +0530] POST /api/account/login/ HTTP/1.0***3.275***
[11/Mar/2024:14:43:05 +0530] GET /api/quiz/CS007.WF/download/ HTTP/1.0***2.934***
[11/Mar/2024:14:43:05 +0530] GET /api/course/ HTTP/1.0***2.568***
[11/Mar/2024:14:43:05 +0530] GET /api/course/ HTTP/1.0***2.559***
[11/Mar/2024:14:43:05 +0530] GET /api/quiz/CS007/downloadable-quizzes/ HTTP/1.0***2.619***
[11/Mar/2024:14:43:05 +0530] POST /api/account/login/ HTTP/1.0***3.381***
[11/Mar/2024:14:43:05 +0530] GET /api/quiz/CS007/downloadable-quizzes/ HTTP/1.0***2.611***
[11/Mar/2024:14:43:05 +0530] POST /api/account/login/ HTTP/1.0***2.754***
[11/Mar/2024:14:43:06 +0530] POST /api/account/login/ HTTP/1.0***3.155***
[11/Mar/2024:14:43:06 +0530] POST /api/account/login/ HTTP/1.0***3.521***
[11/Mar/2024:14:43:07 +0530] GET /api/quiz/CS007.WF/info/ HTTP/1.0***6.149***
[11/Mar/2024:14:43:07 +0530] GET /api/quiz/CS007.WF/info/ HTTP/1.0***6.142***
[11/Mar/2024:14:43:07 +0530] GET /api/quiz/CS007/downloadable-quizzes/ HTTP/1.0***4.141***
[11/Mar/2024:14:43:07 +0530] GET /api/quiz/CS007.WF/download/ HTTP/1.0***3.832***
[11/Mar/2024:14:43:07 +0530] GET /api/course/ HTTP/1.0***3.751***
[11/Mar/2024:14:43:07 +0530] GET /api/course/ HTTP/1.0***3.452***
[11/Mar/2024:14:43:07 +0530] GET /api/course/ HTTP/1.0***3.382***
[11/Mar/2024:14:43:07 +0530] GET /api/quiz/CS007/downloadable-quizzes/ HTTP/1.0***3.402***
[11/Mar/2024:14:43:07 +0530] POST /api/quiz/f13d8218a3744d80b42a1febbd4adddf/submit/ HTTP/1.0***4.405***
[11/Mar/2024:14:43:07 +0530] POST /api/account/login/ HTTP/1.0***3.742***
[11/Mar/2024:14:43:07 +0530] POST /api/account/login/ HTTP/1.0***3.758***
[11/Mar/2024:14:43:07 +0530] GET /api/course/ HTTP/1.0***3.536***
[11/Mar/2024:14:43:07 +0530] GET /api/quiz/CS007.WF/authenticate/ HTTP/1.0***3.602***
[11/Mar/2024:14:43:08 +0530] POST /api/account/login/ HTTP/1.0***3.129***
[11/Mar/2024:14:43:08 +0530] GET /api/quiz/CS007.WF/authenticate/ HTTP/1.0***3.214***
[11/Mar/2024:14:43:08 +0530] GET /api/quiz/CS007.WF/download/ HTTP/1.0***2.987***
[11/Mar/2024:14:43:08 +0530] POST /api/account/login/ HTTP/1.0***3.246***
[11/Mar/2024:14:43:08 +0530] GET /api/quiz/CS007.WF/info/ HTTP/1.0***5.373***
[11/Mar/2024:14:43:08 +0530] GET /api/course/ HTTP/1.0***2.865***
[11/Mar/2024:14:43:08 +0530] GET /api/quiz/CS007.WF/info/ HTTP/1.0***5.262***
[11/Mar/2024:14:43:08 +0530] GET /api/course/ HTTP/1.0***2.724***
[11/Mar/2024:14:43:08 +0530] GET /api/quiz/CS007.WF/download/ HTTP/1.0***2.409***
[11/Mar/2024:14:43:08 +0530] GET /api/course/ HTTP/1.0***2.281***
[11/Mar/2024:14:43:08 +0530] GET /api/quiz/CS007/downloadable-quizzes/ HTTP/1.0***2.755***
[11/Mar/2024:14:43:08 +0530] GET /api/quiz/CS007.WF/download/ HTTP/1.0***2.299***
[11/Mar/2024:14:43:08 +0530] GET /api/quiz/CS007/downloadable-quizzes/ HTTP/1.0***2.712***
[11/Mar/2024:14:43:08 +0530] GET /api/quiz/CS007/downloadable-quizzes/ HTTP/1.0***2.737***
[11/Mar/2024:14:43:08 +0530] POST /api/quiz/16f401b6b21343e7b5511e583cf53987/submit/ HTTP/1.0***4.379***
[11/Mar/2024:14:43:08 +0530] GET /api/quiz/CS007.WF/authenticate/ HTTP/1.0***2.514***
[11/Mar/2024:14:43:08 +0530] POST /api/account/login/ HTTP/1.0***2.686***
[11/Mar/2024:14:43:08 +0530] POST /api/account/login/ HTTP/1.0***2.686***
[11/Mar/2024:14:43:08 +0530] POST /api/account/login/ HTTP/1.0***2.697***
[11/Mar/2024:14:43:08 +0530] POST /api/account/login/ HTTP/1.0***2.706***
[11/Mar/2024:14:43:08 +0530] GET /api/course/ HTTP/1.0***2.479***
[11/Mar/2024:14:43:08 +0530] GET /api/quiz/CS007/downloadable-quizzes/ HTTP/1.0***2.646***
[11/Mar/2024:14:43:08 +0530] GET /api/quiz/CS007.WF/authenticate/ HTTP/1.0***2.528***
[11/Mar/2024:14:43:08 +0530] GET /api/course/ HTTP/1.0***2.454***
[11/Mar/2024:14:43:08 +0530] GET /api/quiz/CS007/downloadable-quizzes/ HTTP/1.0***2.565***
[11/Mar/2024:14:43:08 +0530] GET /api/quiz/CS007/downloadable-quizzes/ HTTP/1.0***2.554***
[11/Mar/2024:14:43:08 +0530] GET /api/course/ HTTP/1.0***2.145***
[11/Mar/2024:14:43:09 +0530] POST /api/account/login/ HTTP/1.0***2.335***
[11/Mar/2024:14:43:09 +0530] POST /api/quiz/4195f7a90e334c0e9c17a558990ccdcb/submit/ HTTP/1.0***3.452***
[11/Mar/2024:14:43:09 +0530] POST /api/quiz/0e611013d38740ebbf9a77ea0b6b5a12/submit/ HTTP/1.0***3.353***
[11/Mar/2024:14:43:09 +0530] GET /api/course/ HTTP/1.0***2.450***
[11/Mar/2024:14:43:09 +0530] GET /api/course/ HTTP/1.0***2.102***
[11/Mar/2024:14:43:09 +0530] POST /api/account/login/ HTTP/1.0***2.729***
[11/Mar/2024:14:43:09 +0530] GET /api/quiz/CS007.WF/download/ HTTP/1.0***1.614***
[11/Mar/2024:14:43:09 +0530] GET /api/quiz/CS007.WF/download/ HTTP/1.0***1.568***
[11/Mar/2024:14:43:10 +0530] POST /api/account/login/ HTTP/1.0***2.041***
[11/Mar/2024:14:43:10 +0530] POST /api/account/login/ HTTP/1.0***2.050***
[11/Mar/2024:14:43:10 +0530] GET /api/quiz/CS007.WF/authenticate/ HTTP/1.0***1.884***
[11/Mar/2024:14:43:10 +0530] GET /api/quiz/CS007/downloadable-quizzes/ HTTP/1.0***1.896***
[11/Mar/2024:14:43:10 +0530] GET /api/quiz/CS007/downloadable-quizzes/ HTTP/1.0***1.942***
[11/Mar/2024:14:43:10 +0530] GET /api/quiz/CS007/downloadable-quizzes/ HTTP/1.0***1.940***
[11/Mar/2024:14:43:10 +0530] GET /api/course/ HTTP/1.0***1.526***
[11/Mar/2024:14:43:10 +0530] GET /api/course/ HTTP/1.0***1.535***
[11/Mar/2024:14:43:10 +0530] GET /api/quiz/CS007/downloadable-quizzes/ HTTP/1.0***1.616***
[11/Mar/2024:14:43:11 +0530] POST /api/quiz/c715a6e8560a4c2a8409ead53e7217a1/submit/ HTTP/1.0***2.460***
[11/Mar/2024:14:43:11 +0530] POST /api/account/login/ HTTP/1.0***2.681***
[11/Mar/2024:14:43:11 +0530] GET /api/quiz/CS007.WF/info/ HTTP/1.0***5.330***
[11/Mar/2024:14:43:11 +0530] GET /api/quiz/CS007.WF/info/ HTTP/1.0***5.356***
[11/Mar/2024:14:43:11 +0530] GET /api/course/ HTTP/1.0***2.662***
[11/Mar/2024:14:43:12 +0530] POST /api/account/login/ HTTP/1.0***3.114***
[11/Mar/2024:14:43:12 +0530] POST /api/account/login/ HTTP/1.0***3.129***
[11/Mar/2024:14:43:12 +0530] GET /api/course/ HTTP/1.0***2.936***
[11/Mar/2024:14:43:12 +0530] GET /api/quiz/CS007.WF/download/ HTTP/1.0***2.952***
[11/Mar/2024:14:43:12 +0530] GET /api/quiz/CS007.WF/authenticate/ HTTP/1.0***3.003***
[11/Mar/2024:14:43:12 +0530] GET /api/quiz/CS007.WF/download/ HTTP/1.0***2.993***
[11/Mar/2024:14:43:12 +0530] GET /api/quiz/CS007/downloadable-quizzes/ HTTP/1.0***3.017***
[11/Mar/2024:14:43:12 +0530] GET /api/quiz/CS007/downloadable-quizzes/ HTTP/1.0***3.071***
[11/Mar/2024:14:43:12 +0530] GET /api/quiz/CS007.WF/authenticate/ HTTP/1.0***3.082***
[11/Mar/2024:14:43:12 +0530] GET /api/quiz/CS007/downloadable-quizzes/ HTTP/1.0***3.095***
[11/Mar/2024:14:43:12 +0530] GET /api/quiz/CS007.WF/authenticate/ HTTP/1.0***3.137***
[11/Mar/2024:14:43:12 +0530] GET /api/quiz/CS007.WF/info/ HTTP/1.0***4.474***
[11/Mar/2024:14:43:12 +0530] POST /api/quiz/fb341c5d9db742e58d24da36a87d9470/submit/ HTTP/1.0***3.514***
[11/Mar/2024:14:43:13 +0530] GET /api/quiz/CS007.WF/info/ HTTP/1.0***4.867***
[11/Mar/2024:14:43:13 +0530] GET /api/course/ HTTP/1.0***3.516***
[11/Mar/2024:14:43:13 +0530] GET /api/course/ HTTP/1.0***3.545***
[11/Mar/2024:14:43:13 +0530] GET /api/course/ HTTP/1.0***3.560***
[11/Mar/2024:14:43:13 +0530] GET /api/course/ HTTP/1.0***3.577***
[11/Mar/2024:14:43:13 +0530] GET /api/quiz/CS007/downloadable-quizzes/ HTTP/1.0***3.677***
[11/Mar/2024:14:43:13 +0530] POST /api/quiz/8b0425c0ddc14477885cda4a0eb7666c/submit/ HTTP/1.0***4.142***
[11/Mar/2024:14:43:14 +0530] POST /api/quiz/5a3acbb51d9640e38e474a03c67200b9/submit/ HTTP/1.0***4.800***
[11/Mar/2024:14:43:14 +0530] GET /api/quiz/CS007/downloadable-quizzes/ HTTP/1.0***4.857***
[11/Mar/2024:14:43:15 +0530] GET /api/quiz/CS007.WF/info/ HTTP/1.0***6.407***
[11/Mar/2024:14:43:16 +0530] GET /api/quiz/CS007.WF/info/ HTTP/1.0***6.707***
[11/Mar/2024:14:43:16 +0530] GET /api/quiz/CS007/downloadable-quizzes/ HTTP/1.0***6.213***
[11/Mar/2024:14:43:16 +0530] GET /api/quiz/CS007.WF/info/ HTTP/1.0***6.788***
[11/Mar/2024:14:43:16 +0530] POST /api/account/login/ HTTP/1.0***6.480***
[11/Mar/2024:14:43:16 +0530] POST /api/account/login/ HTTP/1.0***6.487***
[11/Mar/2024:14:43:16 +0530] GET /api/course/ HTTP/1.0***6.213***
[11/Mar/2024:14:43:16 +0530] GET /api/quiz/CS007.WF/info/ HTTP/1.0***6.840***
[11/Mar/2024:14:43:16 +0530] GET /api/quiz/CS007/downloadable-quizzes/ HTTP/1.0***6.039***
[11/Mar/2024:14:43:16 +0530] GET /api/course/ HTTP/1.0***5.923***
[11/Mar/2024:14:43:16 +0530] GET /api/quiz/CS007/downloadable-quizzes/ HTTP/1.0***6.089***
[11/Mar/2024:14:43:16 +0530] GET /api/quiz/CS007.WF/authenticate/ HTTP/1.0***5.969***
[11/Mar/2024:14:43:16 +0530] GET /api/course/ HTTP/1.0***5.713***
[11/Mar/2024:14:43:16 +0530] GET /api/quiz/CS007.WF/authenticate/ HTTP/1.0***6.011***
[11/Mar/2024:14:43:16 +0530] POST /api/account/login/ HTTP/1.0***6.850***
[11/Mar/2024:14:43:17 +0530] POST /api/account/login/ HTTP/1.0***6.108***
[11/Mar/2024:14:43:17 +0530] POST /api/account/login/ HTTP/1.0***6.159***
[11/Mar/2024:14:43:17 +0530] GET /api/course/ HTTP/1.0***6.184***
[11/Mar/2024:14:43:17 +0530] POST /api/account/login/ HTTP/1.0***6.227***
[11/Mar/2024:14:43:17 +0530] POST /api/account/login/ HTTP/1.0***6.506***
[11/Mar/2024:14:43:17 +0530] GET /api/quiz/CS007.WF/info/ HTTP/1.0***7.749***
[11/Mar/2024:14:43:18 +0530] POST /api/quiz/9cc430bad4ed441783d27728d579ddca/submit/ HTTP/1.0***7.046***
[11/Mar/2024:14:43:18 +0530] GET /api/quiz/CS007/downloadable-quizzes/ HTTP/1.0***6.995***
[11/Mar/2024:14:43:18 +0530] GET /api/quiz/CS007/downloadable-quizzes/ HTTP/1.0***7.045***
[11/Mar/2024:14:43:18 +0530] GET /api/quiz/CS007.WF/info/ HTTP/1.0***8.793***
[11/Mar/2024:14:43:19 +0530] POST /api/account/login/ HTTP/1.0***7.391***
[11/Mar/2024:14:43:19 +0530] POST /api/account/login/ HTTP/1.0***7.741***
[11/Mar/2024:14:43:19 +0530] GET /api/course/ HTTP/1.0***7.076***
[11/Mar/2024:14:43:19 +0530] GET /api/quiz/CS007.WF/download/ HTTP/1.0***7.074***
[11/Mar/2024:14:43:19 +0530] GET /api/quiz/CS007.WF/download/ HTTP/1.0***7.066***
[11/Mar/2024:14:43:19 +0530] GET /api/quiz/CS007/downloadable-quizzes/ HTTP/1.0***7.104***
[11/Mar/2024:14:43:20 +0530] POST /api/account/login/ HTTP/1.0***7.214***
[11/Mar/2024:14:43:20 +0530] GET /api/quiz/CS007.WF/info/ HTTP/1.0***9.402***
[11/Mar/2024:14:43:20 +0530] POST /api/account/login/ HTTP/1.0***7.549***
[11/Mar/2024:14:43:20 +0530] GET /api/course/ HTTP/1.0***7.492***
[11/Mar/2024:14:43:20 +0530] GET /api/course/ HTTP/1.0***7.500***
[11/Mar/2024:14:43:20 +0530] GET /api/quiz/CS007/downloadable-quizzes/ HTTP/1.0***7.539***
[11/Mar/2024:14:43:20 +0530] GET /api/quiz/CS007.WF/authenticate/ HTTP/1.0***7.742***
[11/Mar/2024:14:43:20 +0530] GET /api/quiz/CS007.WF/info/ HTTP/1.0***9.734***
[11/Mar/2024:14:43:20 +0530] POST /api/account/login/ HTTP/1.0***7.911***
[11/Mar/2024:14:43:20 +0530] GET /api/quiz/CS007.WF/info/ HTTP/1.0***9.752***
[11/Mar/2024:14:43:20 +0530] GET /api/quiz/CS007.WF/authenticate/ HTTP/1.0***7.749***
[11/Mar/2024:14:43:21 +0530] GET /api/quiz/CS007.WF/info/ HTTP/1.0***10.440***
[11/Mar/2024:14:43:21 +0530] POST /api/quiz/74cbd534e0b34198be8746ae707a5af8/submit/ HTTP/1.0***8.601***
[11/Mar/2024:14:43:22 +0530] POST /api/quiz/8fea16a2db7c4251be49575aa625cf6e/submit/ HTTP/1.0***8.710***
[11/Mar/2024:14:43:22 +0530] GET /api/quiz/CS007.WF/download/ HTTP/1.0***8.395***
[11/Mar/2024:14:43:22 +0530] POST /api/account/login/ HTTP/1.0***8.455***
[11/Mar/2024:14:43:22 +0530] POST /api/quiz/62852ebf5c814655b00840ff1ab31013/submit/ HTTP/1.0***9.301***
[11/Mar/2024:14:43:22 +0530] POST /api/account/login/ HTTP/1.0***8.819***
[11/Mar/2024:14:43:22 +0530] GET /api/quiz/CS007.WF/download/ HTTP/1.0***8.678***
[11/Mar/2024:14:43:22 +0530] GET /api/quiz/CS007/downloadable-quizzes/ HTTP/1.0***8.724***
[11/Mar/2024:14:43:22 +0530] GET /api/quiz/CS007/downloadable-quizzes/ HTTP/1.0***4.761***
[11/Mar/2024:14:43:22 +0530] POST /api/account/login/ HTTP/1.0***6.949***
[11/Mar/2024:14:43:22 +0530] POST /api/quiz/5cea9f2d4ab84832a34a217df4a3a933/submit/ HTTP/1.0***5.196***
[11/Mar/2024:14:43:22 +0530] GET /api/quiz/CS007/downloadable-quizzes/ HTTP/1.0***5.238***
[11/Mar/2024:14:43:22 +0530] POST /api/account/login/ HTTP/1.0***6.950***
[11/Mar/2024:14:43:22 +0530] GET /api/quiz/CS007/downloadable-quizzes/ HTTP/1.0***5.329***
[11/Mar/2024:14:43:22 +0530] GET /api/quiz/CS007/downloadable-quizzes/ HTTP/1.0***5.439***
[11/Mar/2024:14:43:22 +0530] POST /api/account/login/ HTTP/1.0***7.954***
[11/Mar/2024:14:43:22 +0530] POST /api/account/login/ HTTP/1.0***7.957***
[11/Mar/2024:14:43:22 +0530] POST /api/account/login/ HTTP/1.0***6.948***
[11/Mar/2024:14:43:22 +0530] GET /api/quiz/CS007/downloadable-quizzes/ HTTP/1.0***8.689***
[11/Mar/2024:14:43:22 +0530] GET /api/quiz/CS007/downloadable-quizzes/ HTTP/1.0***8.740***
[11/Mar/2024:14:43:22 +0530] POST /api/account/login/ HTTP/1.0***7.958***
[11/Mar/2024:14:43:22 +0530] POST /api/account/login/ HTTP/1.0***8.961***
[11/Mar/2024:14:43:22 +0530] GET /api/quiz/CS007/downloadable-quizzes/ HTTP/1.0***8.716***
[11/Mar/2024:14:43:22 +0530] GET /api/quiz/CS007.WF/info/ HTTP/1.0***1.898***
[11/Mar/2024:14:43:22 +0530] GET /api/course/ HTTP/1.0***4.844***
[11/Mar/2024:14:43:22 +0530] GET /api/course/ HTTP/1.0***1.029***
[11/Mar/2024:14:43:22 +0530] GET /api/quiz/CS007.WF/info/ HTTP/1.0***3.752***
[11/Mar/2024:14:43:22 +0530] GET /api/quiz/CS007.WF/info/ HTTP/1.0***3.676***
[11/Mar/2024:14:43:22 +0530] GET /api/course/ HTTP/1.0***1.750***
[11/Mar/2024:14:43:22 +0530] GET /api/course/ HTTP/1.0***1.394***
[11/Mar/2024:14:43:22 +0530] GET /api/quiz/CS007.WF/info/ HTTP/1.0***5.287***
[11/Mar/2024:14:43:22 +0530] POST /api/account/login/ HTTP/1.0***0.934***
[11/Mar/2024:14:43:22 +0530] GET /api/quiz/CS007.WF/download/ HTTP/1.0***4.393***
[11/Mar/2024:14:43:23 +0530] GET /api/course/ HTTP/1.0***2.247***
[11/Mar/2024:14:43:23 +0530] GET /api/course/ HTTP/1.0***2.598***
[11/Mar/2024:14:43:23 +0530] GET /api/quiz/CS007.WF/info/ HTTP/1.0***1.283***
[11/Mar/2024:14:43:23 +0530] GET /api/quiz/CS007.WF/info/ HTTP/1.0***5.362***
[11/Mar/2024:14:43:23 +0530] GET /api/quiz/CS007.WF/info/ HTTP/1.0***5.892***
[11/Mar/2024:14:43:23 +0530] POST /api/account/login/ HTTP/1.0***1.933***
[11/Mar/2024:14:43:23 +0530] GET /api/quiz/CS007.WF/download/ HTTP/1.0***6.281***
[11/Mar/2024:14:43:23 +0530] POST /api/account/login/ HTTP/1.0***1.937***
[11/Mar/2024:14:43:23 +0530] GET /api/course/ HTTP/1.0***4.796***
[11/Mar/2024:14:43:23 +0530] GET /api/quiz/CS007.WF/info/ HTTP/1.0***8.573***
[11/Mar/2024:14:43:23 +0530] GET /api/quiz/CS007.WF/download/ HTTP/1.0***5.370***
[11/Mar/2024:14:43:23 +0530] GET /api/course/ HTTP/1.0***4.731***
[11/Mar/2024:14:43:23 +0530] GET /api/quiz/CS007.WF/info/ HTTP/1.0***9.603***
[11/Mar/2024:14:43:23 +0530] GET /api/quiz/CS007.WF/download/ HTTP/1.0***5.956***
[11/Mar/2024:14:43:23 +0530] GET /api/quiz/CS007.WF/info/ HTTP/1.0***7.288***
[11/Mar/2024:14:43:23 +0530] GET /api/quiz/CS007.WF/download/ HTTP/1.0***5.890***
[11/Mar/2024:14:43:23 +0530] GET /api/course/ HTTP/1.0***4.448***
[11/Mar/2024:14:43:23 +0530] GET /api/quiz/CS007.WF/info/ HTTP/1.0***9.663***
[11/Mar/2024:14:43:23 +0530] GET /api/quiz/CS007.WF/info/ HTTP/1.0***9.738***
[11/Mar/2024:14:43:23 +0530] GET /api/course/ HTTP/1.0***5.483***
[11/Mar/2024:14:43:23 +0530] GET /api/course/ HTTP/1.0***5.475***
[11/Mar/2024:14:43:23 +0530] POST /api/account/login/ HTTP/1.0***3.960***
[11/Mar/2024:14:43:23 +0530] GET /api/quiz/CS007.WF/download/ HTTP/1.0***1.026***
[11/Mar/2024:14:43:23 +0530] GET /api/course/ HTTP/1.0***5.112***
[11/Mar/2024:14:43:23 +0530] POST /api/account/login/ HTTP/1.0***3.956***
[11/Mar/2024:14:43:23 +0530] GET /api/quiz/CS007.WF/download/ HTTP/1.0***1.066***
[11/Mar/2024:14:43:23 +0530] GET /api/quiz/CS007.WF/authenticate/ HTTP/1.0***2.180***
[11/Mar/2024:14:43:23 +0530] GET /api/quiz/CS007.WF/authenticate/ HTTP/1.0***2.207***
[11/Mar/2024:14:43:23 +0530] GET /api/quiz/CS007.WF/download/ HTTP/1.0***1.452***
[11/Mar/2024:14:43:23 +0530] POST /api/account/login/ HTTP/1.0***4.951***
[11/Mar/2024:14:43:23 +0530] GET /api/quiz/CS007/downloadable-quizzes/ HTTP/1.0***2.224***
[11/Mar/2024:14:43:23 +0530] POST /api/account/login/ HTTP/1.0***4.953***
[11/Mar/2024:14:43:23 +0530] GET /api/quiz/CS007/downloadable-quizzes/ HTTP/1.0***1.375***
[11/Mar/2024:14:43:23 +0530] POST /api/quiz/aca1719dec2c419aae4fcbf24e579cac/submit/ HTTP/1.0***1.001***
[11/Mar/2024:14:43:23 +0530] POST /api/quiz/d8f556bd15254d8fbdcc67d870646de6/submit/ HTTP/1.0***1.067***
[11/Mar/2024:14:43:23 +0530] POST /api/account/login/ HTTP/1.0***5.974***
[11/Mar/2024:14:43:23 +0530] GET /api/quiz/CS007.WF/download/ HTTP/1.0***0.202***
[11/Mar/2024:14:43:23 +0530] GET /api/quiz/CS007/downloadable-quizzes/ HTTP/1.0***1.353***
[11/Mar/2024:14:43:23 +0530] POST /api/quiz/99716582e1b34ef3a3be72df456ffce3/submit/ HTTP/1.0***5.275***
[11/Mar/2024:14:43:23 +0530] POST /api/account/login/ HTTP/1.0***0.940***
[11/Mar/2024:14:43:23 +0530] GET /api/quiz/CS007.WF/download/ HTTP/1.0***3.321***
[11/Mar/2024:14:43:23 +0530] POST /api/account/login/ HTTP/1.0***5.969***
[11/Mar/2024:14:43:33 +0530] GET /sys_perf_check/2024-03-11_09-12-38-end/100/ HTTP/1.0***9.917***
[11/Mar/2024:14:43:33 +0530] GET /sys_perf_check/2024-03-11_09-12-38-END/0/ HTTP/1.0***0.010***
