[11/Mar/2024:14:49:05 +0530] GET /sys_perf_check/2024-03-11_09-18-56-START/0/ HTTP/1.0***0.013***
[11/Mar/2024:14:49:05 +0530] GET /sys_perf_check/2024-03-11_09-18-56-start/100/ HTTP/1.0***0.013***
[11/Mar/2024:14:49:07 +0530] POST /api/account/login/ HTTP/1.0***0.407***
[11/Mar/2024:14:49:07 +0530] POST /api/account/login/ HTTP/1.0***0.510***
[11/Mar/2024:14:49:08 +0530] POST /api/account/login/ HTTP/1.0***0.324***
[11/Mar/2024:14:49:08 +0530] GET /api/course/ HTTP/1.0***0.033***
[11/Mar/2024:14:49:08 +0530] GET /api/course/ HTTP/1.0***0.186***
[11/Mar/2024:14:49:09 +0530] POST /api/account/login/ HTTP/1.0***0.365***
[11/Mar/2024:14:49:09 +0530] GET /api/course/ HTTP/1.0***0.038***
[11/Mar/2024:14:49:09 +0530] GET /api/quiz/CS007/downloadable-quizzes/ HTTP/1.0***0.064***
[11/Mar/2024:14:49:09 +0530] POST /api/account/login/ HTTP/1.0***0.569***
[11/Mar/2024:14:49:10 +0530] GET /api/quiz/CS007/downloadable-quizzes/ HTTP/1.0***0.192***
[11/Mar/2024:14:49:10 +0530] GET /api/course/ HTTP/1.0***0.032***
[11/Mar/2024:14:49:10 +0530] POST /api/account/login/ HTTP/1.0***0.652***
[11/Mar/2024:14:49:10 +0530] POST /api/account/login/ HTTP/1.0***0.662***
[11/Mar/2024:14:49:10 +0530] GET /api/quiz/CS007/downloadable-quizzes/ HTTP/1.0***0.300***
[11/Mar/2024:14:49:11 +0530] POST /api/account/login/ HTTP/1.0***3.351***
[11/Mar/2024:14:49:11 +0530] POST /api/account/login/ HTTP/1.0***0.459***
[11/Mar/2024:14:49:11 +0530] GET /api/course/ HTTP/1.0***0.047***
[11/Mar/2024:14:49:11 +0530] GET /api/course/ HTTP/1.0***0.043***
[11/Mar/2024:14:49:12 +0530] POST /api/account/login/ HTTP/1.0***0.435***
[11/Mar/2024:14:49:12 +0530] POST /api/account/login/ HTTP/1.0***0.459***
[11/Mar/2024:14:49:12 +0530] GET /api/course/ HTTP/1.0***0.031***
[11/Mar/2024:14:49:12 +0530] GET /api/quiz/CS007/downloadable-quizzes/ HTTP/1.0***0.075***
[11/Mar/2024:14:49:12 +0530] GET /api/quiz/CS007/downloadable-quizzes/ HTTP/1.0***0.074***
[11/Mar/2024:14:49:13 +0530] GET /api/quiz/CS007.DV/info/ HTTP/1.0***2.581***
[11/Mar/2024:14:49:13 +0530] POST /api/account/login/ HTTP/1.0***0.381***
[11/Mar/2024:14:49:13 +0530] POST /api/account/login/ HTTP/1.0***0.376***
[11/Mar/2024:14:49:13 +0530] GET /api/course/ HTTP/1.0***0.030***
[11/Mar/2024:14:49:13 +0530] GET /api/course/ HTTP/1.0***0.032***
[11/Mar/2024:14:49:13 +0530] GET /api/quiz/CS007/downloadable-quizzes/ HTTP/1.0***0.083***
[11/Mar/2024:14:49:13 +0530] GET /api/quiz/CS007.DV/info/ HTTP/1.0***2.754***
[11/Mar/2024:14:49:14 +0530] GET /api/course/ HTTP/1.0***3.330***
[11/Mar/2024:14:49:14 +0530] GET /api/quiz/CS007.DV/info/ HTTP/1.0***2.474***
[11/Mar/2024:14:49:14 +0530] GET /api/course/ HTTP/1.0***0.040***
[11/Mar/2024:14:49:14 +0530] GET /api/course/ HTTP/1.0***0.048***
[11/Mar/2024:14:49:14 +0530] POST /api/account/login/ HTTP/1.0***0.464***
[11/Mar/2024:14:49:14 +0530] POST /api/account/login/ HTTP/1.0***0.472***
[11/Mar/2024:14:49:14 +0530] GET /api/quiz/CS007/downloadable-quizzes/ HTTP/1.0***0.079***
[11/Mar/2024:14:49:14 +0530] GET /api/quiz/CS007/downloadable-quizzes/ HTTP/1.0***0.064***
[11/Mar/2024:14:49:14 +0530] GET /api/quiz/CS007.DV/download/ HTTP/1.0***0.023***
[11/Mar/2024:14:49:14 +0530] POST /api/account/login/ HTTP/1.0***3.747***
[11/Mar/2024:14:49:15 +0530] GET /api/quiz/CS007/downloadable-quizzes/ HTTP/1.0***3.456***
[11/Mar/2024:14:49:15 +0530] GET /api/quiz/CS007/downloadable-quizzes/ HTTP/1.0***0.068***
[11/Mar/2024:14:49:15 +0530] GET /api/quiz/CS007.DV/download/ HTTP/1.0***0.024***
[11/Mar/2024:14:49:15 +0530] POST /api/account/login/ HTTP/1.0***0.354***
[11/Mar/2024:14:49:15 +0530] POST /api/account/login/ HTTP/1.0***0.394***
[11/Mar/2024:14:49:15 +0530] GET /api/course/ HTTP/1.0***0.032***
[11/Mar/2024:14:49:15 +0530] GET /api/course/ HTTP/1.0***0.032***
[11/Mar/2024:14:49:15 +0530] GET /api/quiz/CS007/downloadable-quizzes/ HTTP/1.0***0.076***
[11/Mar/2024:14:49:15 +0530] GET /api/quiz/CS007/downloadable-quizzes/ HTTP/1.0***0.078***
[11/Mar/2024:14:49:15 +0530] GET /api/course/ HTTP/1.0***3.295***
[11/Mar/2024:14:49:15 +0530] GET /api/course/ HTTP/1.0***0.031***
[11/Mar/2024:14:49:15 +0530] GET /api/quiz/CS007.DV/authenticate/ HTTP/1.0***0.111***
[11/Mar/2024:14:49:16 +0530] GET /api/quiz/CS007.DV/authenticate/ HTTP/1.0***0.125***
[11/Mar/2024:14:49:16 +0530] POST /api/account/login/ HTTP/1.0***0.405***
[11/Mar/2024:14:49:16 +0530] POST /api/account/login/ HTTP/1.0***0.410***
[11/Mar/2024:14:49:16 +0530] GET /api/quiz/CS007.DV/info/ HTTP/1.0***2.641***
[11/Mar/2024:14:49:16 +0530] GET /api/course/ HTTP/1.0***0.035***
[11/Mar/2024:14:49:16 +0530] GET /api/quiz/CS007/downloadable-quizzes/ HTTP/1.0***0.073***
[11/Mar/2024:14:49:16 +0530] GET /api/quiz/CS007/downloadable-quizzes/ HTTP/1.0***0.085***
[11/Mar/2024:14:49:16 +0530] GET /api/quiz/CS007/downloadable-quizzes/ HTTP/1.0***0.077***
[11/Mar/2024:14:49:17 +0530] GET /api/quiz/CS007/downloadable-quizzes/ HTTP/1.0***0.078***
[11/Mar/2024:14:49:17 +0530] GET /api/course/ HTTP/1.0***0.044***
[11/Mar/2024:14:49:17 +0530] POST /api/account/login/ HTTP/1.0***0.451***
[11/Mar/2024:14:49:17 +0530] GET /api/quiz/CS007.DV/download/ HTTP/1.0***3.365***
[11/Mar/2024:14:49:17 +0530] POST /api/account/login/ HTTP/1.0***0.493***
[11/Mar/2024:14:49:17 +0530] GET /api/quiz/CS007.DV/info/ HTTP/1.0***3.094***
[11/Mar/2024:14:49:18 +0530] POST /api/quiz/6b49e2522c2f4d6b917b7bd67db87450/submit/ HTTP/1.0***1.035***
[11/Mar/2024:14:49:18 +0530] POST /api/account/login/ HTTP/1.0***0.538***
[11/Mar/2024:14:49:18 +0530] POST /api/account/login/ HTTP/1.0***0.596***
[11/Mar/2024:14:49:18 +0530] GET /api/quiz/CS007.DV/info/ HTTP/1.0***3.079***
[11/Mar/2024:14:49:18 +0530] GET /api/quiz/CS007.DV/info/ HTTP/1.0***3.118***
[11/Mar/2024:14:49:18 +0530] GET /api/quiz/CS007.DV/download/ HTTP/1.0***0.025***
[11/Mar/2024:14:49:18 +0530] GET /api/quiz/CS007.DV/info/ HTTP/1.0***2.973***
[11/Mar/2024:14:49:19 +0530] GET /api/quiz/CS007.DV/info/ HTTP/1.0***2.958***
[11/Mar/2024:14:49:19 +0530] GET /api/quiz/CS007.DV/info/ HTTP/1.0***2.914***
[11/Mar/2024:14:49:19 +0530] GET /api/quiz/CS007.DV/info/ HTTP/1.0***2.920***
[11/Mar/2024:14:49:19 +0530] GET /api/course/ HTTP/1.0***0.035***
[11/Mar/2024:14:49:19 +0530] GET /api/course/ HTTP/1.0***0.032***
[11/Mar/2024:14:49:19 +0530] POST /api/account/login/ HTTP/1.0***0.619***
[11/Mar/2024:14:49:19 +0530] POST /api/account/login/ HTTP/1.0***0.620***
[11/Mar/2024:14:49:19 +0530] POST /api/account/login/ HTTP/1.0***0.626***
[11/Mar/2024:14:49:19 +0530] GET /api/quiz/CS007.DV/download/ HTTP/1.0***0.024***
[11/Mar/2024:14:49:19 +0530] GET /api/quiz/CS007.DV/download/ HTTP/1.0***0.026***
[11/Mar/2024:14:49:20 +0530] GET /api/quiz/CS007.DV/download/ HTTP/1.0***0.020***
[11/Mar/2024:14:49:20 +0530] GET /api/quiz/CS007.DV/info/ HTTP/1.0***6.106***
[11/Mar/2024:14:49:20 +0530] GET /api/quiz/CS007.DV/authenticate/ HTTP/1.0***0.175***
[11/Mar/2024:14:49:20 +0530] GET /api/quiz/CS007.DV/download/ HTTP/1.0***0.022***
[11/Mar/2024:14:49:20 +0530] GET /api/course/ HTTP/1.0***3.908***
[11/Mar/2024:14:49:20 +0530] POST /api/account/login/ HTTP/1.0***0.370***
[11/Mar/2024:14:49:20 +0530] POST /api/account/login/ HTTP/1.0***0.404***
[11/Mar/2024:14:49:20 +0530] GET /api/quiz/CS007.DV/download/ HTTP/1.0***0.022***
[11/Mar/2024:14:49:20 +0530] GET /api/quiz/CS007.DV/download/ HTTP/1.0***0.028***
[11/Mar/2024:14:49:20 +0530] GET /api/quiz/CS007.DV/info/ HTTP/1.0***2.919***
[11/Mar/2024:14:49:20 +0530] GET /api/quiz/CS007.DV/info/ HTTP/1.0***2.920***
[11/Mar/2024:14:49:20 +0530] GET /api/course/ HTTP/1.0***0.034***
[11/Mar/2024:14:49:20 +0530] GET /api/course/ HTTP/1.0***0.034***
[11/Mar/2024:14:49:20 +0530] GET /api/course/ HTTP/1.0***0.035***
[11/Mar/2024:14:49:20 +0530] GET /api/quiz/CS007/downloadable-quizzes/ HTTP/1.0***0.115***
[11/Mar/2024:14:49:20 +0530] GET /api/quiz/CS007.DV/info/ HTTP/1.0***2.980***
[11/Mar/2024:14:49:20 +0530] GET /api/quiz/CS007/downloadable-quizzes/ HTTP/1.0***0.098***
[11/Mar/2024:14:49:20 +0530] GET /api/quiz/CS007.DV/authenticate/ HTTP/1.0***0.091***
[11/Mar/2024:14:49:21 +0530] GET /api/quiz/CS007.DV/authenticate/ HTTP/1.0***0.164***
[11/Mar/2024:14:49:21 +0530] GET /api/quiz/CS007.DV/info/ HTTP/1.0***3.050***
[11/Mar/2024:14:49:21 +0530] GET /api/quiz/CS007.DV/download/ HTTP/1.0***0.023***
[11/Mar/2024:14:49:21 +0530] GET /api/quiz/CS007.DV/authenticate/ HTTP/1.0***0.127***
[11/Mar/2024:14:49:21 +0530] GET /api/course/ HTTP/1.0***3.652***
[11/Mar/2024:14:49:21 +0530] GET /api/quiz/CS007.DV/authenticate/ HTTP/1.0***0.071***
[11/Mar/2024:14:49:21 +0530] GET /api/quiz/CS007.DV/download/ HTTP/1.0***3.664***
[11/Mar/2024:14:49:21 +0530] GET /api/quiz/CS007/downloadable-quizzes/ HTTP/1.0***3.674***
[11/Mar/2024:14:49:21 +0530] GET /api/quiz/CS007/downloadable-quizzes/ HTTP/1.0***0.080***
[11/Mar/2024:14:49:21 +0530] GET /api/course/ HTTP/1.0***0.034***
[11/Mar/2024:14:49:21 +0530] POST /api/account/login/ HTTP/1.0***0.409***
[11/Mar/2024:14:49:21 +0530] GET /api/course/ HTTP/1.0***0.031***
[11/Mar/2024:14:49:21 +0530] POST /api/account/login/ HTTP/1.0***0.436***
[11/Mar/2024:14:49:21 +0530] GET /api/quiz/CS007.DV/download/ HTTP/1.0***0.021***
[11/Mar/2024:14:49:21 +0530] GET /api/quiz/CS007.DV/download/ HTTP/1.0***0.022***
[11/Mar/2024:14:49:21 +0530] GET /api/quiz/CS007.DV/authenticate/ HTTP/1.0***0.085***
[11/Mar/2024:14:49:21 +0530] GET /api/quiz/CS007.DV/authenticate/ HTTP/1.0***0.141***
[11/Mar/2024:14:49:21 +0530] GET /api/quiz/CS007.DV/download/ HTTP/1.0***0.018***
[11/Mar/2024:14:49:21 +0530] GET /api/quiz/CS007/downloadable-quizzes/ HTTP/1.0***0.092***
[11/Mar/2024:14:49:21 +0530] GET /api/quiz/CS007/downloadable-quizzes/ HTTP/1.0***0.097***
[11/Mar/2024:14:49:21 +0530] GET /api/quiz/CS007/downloadable-quizzes/ HTTP/1.0***0.096***
[11/Mar/2024:14:49:22 +0530] GET /api/course/ HTTP/1.0***3.342***
[11/Mar/2024:14:49:22 +0530] GET /api/course/ HTTP/1.0***3.399***
[11/Mar/2024:14:49:22 +0530] POST /api/quiz/a5d3ed1b1e394ab4a2633923924aae3b/submit/ HTTP/1.0***0.999***
[11/Mar/2024:14:49:22 +0530] GET /api/quiz/CS007.DV/download/ HTTP/1.0***0.022***
[11/Mar/2024:14:49:22 +0530] GET /api/quiz/CS007/downloadable-quizzes/ HTTP/1.0***3.500***
[11/Mar/2024:14:49:22 +0530] GET /api/quiz/CS007.DV/authenticate/ HTTP/1.0***0.067***
[11/Mar/2024:14:49:22 +0530] POST /api/quiz/ce60c48dcc8c40efa0a51eb1b1007dd2/submit/ HTTP/1.0***4.720***
[11/Mar/2024:14:49:22 +0530] GET /api/quiz/CS007.DV/authenticate/ HTTP/1.0***3.566***
[11/Mar/2024:14:49:22 +0530] GET /api/quiz/CS007/downloadable-quizzes/ HTTP/1.0***0.075***
[11/Mar/2024:14:49:22 +0530] GET /api/quiz/CS007.DV/authenticate/ HTTP/1.0***0.116***
[11/Mar/2024:14:49:22 +0530] POST /api/account/login/ HTTP/1.0***0.388***
[11/Mar/2024:14:49:22 +0530] POST /api/account/login/ HTTP/1.0***0.429***
[11/Mar/2024:14:49:22 +0530] GET /api/course/ HTTP/1.0***0.027***
[11/Mar/2024:14:49:22 +0530] GET /api/course/ HTTP/1.0***0.035***
[11/Mar/2024:14:49:22 +0530] GET /api/quiz/CS007/downloadable-quizzes/ HTTP/1.0***0.073***
[11/Mar/2024:14:49:22 +0530] GET /api/quiz/CS007/downloadable-quizzes/ HTTP/1.0***0.075***
[11/Mar/2024:14:49:22 +0530] GET /api/quiz/CS007.DV/authenticate/ HTTP/1.0***0.126***
[11/Mar/2024:14:49:22 +0530] GET /api/quiz/CS007.DV/authenticate/ HTTP/1.0***0.129***
[11/Mar/2024:14:49:22 +0530] POST /api/quiz/f5929c59e66a4a11bd9acf444aade3a1/submit/ HTTP/1.0***0.954***
[11/Mar/2024:14:49:23 +0530] GET /api/quiz/CS007.DV/authenticate/ HTTP/1.0***0.098***
[11/Mar/2024:14:49:23 +0530] GET /api/quiz/CS007/downloadable-quizzes/ HTTP/1.0***0.076***
[11/Mar/2024:14:49:23 +0530] GET /api/quiz/CS007/downloadable-quizzes/ HTTP/1.0***0.086***
[11/Mar/2024:14:49:23 +0530] POST /api/quiz/86126b4278d94f1f9ad3dca35099f0a7/submit/ HTTP/1.0***0.945***
[11/Mar/2024:14:49:23 +0530] POST /api/quiz/10d4b269248842989e2a283f9bde577d/submit/ HTTP/1.0***1.153***
[11/Mar/2024:14:49:23 +0530] GET /api/quiz/CS007.DV/authenticate/ HTTP/1.0***0.061***
[11/Mar/2024:14:49:23 +0530] POST /api/quiz/19dd9b9a44e1473caeffd86081bf333e/submit/ HTTP/1.0***0.960***
[11/Mar/2024:14:49:23 +0530] GET /api/course/ HTTP/1.0***0.032***
[11/Mar/2024:14:49:23 +0530] POST /api/account/login/ HTTP/1.0***0.412***
[11/Mar/2024:14:49:23 +0530] POST /api/account/login/ HTTP/1.0***0.426***
[11/Mar/2024:14:49:23 +0530] POST /api/account/login/ HTTP/1.0***0.431***
[11/Mar/2024:14:49:23 +0530] GET /api/course/ HTTP/1.0***0.031***
[11/Mar/2024:14:49:23 +0530] GET /api/quiz/CS007/downloadable-quizzes/ HTTP/1.0***0.071***
[11/Mar/2024:14:49:23 +0530] POST /api/quiz/ee1a3af113ce472683bd626a767423cc/submit/ HTTP/1.0***0.979***
[11/Mar/2024:14:49:23 +0530] GET /api/quiz/CS007/downloadable-quizzes/ HTTP/1.0***0.083***
[11/Mar/2024:14:49:23 +0530] POST /api/quiz/c0a6a4f1ae274314a1da107af0b40c55/submit/ HTTP/1.0***1.038***
[11/Mar/2024:14:49:24 +0530] POST /api/quiz/b0d7f534708e4f1591a78841c2e3fce8/submit/ HTTP/1.0***1.007***
[11/Mar/2024:14:49:24 +0530] POST /api/quiz/5d6ff1111315427697f1b54d5f6dd137/submit/ HTTP/1.0***0.966***
[11/Mar/2024:14:49:24 +0530] POST /api/quiz/f180bcb0cc6b4b2fa9db9256978a93f3/submit/ HTTP/1.0***1.046***
[11/Mar/2024:14:49:24 +0530] POST /api/account/login/ HTTP/1.0***0.415***
[11/Mar/2024:14:49:24 +0530] GET /api/course/ HTTP/1.0***0.063***
[11/Mar/2024:14:49:24 +0530] POST /api/account/login/ HTTP/1.0***0.448***
[11/Mar/2024:14:49:24 +0530] POST /api/account/login/ HTTP/1.0***0.448***
[11/Mar/2024:14:49:24 +0530] GET /api/quiz/CS007/downloadable-quizzes/ HTTP/1.0***0.088***
[11/Mar/2024:14:49:24 +0530] GET /api/course/ HTTP/1.0***0.085***
[11/Mar/2024:14:49:24 +0530] POST /api/account/login/ HTTP/1.0***0.482***
[11/Mar/2024:14:49:24 +0530] GET /api/quiz/CS007/downloadable-quizzes/ HTTP/1.0***0.128***
[11/Mar/2024:14:49:24 +0530] GET /api/course/ HTTP/1.0***0.167***
[11/Mar/2024:14:49:24 +0530] POST /api/quiz/066081e02bbb49f38674bc49913aa929/submit/ HTTP/1.0***0.998***
[11/Mar/2024:14:49:24 +0530] POST /api/quiz/7cf7277fbba943039c6e482e9b65c4b3/submit/ HTTP/1.0***1.009***
[11/Mar/2024:14:49:25 +0530] GET /api/quiz/CS007.DV/info/ HTTP/1.0***3.134***
[11/Mar/2024:14:49:25 +0530] GET /api/quiz/CS007.DV/info/ HTTP/1.0***3.112***
[11/Mar/2024:14:49:25 +0530] POST /api/quiz/893e4d92866e4edfa8d6c5b6598b0ea6/submit/ HTTP/1.0***1.001***
[11/Mar/2024:14:49:25 +0530] POST /api/quiz/d8ab18fa21a8486b9c1379bec89a1dbc/submit/ HTTP/1.0***1.074***
[11/Mar/2024:14:49:25 +0530] GET /api/quiz/CS007.DV/info/ HTTP/1.0***3.203***
[11/Mar/2024:14:49:25 +0530] GET /api/quiz/CS007.DV/info/ HTTP/1.0***3.128***
[11/Mar/2024:14:49:25 +0530] POST /api/account/login/ HTTP/1.0***0.388***
[11/Mar/2024:14:49:25 +0530] POST /api/account/login/ HTTP/1.0***0.420***
[11/Mar/2024:14:49:25 +0530] POST /api/account/login/ HTTP/1.0***0.418***
[11/Mar/2024:14:49:25 +0530] POST /api/account/login/ HTTP/1.0***0.422***
[11/Mar/2024:14:49:25 +0530] GET /api/course/ HTTP/1.0***0.032***
[11/Mar/2024:14:49:25 +0530] POST /api/account/login/ HTTP/1.0***0.452***
[11/Mar/2024:14:49:25 +0530] GET /api/course/ HTTP/1.0***0.031***
[11/Mar/2024:14:49:25 +0530] GET /api/course/ HTTP/1.0***0.034***
[11/Mar/2024:14:49:25 +0530] POST /api/account/login/ HTTP/1.0***0.471***
[11/Mar/2024:14:49:25 +0530] GET /api/course/ HTTP/1.0***0.032***
[11/Mar/2024:14:49:25 +0530] GET /api/quiz/CS007/downloadable-quizzes/ HTTP/1.0***0.075***
[11/Mar/2024:14:49:25 +0530] GET /api/quiz/CS007/downloadable-quizzes/ HTTP/1.0***0.084***
[11/Mar/2024:14:49:25 +0530] GET /api/quiz/CS007/downloadable-quizzes/ HTTP/1.0***0.110***
[11/Mar/2024:14:49:26 +0530] GET /api/quiz/CS007.DV/info/ HTTP/1.0***3.077***
[11/Mar/2024:14:49:26 +0530] GET /api/quiz/CS007.DV/download/ HTTP/1.0***0.025***
[11/Mar/2024:14:49:26 +0530] GET /api/quiz/CS007.DV/download/ HTTP/1.0***0.030***
[11/Mar/2024:14:49:26 +0530] GET /api/quiz/CS007.DV/info/ HTTP/1.0***3.103***
[11/Mar/2024:14:49:26 +0530] GET /api/quiz/CS007.DV/info/ HTTP/1.0***3.019***
[11/Mar/2024:14:49:26 +0530] GET /api/quiz/CS007.DV/info/ HTTP/1.0***3.196***
[11/Mar/2024:14:49:26 +0530] GET /api/quiz/CS007.DV/info/ HTTP/1.0***3.054***
[11/Mar/2024:14:49:26 +0530] GET /api/quiz/CS007.DV/download/ HTTP/1.0***0.020***
[11/Mar/2024:14:49:26 +0530] GET /api/quiz/CS007.DV/download/ HTTP/1.0***0.024***
[11/Mar/2024:14:49:26 +0530] GET /api/course/ HTTP/1.0***0.034***
[11/Mar/2024:14:49:26 +0530] GET /api/quiz/CS007.DV/info/ HTTP/1.0***3.026***
[11/Mar/2024:14:49:26 +0530] GET /api/course/ HTTP/1.0***0.030***
[11/Mar/2024:14:49:26 +0530] GET /api/course/ HTTP/1.0***0.031***
[11/Mar/2024:14:49:26 +0530] GET /api/course/ HTTP/1.0***0.033***
[11/Mar/2024:14:49:26 +0530] GET /api/quiz/CS007.DV/info/ HTTP/1.0***3.044***
[11/Mar/2024:14:49:26 +0530] GET /api/course/ HTTP/1.0***0.030***
[11/Mar/2024:14:49:26 +0530] POST /api/account/login/ HTTP/1.0***0.417***
[11/Mar/2024:14:49:26 +0530] POST /api/account/login/ HTTP/1.0***0.418***
[11/Mar/2024:14:49:26 +0530] GET /api/course/ HTTP/1.0***0.028***
[11/Mar/2024:14:49:26 +0530] GET /api/quiz/CS007/downloadable-quizzes/ HTTP/1.0***0.073***
[11/Mar/2024:14:49:26 +0530] POST /api/account/login/ HTTP/1.0***0.426***
[11/Mar/2024:14:49:26 +0530] POST /api/account/login/ HTTP/1.0***0.427***
[11/Mar/2024:14:49:26 +0530] POST /api/account/login/ HTTP/1.0***0.431***
[11/Mar/2024:14:49:26 +0530] GET /api/quiz/CS007/downloadable-quizzes/ HTTP/1.0***0.070***
[11/Mar/2024:14:49:26 +0530] GET /api/quiz/CS007/downloadable-quizzes/ HTTP/1.0***0.076***
[11/Mar/2024:14:49:26 +0530] POST /api/account/login/ HTTP/1.0***0.474***
[11/Mar/2024:14:49:26 +0530] POST /api/account/login/ HTTP/1.0***0.485***
[11/Mar/2024:14:49:26 +0530] GET /api/quiz/CS007/downloadable-quizzes/ HTTP/1.0***0.069***
[11/Mar/2024:14:49:26 +0530] POST /api/account/login/ HTTP/1.0***0.491***
[11/Mar/2024:14:49:27 +0530] GET /api/quiz/CS007.DV/download/ HTTP/1.0***0.021***
[11/Mar/2024:14:49:27 +0530] GET /api/quiz/CS007.DV/info/ HTTP/1.0***2.981***
[11/Mar/2024:14:49:27 +0530] GET /api/quiz/CS007.DV/info/ HTTP/1.0***2.956***
[11/Mar/2024:14:49:27 +0530] GET /api/quiz/CS007.DV/download/ HTTP/1.0***0.023***
[11/Mar/2024:14:49:27 +0530] GET /api/quiz/CS007.DV/authenticate/ HTTP/1.0***0.072***
[11/Mar/2024:14:49:27 +0530] GET /api/quiz/CS007.DV/authenticate/ HTTP/1.0***0.067***
[11/Mar/2024:14:49:27 +0530] GET /api/quiz/CS007.DV/download/ HTTP/1.0***0.026***
[11/Mar/2024:14:49:27 +0530] GET /api/quiz/CS007.DV/download/ HTTP/1.0***0.026***
[11/Mar/2024:14:49:27 +0530] GET /api/quiz/CS007.DV/download/ HTTP/1.0***0.021***
[11/Mar/2024:14:49:27 +0530] GET /api/quiz/CS007.DV/authenticate/ HTTP/1.0***0.072***
[11/Mar/2024:14:49:27 +0530] POST /api/account/login/ HTTP/1.0***0.389***
[11/Mar/2024:14:49:27 +0530] POST /api/account/login/ HTTP/1.0***0.409***
[11/Mar/2024:14:49:27 +0530] POST /api/account/login/ HTTP/1.0***0.414***
[11/Mar/2024:14:49:27 +0530] GET /api/quiz/CS007.DV/download/ HTTP/1.0***0.023***
[11/Mar/2024:14:49:27 +0530] GET /api/quiz/CS007.DV/authenticate/ HTTP/1.0***0.073***
[11/Mar/2024:14:49:27 +0530] GET /api/quiz/CS007/downloadable-quizzes/ HTTP/1.0***0.075***
[11/Mar/2024:14:49:27 +0530] GET /api/quiz/CS007.DV/download/ HTTP/1.0***0.026***
[11/Mar/2024:14:49:27 +0530] GET /api/course/ HTTP/1.0***0.025***
[11/Mar/2024:14:49:27 +0530] GET /api/course/ HTTP/1.0***0.029***
[11/Mar/2024:14:49:27 +0530] GET /api/course/ HTTP/1.0***0.027***
[11/Mar/2024:14:49:27 +0530] GET /api/course/ HTTP/1.0***0.031***
[11/Mar/2024:14:49:27 +0530] GET /api/course/ HTTP/1.0***0.032***
[11/Mar/2024:14:49:27 +0530] GET /api/quiz/CS007/downloadable-quizzes/ HTTP/1.0***0.096***
[11/Mar/2024:14:49:27 +0530] GET /api/quiz/CS007.DV/info/ HTTP/1.0***3.080***
[11/Mar/2024:14:49:27 +0530] GET /api/quiz/CS007/downloadable-quizzes/ HTTP/1.0***0.101***
[11/Mar/2024:14:49:27 +0530] GET /api/quiz/CS007/downloadable-quizzes/ HTTP/1.0***0.063***
[11/Mar/2024:14:49:27 +0530] GET /api/quiz/CS007/downloadable-quizzes/ HTTP/1.0***0.079***
[11/Mar/2024:14:49:27 +0530] GET /api/quiz/CS007/downloadable-quizzes/ HTTP/1.0***0.114***
[11/Mar/2024:14:49:27 +0530] GET /api/course/ HTTP/1.0***0.030***
[11/Mar/2024:14:49:27 +0530] GET /api/course/ HTTP/1.0***0.030***
[11/Mar/2024:14:49:27 +0530] GET /api/course/ HTTP/1.0***0.030***
[11/Mar/2024:14:49:27 +0530] GET /api/quiz/CS007.DV/info/ HTTP/1.0***3.191***
[11/Mar/2024:14:49:28 +0530] GET /api/quiz/CS007.DV/download/ HTTP/1.0***0.022***
[11/Mar/2024:14:49:28 +0530] GET /api/quiz/CS007.DV/download/ HTTP/1.0***0.024***
[11/Mar/2024:14:49:28 +0530] GET /api/quiz/CS007.DV/authenticate/ HTTP/1.0***0.066***
[11/Mar/2024:14:49:28 +0530] POST /api/account/login/ HTTP/1.0***3.950***
[11/Mar/2024:14:49:28 +0530] GET /api/quiz/CS007.DV/authenticate/ HTTP/1.0***0.119***
[11/Mar/2024:14:49:28 +0530] GET /api/quiz/CS007.DV/authenticate/ HTTP/1.0***0.066***
[11/Mar/2024:14:49:28 +0530] GET /api/quiz/CS007.DV/authenticate/ HTTP/1.0***0.117***
[11/Mar/2024:14:49:28 +0530] GET /api/quiz/CS007.DV/authenticate/ HTTP/1.0***0.151***
[11/Mar/2024:14:49:28 +0530] GET /api/quiz/CS007.DV/info/ HTTP/1.0***2.874***
[11/Mar/2024:14:49:28 +0530] POST /api/account/login/ HTTP/1.0***0.381***
[11/Mar/2024:14:49:28 +0530] POST /api/account/login/ HTTP/1.0***0.425***
[11/Mar/2024:14:49:28 +0530] GET /api/course/ HTTP/1.0***0.035***
[11/Mar/2024:14:49:28 +0530] GET /api/course/ HTTP/1.0***0.033***
[11/Mar/2024:14:49:28 +0530] GET /api/course/ HTTP/1.0***0.033***
[11/Mar/2024:14:49:28 +0530] GET /api/quiz/CS007.DV/info/ HTTP/1.0***3.067***
[11/Mar/2024:14:49:28 +0530] GET /api/quiz/CS007.DV/download/ HTTP/1.0***0.025***
[11/Mar/2024:14:49:28 +0530] GET /api/quiz/CS007.DV/authenticate/ HTTP/1.0***0.083***
[11/Mar/2024:14:49:28 +0530] GET /api/quiz/CS007.DV/authenticate/ HTTP/1.0***0.136***
[11/Mar/2024:14:49:28 +0530] GET /api/quiz/CS007/downloadable-quizzes/ HTTP/1.0***0.074***
[11/Mar/2024:14:49:28 +0530] GET /api/quiz/CS007/downloadable-quizzes/ HTTP/1.0***0.077***
[11/Mar/2024:14:49:28 +0530] GET /api/quiz/CS007/downloadable-quizzes/ HTTP/1.0***0.075***
[11/Mar/2024:14:49:28 +0530] GET /api/quiz/CS007.DV/download/ HTTP/1.0***0.024***
[11/Mar/2024:14:49:29 +0530] GET /api/quiz/CS007/downloadable-quizzes/ HTTP/1.0***0.228***
[11/Mar/2024:14:49:29 +0530] GET /api/quiz/CS007/downloadable-quizzes/ HTTP/1.0***0.231***
[11/Mar/2024:14:49:29 +0530] GET /api/quiz/CS007/downloadable-quizzes/ HTTP/1.0***0.198***
[11/Mar/2024:14:49:29 +0530] GET /api/quiz/CS007/downloadable-quizzes/ HTTP/1.0***0.187***
[11/Mar/2024:14:49:29 +0530] GET /api/quiz/CS007/downloadable-quizzes/ HTTP/1.0***0.207***
[11/Mar/2024:14:49:29 +0530] POST /api/quiz/715493261c204ee8890eb1a336985418/submit/ HTTP/1.0***1.005***
[11/Mar/2024:14:49:29 +0530] POST /api/quiz/58433e96df6842beaf013d6161dc68d4/submit/ HTTP/1.0***1.016***
[11/Mar/2024:14:49:29 +0530] GET /api/quiz/CS007.DV/authenticate/ HTTP/1.0***0.070***
[11/Mar/2024:14:49:29 +0530] GET /api/quiz/CS007.DV/authenticate/ HTTP/1.0***0.069***
[11/Mar/2024:14:49:29 +0530] GET /api/course/ HTTP/1.0***0.034***
[11/Mar/2024:14:49:29 +0530] POST /api/quiz/138584ab63e8465693b029c1f2581dff/submit/ HTTP/1.0***0.998***
[11/Mar/2024:14:49:29 +0530] GET /api/quiz/CS007.DV/download/ HTTP/1.0***0.023***
[11/Mar/2024:14:49:29 +0530] GET /api/course/ HTTP/1.0***0.030***
[11/Mar/2024:14:49:29 +0530] POST /api/account/login/ HTTP/1.0***0.435***
[11/Mar/2024:14:49:29 +0530] POST /api/account/login/ HTTP/1.0***0.449***
[11/Mar/2024:14:49:29 +0530] GET /api/course/ HTTP/1.0***0.030***
[11/Mar/2024:14:49:29 +0530] GET /api/quiz/CS007/downloadable-quizzes/ HTTP/1.0***0.063***
[11/Mar/2024:14:49:29 +0530] GET /api/quiz/CS007/downloadable-quizzes/ HTTP/1.0***0.080***
[11/Mar/2024:14:49:29 +0530] GET /api/quiz/CS007/downloadable-quizzes/ HTTP/1.0***0.072***
[11/Mar/2024:14:49:29 +0530] POST /api/quiz/5ff912c9d84e46e2816859cfbc82cd63/submit/ HTTP/1.0***1.020***
[11/Mar/2024:14:49:29 +0530] GET /api/quiz/CS007.DV/info/ HTTP/1.0***3.017***
[11/Mar/2024:14:49:29 +0530] GET /api/quiz/CS007.DV/download/ HTTP/1.0***0.026***
[11/Mar/2024:14:49:29 +0530] GET /api/quiz/CS007.DV/authenticate/ HTTP/1.0***0.074***
[11/Mar/2024:14:49:29 +0530] GET /api/quiz/CS007.DV/info/ HTTP/1.0***3.135***
[11/Mar/2024:14:49:29 +0530] GET /api/quiz/CS007.DV/info/ HTTP/1.0***2.981***
[11/Mar/2024:14:49:30 +0530] GET /api/quiz/CS007.DV/authenticate/ HTTP/1.0***0.125***
[11/Mar/2024:14:49:30 +0530] POST /api/quiz/012693da3bea428a90fb74a2c0e2154e/submit/ HTTP/1.0***1.136***
[11/Mar/2024:14:49:30 +0530] POST /api/quiz/4620511b40ac4ecda46ed5d648ba4c6a/submit/ HTTP/1.0***1.128***
[11/Mar/2024:14:49:30 +0530] POST /api/quiz/754dd1432bd2482aa030b5bfca57c3b9/submit/ HTTP/1.0***1.034***
[11/Mar/2024:14:49:30 +0530] POST /api/quiz/da7cc6481d364fcea6963a615a26a570/submit/ HTTP/1.0***1.018***
[11/Mar/2024:14:49:30 +0530] POST /api/quiz/6fda4fc3980c4600b171719e7108a818/submit/ HTTP/1.0***0.997***
[11/Mar/2024:14:49:30 +0530] GET /api/quiz/CS007/downloadable-quizzes/ HTTP/1.0***0.339***
[11/Mar/2024:14:49:30 +0530] POST /api/quiz/45ebb0875dde46958e31baa35372a166/submit/ HTTP/1.0***1.017***
[11/Mar/2024:14:49:30 +0530] GET /api/quiz/CS007.DV/info/ HTTP/1.0***3.111***
[11/Mar/2024:14:49:30 +0530] POST /api/quiz/171c4dbb5444465ea3302ecd811340d0/submit/ HTTP/1.0***1.021***
[11/Mar/2024:14:49:30 +0530] GET /api/quiz/CS007.DV/info/ HTTP/1.0***3.111***
[11/Mar/2024:14:49:30 +0530] GET /api/quiz/CS007.DV/info/ HTTP/1.0***3.133***
[11/Mar/2024:14:49:30 +0530] GET /api/quiz/CS007.DV/authenticate/ HTTP/1.0***0.358***
[11/Mar/2024:14:49:30 +0530] GET /api/course/ HTTP/1.0***0.332***
[11/Mar/2024:14:49:30 +0530] GET /api/quiz/CS007/downloadable-quizzes/ HTTP/1.0***0.374***
[11/Mar/2024:14:49:30 +0530] GET /api/course/ HTTP/1.0***0.331***
[11/Mar/2024:14:49:31 +0530] GET /api/quiz/CS007/downloadable-quizzes/ HTTP/1.0***0.428***
[11/Mar/2024:14:49:31 +0530] POST /api/account/login/ HTTP/1.0***0.843***
[11/Mar/2024:14:49:31 +0530] POST /api/account/login/ HTTP/1.0***0.844***
[11/Mar/2024:14:49:31 +0530] GET /api/quiz/CS007.DV/download/ HTTP/1.0***0.312***
[11/Mar/2024:14:49:31 +0530] GET /api/quiz/CS007.DV/authenticate/ HTTP/1.0***0.274***
[11/Mar/2024:14:49:31 +0530] GET /api/quiz/CS007.DV/info/ HTTP/1.0***3.322***
[11/Mar/2024:14:49:31 +0530] GET /api/quiz/CS007.DV/download/ HTTP/1.0***0.222***
[11/Mar/2024:14:49:31 +0530] GET /api/quiz/CS007.DV/download/ HTTP/1.0***0.232***
[11/Mar/2024:14:49:31 +0530] POST /api/account/login/ HTTP/1.0***1.124***
[11/Mar/2024:14:49:31 +0530] POST /api/quiz/0004cb33bfd74bc9a2c5a952aec6355a/submit/ HTTP/1.0***1.156***
[11/Mar/2024:14:49:31 +0530] POST /api/account/login/ HTTP/1.0***1.162***
[11/Mar/2024:14:49:31 +0530] POST /api/quiz/6e9afc7d5cdc43b0b6edae68c55c72bc/submit/ HTTP/1.0***1.240***
[11/Mar/2024:14:49:31 +0530] POST /api/account/login/ HTTP/1.0***0.486***
[11/Mar/2024:14:49:31 +0530] POST /api/account/login/ HTTP/1.0***0.542***
[11/Mar/2024:14:49:31 +0530] POST /api/account/login/ HTTP/1.0***0.574***
[11/Mar/2024:14:49:31 +0530] POST /api/account/login/ HTTP/1.0***0.584***
[11/Mar/2024:14:49:31 +0530] GET /api/quiz/CS007.DV/download/ HTTP/1.0***0.026***
[11/Mar/2024:14:49:31 +0530] GET /api/quiz/CS007.DV/download/ HTTP/1.0***0.026***
[11/Mar/2024:14:49:31 +0530] GET /api/quiz/CS007.DV/download/ HTTP/1.0***0.020***
[11/Mar/2024:14:49:32 +0530] GET /api/quiz/CS007.DV/info/ HTTP/1.0***3.274***
[11/Mar/2024:14:49:32 +0530] GET /api/quiz/CS007/downloadable-quizzes/ HTTP/1.0***0.075***
[11/Mar/2024:14:49:32 +0530] GET /api/quiz/CS007.DV/info/ HTTP/1.0***3.237***
[11/Mar/2024:14:49:32 +0530] POST /api/quiz/801c5dd2d00f4e4e939f83115e5148fc/submit/ HTTP/1.0***1.128***
[11/Mar/2024:14:49:32 +0530] GET /api/quiz/CS007/downloadable-quizzes/ HTTP/1.0***0.106***
[11/Mar/2024:14:49:32 +0530] GET /api/quiz/CS007.DV/info/ HTTP/1.0***3.275***
[11/Mar/2024:14:49:32 +0530] GET /api/quiz/CS007.DV/info/ HTTP/1.0***3.278***
[11/Mar/2024:14:49:32 +0530] GET /api/quiz/CS007.DV/info/ HTTP/1.0***3.274***
[11/Mar/2024:14:49:32 +0530] GET /api/course/ HTTP/1.0***0.035***
[11/Mar/2024:14:49:32 +0530] GET /api/course/ HTTP/1.0***0.036***
[11/Mar/2024:14:49:32 +0530] GET /api/quiz/CS007.DV/info/ HTTP/1.0***3.293***
[11/Mar/2024:14:49:32 +0530] POST /api/quiz/92d73dac24f24bb59fa02574f33153d2/submit/ HTTP/1.0***1.088***
[11/Mar/2024:14:49:32 +0530] GET /api/quiz/CS007.DV/authenticate/ HTTP/1.0***0.060***
[11/Mar/2024:14:49:32 +0530] GET /api/quiz/CS007.DV/download/ HTTP/1.0***0.026***
[11/Mar/2024:14:49:32 +0530] GET /api/quiz/CS007.DV/authenticate/ HTTP/1.0***0.065***
[11/Mar/2024:14:49:32 +0530] GET /api/quiz/CS007.DV/authenticate/ HTTP/1.0***0.117***
[11/Mar/2024:14:49:32 +0530] POST /api/account/login/ HTTP/1.0***0.415***
[11/Mar/2024:14:49:32 +0530] POST /api/account/login/ HTTP/1.0***0.433***
[11/Mar/2024:14:49:32 +0530] POST /api/account/login/ HTTP/1.0***0.458***
[11/Mar/2024:14:49:32 +0530] GET /api/course/ HTTP/1.0***0.460***
[11/Mar/2024:14:49:32 +0530] POST /api/account/login/ HTTP/1.0***0.467***
[11/Mar/2024:14:49:32 +0530] POST /api/account/login/ HTTP/1.0***0.478***
[11/Mar/2024:14:49:32 +0530] GET /api/course/ HTTP/1.0***0.447***
[11/Mar/2024:14:49:32 +0530] GET /api/course/ HTTP/1.0***0.124***
[11/Mar/2024:14:49:32 +0530] GET /api/course/ HTTP/1.0***0.056***
[11/Mar/2024:14:49:32 +0530] POST /api/account/login/ HTTP/1.0***0.498***
[11/Mar/2024:14:49:32 +0530] GET /api/course/ HTTP/1.0***0.043***
[11/Mar/2024:14:49:32 +0530] GET /api/course/ HTTP/1.0***0.045***
[11/Mar/2024:14:49:32 +0530] POST /api/account/login/ HTTP/1.0***0.542***
[11/Mar/2024:14:49:32 +0530] POST /api/account/login/ HTTP/1.0***0.568***
[11/Mar/2024:14:49:32 +0530] POST /api/quiz/06acf0a6fccd4f0d800c69d01bb29946/submit/ HTTP/1.0***0.973***
[11/Mar/2024:14:49:32 +0530] GET /api/quiz/CS007.DV/info/ HTTP/1.0***3.060***
[11/Mar/2024:14:49:32 +0530] GET /api/quiz/CS007.DV/info/ HTTP/1.0***3.079***
[11/Mar/2024:14:49:32 +0530] GET /api/quiz/CS007.DV/info/ HTTP/1.0***3.082***
[11/Mar/2024:14:49:33 +0530] GET /api/quiz/CS007.DV/authenticate/ HTTP/1.0***0.067***
[11/Mar/2024:14:49:33 +0530] GET /api/quiz/CS007.DV/authenticate/ HTTP/1.0***0.066***
[11/Mar/2024:14:49:33 +0530] GET /api/quiz/CS007.DV/authenticate/ HTTP/1.0***0.068***
[11/Mar/2024:14:49:33 +0530] GET /api/quiz/CS007.DV/download/ HTTP/1.0***0.025***
[11/Mar/2024:14:49:33 +0530] GET /api/quiz/CS007.DV/download/ HTTP/1.0***0.028***
[11/Mar/2024:14:49:33 +0530] GET /api/quiz/CS007.DV/info/ HTTP/1.0***3.058***
[11/Mar/2024:14:49:33 +0530] GET /api/quiz/CS007.DV/info/ HTTP/1.0***3.094***
[11/Mar/2024:14:49:33 +0530] GET /api/quiz/CS007.DV/download/ HTTP/1.0***0.021***
[11/Mar/2024:14:49:33 +0530] GET /api/quiz/CS007.DV/download/ HTTP/1.0***0.025***
[11/Mar/2024:14:49:33 +0530] GET /api/quiz/CS007.DV/download/ HTTP/1.0***0.027***
[11/Mar/2024:14:49:33 +0530] GET /api/quiz/CS007.DV/info/ HTTP/1.0***3.082***
[11/Mar/2024:14:49:33 +0530] GET /api/quiz/CS007.DV/download/ HTTP/1.0***0.020***
[11/Mar/2024:14:49:33 +0530] GET /api/quiz/CS007.DV/info/ HTTP/1.0***3.092***
[11/Mar/2024:14:49:33 +0530] POST /api/quiz/c7e8d37908ad4f2ebf40332fe08a7c45/submit/ HTTP/1.0***1.003***
[11/Mar/2024:14:49:33 +0530] POST /api/account/login/ HTTP/1.0***0.852***
[11/Mar/2024:14:49:33 +0530] GET /api/quiz/CS007/downloadable-quizzes/ HTTP/1.0***0.105***
[11/Mar/2024:14:49:33 +0530] GET /api/quiz/CS007/downloadable-quizzes/ HTTP/1.0***0.115***
[11/Mar/2024:14:49:33 +0530] GET /api/quiz/CS007.DV/info/ HTTP/1.0***3.224***
[11/Mar/2024:14:49:33 +0530] GET /api/quiz/CS007.DV/authenticate/ HTTP/1.0***0.069***
[11/Mar/2024:14:49:33 +0530] POST /api/account/login/ HTTP/1.0***0.424***
[11/Mar/2024:14:49:33 +0530] POST /api/account/login/ HTTP/1.0***0.438***
[11/Mar/2024:14:49:33 +0530] POST /api/account/login/ HTTP/1.0***0.437***
[11/Mar/2024:14:49:33 +0530] POST /api/account/login/ HTTP/1.0***0.442***
[11/Mar/2024:14:49:33 +0530] POST /api/account/login/ HTTP/1.0***0.441***
[11/Mar/2024:14:49:33 +0530] POST /api/account/login/ HTTP/1.0***0.448***
[11/Mar/2024:14:49:33 +0530] GET /api/course/ HTTP/1.0***0.034***
[11/Mar/2024:14:49:33 +0530] GET /api/course/ HTTP/1.0***0.033***
[11/Mar/2024:14:49:33 +0530] GET /api/course/ HTTP/1.0***0.033***
[11/Mar/2024:14:49:33 +0530] GET /api/course/ HTTP/1.0***0.030***
[11/Mar/2024:14:49:33 +0530] GET /api/course/ HTTP/1.0***0.028***
[11/Mar/2024:14:49:33 +0530] GET /api/course/ HTTP/1.0***0.029***
[11/Mar/2024:14:49:33 +0530] GET /api/quiz/CS007.DV/info/ HTTP/1.0***3.199***
[11/Mar/2024:14:49:33 +0530] GET /api/course/ HTTP/1.0***0.027***
[11/Mar/2024:14:49:33 +0530] GET /api/quiz/CS007/downloadable-quizzes/ HTTP/1.0***0.111***
[11/Mar/2024:14:49:33 +0530] GET /api/quiz/CS007/downloadable-quizzes/ HTTP/1.0***0.106***
[11/Mar/2024:14:49:33 +0530] GET /api/quiz/CS007/downloadable-quizzes/ HTTP/1.0***0.108***
[11/Mar/2024:14:49:33 +0530] GET /api/quiz/CS007/downloadable-quizzes/ HTTP/1.0***0.109***
[11/Mar/2024:14:49:33 +0530] GET /api/quiz/CS007.DV/info/ HTTP/1.0***3.241***
[11/Mar/2024:14:49:33 +0530] GET /api/quiz/CS007.DV/download/ HTTP/1.0***0.025***
[11/Mar/2024:14:49:33 +0530] GET /api/quiz/CS007/downloadable-quizzes/ HTTP/1.0***0.109***
[11/Mar/2024:14:49:33 +0530] GET /api/quiz/CS007.DV/download/ HTTP/1.0***0.023***
[11/Mar/2024:14:49:33 +0530] GET /api/course/ HTTP/1.0***0.030***
[11/Mar/2024:14:49:34 +0530] GET /api/quiz/CS007/downloadable-quizzes/ HTTP/1.0***0.103***
[11/Mar/2024:14:49:34 +0530] GET /api/quiz/CS007.DV/download/ HTTP/1.0***0.021***
[11/Mar/2024:14:49:34 +0530] GET /api/quiz/CS007.DV/info/ HTTP/1.0***3.316***
[11/Mar/2024:14:49:34 +0530] GET /api/quiz/CS007.DV/authenticate/ HTTP/1.0***0.061***
[11/Mar/2024:14:49:34 +0530] GET /api/quiz/CS007.DV/download/ HTTP/1.0***0.022***
[11/Mar/2024:14:49:34 +0530] GET /api/quiz/CS007.DV/download/ HTTP/1.0***0.026***
[11/Mar/2024:14:49:34 +0530] GET /api/quiz/CS007.DV/authenticate/ HTTP/1.0***0.068***
[11/Mar/2024:14:49:34 +0530] GET /api/quiz/CS007.DV/download/ HTTP/1.0***0.019***
[11/Mar/2024:14:49:34 +0530] GET /api/quiz/CS007.DV/authenticate/ HTTP/1.0***0.062***
[11/Mar/2024:14:49:34 +0530] GET /api/quiz/CS007.DV/authenticate/ HTTP/1.0***0.067***
[11/Mar/2024:14:49:34 +0530] GET /api/quiz/CS007.DV/authenticate/ HTTP/1.0***0.069***
[11/Mar/2024:14:49:34 +0530] GET /api/quiz/CS007.DV/authenticate/ HTTP/1.0***0.073***
[11/Mar/2024:14:49:34 +0530] GET /api/quiz/CS007.DV/download/ HTTP/1.0***0.026***
[11/Mar/2024:14:49:34 +0530] GET /api/quiz/CS007.DV/download/ HTTP/1.0***0.023***
[11/Mar/2024:14:49:34 +0530] GET /api/course/ HTTP/1.0***0.028***
[11/Mar/2024:14:49:34 +0530] POST /api/quiz/e1c70a44af3a46b99ae94e337e6bb39e/submit/ HTTP/1.0***1.045***
[11/Mar/2024:14:49:34 +0530] POST /api/quiz/c01aac602e9f4f96a6dff93b24e20c63/submit/ HTTP/1.0***0.986***
[11/Mar/2024:14:49:34 +0530] GET /api/quiz/CS007.DV/info/ HTTP/1.0***2.866***
[11/Mar/2024:14:49:34 +0530] POST /api/quiz/50af2396f9e54b01a48a5f9b02269a6a/submit/ HTTP/1.0***1.133***
[11/Mar/2024:14:49:34 +0530] POST /api/account/login/ HTTP/1.0***0.429***
[11/Mar/2024:14:49:34 +0530] POST /api/account/login/ HTTP/1.0***0.496***
[11/Mar/2024:14:49:34 +0530] GET /api/course/ HTTP/1.0***0.032***
[11/Mar/2024:14:49:34 +0530] GET /api/course/ HTTP/1.0***0.030***
[11/Mar/2024:14:49:34 +0530] GET /api/course/ HTTP/1.0***0.030***
[11/Mar/2024:14:49:34 +0530] GET /api/course/ HTTP/1.0***0.029***
[11/Mar/2024:14:49:34 +0530] GET /api/course/ HTTP/1.0***0.032***
[11/Mar/2024:14:49:34 +0530] GET /api/course/ HTTP/1.0***0.031***
[11/Mar/2024:14:49:34 +0530] POST /api/account/login/ HTTP/1.0***0.560***
[11/Mar/2024:14:49:34 +0530] GET /api/quiz/CS007.DV/info/ HTTP/1.0***2.843***
[11/Mar/2024:14:49:34 +0530] GET /api/quiz/CS007.DV/info/ HTTP/1.0***2.837***
[11/Mar/2024:14:49:34 +0530] GET /api/quiz/CS007/downloadable-quizzes/ HTTP/1.0***0.107***
[11/Mar/2024:14:49:34 +0530] GET /api/quiz/CS007/downloadable-quizzes/ HTTP/1.0***0.118***
[11/Mar/2024:14:49:34 +0530] GET /api/quiz/CS007/downloadable-quizzes/ HTTP/1.0***0.093***
[11/Mar/2024:14:49:34 +0530] GET /api/quiz/CS007.DV/download/ HTTP/1.0***0.024***
[11/Mar/2024:14:49:34 +0530] GET /api/quiz/CS007/downloadable-quizzes/ HTTP/1.0***0.110***
[11/Mar/2024:14:49:35 +0530] GET /api/quiz/CS007.DV/download/ HTTP/1.0***0.022***
[11/Mar/2024:14:49:35 +0530] GET /api/quiz/CS007/downloadable-quizzes/ HTTP/1.0***0.197***
[11/Mar/2024:14:49:35 +0530] GET /api/quiz/CS007.DV/download/ HTTP/1.0***0.025***
[11/Mar/2024:14:49:35 +0530] POST /api/quiz/de0c3528baf043a6abf8276f6aba8912/submit/ HTTP/1.0***1.052***
[11/Mar/2024:14:49:35 +0530] POST /api/quiz/041d01473af4421ea2338c83e91fc074/submit/ HTTP/1.0***1.049***
[11/Mar/2024:14:49:35 +0530] POST /api/quiz/43a04900138f49f8be2b6de68735bba4/submit/ HTTP/1.0***1.055***
[11/Mar/2024:14:49:35 +0530] GET /api/quiz/CS007/downloadable-quizzes/ HTTP/1.0***0.199***
[11/Mar/2024:14:49:35 +0530] GET /api/quiz/CS007.DV/authenticate/ HTTP/1.0***0.118***
[11/Mar/2024:14:49:35 +0530] GET /api/quiz/CS007.DV/authenticate/ HTTP/1.0***0.106***
[11/Mar/2024:14:49:35 +0530] GET /api/quiz/CS007.DV/authenticate/ HTTP/1.0***0.118***
[11/Mar/2024:14:49:35 +0530] GET /api/quiz/CS007/downloadable-quizzes/ HTTP/1.0***0.149***
[11/Mar/2024:14:49:35 +0530] GET /api/quiz/CS007/downloadable-quizzes/ HTTP/1.0***0.201***
[11/Mar/2024:14:49:35 +0530] GET /api/quiz/CS007.DV/authenticate/ HTTP/1.0***0.065***
[11/Mar/2024:14:49:35 +0530] GET /api/quiz/CS007.DV/authenticate/ HTTP/1.0***0.070***
[11/Mar/2024:14:49:35 +0530] GET /api/quiz/CS007.DV/authenticate/ HTTP/1.0***0.075***
[11/Mar/2024:14:49:35 +0530] GET /api/quiz/CS007.DV/authenticate/ HTTP/1.0***0.067***
[11/Mar/2024:14:49:35 +0530] GET /api/quiz/CS007.DV/authenticate/ HTTP/1.0***0.069***
[11/Mar/2024:14:49:35 +0530] GET /api/quiz/CS007/downloadable-quizzes/ HTTP/1.0***0.113***
[11/Mar/2024:14:49:35 +0530] GET /api/quiz/CS007.DV/download/ HTTP/1.0***0.023***
[11/Mar/2024:14:49:35 +0530] POST /api/quiz/7cb6c655d59a4c0bba6c9d96e26bcbc9/submit/ HTTP/1.0***1.007***
[11/Mar/2024:14:49:35 +0530] GET /api/course/ HTTP/1.0***0.035***
[11/Mar/2024:14:49:35 +0530] POST /api/account/login/ HTTP/1.0***0.477***
[11/Mar/2024:14:49:35 +0530] POST /api/account/login/ HTTP/1.0***0.506***
[11/Mar/2024:14:49:35 +0530] POST /api/account/login/ HTTP/1.0***0.505***
[11/Mar/2024:14:49:35 +0530] GET /api/course/ HTTP/1.0***0.027***
[11/Mar/2024:14:49:35 +0530] GET /api/course/ HTTP/1.0***0.031***
[11/Mar/2024:14:49:35 +0530] GET /api/quiz/CS007.DV/download/ HTTP/1.0***0.026***
[11/Mar/2024:14:49:35 +0530] GET /api/quiz/CS007/downloadable-quizzes/ HTTP/1.0***0.141***
[11/Mar/2024:14:49:35 +0530] GET /api/quiz/CS007/downloadable-quizzes/ HTTP/1.0***0.136***
[11/Mar/2024:14:49:35 +0530] GET /api/quiz/CS007/downloadable-quizzes/ HTTP/1.0***0.144***
[11/Mar/2024:14:49:35 +0530] GET /api/quiz/CS007/downloadable-quizzes/ HTTP/1.0***0.137***
[11/Mar/2024:14:49:35 +0530] GET /api/quiz/CS007/downloadable-quizzes/ HTTP/1.0***0.145***
[11/Mar/2024:14:49:35 +0530] GET /api/quiz/CS007/downloadable-quizzes/ HTTP/1.0***0.145***
[11/Mar/2024:14:49:35 +0530] GET /api/quiz/CS007.DV/download/ HTTP/1.0***0.023***
[11/Mar/2024:14:49:36 +0530] GET /api/quiz/CS007.DV/authenticate/ HTTP/1.0***0.082***
[11/Mar/2024:14:49:36 +0530] GET /api/quiz/CS007.DV/authenticate/ HTTP/1.0***0.068***
[11/Mar/2024:14:49:36 +0530] GET /api/quiz/CS007.DV/info/ HTTP/1.0***3.014***
[11/Mar/2024:14:49:36 +0530] POST /api/quiz/fcf725fdb2214475851fdd3319e49fde/submit/ HTTP/1.0***0.984***
[11/Mar/2024:14:49:36 +0530] GET /api/quiz/CS007.DV/authenticate/ HTTP/1.0***0.070***
[11/Mar/2024:14:49:36 +0530] GET /api/quiz/CS007.DV/info/ HTTP/1.0***3.150***
[11/Mar/2024:14:49:36 +0530] POST /api/quiz/452590d9916c4480b2a736ad0a8fba49/submit/ HTTP/1.0***0.992***
[11/Mar/2024:14:49:36 +0530] POST /api/quiz/3717e77a033a469d9c77d4ff40629e06/submit/ HTTP/1.0***0.991***
[11/Mar/2024:14:49:36 +0530] POST /api/quiz/359718fbbc98482486bcc9272b39b66a/submit/ HTTP/1.0***1.064***
[11/Mar/2024:14:49:36 +0530] POST /api/quiz/5be5df7cfa5c4ede84de431fde331c28/submit/ HTTP/1.0***1.072***
[11/Mar/2024:14:49:36 +0530] POST /api/quiz/cb108c9f8dc14121b72c7dedfd31d5b9/submit/ HTTP/1.0***1.139***
[11/Mar/2024:14:49:36 +0530] POST /api/account/login/ HTTP/1.0***0.481***
[11/Mar/2024:14:49:36 +0530] POST /api/account/login/ HTTP/1.0***0.491***
[11/Mar/2024:14:49:36 +0530] POST /api/account/login/ HTTP/1.0***0.491***
[11/Mar/2024:14:49:36 +0530] POST /api/account/login/ HTTP/1.0***0.492***
[11/Mar/2024:14:49:36 +0530] POST /api/account/login/ HTTP/1.0***0.506***
[11/Mar/2024:14:49:37 +0530] POST /api/quiz/ee4b5a84bebe4f89b3dd0abe95b3980b/submit/ HTTP/1.0***0.994***
[11/Mar/2024:14:49:37 +0530] POST /api/quiz/8824228611a54ca3bc465d5110e316fe/submit/ HTTP/1.0***1.001***
[11/Mar/2024:14:49:37 +0530] POST /api/quiz/1fb1b7f79ebc40bf92e948396569d77b/submit/ HTTP/1.0***1.071***
[11/Mar/2024:14:49:37 +0530] POST /api/account/login/ HTTP/1.0***0.896***
[11/Mar/2024:14:49:37 +0530] POST /api/account/login/ HTTP/1.0***0.925***
[11/Mar/2024:14:49:37 +0530] GET /api/quiz/CS007.DV/authenticate/ HTTP/1.0***0.867***
[11/Mar/2024:14:49:37 +0530] GET /api/quiz/CS007.DV/info/ HTTP/1.0***3.078***
[11/Mar/2024:14:49:37 +0530] GET /api/quiz/CS007.DV/info/ HTTP/1.0***3.096***
[11/Mar/2024:14:49:37 +0530] GET /api/course/ HTTP/1.0***0.681***
[11/Mar/2024:14:49:37 +0530] GET /api/course/ HTTP/1.0***0.683***
[11/Mar/2024:14:49:37 +0530] GET /api/course/ HTTP/1.0***0.696***
[11/Mar/2024:14:49:37 +0530] GET /api/quiz/CS007/downloadable-quizzes/ HTTP/1.0***0.746***
[11/Mar/2024:14:49:37 +0530] GET /api/quiz/CS007/downloadable-quizzes/ HTTP/1.0***0.755***
[11/Mar/2024:14:49:37 +0530] GET /api/quiz/CS007.DV/authenticate/ HTTP/1.0***0.658***
[11/Mar/2024:14:49:37 +0530] GET /api/quiz/CS007/downloadable-quizzes/ HTTP/1.0***0.695***
[11/Mar/2024:14:49:37 +0530] POST /api/account/login/ HTTP/1.0***1.243***
[11/Mar/2024:14:49:37 +0530] POST /api/quiz/003f3dc37f5745eabd46014d9eb47c8b/submit/ HTTP/1.0***1.486***
[11/Mar/2024:14:49:37 +0530] POST /api/quiz/9ba5e59b4e3c45f9912841449f9169d6/submit/ HTTP/1.0***1.507***
[11/Mar/2024:14:49:37 +0530] POST /api/quiz/0bc8a3d702a4463bacdaa95450fa0cec/submit/ HTTP/1.0***1.510***
[11/Mar/2024:14:49:38 +0530] GET /api/quiz/CS007.DV/authenticate/ HTTP/1.0***1.050***
[11/Mar/2024:14:49:38 +0530] POST /api/quiz/7846333383dd4187a635150f69187ddf/submit/ HTTP/1.0***1.698***
[11/Mar/2024:14:49:38 +0530] GET /api/quiz/CS007.DV/info/ HTTP/1.0***3.160***
[11/Mar/2024:14:49:38 +0530] GET /api/quiz/CS007.DV/info/ HTTP/1.0***3.168***
[11/Mar/2024:14:49:38 +0530] GET /api/quiz/CS007.DV/info/ HTTP/1.0***3.161***
[11/Mar/2024:14:49:38 +0530] GET /api/quiz/CS007.DV/info/ HTTP/1.0***3.178***
[11/Mar/2024:14:49:38 +0530] GET /api/quiz/CS007.DV/info/ HTTP/1.0***3.207***
[11/Mar/2024:14:49:38 +0530] GET /api/quiz/CS007.DV/download/ HTTP/1.0***1.045***
[11/Mar/2024:14:49:38 +0530] POST /api/quiz/0b2643198c7446d0a0cfe5bc5cee8ecc/submit/ HTTP/1.0***1.783***
[11/Mar/2024:14:49:38 +0530] GET /api/quiz/CS007.DV/download/ HTTP/1.0***0.865***
[11/Mar/2024:14:49:38 +0530] GET /api/course/ HTTP/1.0***0.410***
[11/Mar/2024:14:49:38 +0530] GET /api/course/ HTTP/1.0***0.433***
[11/Mar/2024:14:49:38 +0530] GET /api/quiz/CS007.DV/info/ HTTP/1.0***3.310***
[11/Mar/2024:14:49:38 +0530] GET /api/course/ HTTP/1.0***0.463***
[11/Mar/2024:14:49:38 +0530] GET /api/course/ HTTP/1.0***0.485***
[11/Mar/2024:14:49:38 +0530] GET /api/course/ HTTP/1.0***0.478***
[11/Mar/2024:14:49:38 +0530] POST /api/account/login/ HTTP/1.0***1.338***
[11/Mar/2024:14:49:38 +0530] POST /api/account/login/ HTTP/1.0***1.343***
[11/Mar/2024:14:49:38 +0530] POST /api/account/login/ HTTP/1.0***1.346***
[11/Mar/2024:14:49:38 +0530] POST /api/account/login/ HTTP/1.0***1.399***
[11/Mar/2024:14:49:38 +0530] GET /api/course/ HTTP/1.0***0.311***
[11/Mar/2024:14:49:38 +0530] POST /api/account/login/ HTTP/1.0***0.415***
[11/Mar/2024:14:49:38 +0530] POST /api/account/login/ HTTP/1.0***0.490***
[11/Mar/2024:14:49:38 +0530] GET /api/course/ HTTP/1.0***0.518***
[11/Mar/2024:14:49:38 +0530] GET /api/quiz/CS007.DV/info/ HTTP/1.0***2.997***
[11/Mar/2024:14:49:38 +0530] GET /api/quiz/CS007.DV/info/ HTTP/1.0***2.998***
[11/Mar/2024:14:49:38 +0530] GET /api/quiz/CS007.DV/info/ HTTP/1.0***2.973***
[11/Mar/2024:14:49:38 +0530] GET /api/quiz/CS007.DV/info/ HTTP/1.0***3.026***
[11/Mar/2024:14:49:38 +0530] POST /api/quiz/a2677639ac0d4389ac90b86a8bcfc9d5/submit/ HTTP/1.0***1.922***
[11/Mar/2024:14:49:38 +0530] GET /api/quiz/CS007.DV/download/ HTTP/1.0***0.594***
[11/Mar/2024:14:49:38 +0530] GET /api/quiz/CS007.DV/download/ HTTP/1.0***0.578***
[11/Mar/2024:14:49:39 +0530] GET /api/quiz/CS007.DV/info/ HTTP/1.0***2.946***
[11/Mar/2024:14:49:39 +0530] POST /api/account/login/ HTTP/1.0***0.673***
[11/Mar/2024:14:49:39 +0530] POST /api/account/login/ HTTP/1.0***0.673***
[11/Mar/2024:14:49:39 +0530] GET /api/quiz/CS007.DV/info/ HTTP/1.0***2.959***
[11/Mar/2024:14:49:39 +0530] POST /api/account/login/ HTTP/1.0***0.699***
[11/Mar/2024:14:49:39 +0530] GET /api/quiz/CS007/downloadable-quizzes/ HTTP/1.0***0.667***
[11/Mar/2024:14:49:39 +0530] GET /api/course/ HTTP/1.0***0.490***
[11/Mar/2024:14:49:39 +0530] GET /api/quiz/CS007/downloadable-quizzes/ HTTP/1.0***0.679***
[11/Mar/2024:14:49:39 +0530] GET /api/quiz/CS007/downloadable-quizzes/ HTTP/1.0***0.689***
[11/Mar/2024:14:49:39 +0530] POST /api/quiz/f27c39e84628403890cc5b26c3a0db1a/submit/ HTTP/1.0***2.054***
[11/Mar/2024:14:49:39 +0530] POST /api/quiz/d71c4205ad264e21a251e02bd5ecde85/submit/ HTTP/1.0***1.990***
[11/Mar/2024:14:49:39 +0530] POST /api/account/login/ HTTP/1.0***0.776***
[11/Mar/2024:14:49:39 +0530] GET /api/quiz/CS007.DV/info/ HTTP/1.0***3.037***
[11/Mar/2024:14:49:39 +0530] GET /api/quiz/CS007.DV/download/ HTTP/1.0***0.019***
[11/Mar/2024:14:49:39 +0530] GET /api/quiz/CS007.DV/download/ HTTP/1.0***0.023***
[11/Mar/2024:14:49:39 +0530] GET /api/quiz/CS007.DV/download/ HTTP/1.0***0.025***
[11/Mar/2024:14:49:39 +0530] GET /api/quiz/CS007.DV/download/ HTTP/1.0***0.024***
[11/Mar/2024:14:49:39 +0530] GET /api/quiz/CS007.DV/download/ HTTP/1.0***0.019***
[11/Mar/2024:14:49:39 +0530] GET /api/quiz/CS007.DV/info/ HTTP/1.0***3.081***
[11/Mar/2024:14:49:39 +0530] POST /api/account/login/ HTTP/1.0***0.902***
[11/Mar/2024:14:49:39 +0530] POST /api/account/login/ HTTP/1.0***0.967***
[11/Mar/2024:14:49:39 +0530] GET /api/quiz/CS007.DV/authenticate/ HTTP/1.0***0.205***
[11/Mar/2024:14:49:39 +0530] GET /api/quiz/CS007.DV/download/ HTTP/1.0***0.024***
[11/Mar/2024:14:49:39 +0530] POST /api/account/login/ HTTP/1.0***1.082***
[11/Mar/2024:14:49:39 +0530] GET /api/quiz/CS007.DV/authenticate/ HTTP/1.0***0.071***
[11/Mar/2024:14:49:39 +0530] GET /api/quiz/CS007/downloadable-quizzes/ HTTP/1.0***0.110***
[11/Mar/2024:14:49:39 +0530] GET /api/quiz/CS007/downloadable-quizzes/ HTTP/1.0***0.111***
[11/Mar/2024:14:49:39 +0530] GET /api/quiz/CS007/downloadable-quizzes/ HTTP/1.0***0.111***
[11/Mar/2024:14:49:39 +0530] GET /api/quiz/CS007/downloadable-quizzes/ HTTP/1.0***0.110***
[11/Mar/2024:14:49:39 +0530] GET /api/quiz/CS007/downloadable-quizzes/ HTTP/1.0***0.143***
[11/Mar/2024:14:49:39 +0530] GET /api/course/ HTTP/1.0***0.033***
[11/Mar/2024:14:49:39 +0530] GET /api/course/ HTTP/1.0***0.036***
[11/Mar/2024:14:49:39 +0530] GET /api/course/ HTTP/1.0***0.030***
[11/Mar/2024:14:49:39 +0530] GET /api/course/ HTTP/1.0***0.032***
[11/Mar/2024:14:49:39 +0530] GET /api/course/ HTTP/1.0***0.028***
[11/Mar/2024:14:49:39 +0530] POST /api/account/login/ HTTP/1.0***0.463***
[11/Mar/2024:14:49:39 +0530] POST /api/account/login/ HTTP/1.0***0.464***
[11/Mar/2024:14:49:39 +0530] POST /api/account/login/ HTTP/1.0***0.463***
[11/Mar/2024:14:49:39 +0530] POST /api/account/login/ HTTP/1.0***0.465***
[11/Mar/2024:14:49:39 +0530] POST /api/account/login/ HTTP/1.0***0.466***
[11/Mar/2024:14:49:39 +0530] GET /api/quiz/CS007/downloadable-quizzes/ HTTP/1.0***0.204***
[11/Mar/2024:14:49:39 +0530] GET /api/course/ HTTP/1.0***0.026***
[11/Mar/2024:14:49:39 +0530] POST /api/quiz/0aff9851b1864326ba4fcbe59590af77/submit/ HTTP/1.0***1.571***
[11/Mar/2024:14:49:40 +0530] GET /api/quiz/CS007.DV/download/ HTTP/1.0***0.024***
[11/Mar/2024:14:49:40 +0530] POST /api/account/login/ HTTP/1.0***0.562***
[11/Mar/2024:14:49:40 +0530] POST /api/account/login/ HTTP/1.0***0.562***
[11/Mar/2024:14:49:40 +0530] GET /api/quiz/CS007.DV/download/ HTTP/1.0***0.023***
[11/Mar/2024:14:49:40 +0530] GET /api/quiz/CS007.DV/download/ HTTP/1.0***0.022***
[11/Mar/2024:14:49:40 +0530] GET /api/quiz/CS007.DV/download/ HTTP/1.0***0.026***
[11/Mar/2024:14:49:40 +0530] GET /api/quiz/CS007/downloadable-quizzes/ HTTP/1.0***0.114***
[11/Mar/2024:14:49:40 +0530] GET /api/quiz/CS007.DV/authenticate/ HTTP/1.0***0.059***
[11/Mar/2024:14:49:40 +0530] GET /api/quiz/CS007.DV/download/ HTTP/1.0***0.026***
[11/Mar/2024:14:49:40 +0530] GET /api/quiz/CS007.DV/authenticate/ HTTP/1.0***0.069***
[11/Mar/2024:14:49:40 +0530] POST /api/quiz/a8bb040c16ea409ebdb043a34005ac2c/submit/ HTTP/1.0***1.516***
[11/Mar/2024:14:49:40 +0530] POST /api/quiz/f817a4d43ffe4149b24feceb9b8a90da/submit/ HTTP/1.0***1.062***
[11/Mar/2024:14:49:40 +0530] GET /api/course/ HTTP/1.0***0.032***
[11/Mar/2024:14:49:40 +0530] GET /api/course/ HTTP/1.0***0.032***
[11/Mar/2024:14:49:40 +0530] GET /api/quiz/CS007.DV/download/ HTTP/1.0***0.025***
[11/Mar/2024:14:49:40 +0530] GET /api/course/ HTTP/1.0***0.031***
[11/Mar/2024:14:49:40 +0530] GET /api/course/ HTTP/1.0***0.032***
[11/Mar/2024:14:49:40 +0530] GET /api/quiz/CS007.DV/download/ HTTP/1.0***0.021***
[11/Mar/2024:14:49:40 +0530] GET /api/quiz/CS007/downloadable-quizzes/ HTTP/1.0***0.188***
[11/Mar/2024:14:49:40 +0530] GET /api/quiz/CS007.DV/authenticate/ HTTP/1.0***0.120***
[11/Mar/2024:14:49:40 +0530] GET /api/quiz/CS007.DV/info/ HTTP/1.0***3.912***
[11/Mar/2024:14:49:40 +0530] GET /api/quiz/CS007.DV/download/ HTTP/1.0***0.022***
[11/Mar/2024:14:49:40 +0530] GET /api/course/ HTTP/1.0***0.030***
[11/Mar/2024:14:49:40 +0530] GET /api/course/ HTTP/1.0***0.034***
[11/Mar/2024:14:49:40 +0530] GET /api/quiz/CS007.DV/authenticate/ HTTP/1.0***0.076***
[11/Mar/2024:14:49:40 +0530] GET /api/quiz/CS007.DV/authenticate/ HTTP/1.0***0.077***
[11/Mar/2024:14:49:40 +0530] GET /api/quiz/CS007.DV/authenticate/ HTTP/1.0***0.076***
[11/Mar/2024:14:49:40 +0530] GET /api/quiz/CS007.DV/authenticate/ HTTP/1.0***0.078***
[11/Mar/2024:14:49:40 +0530] GET /api/course/ HTTP/1.0***0.046***
[11/Mar/2024:14:49:40 +0530] GET /api/quiz/CS007.DV/authenticate/ HTTP/1.0***0.071***
[11/Mar/2024:14:49:40 +0530] GET /api/quiz/CS007.DV/info/ HTTP/1.0***3.695***
[11/Mar/2024:14:49:40 +0530] GET /api/quiz/CS007.DV/info/ HTTP/1.0***3.720***
[11/Mar/2024:14:49:40 +0530] GET /api/quiz/CS007.DV/info/ HTTP/1.0***3.720***
[11/Mar/2024:14:49:40 +0530] GET /api/quiz/CS007.DV/info/ HTTP/1.0***3.780***
[11/Mar/2024:14:49:40 +0530] GET /api/quiz/CS007/downloadable-quizzes/ HTTP/1.0***0.107***
[11/Mar/2024:14:49:40 +0530] GET /api/quiz/CS007/downloadable-quizzes/ HTTP/1.0***0.094***
[11/Mar/2024:14:49:40 +0530] POST /api/account/login/ HTTP/1.0***0.450***
[11/Mar/2024:14:49:40 +0530] POST /api/account/login/ HTTP/1.0***0.461***
[11/Mar/2024:14:49:40 +0530] POST /api/account/login/ HTTP/1.0***0.459***
[11/Mar/2024:14:49:40 +0530] POST /api/account/login/ HTTP/1.0***0.469***
[11/Mar/2024:14:49:40 +0530] POST /api/account/login/ HTTP/1.0***0.475***
[11/Mar/2024:14:49:40 +0530] GET /api/quiz/CS007/downloadable-quizzes/ HTTP/1.0***0.196***
[11/Mar/2024:14:49:40 +0530] GET /api/quiz/CS007/downloadable-quizzes/ HTTP/1.0***0.196***
[11/Mar/2024:14:49:40 +0530] POST /api/account/login/ HTTP/1.0***0.554***
[11/Mar/2024:14:49:40 +0530] GET /api/course/ HTTP/1.0***0.027***
[11/Mar/2024:14:49:40 +0530] GET /api/course/ HTTP/1.0***0.036***
[11/Mar/2024:14:49:40 +0530] GET /api/course/ HTTP/1.0***0.031***
[11/Mar/2024:14:49:40 +0530] GET /api/course/ HTTP/1.0***0.033***
[11/Mar/2024:14:49:40 +0530] GET /api/course/ HTTP/1.0***0.033***
[11/Mar/2024:14:49:40 +0530] GET /api/quiz/CS007/downloadable-quizzes/ HTTP/1.0***0.107***
[11/Mar/2024:14:49:41 +0530] GET /api/quiz/CS007/downloadable-quizzes/ HTTP/1.0***0.094***
[11/Mar/2024:14:49:41 +0530] GET /api/course/ HTTP/1.0***0.033***
[11/Mar/2024:14:49:41 +0530] GET /api/course/ HTTP/1.0***0.032***
[11/Mar/2024:14:49:41 +0530] GET /api/quiz/CS007.DV/authenticate/ HTTP/1.0***0.063***
[11/Mar/2024:14:49:41 +0530] GET /api/quiz/CS007.DV/authenticate/ HTTP/1.0***0.071***
[11/Mar/2024:14:49:41 +0530] GET /api/quiz/CS007.DV/authenticate/ HTTP/1.0***0.076***
[11/Mar/2024:14:49:41 +0530] GET /api/quiz/CS007.DV/authenticate/ HTTP/1.0***0.075***
[11/Mar/2024:14:49:41 +0530] GET /api/quiz/CS007.DV/info/ HTTP/1.0***4.163***
[11/Mar/2024:14:49:41 +0530] GET /api/quiz/CS007.DV/info/ HTTP/1.0***4.191***
[11/Mar/2024:14:49:41 +0530] GET /api/quiz/CS007.DV/authenticate/ HTTP/1.0***0.069***
[11/Mar/2024:14:49:41 +0530] GET /api/quiz/CS007.DV/authenticate/ HTTP/1.0***0.453***
[11/Mar/2024:14:49:41 +0530] GET /api/quiz/CS007/downloadable-quizzes/ HTTP/1.0***0.490***
[11/Mar/2024:14:49:41 +0530] GET /api/quiz/CS007/downloadable-quizzes/ HTTP/1.0***0.490***
[11/Mar/2024:14:49:41 +0530] GET /api/quiz/CS007/downloadable-quizzes/ HTTP/1.0***0.474***
[11/Mar/2024:14:49:41 +0530] POST /api/quiz/a1db417cf09449b99c8924c7d35e6071/submit/ HTTP/1.0***1.214***
[11/Mar/2024:14:49:41 +0530] POST /api/quiz/b4b6af73ca1845e9a6309a05b5c60f8e/submit/ HTTP/1.0***1.147***
[11/Mar/2024:14:49:41 +0530] GET /api/quiz/CS007.DV/authenticate/ HTTP/1.0***0.317***
[11/Mar/2024:14:49:41 +0530] GET /api/quiz/CS007.DV/download/ HTTP/1.0***0.313***
[11/Mar/2024:14:49:41 +0530] GET /api/quiz/CS007/downloadable-quizzes/ HTTP/1.0***0.358***
[11/Mar/2024:14:49:41 +0530] POST /api/account/login/ HTTP/1.0***0.422***
[11/Mar/2024:14:49:41 +0530] POST /api/account/login/ HTTP/1.0***0.430***
[11/Mar/2024:14:49:41 +0530] POST /api/account/login/ HTTP/1.0***0.436***
[11/Mar/2024:14:49:41 +0530] GET /api/quiz/CS007.DV/authenticate/ HTTP/1.0***0.300***
[11/Mar/2024:14:49:41 +0530] GET /api/quiz/CS007/downloadable-quizzes/ HTTP/1.0***0.338***
[11/Mar/2024:14:49:41 +0530] GET /api/quiz/CS007/downloadable-quizzes/ HTTP/1.0***0.352***
[11/Mar/2024:14:49:41 +0530] GET /api/quiz/CS007/downloadable-quizzes/ HTTP/1.0***0.398***
[11/Mar/2024:14:49:42 +0530] POST /api/account/login/ HTTP/1.0***0.747***
[11/Mar/2024:14:49:42 +0530] POST /api/quiz/8a355443a3cb44b0a1ec949dc43d2bee/submit/ HTTP/1.0***0.999***
[11/Mar/2024:14:49:42 +0530] POST /api/quiz/e448b1a892a344c3bbf2b4c6873dfc5c/submit/ HTTP/1.0***0.993***
[11/Mar/2024:14:49:42 +0530] GET /api/quiz/CS007.DV/download/ HTTP/1.0***0.449***
[11/Mar/2024:14:49:42 +0530] POST /api/account/login/ HTTP/1.0***0.771***
[11/Mar/2024:14:49:42 +0530] GET /api/quiz/CS007.DV/download/ HTTP/1.0***0.436***
[11/Mar/2024:14:49:42 +0530] GET /api/quiz/CS007.DV/download/ HTTP/1.0***0.431***
[11/Mar/2024:14:49:42 +0530] GET /api/quiz/CS007.DV/download/ HTTP/1.0***0.375***
[11/Mar/2024:14:49:42 +0530] GET /api/course/ HTTP/1.0***0.310***
[11/Mar/2024:14:49:42 +0530] GET /api/course/ HTTP/1.0***0.302***
[11/Mar/2024:14:49:42 +0530] GET /api/course/ HTTP/1.0***0.323***
[11/Mar/2024:14:49:42 +0530] GET /api/course/ HTTP/1.0***0.331***
[11/Mar/2024:14:49:42 +0530] GET /api/course/ HTTP/1.0***0.342***
[11/Mar/2024:14:49:42 +0530] GET /api/course/ HTTP/1.0***0.292***
[11/Mar/2024:14:49:42 +0530] GET /api/quiz/CS007.DV/info/ HTTP/1.0***4.007***
[11/Mar/2024:14:49:42 +0530] GET /api/quiz/CS007.DV/info/ HTTP/1.0***3.952***
[11/Mar/2024:14:49:42 +0530] GET /api/quiz/CS007/downloadable-quizzes/ HTTP/1.0***0.650***
[11/Mar/2024:14:49:42 +0530] GET /api/quiz/CS007/downloadable-quizzes/ HTTP/1.0***0.664***
[11/Mar/2024:14:49:42 +0530] GET /api/quiz/CS007.DV/info/ HTTP/1.0***4.094***
[11/Mar/2024:14:49:42 +0530] POST /api/quiz/14c0b20e3d32485db8ab7d4189020c8b/submit/ HTTP/1.0***1.310***
[11/Mar/2024:14:49:42 +0530] GET /api/quiz/CS007/downloadable-quizzes/ HTTP/1.0***0.768***
[11/Mar/2024:14:49:42 +0530] POST /api/quiz/4c432c01602846db8e04d315fe84c46d/submit/ HTTP/1.0***1.214***
[11/Mar/2024:14:49:42 +0530] GET /api/quiz/CS007/downloadable-quizzes/ HTTP/1.0***0.793***
[11/Mar/2024:14:49:42 +0530] POST /api/quiz/8f039e6cdedd48599655d88a4a17b16d/submit/ HTTP/1.0***1.249***
[11/Mar/2024:14:49:42 +0530] GET /api/quiz/CS007/downloadable-quizzes/ HTTP/1.0***0.818***
[11/Mar/2024:14:49:42 +0530] GET /api/quiz/CS007/downloadable-quizzes/ HTTP/1.0***0.778***
[11/Mar/2024:14:49:42 +0530] POST /api/quiz/b32b66cc408446eb9039754b66cff6a9/submit/ HTTP/1.0***1.302***
[11/Mar/2024:14:49:42 +0530] GET /api/quiz/CS007/downloadable-quizzes/ HTTP/1.0***0.795***
[11/Mar/2024:14:49:42 +0530] GET /api/quiz/CS007.DV/download/ HTTP/1.0***0.763***
[11/Mar/2024:14:49:42 +0530] GET /api/quiz/CS007.DV/download/ HTTP/1.0***0.749***
[11/Mar/2024:14:49:42 +0530] POST /api/quiz/e26cf8cb8dcf403bbfc835dccbf8e517/submit/ HTTP/1.0***1.380***
[11/Mar/2024:14:49:42 +0530] POST /api/quiz/bbb33b2852f24c7bba0f9bb1579950d1/submit/ HTTP/1.0***1.390***
[11/Mar/2024:14:49:43 +0530] POST /api/account/login/ HTTP/1.0***1.087***
[11/Mar/2024:14:49:43 +0530] POST /api/account/login/ HTTP/1.0***1.127***
[11/Mar/2024:14:49:43 +0530] GET /api/quiz/CS007.DV/info/ HTTP/1.0***3.292***
[11/Mar/2024:14:49:43 +0530] GET /api/quiz/CS007.DV/info/ HTTP/1.0***3.411***
[11/Mar/2024:14:49:43 +0530] GET /api/quiz/CS007.DV/info/ HTTP/1.0***3.411***
[11/Mar/2024:14:49:43 +0530] POST /api/quiz/4367ba446c8c49b785199f92b7b45b63/submit/ HTTP/1.0***1.703***
[11/Mar/2024:14:49:43 +0530] POST /api/quiz/75db2ef4a64d49ba9cf6d32bddcafcb2/submit/ HTTP/1.0***1.744***
[11/Mar/2024:14:49:43 +0530] POST /api/quiz/e8712a41b70145ac9b4d0eaf9769492e/submit/ HTTP/1.0***1.762***
[11/Mar/2024:14:49:43 +0530] GET /api/course/ HTTP/1.0***1.157***
[11/Mar/2024:14:49:43 +0530] POST /api/quiz/0190bd1b635241a1856805e4737c26b8/submit/ HTTP/1.0***1.740***
[11/Mar/2024:14:49:43 +0530] POST /api/quiz/df516d79d6834785a48461d83081aedd/submit/ HTTP/1.0***1.797***
[11/Mar/2024:14:49:43 +0530] GET /api/course/ HTTP/1.0***1.179***
[11/Mar/2024:14:49:43 +0530] GET /api/course/ HTTP/1.0***1.172***
[11/Mar/2024:14:49:43 +0530] GET /api/quiz/CS007.DV/authenticate/ HTTP/1.0***1.283***
[11/Mar/2024:14:49:44 +0530] POST /api/quiz/034e6227ec2a47bcbed2c39f3599da32/submit/ HTTP/1.0***1.693***
[11/Mar/2024:14:49:44 +0530] GET /api/course/ HTTP/1.0***1.235***
[11/Mar/2024:14:49:44 +0530] GET /api/quiz/CS007.DV/authenticate/ HTTP/1.0***1.363***
[11/Mar/2024:14:49:44 +0530] GET /api/course/ HTTP/1.0***1.384***
[11/Mar/2024:14:49:44 +0530] POST /api/quiz/7bf2ce397cc64f02adcdf2a36449a4d9/submit/ HTTP/1.0***1.858***
[11/Mar/2024:14:49:44 +0530] GET /api/quiz/CS007.DV/authenticate/ HTTP/1.0***1.511***
[11/Mar/2024:14:49:44 +0530] GET /api/quiz/CS007.DV/authenticate/ HTTP/1.0***1.514***
[11/Mar/2024:14:49:44 +0530] GET /api/quiz/CS007.DV/info/ HTTP/1.0***4.074***
[11/Mar/2024:14:49:44 +0530] GET /api/quiz/CS007.DV/info/ HTTP/1.0***4.081***
[11/Mar/2024:14:49:44 +0530] GET /api/quiz/CS007.DV/info/ HTTP/1.0***4.061***
[11/Mar/2024:14:49:44 +0530] GET /api/quiz/CS007.DV/authenticate/ HTTP/1.0***1.560***
[11/Mar/2024:14:49:44 +0530] GET /api/quiz/CS007.DV/info/ HTTP/1.0***4.167***
[11/Mar/2024:14:49:44 +0530] GET /api/quiz/CS007.DV/info/ HTTP/1.0***4.178***
[11/Mar/2024:14:49:44 +0530] GET /api/quiz/CS007/downloadable-quizzes/ HTTP/1.0***1.602***
[11/Mar/2024:14:49:44 +0530] GET /api/quiz/CS007/downloadable-quizzes/ HTTP/1.0***1.603***
[11/Mar/2024:14:49:44 +0530] GET /api/quiz/CS007/downloadable-quizzes/ HTTP/1.0***1.574***
[11/Mar/2024:14:49:44 +0530] GET /api/quiz/CS007/downloadable-quizzes/ HTTP/1.0***1.590***
[11/Mar/2024:14:49:44 +0530] GET /api/quiz/CS007/downloadable-quizzes/ HTTP/1.0***1.592***
[11/Mar/2024:14:49:44 +0530] GET /api/quiz/CS007/downloadable-quizzes/ HTTP/1.0***1.466***
[11/Mar/2024:14:49:44 +0530] GET /api/quiz/CS007.DV/download/ HTTP/1.0***1.361***
[11/Mar/2024:14:49:44 +0530] POST /api/quiz/9a7ee7bdc38546a8ae837edf2125ddca/submit/ HTTP/1.0***2.104***
[11/Mar/2024:14:49:44 +0530] GET /api/quiz/CS007.DV/download/ HTTP/1.0***1.368***
[11/Mar/2024:14:49:45 +0530] GET /api/quiz/CS007.DV/info/ HTTP/1.0***4.093***
[11/Mar/2024:14:49:45 +0530] GET /api/quiz/CS007.DV/info/ HTTP/1.0***3.985***
[11/Mar/2024:14:49:45 +0530] GET /api/quiz/CS007.DV/download/ HTTP/1.0***1.390***
[11/Mar/2024:14:49:45 +0530] POST /api/account/login/ HTTP/1.0***1.744***
[11/Mar/2024:14:49:45 +0530] POST /api/account/login/ HTTP/1.0***1.784***
[11/Mar/2024:14:49:45 +0530] POST /api/account/login/ HTTP/1.0***1.784***
[11/Mar/2024:14:49:45 +0530] POST /api/account/login/ HTTP/1.0***1.809***
[11/Mar/2024:14:49:45 +0530] POST /api/account/login/ HTTP/1.0***1.821***
[11/Mar/2024:14:49:45 +0530] POST /api/account/login/ HTTP/1.0***1.885***
[11/Mar/2024:14:49:45 +0530] GET /api/quiz/CS007.DV/authenticate/ HTTP/1.0***1.387***
[11/Mar/2024:14:49:45 +0530] GET /api/quiz/CS007.DV/authenticate/ HTTP/1.0***1.374***
[11/Mar/2024:14:49:45 +0530] GET /api/quiz/CS007.DV/info/ HTTP/1.0***4.255***
[11/Mar/2024:14:49:45 +0530] POST /api/account/login/ HTTP/1.0***1.280***
[11/Mar/2024:14:49:45 +0530] POST /api/account/login/ HTTP/1.0***1.487***
[11/Mar/2024:14:49:45 +0530] POST /api/account/login/ HTTP/1.0***1.497***
[11/Mar/2024:14:49:46 +0530] GET /api/quiz/CS007.DV/info/ HTTP/1.0***4.249***
[11/Mar/2024:14:49:46 +0530] POST /api/account/login/ HTTP/1.0***1.668***
[11/Mar/2024:14:49:46 +0530] GET /api/course/ HTTP/1.0***1.682***
[11/Mar/2024:14:49:46 +0530] GET /api/quiz/CS007.DV/info/ HTTP/1.0***4.283***
[11/Mar/2024:14:49:46 +0530] POST /api/account/login/ HTTP/1.0***1.703***
[11/Mar/2024:14:49:46 +0530] GET /api/quiz/CS007.DV/download/ HTTP/1.0***1.682***
[11/Mar/2024:14:49:46 +0530] GET /api/course/ HTTP/1.0***1.695***
[11/Mar/2024:14:49:46 +0530] GET /api/quiz/CS007.DV/info/ HTTP/1.0***4.216***
[11/Mar/2024:14:49:46 +0530] GET /api/quiz/CS007.DV/download/ HTTP/1.0***1.527***
[11/Mar/2024:14:49:46 +0530] GET /api/quiz/CS007.DV/download/ HTTP/1.0***1.529***
[11/Mar/2024:14:49:46 +0530] GET /api/quiz/CS007.DV/info/ HTTP/1.0***4.204***
[11/Mar/2024:14:49:46 +0530] GET /api/course/ HTTP/1.0***0.093***
[11/Mar/2024:14:49:46 +0530] GET /api/quiz/CS007.DV/info/ HTTP/1.0***4.182***
[11/Mar/2024:14:49:46 +0530] POST /api/account/login/ HTTP/1.0***1.837***
[11/Mar/2024:14:49:46 +0530] POST /api/account/login/ HTTP/1.0***0.832***
[11/Mar/2024:14:49:46 +0530] POST /api/account/login/ HTTP/1.0***0.831***
[11/Mar/2024:14:49:46 +0530] POST /api/account/login/ HTTP/1.0***0.833***
[11/Mar/2024:14:49:46 +0530] POST /api/account/login/ HTTP/1.0***0.831***
[11/Mar/2024:14:49:46 +0530] POST /api/account/login/ HTTP/1.0***0.831***
[11/Mar/2024:14:49:46 +0530] GET /api/quiz/CS007.DV/authenticate/ HTTP/1.0***0.346***
[11/Mar/2024:14:49:46 +0530] GET /api/quiz/CS007.DV/download/ HTTP/1.0***0.196***
[11/Mar/2024:14:49:46 +0530] GET /api/quiz/CS007.DV/authenticate/ HTTP/1.0***0.327***
[11/Mar/2024:14:49:46 +0530] GET /api/quiz/CS007.DV/authenticate/ HTTP/1.0***0.173***
[11/Mar/2024:14:49:46 +0530] POST /api/account/login/ HTTP/1.0***0.831***
[11/Mar/2024:14:49:46 +0530] POST /api/account/login/ HTTP/1.0***0.834***
[11/Mar/2024:14:49:46 +0530] GET /api/quiz/CS007.DV/download/ HTTP/1.0***0.489***
[11/Mar/2024:14:49:46 +0530] GET /api/quiz/CS007.DV/download/ HTTP/1.0***0.578***
[11/Mar/2024:14:49:46 +0530] GET /api/quiz/CS007.DV/download/ HTTP/1.0***0.476***
[11/Mar/2024:14:49:46 +0530] POST /api/account/login/ HTTP/1.0***1.844***
[11/Mar/2024:14:49:46 +0530] POST /api/quiz/b1a983a1431b42cc8efe6dc48e9dfa77/submit/ HTTP/1.0***0.758***
[11/Mar/2024:14:49:46 +0530] GET /api/quiz/CS007.DV/download/ HTTP/1.0***0.186***
[11/Mar/2024:14:49:46 +0530] POST /api/account/login/ HTTP/1.0***1.844***
[11/Mar/2024:14:49:46 +0530] POST /api/quiz/24139cd5eb8142cebd0fc648a5ad7ed4/submit/ HTTP/1.0***0.601***
[11/Mar/2024:14:49:46 +0530] GET /api/quiz/CS007/downloadable-quizzes/ HTTP/1.0***0.835***
[11/Mar/2024:14:49:46 +0530] GET /api/quiz/CS007.DV/download/ HTTP/1.0***0.561***
[11/Mar/2024:14:49:46 +0530] POST /api/quiz/60ba6714f44f430fba155c22a5965119/submit/ HTTP/1.0***1.228***
[11/Mar/2024:14:49:46 +0530] GET /api/quiz/CS007/downloadable-quizzes/ HTTP/1.0***1.363***
[11/Mar/2024:14:49:46 +0530] GET /api/quiz/CS007.DV/info/ HTTP/1.0***0.558***
[11/Mar/2024:14:49:46 +0530] POST /api/quiz/39d7e6a924734964b2a8e0f823356c1c/submit/ HTTP/1.0***0.641***
[11/Mar/2024:14:49:46 +0530] POST /api/quiz/78a8dc92f35a484c80c52557bf93e8fc/submit/ HTTP/1.0***0.691***
[11/Mar/2024:14:49:46 +0530] GET /api/quiz/CS007.DV/download/ HTTP/1.0***0.683***
[11/Mar/2024:14:49:46 +0530] GET /api/quiz/CS007/downloadable-quizzes/ HTTP/1.0***1.388***
[11/Mar/2024:14:49:46 +0530] GET /api/quiz/CS007.DV/info/ HTTP/1.0***2.710***
[11/Mar/2024:14:49:46 +0530] GET /api/quiz/CS007/downloadable-quizzes/ HTTP/1.0***1.421***
[11/Mar/2024:14:49:46 +0530] GET /api/quiz/CS007.DV/info/ HTTP/1.0***2.482***
[11/Mar/2024:14:49:46 +0530] GET /api/quiz/CS007/downloadable-quizzes/ HTTP/1.0***0.837***
[11/Mar/2024:14:49:46 +0530] GET /api/quiz/CS007.DV/info/ HTTP/1.0***2.702***
[11/Mar/2024:14:49:46 +0530] GET /api/quiz/CS007.DV/info/ HTTP/1.0***2.465***
[11/Mar/2024:14:49:46 +0530] GET /api/quiz/CS007.DV/info/ HTTP/1.0***0.569***
[11/Mar/2024:14:49:46 +0530] GET /api/quiz/CS007.DV/info/ HTTP/1.0***0.538***
[11/Mar/2024:14:49:46 +0530] GET /api/quiz/CS007.DV/info/ HTTP/1.0***3.602***
[11/Mar/2024:14:49:46 +0530] GET /api/quiz/CS007.DV/info/ HTTP/1.0***0.478***
[11/Mar/2024:14:49:46 +0530] GET /api/quiz/CS007.DV/info/ HTTP/1.0***3.486***
[11/Mar/2024:14:49:46 +0530] GET /api/quiz/CS007.DV/info/ HTTP/1.0***3.702***
[11/Mar/2024:14:49:46 +0530] GET /api/quiz/CS007.DV/info/ HTTP/1.0***0.563***
[11/Mar/2024:14:49:46 +0530] GET /api/quiz/CS007.DV/info/ HTTP/1.0***4.358***
[11/Mar/2024:14:49:46 +0530] GET /api/quiz/CS007.DV/info/ HTTP/1.0***0.569***
[11/Mar/2024:14:49:46 +0530] GET /api/quiz/CS007.DV/info/ HTTP/1.0***3.701***
[11/Mar/2024:14:49:46 +0530] GET /api/quiz/CS007.DV/info/ HTTP/1.0***2.593***
[11/Mar/2024:14:49:46 +0530] GET /api/quiz/CS007.DV/info/ HTTP/1.0***3.702***
[11/Mar/2024:14:49:46 +0530] GET /api/quiz/CS007.DV/info/ HTTP/1.0***2.564***
[11/Mar/2024:14:49:46 +0530] GET /api/quiz/CS007.DV/info/ HTTP/1.0***3.498***
[11/Mar/2024:14:49:46 +0530] GET /api/quiz/CS007.DV/info/ HTTP/1.0***2.526***
[11/Mar/2024:14:49:46 +0530] GET /api/quiz/CS007.DV/info/ HTTP/1.0***3.374***
[11/Mar/2024:14:49:47 +0530] GET /sys_perf_check/2024-03-11_09-18-56-end/100/ HTTP/1.0***1.413***
[11/Mar/2024:14:49:48 +0530] GET /sys_perf_check/2024-03-11_09-18-56-END/0/ HTTP/1.0***0.103***
